[0.016s] Invoking command in '/home/aaron/ur_ws/build/moveit_ros_warehouse': AMENT_PREFIX_PATH=/home/aaron/ur_ws/install/moveit_ros_planning:/home/aaron/ur_ws/install/moveit_ros_occupancy_map_monitor:/home/aaron/ur_ws/install/moveit_core:/home/aaron/ur_ws/install/moveit_resources_panda_moveit_config:/home/aaron/ur_ws/install/moveit_configs_utils:/home/aaron/ur_ws/install/srdfdom:/home/aaron/ur_ws/install/moveit_resources_pr2_description:/home/aaron/ur_ws/install/moveit_resources_panda_description:/home/aaron/ur_ws/install/moveit_common:/home/aaron/ur_ws/install/launch_param_builder:${AMENT_PREFIX_PATH} CMAKE_PREFIX_PATH=/home/aaron/ur_ws/install/moveit_ros_planning:/home/aaron/ur_ws/install/moveit_ros_occupancy_map_monitor:/home/aaron/ur_ws/install/moveit_core:/home/aaron/ur_ws/install/moveit_resources_panda_moveit_config:/home/aaron/ur_ws/install/srdfdom:/home/aaron/ur_ws/install/moveit_resources_pr2_description:/home/aaron/ur_ws/install/moveit_resources_panda_description:/home/aaron/ur_ws/install/moveit_common:/opt/ros/humble LD_LIBRARY_PATH=/home/aaron/ur_ws/install/moveit_ros_planning/lib:/home/aaron/ur_ws/install/moveit_ros_occupancy_map_monitor/lib:/home/aaron/ur_ws/install/moveit_core/lib:/home/aaron/ur_ws/install/srdfdom/lib:${LD_LIBRARY_PATH} PATH=/home/aaron/ur_ws/install/moveit_core/bin:${PATH} PYTHONPATH=/home/aaron/ur_ws/install/moveit_configs_utils/lib/python3.10/site-packages:/home/aaron/ur_ws/install/srdfdom/local/lib/python3.10/dist-packages:/home/aaron/ur_ws/install/launch_param_builder/lib/python3.10/site-packages:${PYTHONPATH} /usr/bin/cmake --build /home/aaron/ur_ws/build/moveit_ros_warehouse -- -j20 -l20
[0.075s] [  5%] [32mBuilding CXX object CMakeFiles/moveit_warehouse.dir/src/moveit_message_storage.cpp.o[0m
[0.075s] [ 10%] [32mBuilding CXX object CMakeFiles/moveit_warehouse.dir/src/planning_scene_world_storage.cpp.o[0m
[0.076s] [ 20%] [32mBuilding CXX object CMakeFiles/moveit_warehouse.dir/src/constraints_storage.cpp.o[0m
[0.076s] [ 20%] [32mBuilding CXX object CMakeFiles/moveit_warehouse.dir/src/planning_scene_storage.cpp.o[0m
[0.076s] [ 25%] [32mBuilding CXX object CMakeFiles/moveit_warehouse.dir/src/trajectory_constraints_storage.cpp.o[0m
[0.078s] [ 30%] [32mBuilding CXX object CMakeFiles/moveit_warehouse.dir/src/state_storage.cpp.o[0m
[7.431s] [ 35%] [32m[1mLinking CXX shared library libmoveit_warehouse.so[0m
[7.844s] [ 40%] Built target moveit_warehouse
[7.878s] [ 45%] [32mBuilding CXX object CMakeFiles/moveit_warehouse_services.dir/src/warehouse_services.cpp.o[0m
[7.880s] [ 50%] [32mBuilding CXX object CMakeFiles/moveit_warehouse_broadcast.dir/src/broadcast.cpp.o[0m
[7.884s] [ 55%] [32mBuilding CXX object CMakeFiles/moveit_init_demo_warehouse.dir/src/initialize_demo_db.cpp.o[0m
[7.884s] [ 60%] [32mBuilding CXX object CMakeFiles/moveit_warehouse_save_as_text.dir/src/save_as_text.cpp.o[0m
[7.887s] [ 65%] [32mBuilding CXX object CMakeFiles/moveit_warehouse_import_from_text.dir/src/import_from_text.cpp.o[0m
[7.895s] [ 70%] [32mBuilding CXX object CMakeFiles/moveit_save_to_warehouse.dir/src/save_to_warehouse.cpp.o[0m
[14.248s] [ 75%] [32m[1mLinking CXX executable moveit_warehouse_services[0m
[14.562s] [ 75%] Built target moveit_warehouse_services
[16.508s] [ 80%] [32m[1mLinking CXX executable moveit_warehouse_save_as_text[0m
[16.620s] [ 85%] [32m[1mLinking CXX executable moveit_init_demo_warehouse[0m
[16.937s] [ 85%] Built target moveit_warehouse_save_as_text
[17.001s] [ 85%] Built target moveit_init_demo_warehouse
[17.281s] [ 90%] [32m[1mLinking CXX executable moveit_warehouse_import_from_text[0m
[17.422s] [ 95%] [32m[1mLinking CXX executable moveit_warehouse_broadcast[0m
[17.654s] [ 95%] Built target moveit_warehouse_import_from_text
[17.708s] [ 95%] Built target moveit_warehouse_broadcast
[26.767s] [100%] [32m[1mLinking CXX executable moveit_save_to_warehouse[0m
[27.075s] [100%] Built target moveit_save_to_warehouse
[27.083s] Invoked command in '/home/aaron/ur_ws/build/moveit_ros_warehouse' returned '0': AMENT_PREFIX_PATH=/home/aaron/ur_ws/install/moveit_ros_planning:/home/aaron/ur_ws/install/moveit_ros_occupancy_map_monitor:/home/aaron/ur_ws/install/moveit_core:/home/aaron/ur_ws/install/moveit_resources_panda_moveit_config:/home/aaron/ur_ws/install/moveit_configs_utils:/home/aaron/ur_ws/install/srdfdom:/home/aaron/ur_ws/install/moveit_resources_pr2_description:/home/aaron/ur_ws/install/moveit_resources_panda_description:/home/aaron/ur_ws/install/moveit_common:/home/aaron/ur_ws/install/launch_param_builder:${AMENT_PREFIX_PATH} CMAKE_PREFIX_PATH=/home/aaron/ur_ws/install/moveit_ros_planning:/home/aaron/ur_ws/install/moveit_ros_occupancy_map_monitor:/home/aaron/ur_ws/install/moveit_core:/home/aaron/ur_ws/install/moveit_resources_panda_moveit_config:/home/aaron/ur_ws/install/srdfdom:/home/aaron/ur_ws/install/moveit_resources_pr2_description:/home/aaron/ur_ws/install/moveit_resources_panda_description:/home/aaron/ur_ws/install/moveit_common:/opt/ros/humble LD_LIBRARY_PATH=/home/aaron/ur_ws/install/moveit_ros_planning/lib:/home/aaron/ur_ws/install/moveit_ros_occupancy_map_monitor/lib:/home/aaron/ur_ws/install/moveit_core/lib:/home/aaron/ur_ws/install/srdfdom/lib:${LD_LIBRARY_PATH} PATH=/home/aaron/ur_ws/install/moveit_core/bin:${PATH} PYTHONPATH=/home/aaron/ur_ws/install/moveit_configs_utils/lib/python3.10/site-packages:/home/aaron/ur_ws/install/srdfdom/local/lib/python3.10/dist-packages:/home/aaron/ur_ws/install/launch_param_builder/lib/python3.10/site-packages:${PYTHONPATH} /usr/bin/cmake --build /home/aaron/ur_ws/build/moveit_ros_warehouse -- -j20 -l20
[27.086s] Invoking command in '/home/aaron/ur_ws/build/moveit_ros_warehouse': AMENT_PREFIX_PATH=/home/aaron/ur_ws/install/moveit_ros_planning:/home/aaron/ur_ws/install/moveit_ros_occupancy_map_monitor:/home/aaron/ur_ws/install/moveit_core:/home/aaron/ur_ws/install/moveit_resources_panda_moveit_config:/home/aaron/ur_ws/install/moveit_configs_utils:/home/aaron/ur_ws/install/srdfdom:/home/aaron/ur_ws/install/moveit_resources_pr2_description:/home/aaron/ur_ws/install/moveit_resources_panda_description:/home/aaron/ur_ws/install/moveit_common:/home/aaron/ur_ws/install/launch_param_builder:${AMENT_PREFIX_PATH} CMAKE_PREFIX_PATH=/home/aaron/ur_ws/install/moveit_ros_planning:/home/aaron/ur_ws/install/moveit_ros_occupancy_map_monitor:/home/aaron/ur_ws/install/moveit_core:/home/aaron/ur_ws/install/moveit_resources_panda_moveit_config:/home/aaron/ur_ws/install/srdfdom:/home/aaron/ur_ws/install/moveit_resources_pr2_description:/home/aaron/ur_ws/install/moveit_resources_panda_description:/home/aaron/ur_ws/install/moveit_common:/opt/ros/humble LD_LIBRARY_PATH=/home/aaron/ur_ws/install/moveit_ros_planning/lib:/home/aaron/ur_ws/install/moveit_ros_occupancy_map_monitor/lib:/home/aaron/ur_ws/install/moveit_core/lib:/home/aaron/ur_ws/install/srdfdom/lib:${LD_LIBRARY_PATH} PATH=/home/aaron/ur_ws/install/moveit_core/bin:${PATH} PYTHONPATH=/home/aaron/ur_ws/install/moveit_configs_utils/lib/python3.10/site-packages:/home/aaron/ur_ws/install/srdfdom/local/lib/python3.10/dist-packages:/home/aaron/ur_ws/install/launch_param_builder/lib/python3.10/site-packages:${PYTHONPATH} /usr/bin/cmake --install /home/aaron/ur_ws/build/moveit_ros_warehouse
[27.094s] -- Install configuration: "Release"
[27.095s] -- Installing: /home/aaron/ur_ws/install/moveit_ros_warehouse/lib/moveit_ros_warehouse/moveit_save_to_warehouse
[27.097s] -- Set runtime path of "/home/aaron/ur_ws/install/moveit_ros_warehouse/lib/moveit_ros_warehouse/moveit_save_to_warehouse" to ""
[27.097s] -- Installing: /home/aaron/ur_ws/install/moveit_ros_warehouse/lib/moveit_ros_warehouse/moveit_warehouse_broadcast
[27.098s] -- Set runtime path of "/home/aaron/ur_ws/install/moveit_ros_warehouse/lib/moveit_ros_warehouse/moveit_warehouse_broadcast" to ""
[27.099s] -- Installing: /home/aaron/ur_ws/install/moveit_ros_warehouse/lib/moveit_ros_warehouse/moveit_warehouse_import_from_text
[27.099s] -- Set runtime path of "/home/aaron/ur_ws/install/moveit_ros_warehouse/lib/moveit_ros_warehouse/moveit_warehouse_import_from_text" to ""
[27.100s] -- Installing: /home/aaron/ur_ws/install/moveit_ros_warehouse/lib/moveit_ros_warehouse/moveit_warehouse_save_as_text
[27.100s] -- Set runtime path of "/home/aaron/ur_ws/install/moveit_ros_warehouse/lib/moveit_ros_warehouse/moveit_warehouse_save_as_text" to ""
[27.100s] -- Installing: /home/aaron/ur_ws/install/moveit_ros_warehouse/lib/moveit_ros_warehouse/moveit_init_demo_warehouse
[27.101s] -- Set runtime path of "/home/aaron/ur_ws/install/moveit_ros_warehouse/lib/moveit_ros_warehouse/moveit_init_demo_warehouse" to ""
[27.101s] -- Installing: /home/aaron/ur_ws/install/moveit_ros_warehouse/lib/moveit_ros_warehouse/moveit_warehouse_services
[27.102s] -- Set runtime path of "/home/aaron/ur_ws/install/moveit_ros_warehouse/lib/moveit_ros_warehouse/moveit_warehouse_services" to ""
[27.102s] -- Up-to-date: /home/aaron/ur_ws/install/moveit_ros_warehouse/include
[27.102s] -- Up-to-date: /home/aaron/ur_ws/install/moveit_ros_warehouse/include/moveit
[27.102s] -- Up-to-date: /home/aaron/ur_ws/install/moveit_ros_warehouse/include/moveit/warehouse
[27.102s] -- Up-to-date: /home/aaron/ur_ws/install/moveit_ros_warehouse/include/moveit/warehouse/constraints_storage.h
[27.102s] -- Up-to-date: /home/aaron/ur_ws/install/moveit_ros_warehouse/include/moveit/warehouse/state_storage.h
[27.102s] -- Up-to-date: /home/aaron/ur_ws/install/moveit_ros_warehouse/include/moveit/warehouse/warehouse_connector.h
[27.102s] -- Up-to-date: /home/aaron/ur_ws/install/moveit_ros_warehouse/include/moveit/warehouse/planning_scene_storage.h
[27.102s] -- Up-to-date: /home/aaron/ur_ws/install/moveit_ros_warehouse/include/moveit/warehouse/moveit_message_storage.h
[27.102s] -- Up-to-date: /home/aaron/ur_ws/install/moveit_ros_warehouse/include/moveit/warehouse/trajectory_constraints_storage.h
[27.102s] -- Up-to-date: /home/aaron/ur_ws/install/moveit_ros_warehouse/include/moveit/warehouse/planning_scene_world_storage.h
[27.102s] -- Up-to-date: /home/aaron/ur_ws/install/moveit_ros_warehouse/include/moveit_warehouse_export.h
[27.103s] -- Installing: /home/aaron/ur_ws/install/moveit_ros_warehouse/lib/libmoveit_warehouse.so.2.5.9
[27.103s] -- Set runtime path of "/home/aaron/ur_ws/install/moveit_ros_warehouse/lib/libmoveit_warehouse.so.2.5.9" to ""
[27.103s] -- Up-to-date: /home/aaron/ur_ws/install/moveit_ros_warehouse/lib/libmoveit_warehouse.so
[27.104s] -- Up-to-date: /home/aaron/ur_ws/install/moveit_ros_warehouse/share/moveit_ros_warehouse/environment/library_path.sh
[27.104s] -- Up-to-date: /home/aaron/ur_ws/install/moveit_ros_warehouse/share/moveit_ros_warehouse/environment/library_path.dsv
[27.104s] -- Up-to-date: /home/aaron/ur_ws/install/moveit_ros_warehouse/share/ament_index/resource_index/package_run_dependencies/moveit_ros_warehouse
[27.104s] -- Up-to-date: /home/aaron/ur_ws/install/moveit_ros_warehouse/share/ament_index/resource_index/parent_prefix_path/moveit_ros_warehouse
[27.104s] -- Up-to-date: /home/aaron/ur_ws/install/moveit_ros_warehouse/share/moveit_ros_warehouse/environment/ament_prefix_path.sh
[27.104s] -- Up-to-date: /home/aaron/ur_ws/install/moveit_ros_warehouse/share/moveit_ros_warehouse/environment/ament_prefix_path.dsv
[27.104s] -- Up-to-date: /home/aaron/ur_ws/install/moveit_ros_warehouse/share/moveit_ros_warehouse/environment/path.sh
[27.104s] -- Up-to-date: /home/aaron/ur_ws/install/moveit_ros_warehouse/share/moveit_ros_warehouse/environment/path.dsv
[27.104s] -- Up-to-date: /home/aaron/ur_ws/install/moveit_ros_warehouse/share/moveit_ros_warehouse/local_setup.bash
[27.104s] -- Up-to-date: /home/aaron/ur_ws/install/moveit_ros_warehouse/share/moveit_ros_warehouse/local_setup.sh
[27.104s] -- Up-to-date: /home/aaron/ur_ws/install/moveit_ros_warehouse/share/moveit_ros_warehouse/local_setup.zsh
[27.104s] -- Up-to-date: /home/aaron/ur_ws/install/moveit_ros_warehouse/share/moveit_ros_warehouse/local_setup.dsv
[27.104s] -- Installing: /home/aaron/ur_ws/install/moveit_ros_warehouse/share/moveit_ros_warehouse/package.dsv
[27.104s] -- Up-to-date: /home/aaron/ur_ws/install/moveit_ros_warehouse/share/ament_index/resource_index/packages/moveit_ros_warehouse
[27.104s] -- Up-to-date: /home/aaron/ur_ws/install/moveit_ros_warehouse/share/moveit_ros_warehouse/cmake/export_moveit_ros_warehouseExport.cmake
[27.104s] -- Up-to-date: /home/aaron/ur_ws/install/moveit_ros_warehouse/share/moveit_ros_warehouse/cmake/export_moveit_ros_warehouseExport-release.cmake
[27.104s] -- Up-to-date: /home/aaron/ur_ws/install/moveit_ros_warehouse/share/moveit_ros_warehouse/cmake/ConfigExtras.cmake
[27.104s] -- Up-to-date: /home/aaron/ur_ws/install/moveit_ros_warehouse/share/moveit_ros_warehouse/cmake/ament_cmake_export_targets-extras.cmake
[27.104s] -- Up-to-date: /home/aaron/ur_ws/install/moveit_ros_warehouse/share/moveit_ros_warehouse/cmake/ament_cmake_export_dependencies-extras.cmake
[27.104s] -- Up-to-date: /home/aaron/ur_ws/install/moveit_ros_warehouse/share/moveit_ros_warehouse/cmake/moveit_ros_warehouseConfig.cmake
[27.104s] -- Up-to-date: /home/aaron/ur_ws/install/moveit_ros_warehouse/share/moveit_ros_warehouse/cmake/moveit_ros_warehouseConfig-version.cmake
[27.104s] -- Up-to-date: /home/aaron/ur_ws/install/moveit_ros_warehouse/share/moveit_ros_warehouse/package.xml
[27.106s] Invoked command in '/home/aaron/ur_ws/build/moveit_ros_warehouse' returned '0': AMENT_PREFIX_PATH=/home/aaron/ur_ws/install/moveit_ros_planning:/home/aaron/ur_ws/install/moveit_ros_occupancy_map_monitor:/home/aaron/ur_ws/install/moveit_core:/home/aaron/ur_ws/install/moveit_resources_panda_moveit_config:/home/aaron/ur_ws/install/moveit_configs_utils:/home/aaron/ur_ws/install/srdfdom:/home/aaron/ur_ws/install/moveit_resources_pr2_description:/home/aaron/ur_ws/install/moveit_resources_panda_description:/home/aaron/ur_ws/install/moveit_common:/home/aaron/ur_ws/install/launch_param_builder:${AMENT_PREFIX_PATH} CMAKE_PREFIX_PATH=/home/aaron/ur_ws/install/moveit_ros_planning:/home/aaron/ur_ws/install/moveit_ros_occupancy_map_monitor:/home/aaron/ur_ws/install/moveit_core:/home/aaron/ur_ws/install/moveit_resources_panda_moveit_config:/home/aaron/ur_ws/install/srdfdom:/home/aaron/ur_ws/install/moveit_resources_pr2_description:/home/aaron/ur_ws/install/moveit_resources_panda_description:/home/aaron/ur_ws/install/moveit_common:/opt/ros/humble LD_LIBRARY_PATH=/home/aaron/ur_ws/install/moveit_ros_planning/lib:/home/aaron/ur_ws/install/moveit_ros_occupancy_map_monitor/lib:/home/aaron/ur_ws/install/moveit_core/lib:/home/aaron/ur_ws/install/srdfdom/lib:${LD_LIBRARY_PATH} PATH=/home/aaron/ur_ws/install/moveit_core/bin:${PATH} PYTHONPATH=/home/aaron/ur_ws/install/moveit_configs_utils/lib/python3.10/site-packages:/home/aaron/ur_ws/install/srdfdom/local/lib/python3.10/dist-packages:/home/aaron/ur_ws/install/launch_param_builder/lib/python3.10/site-packages:${PYTHONPATH} /usr/bin/cmake --install /home/aaron/ur_ws/build/moveit_ros_warehouse
