[1.014s] Invoking command in '/home/aaron/ur_ws/src/moveit2/moveit_configs_utils': AMENT_PREFIX_PATH=/home/aaron/ur_ws/install/srdfdom:/home/aaron/ur_ws/install/launch_param_builder:${AMENT_PREFIX_PATH} CMAKE_PREFIX_PATH=/home/aaron/ur_ws/install/srdfdom LD_LIBRARY_PATH=/home/aaron/ur_ws/install/srdfdom/lib:${LD_LIBRARY_PATH} PYTHONPATH=/home/aaron/ur_ws/build/moveit_configs_utils/prefix_override:/usr/lib/python3/dist-packages/colcon_core/task/python/colcon_distutils_commands:/home/aaron/ur_ws/install/moveit_configs_utils/lib/python3.10/site-packages:/home/aaron/ur_ws/install/srdfdom/local/lib/python3.10/dist-packages:/home/aaron/ur_ws/install/launch_param_builder/lib/python3.10/site-packages:${PYTHONPATH} /usr/bin/python3 -W ignore:setup.py install is deprecated -W ignore:easy_install command is deprecated setup.py egg_info --egg-base ../../../build/moveit_configs_utils build --build-base /home/aaron/ur_ws/build/moveit_configs_utils/build install --record /home/aaron/ur_ws/build/moveit_configs_utils/install.log --single-version-externally-managed install_data
[1.301s] running egg_info
[1.302s] creating ../../../build/moveit_configs_utils/moveit_configs_utils.egg-info
[1.302s] writing ../../../build/moveit_configs_utils/moveit_configs_utils.egg-info/PKG-INFO
[1.302s] writing dependency_links to ../../../build/moveit_configs_utils/moveit_configs_utils.egg-info/dependency_links.txt
[1.302s] writing entry points to ../../../build/moveit_configs_utils/moveit_configs_utils.egg-info/entry_points.txt
[1.302s] writing requirements to ../../../build/moveit_configs_utils/moveit_configs_utils.egg-info/requires.txt
[1.302s] writing top-level names to ../../../build/moveit_configs_utils/moveit_configs_utils.egg-info/top_level.txt
[1.303s] writing manifest file '../../../build/moveit_configs_utils/moveit_configs_utils.egg-info/SOURCES.txt'
[1.305s] reading manifest file '../../../build/moveit_configs_utils/moveit_configs_utils.egg-info/SOURCES.txt'
[1.306s] writing manifest file '../../../build/moveit_configs_utils/moveit_configs_utils.egg-info/SOURCES.txt'
[1.306s] running build
[1.306s] running build_py
[1.306s] creating /home/aaron/ur_ws/build/moveit_configs_utils/build
[1.306s] creating /home/aaron/ur_ws/build/moveit_configs_utils/build/lib
[1.307s] creating /home/aaron/ur_ws/build/moveit_configs_utils/build/lib/moveit_configs_utils
[1.307s] copying moveit_configs_utils/__init__.py -> /home/aaron/ur_ws/build/moveit_configs_utils/build/lib/moveit_configs_utils
[1.307s] copying moveit_configs_utils/launch_utils.py -> /home/aaron/ur_ws/build/moveit_configs_utils/build/lib/moveit_configs_utils
[1.307s] copying moveit_configs_utils/launches.py -> /home/aaron/ur_ws/build/moveit_configs_utils/build/lib/moveit_configs_utils
[1.307s] copying moveit_configs_utils/moveit_configs_builder.py -> /home/aaron/ur_ws/build/moveit_configs_utils/build/lib/moveit_configs_utils
[1.308s] creating /home/aaron/ur_ws/build/moveit_configs_utils/build/lib/moveit_configs_utils/substitutions
[1.308s] copying moveit_configs_utils/substitutions/__init__.py -> /home/aaron/ur_ws/build/moveit_configs_utils/build/lib/moveit_configs_utils/substitutions
[1.308s] copying moveit_configs_utils/substitutions/xacro.py -> /home/aaron/ur_ws/build/moveit_configs_utils/build/lib/moveit_configs_utils/substitutions
[1.308s] running install
[1.309s] running install_lib
[1.310s] creating /home/aaron/ur_ws/install/moveit_configs_utils/lib/python3.10/site-packages/moveit_configs_utils
[1.310s] copying /home/aaron/ur_ws/build/moveit_configs_utils/build/lib/moveit_configs_utils/__init__.py -> /home/aaron/ur_ws/install/moveit_configs_utils/lib/python3.10/site-packages/moveit_configs_utils
[1.310s] copying /home/aaron/ur_ws/build/moveit_configs_utils/build/lib/moveit_configs_utils/launch_utils.py -> /home/aaron/ur_ws/install/moveit_configs_utils/lib/python3.10/site-packages/moveit_configs_utils
[1.310s] creating /home/aaron/ur_ws/install/moveit_configs_utils/lib/python3.10/site-packages/moveit_configs_utils/substitutions
[1.310s] copying /home/aaron/ur_ws/build/moveit_configs_utils/build/lib/moveit_configs_utils/substitutions/__init__.py -> /home/aaron/ur_ws/install/moveit_configs_utils/lib/python3.10/site-packages/moveit_configs_utils/substitutions
[1.310s] copying /home/aaron/ur_ws/build/moveit_configs_utils/build/lib/moveit_configs_utils/substitutions/xacro.py -> /home/aaron/ur_ws/install/moveit_configs_utils/lib/python3.10/site-packages/moveit_configs_utils/substitutions
[1.310s] copying /home/aaron/ur_ws/build/moveit_configs_utils/build/lib/moveit_configs_utils/launches.py -> /home/aaron/ur_ws/install/moveit_configs_utils/lib/python3.10/site-packages/moveit_configs_utils
[1.310s] copying /home/aaron/ur_ws/build/moveit_configs_utils/build/lib/moveit_configs_utils/moveit_configs_builder.py -> /home/aaron/ur_ws/install/moveit_configs_utils/lib/python3.10/site-packages/moveit_configs_utils
[1.311s] byte-compiling /home/aaron/ur_ws/install/moveit_configs_utils/lib/python3.10/site-packages/moveit_configs_utils/__init__.py to __init__.cpython-310.pyc
[1.311s] byte-compiling /home/aaron/ur_ws/install/moveit_configs_utils/lib/python3.10/site-packages/moveit_configs_utils/launch_utils.py to launch_utils.cpython-310.pyc
[1.312s] byte-compiling /home/aaron/ur_ws/install/moveit_configs_utils/lib/python3.10/site-packages/moveit_configs_utils/substitutions/__init__.py to __init__.cpython-310.pyc
[1.312s] byte-compiling /home/aaron/ur_ws/install/moveit_configs_utils/lib/python3.10/site-packages/moveit_configs_utils/substitutions/xacro.py to xacro.cpython-310.pyc
[1.312s] byte-compiling /home/aaron/ur_ws/install/moveit_configs_utils/lib/python3.10/site-packages/moveit_configs_utils/launches.py to launches.cpython-310.pyc
[1.314s] byte-compiling /home/aaron/ur_ws/install/moveit_configs_utils/lib/python3.10/site-packages/moveit_configs_utils/moveit_configs_builder.py to moveit_configs_builder.cpython-310.pyc
[1.317s] running install_data
[1.317s] creating /home/aaron/ur_ws/install/moveit_configs_utils/share/ament_index
[1.317s] creating /home/aaron/ur_ws/install/moveit_configs_utils/share/ament_index/resource_index
[1.317s] creating /home/aaron/ur_ws/install/moveit_configs_utils/share/ament_index/resource_index/packages
[1.317s] copying resource/moveit_configs_utils -> /home/aaron/ur_ws/install/moveit_configs_utils/share/ament_index/resource_index/packages
[1.317s] copying package.xml -> /home/aaron/ur_ws/install/moveit_configs_utils/share/moveit_configs_utils
[1.318s] creating /home/aaron/ur_ws/install/moveit_configs_utils/share/moveit_configs_utils/default_configs
[1.318s] copying default_configs/ompl_planning.yaml -> /home/aaron/ur_ws/install/moveit_configs_utils/share/moveit_configs_utils/default_configs
[1.318s] copying default_configs/ompl_defaults.yaml -> /home/aaron/ur_ws/install/moveit_configs_utils/share/moveit_configs_utils/default_configs
[1.318s] copying default_configs/chomp_planning.yaml -> /home/aaron/ur_ws/install/moveit_configs_utils/share/moveit_configs_utils/default_configs
[1.318s] copying default_configs/pilz_industrial_motion_planner_planning.yaml -> /home/aaron/ur_ws/install/moveit_configs_utils/share/moveit_configs_utils/default_configs
[1.318s] running install_egg_info
[1.320s] Copying ../../../build/moveit_configs_utils/moveit_configs_utils.egg-info to /home/aaron/ur_ws/install/moveit_configs_utils/lib/python3.10/site-packages/moveit_configs_utils-2.5.9-py3.10.egg-info
[1.321s] running install_scripts
[1.346s] writing list of installed files to '/home/aaron/ur_ws/build/moveit_configs_utils/install.log'
[1.380s] Invoked command in '/home/aaron/ur_ws/src/moveit2/moveit_configs_utils' returned '0': AMENT_PREFIX_PATH=/home/aaron/ur_ws/install/srdfdom:/home/aaron/ur_ws/install/launch_param_builder:${AMENT_PREFIX_PATH} CMAKE_PREFIX_PATH=/home/aaron/ur_ws/install/srdfdom LD_LIBRARY_PATH=/home/aaron/ur_ws/install/srdfdom/lib:${LD_LIBRARY_PATH} PYTHONPATH=/home/aaron/ur_ws/build/moveit_configs_utils/prefix_override:/usr/lib/python3/dist-packages/colcon_core/task/python/colcon_distutils_commands:/home/aaron/ur_ws/install/moveit_configs_utils/lib/python3.10/site-packages:/home/aaron/ur_ws/install/srdfdom/local/lib/python3.10/dist-packages:/home/aaron/ur_ws/install/launch_param_builder/lib/python3.10/site-packages:${PYTHONPATH} /usr/bin/python3 -W ignore:setup.py install is deprecated -W ignore:easy_install command is deprecated setup.py egg_info --egg-base ../../../build/moveit_configs_utils build --build-base /home/aaron/ur_ws/build/moveit_configs_utils/build install --record /home/aaron/ur_ws/build/moveit_configs_utils/install.log --single-version-externally-managed install_data
