[0.193s] Invoking command in '/home/aaron/ur_ws/build/moveit_resources_fanuc_description': CMAKE_PREFIX_PATH=/home/aaron/ur_ws/install/waypoint_pub:/home/aaron/ur_ws/install/Open_control:/opt/ros/humble /usr/bin/cmake /home/aaron/ur_ws/src/moveit_resources/fanuc_description -DCMAKE_INSTALL_PREFIX=/home/aaron/ur_ws/install/moveit_resources_fanuc_description
[0.381s] -- The C compiler identification is GNU 11.4.0
[0.381s] -- The CXX compiler identification is GNU 11.4.0
[0.381s] -- Detecting C compiler ABI info
[0.381s] -- Detecting C compiler ABI info - done
[0.381s] -- Check for working C compiler: /usr/bin/cc - skipped
[0.381s] -- Detecting C compile features
[0.381s] -- Detecting C compile features - done
[0.381s] -- Detecting CXX compiler ABI info
[0.441s] -- Detecting CXX compiler ABI info - done
[0.447s] -- Check for working CXX compiler: /usr/bin/c++ - skipped
[0.447s] -- Detecting CXX compile features
[0.447s] -- Detecting CXX compile features - done
[0.449s] -- Found ament_cmake: 1.3.12 (/opt/ros/humble/share/ament_cmake/cmake)
[0.573s] -- Found Python3: /usr/bin/python3 (found version "3.10.12") found components: Interpreter 
[0.695s] -- Configuring done
[0.699s] -- Generating done
[0.699s] -- Build files have been written to: /home/aaron/ur_ws/build/moveit_resources_fanuc_description
[0.703s] Invoked command in '/home/aaron/ur_ws/build/moveit_resources_fanuc_description' returned '0': CMAKE_PREFIX_PATH=/home/aaron/ur_ws/install/waypoint_pub:/home/aaron/ur_ws/install/Open_control:/opt/ros/humble /usr/bin/cmake /home/aaron/ur_ws/src/moveit_resources/fanuc_description -DCMAKE_INSTALL_PREFIX=/home/aaron/ur_ws/install/moveit_resources_fanuc_description
[0.704s] Invoking command in '/home/aaron/ur_ws/build/moveit_resources_fanuc_description': CMAKE_PREFIX_PATH=/home/aaron/ur_ws/install/waypoint_pub:/home/aaron/ur_ws/install/Open_control:/opt/ros/humble /usr/bin/cmake --build /home/aaron/ur_ws/build/moveit_resources_fanuc_description -- -j20 -l20
[0.730s] Invoked command in '/home/aaron/ur_ws/build/moveit_resources_fanuc_description' returned '0': CMAKE_PREFIX_PATH=/home/aaron/ur_ws/install/waypoint_pub:/home/aaron/ur_ws/install/Open_control:/opt/ros/humble /usr/bin/cmake --build /home/aaron/ur_ws/build/moveit_resources_fanuc_description -- -j20 -l20
[0.732s] Invoking command in '/home/aaron/ur_ws/build/moveit_resources_fanuc_description': CMAKE_PREFIX_PATH=/home/aaron/ur_ws/install/waypoint_pub:/home/aaron/ur_ws/install/Open_control:/opt/ros/humble /usr/bin/cmake --install /home/aaron/ur_ws/build/moveit_resources_fanuc_description
[0.738s] -- Install configuration: ""
[0.738s] -- Installing: /home/aaron/ur_ws/install/moveit_resources_fanuc_description/share/ament_index/resource_index/package_run_dependencies/moveit_resources_fanuc_description
[0.738s] -- Installing: /home/aaron/ur_ws/install/moveit_resources_fanuc_description/share/ament_index/resource_index/parent_prefix_path/moveit_resources_fanuc_description
[0.739s] -- Installing: /home/aaron/ur_ws/install/moveit_resources_fanuc_description/share/moveit_resources_fanuc_description/environment/ament_prefix_path.sh
[0.739s] -- Installing: /home/aaron/ur_ws/install/moveit_resources_fanuc_description/share/moveit_resources_fanuc_description/environment/ament_prefix_path.dsv
[0.740s] -- Installing: /home/aaron/ur_ws/install/moveit_resources_fanuc_description/share/moveit_resources_fanuc_description/environment/path.sh
[0.740s] -- Installing: /home/aaron/ur_ws/install/moveit_resources_fanuc_description/share/moveit_resources_fanuc_description/environment/path.dsv
[0.741s] -- Installing: /home/aaron/ur_ws/install/moveit_resources_fanuc_description/share/moveit_resources_fanuc_description/local_setup.bash
[0.741s] -- Installing: /home/aaron/ur_ws/install/moveit_resources_fanuc_description/share/moveit_resources_fanuc_description/local_setup.sh
[0.741s] -- Installing: /home/aaron/ur_ws/install/moveit_resources_fanuc_description/share/moveit_resources_fanuc_description/local_setup.zsh
[0.741s] -- Installing: /home/aaron/ur_ws/install/moveit_resources_fanuc_description/share/moveit_resources_fanuc_description/local_setup.dsv
[0.741s] -- Installing: /home/aaron/ur_ws/install/moveit_resources_fanuc_description/share/moveit_resources_fanuc_description/package.dsv
[0.741s] -- Installing: /home/aaron/ur_ws/install/moveit_resources_fanuc_description/share/ament_index/resource_index/packages/moveit_resources_fanuc_description
[0.741s] -- Installing: /home/aaron/ur_ws/install/moveit_resources_fanuc_description/share/moveit_resources_fanuc_description/cmake/moveit_resources_fanuc_descriptionConfig.cmake
[0.741s] -- Installing: /home/aaron/ur_ws/install/moveit_resources_fanuc_description/share/moveit_resources_fanuc_description/cmake/moveit_resources_fanuc_descriptionConfig-version.cmake
[0.742s] -- Installing: /home/aaron/ur_ws/install/moveit_resources_fanuc_description/share/moveit_resources_fanuc_description/package.xml
[0.743s] -- Installing: /home/aaron/ur_ws/install/moveit_resources_fanuc_description/share/moveit_resources_fanuc_description/meshes
[0.743s] -- Installing: /home/aaron/ur_ws/install/moveit_resources_fanuc_description/share/moveit_resources_fanuc_description/meshes/visual
[0.743s] -- Installing: /home/aaron/ur_ws/install/moveit_resources_fanuc_description/share/moveit_resources_fanuc_description/meshes/visual/link_6.stl
[0.743s] -- Installing: /home/aaron/ur_ws/install/moveit_resources_fanuc_description/share/moveit_resources_fanuc_description/meshes/visual/base_link.stl
[0.743s] -- Installing: /home/aaron/ur_ws/install/moveit_resources_fanuc_description/share/moveit_resources_fanuc_description/meshes/visual/link_4.stl
[0.744s] -- Installing: /home/aaron/ur_ws/install/moveit_resources_fanuc_description/share/moveit_resources_fanuc_description/meshes/visual/link_1.stl
[0.744s] -- Installing: /home/aaron/ur_ws/install/moveit_resources_fanuc_description/share/moveit_resources_fanuc_description/meshes/visual/link_2.stl
[0.744s] -- Installing: /home/aaron/ur_ws/install/moveit_resources_fanuc_description/share/moveit_resources_fanuc_description/meshes/visual/link_5.stl
[0.745s] -- Installing: /home/aaron/ur_ws/install/moveit_resources_fanuc_description/share/moveit_resources_fanuc_description/meshes/visual/link_3.stl
[0.745s] -- Installing: /home/aaron/ur_ws/install/moveit_resources_fanuc_description/share/moveit_resources_fanuc_description/meshes/collision
[0.745s] -- Installing: /home/aaron/ur_ws/install/moveit_resources_fanuc_description/share/moveit_resources_fanuc_description/meshes/collision/link_6.stl
[0.745s] -- Installing: /home/aaron/ur_ws/install/moveit_resources_fanuc_description/share/moveit_resources_fanuc_description/meshes/collision/base_link.stl
[0.745s] -- Installing: /home/aaron/ur_ws/install/moveit_resources_fanuc_description/share/moveit_resources_fanuc_description/meshes/collision/link_4.stl
[0.746s] -- Installing: /home/aaron/ur_ws/install/moveit_resources_fanuc_description/share/moveit_resources_fanuc_description/meshes/collision/link_1.stl
[0.746s] -- Installing: /home/aaron/ur_ws/install/moveit_resources_fanuc_description/share/moveit_resources_fanuc_description/meshes/collision/link_2.stl
[0.746s] -- Installing: /home/aaron/ur_ws/install/moveit_resources_fanuc_description/share/moveit_resources_fanuc_description/meshes/collision/link_5.stl
[0.747s] -- Installing: /home/aaron/ur_ws/install/moveit_resources_fanuc_description/share/moveit_resources_fanuc_description/meshes/collision/link_3.stl
[0.747s] -- Installing: /home/aaron/ur_ws/install/moveit_resources_fanuc_description/share/moveit_resources_fanuc_description/urdf
[0.748s] -- Installing: /home/aaron/ur_ws/install/moveit_resources_fanuc_description/share/moveit_resources_fanuc_description/urdf/fanuc.urdf
[0.755s] Invoked command in '/home/aaron/ur_ws/build/moveit_resources_fanuc_description' returned '0': CMAKE_PREFIX_PATH=/home/aaron/ur_ws/install/waypoint_pub:/home/aaron/ur_ws/install/Open_control:/opt/ros/humble /usr/bin/cmake --install /home/aaron/ur_ws/build/moveit_resources_fanuc_description
