[0.038s] Invoking command in '/home/aaron/ur_ws/build/moveit_ros_occupancy_map_monitor': AMENT_PREFIX_PATH=/home/aaron/ur_ws/install/moveit_core:/home/aaron/ur_ws/install/moveit_resources_panda_moveit_config:/home/aaron/ur_ws/install/srdfdom:/home/aaron/ur_ws/install/moveit_resources_pr2_description:/home/aaron/ur_ws/install/moveit_resources_panda_description:/home/aaron/ur_ws/install/moveit_common:${AMENT_PREFIX_PATH} CMAKE_PREFIX_PATH=/home/aaron/ur_ws/install/moveit_core:/home/aaron/ur_ws/install/moveit_resources_panda_moveit_config:/home/aaron/ur_ws/install/srdfdom:/home/aaron/ur_ws/install/moveit_resources_pr2_description:/home/aaron/ur_ws/install/moveit_resources_panda_description:/home/aaron/ur_ws/install/moveit_common:/opt/ros/humble LD_LIBRARY_PATH=/home/aaron/ur_ws/install/moveit_core/lib:/home/aaron/ur_ws/install/srdfdom/lib:${LD_LIBRARY_PATH} PATH=/home/aaron/ur_ws/install/moveit_core/bin:${PATH} PYTHONPATH=/home/aaron/ur_ws/install/srdfdom/local/lib/python3.10/dist-packages:${PYTHONPATH} /usr/bin/cmake /home/aaron/ur_ws/src/moveit2/moveit_ros/occupancy_map_monitor -DCMAKE_INSTALL_PREFIX=/home/aaron/ur_ws/install/moveit_ros_occupancy_map_monitor
[0.227s] -- The C compiler identification is GNU 11.4.0
[0.312s] -- The CXX compiler identification is GNU 11.4.0
[0.320s] -- Detecting C compiler ABI info
[0.455s] -- Detecting C compiler ABI info - done
[0.470s] -- Check for working C compiler: /usr/bin/cc - skipped
[0.471s] -- Detecting C compile features
[0.471s] -- Detecting C compile features - done
[0.474s] -- Detecting CXX compiler ABI info
[0.566s] -- Detecting CXX compiler ABI info - done
[0.572s] -- Check for working CXX compiler: /usr/bin/c++ - skipped
[0.573s] -- Detecting CXX compile features
[0.573s] -- Detecting CXX compile features - done
[0.574s] -- Found moveit_common: 2.5.9 (/home/aaron/ur_ws/install/moveit_common/share/moveit_common/cmake)
[0.577s] -- Found ament_cmake: 1.3.12 (/opt/ros/humble/share/ament_cmake/cmake)
[0.746s] -- Found Python3: /usr/bin/python3 (found version "3.10.12") found components: Interpreter 
[0.955s] [0mmoveit_ros_occupancy_map_monitor: You did not request a specific build type: Choosing 'Release' for maximum performance[0m
[0.955s] -- Found moveit_core: 2.5.9 (/home/aaron/ur_ws/install/moveit_core/share/moveit_core/cmake)
[1.249s] -- Found Boost: /usr/lib/x86_64-linux-gnu/cmake/Boost-1.74.0/BoostConfig.cmake (found version "1.74.0") found components: chrono date_time filesystem iostreams program_options regex serialization system thread 
[1.307s] -- Found parameter_traits: 0.6.0 (/opt/ros/humble/share/parameter_traits/cmake)
[1.349s] -- Found rosidl_generator_c: 3.1.8 (/opt/ros/humble/share/rosidl_generator_c/cmake)
[1.355s] -- Found rosidl_adapter: 3.1.8 (/opt/ros/humble/share/rosidl_adapter/cmake)
[1.366s] -- Found rosidl_generator_cpp: 3.1.8 (/opt/ros/humble/share/rosidl_generator_cpp/cmake)
[1.380s] -- Using all available rosidl_typesupport_c: rosidl_typesupport_fastrtps_c;rosidl_typesupport_introspection_c
[1.396s] -- Using all available rosidl_typesupport_cpp: rosidl_typesupport_fastrtps_cpp;rosidl_typesupport_introspection_cpp
[1.443s] -- Found rmw_implementation_cmake: 6.1.2 (/opt/ros/humble/share/rmw_implementation_cmake/cmake)
[1.446s] -- Found rmw_fastrtps_cpp: 6.2.9 (/opt/ros/humble/share/rmw_fastrtps_cpp/cmake)
[1.613s] -- Found OpenSSL: /usr/lib/x86_64-linux-gnu/libcrypto.so (found version "3.0.2")  
[1.640s] -- Found FastRTPS: /opt/ros/humble/include  
[1.700s] -- Using RMW implementation 'rmw_fastrtps_cpp' as default
[1.710s] -- Found Threads: TRUE  
[1.772s] -- Found rclcpp_lifecycle: 16.0.17 (/opt/ros/humble/share/rclcpp_lifecycle/cmake)
[1.797s] -- Found Boost: /usr/lib/x86_64-linux-gnu/cmake/Boost-1.74.0/BoostConfig.cmake (found version "1.74.0") found components: filesystem 
[2.039s] -- library: /usr/lib/x86_64-linux-gnu/libcurl.so
[2.105s] -- Found Eigen3: TRUE (found version "3.4.0") 
[2.106s] -- Ensuring Eigen3 include directory is part of orocos-kdl CMake target
[2.358s] -- Found ament_lint_auto: 0.12.14 (/opt/ros/humble/share/ament_lint_auto/cmake)
[2.378s] -- Found gmock sources under '/opt/ros/humble/src/gmock_vendor': C++ tests using 'Google Mock' will be built
[2.384s] -- Found ament_cmake_gtest: 1.3.12 (/opt/ros/humble/share/ament_cmake_gtest/cmake)
[2.385s] -- Found gtest sources under '/opt/ros/humble/src/gtest_vendor': C++ tests using 'Google Test' will be built
[2.391s] -- Added test 'cppcheck' to perform static code analysis on C / C++ code
[2.391s] -- Configured cppcheck include dirs: /home/aaron/ur_ws/src/moveit2/moveit_ros/occupancy_map_monitor/include
[2.391s] -- Configured cppcheck exclude dirs and/or files: 
[2.393s] -- Added test 'lint_cmake' to check CMake code style
[2.394s] -- Added test 'xmllint' to check XML markup files
[2.395s] -- Configuring done
[2.441s] -- Generating done
[2.456s] -- Build files have been written to: /home/aaron/ur_ws/build/moveit_ros_occupancy_map_monitor
[2.472s] Invoked command in '/home/aaron/ur_ws/build/moveit_ros_occupancy_map_monitor' returned '0': AMENT_PREFIX_PATH=/home/aaron/ur_ws/install/moveit_core:/home/aaron/ur_ws/install/moveit_resources_panda_moveit_config:/home/aaron/ur_ws/install/srdfdom:/home/aaron/ur_ws/install/moveit_resources_pr2_description:/home/aaron/ur_ws/install/moveit_resources_panda_description:/home/aaron/ur_ws/install/moveit_common:${AMENT_PREFIX_PATH} CMAKE_PREFIX_PATH=/home/aaron/ur_ws/install/moveit_core:/home/aaron/ur_ws/install/moveit_resources_panda_moveit_config:/home/aaron/ur_ws/install/srdfdom:/home/aaron/ur_ws/install/moveit_resources_pr2_description:/home/aaron/ur_ws/install/moveit_resources_panda_description:/home/aaron/ur_ws/install/moveit_common:/opt/ros/humble LD_LIBRARY_PATH=/home/aaron/ur_ws/install/moveit_core/lib:/home/aaron/ur_ws/install/srdfdom/lib:${LD_LIBRARY_PATH} PATH=/home/aaron/ur_ws/install/moveit_core/bin:${PATH} PYTHONPATH=/home/aaron/ur_ws/install/srdfdom/local/lib/python3.10/dist-packages:${PYTHONPATH} /usr/bin/cmake /home/aaron/ur_ws/src/moveit2/moveit_ros/occupancy_map_monitor -DCMAKE_INSTALL_PREFIX=/home/aaron/ur_ws/install/moveit_ros_occupancy_map_monitor
[2.476s] Invoking command in '/home/aaron/ur_ws/build/moveit_ros_occupancy_map_monitor': AMENT_PREFIX_PATH=/home/aaron/ur_ws/install/moveit_core:/home/aaron/ur_ws/install/moveit_resources_panda_moveit_config:/home/aaron/ur_ws/install/srdfdom:/home/aaron/ur_ws/install/moveit_resources_pr2_description:/home/aaron/ur_ws/install/moveit_resources_panda_description:/home/aaron/ur_ws/install/moveit_common:${AMENT_PREFIX_PATH} CMAKE_PREFIX_PATH=/home/aaron/ur_ws/install/moveit_core:/home/aaron/ur_ws/install/moveit_resources_panda_moveit_config:/home/aaron/ur_ws/install/srdfdom:/home/aaron/ur_ws/install/moveit_resources_pr2_description:/home/aaron/ur_ws/install/moveit_resources_panda_description:/home/aaron/ur_ws/install/moveit_common:/opt/ros/humble LD_LIBRARY_PATH=/home/aaron/ur_ws/install/moveit_core/lib:/home/aaron/ur_ws/install/srdfdom/lib:${LD_LIBRARY_PATH} PATH=/home/aaron/ur_ws/install/moveit_core/bin:${PATH} PYTHONPATH=/home/aaron/ur_ws/install/srdfdom/local/lib/python3.10/dist-packages:${PYTHONPATH} /usr/bin/cmake --build /home/aaron/ur_ws/build/moveit_ros_occupancy_map_monitor -- -j20 -l20
[2.525s] [ 15%] [32mBuilding CXX object gmock/CMakeFiles/gmock.dir/src/gmock-all.cc.o[0m
[2.526s] [ 15%] [32mBuilding CXX object gmock/CMakeFiles/gmock.dir/opt/ros/humble/src/gtest_vendor/src/gtest-all.cc.o[0m
[2.537s] [ 30%] [32mBuilding CXX object CMakeFiles/moveit_ros_occupancy_map_monitor.dir/src/occupancy_map_updater.cpp.o[0m
[2.537s] [ 30%] [32mBuilding CXX object CMakeFiles/moveit_ros_occupancy_map_monitor.dir/src/occupancy_map_monitor_middleware_handle.cpp.o[0m
[2.555s] [ 38%] [32mBuilding CXX object CMakeFiles/moveit_ros_occupancy_map_monitor.dir/src/occupancy_map_monitor.cpp.o[0m
[2.577s] [ 46%] [32mBuilding CXX object gmock/CMakeFiles/gmock_main.dir/src/gmock_main.cc.o[0m
[12.447s] [ 53%] [32m[1mLinking CXX static library libgmock_main.a[0m
[12.474s] [ 53%] Built target gmock_main
[16.269s] [ 61%] [32m[1mLinking CXX static library libgmock.a[0m
[16.351s] [ 61%] Built target gmock
[32.068s] [ 69%] [32m[1mLinking CXX shared library libmoveit_ros_occupancy_map_monitor.so[0m
[33.009s] [ 69%] Built target moveit_ros_occupancy_map_monitor
[33.060s] [ 76%] [32mBuilding CXX object CMakeFiles/moveit_ros_occupancy_map_server.dir/src/occupancy_map_server.cpp.o[0m
[33.086s] [ 84%] [32mBuilding CXX object CMakeFiles/occupancy_map_monitor_tests.dir/test/occupancy_map_monitor_tests.cpp.o[0m
[39.490s] [ 92%] [32m[1mLinking CXX executable occupancy_map_monitor_tests[0m
[39.743s] [ 92%] Built target occupancy_map_monitor_tests
[46.236s] [100%] [32m[1mLinking CXX executable moveit_ros_occupancy_map_server[0m
[46.492s] [100%] Built target moveit_ros_occupancy_map_server
[46.516s] Invoked command in '/home/aaron/ur_ws/build/moveit_ros_occupancy_map_monitor' returned '0': AMENT_PREFIX_PATH=/home/aaron/ur_ws/install/moveit_core:/home/aaron/ur_ws/install/moveit_resources_panda_moveit_config:/home/aaron/ur_ws/install/srdfdom:/home/aaron/ur_ws/install/moveit_resources_pr2_description:/home/aaron/ur_ws/install/moveit_resources_panda_description:/home/aaron/ur_ws/install/moveit_common:${AMENT_PREFIX_PATH} CMAKE_PREFIX_PATH=/home/aaron/ur_ws/install/moveit_core:/home/aaron/ur_ws/install/moveit_resources_panda_moveit_config:/home/aaron/ur_ws/install/srdfdom:/home/aaron/ur_ws/install/moveit_resources_pr2_description:/home/aaron/ur_ws/install/moveit_resources_panda_description:/home/aaron/ur_ws/install/moveit_common:/opt/ros/humble LD_LIBRARY_PATH=/home/aaron/ur_ws/install/moveit_core/lib:/home/aaron/ur_ws/install/srdfdom/lib:${LD_LIBRARY_PATH} PATH=/home/aaron/ur_ws/install/moveit_core/bin:${PATH} PYTHONPATH=/home/aaron/ur_ws/install/srdfdom/local/lib/python3.10/dist-packages:${PYTHONPATH} /usr/bin/cmake --build /home/aaron/ur_ws/build/moveit_ros_occupancy_map_monitor -- -j20 -l20
[46.519s] Invoking command in '/home/aaron/ur_ws/build/moveit_ros_occupancy_map_monitor': AMENT_PREFIX_PATH=/home/aaron/ur_ws/install/moveit_core:/home/aaron/ur_ws/install/moveit_resources_panda_moveit_config:/home/aaron/ur_ws/install/srdfdom:/home/aaron/ur_ws/install/moveit_resources_pr2_description:/home/aaron/ur_ws/install/moveit_resources_panda_description:/home/aaron/ur_ws/install/moveit_common:${AMENT_PREFIX_PATH} CMAKE_PREFIX_PATH=/home/aaron/ur_ws/install/moveit_core:/home/aaron/ur_ws/install/moveit_resources_panda_moveit_config:/home/aaron/ur_ws/install/srdfdom:/home/aaron/ur_ws/install/moveit_resources_pr2_description:/home/aaron/ur_ws/install/moveit_resources_panda_description:/home/aaron/ur_ws/install/moveit_common:/opt/ros/humble LD_LIBRARY_PATH=/home/aaron/ur_ws/install/moveit_core/lib:/home/aaron/ur_ws/install/srdfdom/lib:${LD_LIBRARY_PATH} PATH=/home/aaron/ur_ws/install/moveit_core/bin:${PATH} PYTHONPATH=/home/aaron/ur_ws/install/srdfdom/local/lib/python3.10/dist-packages:${PYTHONPATH} /usr/bin/cmake --install /home/aaron/ur_ws/build/moveit_ros_occupancy_map_monitor
[46.531s] -- Install configuration: "Release"
[46.531s] -- Installing: /home/aaron/ur_ws/install/moveit_ros_occupancy_map_monitor/lib/libmoveit_ros_occupancy_map_monitor.so.2.5.9
[46.533s] -- Set runtime path of "/home/aaron/ur_ws/install/moveit_ros_occupancy_map_monitor/lib/libmoveit_ros_occupancy_map_monitor.so.2.5.9" to ""
[46.533s] -- Installing: /home/aaron/ur_ws/install/moveit_ros_occupancy_map_monitor/lib/libmoveit_ros_occupancy_map_monitor.so
[46.533s] -- Installing: /home/aaron/ur_ws/install/moveit_ros_occupancy_map_monitor/lib/moveit_ros_occupancy_map_monitor/moveit_ros_occupancy_map_server
[46.535s] -- Set runtime path of "/home/aaron/ur_ws/install/moveit_ros_occupancy_map_monitor/lib/moveit_ros_occupancy_map_monitor/moveit_ros_occupancy_map_server" to ""
[46.535s] -- Installing: /home/aaron/ur_ws/install/moveit_ros_occupancy_map_monitor/include
[46.535s] -- Installing: /home/aaron/ur_ws/install/moveit_ros_occupancy_map_monitor/include/moveit
[46.535s] -- Installing: /home/aaron/ur_ws/install/moveit_ros_occupancy_map_monitor/include/moveit/occupancy_map_monitor
[46.535s] -- Installing: /home/aaron/ur_ws/install/moveit_ros_occupancy_map_monitor/include/moveit/occupancy_map_monitor/occupancy_map_monitor_middleware_handle.hpp
[46.536s] -- Installing: /home/aaron/ur_ws/install/moveit_ros_occupancy_map_monitor/include/moveit/occupancy_map_monitor/occupancy_map_monitor.h
[46.536s] -- Installing: /home/aaron/ur_ws/install/moveit_ros_occupancy_map_monitor/include/moveit/occupancy_map_monitor/occupancy_map_updater.h
[46.536s] -- Installing: /home/aaron/ur_ws/install/moveit_ros_occupancy_map_monitor/share/moveit_ros_occupancy_map_monitor/environment/library_path.sh
[46.536s] -- Installing: /home/aaron/ur_ws/install/moveit_ros_occupancy_map_monitor/share/moveit_ros_occupancy_map_monitor/environment/library_path.dsv
[46.536s] -- Installing: /home/aaron/ur_ws/install/moveit_ros_occupancy_map_monitor/share/ament_index/resource_index/package_run_dependencies/moveit_ros_occupancy_map_monitor
[46.536s] -- Installing: /home/aaron/ur_ws/install/moveit_ros_occupancy_map_monitor/share/ament_index/resource_index/parent_prefix_path/moveit_ros_occupancy_map_monitor
[46.536s] -- Installing: /home/aaron/ur_ws/install/moveit_ros_occupancy_map_monitor/share/moveit_ros_occupancy_map_monitor/environment/ament_prefix_path.sh
[46.536s] -- Installing: /home/aaron/ur_ws/install/moveit_ros_occupancy_map_monitor/share/moveit_ros_occupancy_map_monitor/environment/ament_prefix_path.dsv
[46.537s] -- Installing: /home/aaron/ur_ws/install/moveit_ros_occupancy_map_monitor/share/moveit_ros_occupancy_map_monitor/environment/path.sh
[46.537s] -- Installing: /home/aaron/ur_ws/install/moveit_ros_occupancy_map_monitor/share/moveit_ros_occupancy_map_monitor/environment/path.dsv
[46.537s] -- Installing: /home/aaron/ur_ws/install/moveit_ros_occupancy_map_monitor/share/moveit_ros_occupancy_map_monitor/local_setup.bash
[46.537s] -- Installing: /home/aaron/ur_ws/install/moveit_ros_occupancy_map_monitor/share/moveit_ros_occupancy_map_monitor/local_setup.sh
[46.537s] -- Installing: /home/aaron/ur_ws/install/moveit_ros_occupancy_map_monitor/share/moveit_ros_occupancy_map_monitor/local_setup.zsh
[46.537s] -- Installing: /home/aaron/ur_ws/install/moveit_ros_occupancy_map_monitor/share/moveit_ros_occupancy_map_monitor/local_setup.dsv
[46.537s] -- Installing: /home/aaron/ur_ws/install/moveit_ros_occupancy_map_monitor/share/moveit_ros_occupancy_map_monitor/package.dsv
[46.537s] -- Installing: /home/aaron/ur_ws/install/moveit_ros_occupancy_map_monitor/share/ament_index/resource_index/packages/moveit_ros_occupancy_map_monitor
[46.537s] -- Installing: /home/aaron/ur_ws/install/moveit_ros_occupancy_map_monitor/share/moveit_ros_occupancy_map_monitor/cmake/export_moveit_ros_occupancy_map_monitorExport.cmake
[46.537s] -- Installing: /home/aaron/ur_ws/install/moveit_ros_occupancy_map_monitor/share/moveit_ros_occupancy_map_monitor/cmake/export_moveit_ros_occupancy_map_monitorExport-release.cmake
[46.537s] -- Installing: /home/aaron/ur_ws/install/moveit_ros_occupancy_map_monitor/share/moveit_ros_occupancy_map_monitor/cmake/ament_cmake_export_targets-extras.cmake
[46.539s] -- Installing: /home/aaron/ur_ws/install/moveit_ros_occupancy_map_monitor/share/moveit_ros_occupancy_map_monitor/cmake/ament_cmake_export_dependencies-extras.cmake
[46.539s] -- Installing: /home/aaron/ur_ws/install/moveit_ros_occupancy_map_monitor/share/moveit_ros_occupancy_map_monitor/cmake/moveit_ros_occupancy_map_monitorConfig.cmake
[46.539s] -- Installing: /home/aaron/ur_ws/install/moveit_ros_occupancy_map_monitor/share/moveit_ros_occupancy_map_monitor/cmake/moveit_ros_occupancy_map_monitorConfig-version.cmake
[46.539s] -- Installing: /home/aaron/ur_ws/install/moveit_ros_occupancy_map_monitor/share/moveit_ros_occupancy_map_monitor/package.xml
[46.544s] Invoked command in '/home/aaron/ur_ws/build/moveit_ros_occupancy_map_monitor' returned '0': AMENT_PREFIX_PATH=/home/aaron/ur_ws/install/moveit_core:/home/aaron/ur_ws/install/moveit_resources_panda_moveit_config:/home/aaron/ur_ws/install/srdfdom:/home/aaron/ur_ws/install/moveit_resources_pr2_description:/home/aaron/ur_ws/install/moveit_resources_panda_description:/home/aaron/ur_ws/install/moveit_common:${AMENT_PREFIX_PATH} CMAKE_PREFIX_PATH=/home/aaron/ur_ws/install/moveit_core:/home/aaron/ur_ws/install/moveit_resources_panda_moveit_config:/home/aaron/ur_ws/install/srdfdom:/home/aaron/ur_ws/install/moveit_resources_pr2_description:/home/aaron/ur_ws/install/moveit_resources_panda_description:/home/aaron/ur_ws/install/moveit_common:/opt/ros/humble LD_LIBRARY_PATH=/home/aaron/ur_ws/install/moveit_core/lib:/home/aaron/ur_ws/install/srdfdom/lib:${LD_LIBRARY_PATH} PATH=/home/aaron/ur_ws/install/moveit_core/bin:${PATH} PYTHONPATH=/home/aaron/ur_ws/install/srdfdom/local/lib/python3.10/dist-packages:${PYTHONPATH} /usr/bin/cmake --install /home/aaron/ur_ws/build/moveit_ros_occupancy_map_monitor
