running egg_info
creating ../../build/Open_control/Open_control.egg-info
writing ../../build/Open_control/Open_control.egg-info/PKG-INFO
writing dependency_links to ../../build/Open_control/Open_control.egg-info/dependency_links.txt
writing entry points to ../../build/Open_control/Open_control.egg-info/entry_points.txt
writing requirements to ../../build/Open_control/Open_control.egg-info/requires.txt
writing top-level names to ../../build/Open_control/Open_control.egg-info/top_level.txt
writing manifest file '../../build/Open_control/Open_control.egg-info/SOURCES.txt'
reading manifest file '../../build/Open_control/Open_control.egg-info/SOURCES.txt'
adding license file 'LICENSE'
writing manifest file '../../build/Open_control/Open_control.egg-info/SOURCES.txt'
running build
running build_py
creating /home/aaron/ur_ws/build/Open_control/build
creating /home/aaron/ur_ws/build/Open_control/build/lib
creating /home/aaron/ur_ws/build/Open_control/build/lib/Open_control
copying Open_control/__init__.py -> /home/aaron/ur_ws/build/Open_control/build/lib/Open_control
copying Open_control/position_command.py -> /home/aaron/ur_ws/build/Open_control/build/lib/Open_control
running install
running install_lib
creating /home/aaron/ur_ws/install/Open_control/lib/python3.10/site-packages/Open_control
copying /home/aaron/ur_ws/build/Open_control/build/lib/Open_control/__init__.py -> /home/aaron/ur_ws/install/Open_control/lib/python3.10/site-packages/Open_control
copying /home/aaron/ur_ws/build/Open_control/build/lib/Open_control/position_command.py -> /home/aaron/ur_ws/install/Open_control/lib/python3.10/site-packages/Open_control
byte-compiling /home/aaron/ur_ws/install/Open_control/lib/python3.10/site-packages/Open_control/__init__.py to __init__.cpython-310.pyc
byte-compiling /home/aaron/ur_ws/install/Open_control/lib/python3.10/site-packages/Open_control/position_command.py to position_command.cpython-310.pyc
running install_data
creating /home/aaron/ur_ws/install/Open_control/share/ament_index
creating /home/aaron/ur_ws/install/Open_control/share/ament_index/resource_index
creating /home/aaron/ur_ws/install/Open_control/share/ament_index/resource_index/packages
copying resource/Open_control -> /home/aaron/ur_ws/install/Open_control/share/ament_index/resource_index/packages
copying package.xml -> /home/aaron/ur_ws/install/Open_control/share/Open_control
running install_egg_info
Copying ../../build/Open_control/Open_control.egg-info to /home/aaron/ur_ws/install/Open_control/lib/python3.10/site-packages/Open_control-0.0.0-py3.10.egg-info
running install_scripts
writing list of installed files to '/home/aaron/ur_ws/build/Open_control/install.log'
