[0.014s] Invoking command in '/home/aaron/ur_ws/build/moveit_simple_controller_manager': AMENT_PREFIX_PATH=/home/aaron/ur_ws/install/moveit_core:/home/aaron/ur_ws/install/moveit_resources_panda_moveit_config:/home/aaron/ur_ws/install/srdfdom:/home/aaron/ur_ws/install/moveit_resources_pr2_description:/home/aaron/ur_ws/install/moveit_resources_panda_description:/home/aaron/ur_ws/install/moveit_common:${AMENT_PREFIX_PATH} CMAKE_PREFIX_PATH=/home/aaron/ur_ws/install/moveit_core:/home/aaron/ur_ws/install/moveit_resources_panda_moveit_config:/home/aaron/ur_ws/install/srdfdom:/home/aaron/ur_ws/install/moveit_resources_pr2_description:/home/aaron/ur_ws/install/moveit_resources_panda_description:/home/aaron/ur_ws/install/moveit_common:/opt/ros/humble LD_LIBRARY_PATH=/home/aaron/ur_ws/install/moveit_core/lib:/home/aaron/ur_ws/install/srdfdom/lib:${LD_LIBRARY_PATH} PATH=/home/aaron/ur_ws/install/moveit_core/bin:${PATH} PYTHONPATH=/home/aaron/ur_ws/install/srdfdom/local/lib/python3.10/dist-packages:${PYTHONPATH} /usr/bin/cmake --build /home/aaron/ur_ws/build/moveit_simple_controller_manager -- -j20 -l20
[0.057s] [100%] Built target moveit_simple_controller_manager
[0.069s] Invoked command in '/home/aaron/ur_ws/build/moveit_simple_controller_manager' returned '0': AMENT_PREFIX_PATH=/home/aaron/ur_ws/install/moveit_core:/home/aaron/ur_ws/install/moveit_resources_panda_moveit_config:/home/aaron/ur_ws/install/srdfdom:/home/aaron/ur_ws/install/moveit_resources_pr2_description:/home/aaron/ur_ws/install/moveit_resources_panda_description:/home/aaron/ur_ws/install/moveit_common:${AMENT_PREFIX_PATH} CMAKE_PREFIX_PATH=/home/aaron/ur_ws/install/moveit_core:/home/aaron/ur_ws/install/moveit_resources_panda_moveit_config:/home/aaron/ur_ws/install/srdfdom:/home/aaron/ur_ws/install/moveit_resources_pr2_description:/home/aaron/ur_ws/install/moveit_resources_panda_description:/home/aaron/ur_ws/install/moveit_common:/opt/ros/humble LD_LIBRARY_PATH=/home/aaron/ur_ws/install/moveit_core/lib:/home/aaron/ur_ws/install/srdfdom/lib:${LD_LIBRARY_PATH} PATH=/home/aaron/ur_ws/install/moveit_core/bin:${PATH} PYTHONPATH=/home/aaron/ur_ws/install/srdfdom/local/lib/python3.10/dist-packages:${PYTHONPATH} /usr/bin/cmake --build /home/aaron/ur_ws/build/moveit_simple_controller_manager -- -j20 -l20
[0.071s] Invoking command in '/home/aaron/ur_ws/build/moveit_simple_controller_manager': AMENT_PREFIX_PATH=/home/aaron/ur_ws/install/moveit_core:/home/aaron/ur_ws/install/moveit_resources_panda_moveit_config:/home/aaron/ur_ws/install/srdfdom:/home/aaron/ur_ws/install/moveit_resources_pr2_description:/home/aaron/ur_ws/install/moveit_resources_panda_description:/home/aaron/ur_ws/install/moveit_common:${AMENT_PREFIX_PATH} CMAKE_PREFIX_PATH=/home/aaron/ur_ws/install/moveit_core:/home/aaron/ur_ws/install/moveit_resources_panda_moveit_config:/home/aaron/ur_ws/install/srdfdom:/home/aaron/ur_ws/install/moveit_resources_pr2_description:/home/aaron/ur_ws/install/moveit_resources_panda_description:/home/aaron/ur_ws/install/moveit_common:/opt/ros/humble LD_LIBRARY_PATH=/home/aaron/ur_ws/install/moveit_core/lib:/home/aaron/ur_ws/install/srdfdom/lib:${LD_LIBRARY_PATH} PATH=/home/aaron/ur_ws/install/moveit_core/bin:${PATH} PYTHONPATH=/home/aaron/ur_ws/install/srdfdom/local/lib/python3.10/dist-packages:${PYTHONPATH} /usr/bin/cmake --install /home/aaron/ur_ws/build/moveit_simple_controller_manager
[0.077s] -- Install configuration: "Release"
[0.077s] -- Up-to-date: /home/aaron/ur_ws/install/moveit_simple_controller_manager/lib/libmoveit_simple_controller_manager.so.2.5.9
[0.077s] -- Up-to-date: /home/aaron/ur_ws/install/moveit_simple_controller_manager/lib/libmoveit_simple_controller_manager.so
[0.077s] -- Up-to-date: /home/aaron/ur_ws/install/moveit_simple_controller_manager/include
[0.077s] -- Up-to-date: /home/aaron/ur_ws/install/moveit_simple_controller_manager/include/moveit_simple_controller_manager
[0.078s] -- Up-to-date: /home/aaron/ur_ws/install/moveit_simple_controller_manager/include/moveit_simple_controller_manager/empty_controller_handle.h
[0.078s] -- Up-to-date: /home/aaron/ur_ws/install/moveit_simple_controller_manager/include/moveit_simple_controller_manager/gripper_controller_handle.h
[0.078s] -- Up-to-date: /home/aaron/ur_ws/install/moveit_simple_controller_manager/include/moveit_simple_controller_manager/action_based_controller_handle.h
[0.078s] -- Up-to-date: /home/aaron/ur_ws/install/moveit_simple_controller_manager/include/moveit_simple_controller_manager/follow_joint_trajectory_controller_handle.h
[0.079s] -- Up-to-date: /home/aaron/ur_ws/install/moveit_simple_controller_manager/share/moveit_simple_controller_manager/environment/library_path.sh
[0.079s] -- Up-to-date: /home/aaron/ur_ws/install/moveit_simple_controller_manager/share/moveit_simple_controller_manager/environment/library_path.dsv
[0.079s] -- Up-to-date: /home/aaron/ur_ws/install/moveit_simple_controller_manager/share/moveit_simple_controller_manager/moveit_simple_controller_manager_plugin_description.xml
[0.079s] -- Up-to-date: /home/aaron/ur_ws/install/moveit_simple_controller_manager/share/ament_index/resource_index/package_run_dependencies/moveit_simple_controller_manager
[0.079s] -- Up-to-date: /home/aaron/ur_ws/install/moveit_simple_controller_manager/share/ament_index/resource_index/parent_prefix_path/moveit_simple_controller_manager
[0.079s] -- Up-to-date: /home/aaron/ur_ws/install/moveit_simple_controller_manager/share/moveit_simple_controller_manager/environment/ament_prefix_path.sh
[0.079s] -- Up-to-date: /home/aaron/ur_ws/install/moveit_simple_controller_manager/share/moveit_simple_controller_manager/environment/ament_prefix_path.dsv
[0.080s] -- Up-to-date: /home/aaron/ur_ws/install/moveit_simple_controller_manager/share/moveit_simple_controller_manager/environment/path.sh
[0.080s] -- Up-to-date: /home/aaron/ur_ws/install/moveit_simple_controller_manager/share/moveit_simple_controller_manager/environment/path.dsv
[0.080s] -- Up-to-date: /home/aaron/ur_ws/install/moveit_simple_controller_manager/share/moveit_simple_controller_manager/local_setup.bash
[0.080s] -- Up-to-date: /home/aaron/ur_ws/install/moveit_simple_controller_manager/share/moveit_simple_controller_manager/local_setup.sh
[0.080s] -- Up-to-date: /home/aaron/ur_ws/install/moveit_simple_controller_manager/share/moveit_simple_controller_manager/local_setup.zsh
[0.080s] -- Up-to-date: /home/aaron/ur_ws/install/moveit_simple_controller_manager/share/moveit_simple_controller_manager/local_setup.dsv
[0.080s] -- Installing: /home/aaron/ur_ws/install/moveit_simple_controller_manager/share/moveit_simple_controller_manager/package.dsv
[0.081s] -- Up-to-date: /home/aaron/ur_ws/install/moveit_simple_controller_manager/share/ament_index/resource_index/packages/moveit_simple_controller_manager
[0.081s] -- Up-to-date: /home/aaron/ur_ws/install/moveit_simple_controller_manager/share/ament_index/resource_index/moveit_core__pluginlib__plugin/moveit_simple_controller_manager
[0.081s] -- Up-to-date: /home/aaron/ur_ws/install/moveit_simple_controller_manager/share/moveit_simple_controller_manager/cmake/export_moveit_simple_controller_managerExport.cmake
[0.081s] -- Up-to-date: /home/aaron/ur_ws/install/moveit_simple_controller_manager/share/moveit_simple_controller_manager/cmake/export_moveit_simple_controller_managerExport-release.cmake
[0.081s] -- Up-to-date: /home/aaron/ur_ws/install/moveit_simple_controller_manager/share/moveit_simple_controller_manager/cmake/ConfigExtras.cmake
[0.081s] -- Up-to-date: /home/aaron/ur_ws/install/moveit_simple_controller_manager/share/moveit_simple_controller_manager/cmake/ament_cmake_export_targets-extras.cmake
[0.081s] -- Up-to-date: /home/aaron/ur_ws/install/moveit_simple_controller_manager/share/moveit_simple_controller_manager/cmake/ament_cmake_export_dependencies-extras.cmake
[0.081s] -- Up-to-date: /home/aaron/ur_ws/install/moveit_simple_controller_manager/share/moveit_simple_controller_manager/cmake/moveit_simple_controller_managerConfig.cmake
[0.081s] -- Up-to-date: /home/aaron/ur_ws/install/moveit_simple_controller_manager/share/moveit_simple_controller_manager/cmake/moveit_simple_controller_managerConfig-version.cmake
[0.081s] -- Up-to-date: /home/aaron/ur_ws/install/moveit_simple_controller_manager/share/moveit_simple_controller_manager/package.xml
[0.081s] Invoked command in '/home/aaron/ur_ws/build/moveit_simple_controller_manager' returned '0': AMENT_PREFIX_PATH=/home/aaron/ur_ws/install/moveit_core:/home/aaron/ur_ws/install/moveit_resources_panda_moveit_config:/home/aaron/ur_ws/install/srdfdom:/home/aaron/ur_ws/install/moveit_resources_pr2_description:/home/aaron/ur_ws/install/moveit_resources_panda_description:/home/aaron/ur_ws/install/moveit_common:${AMENT_PREFIX_PATH} CMAKE_PREFIX_PATH=/home/aaron/ur_ws/install/moveit_core:/home/aaron/ur_ws/install/moveit_resources_panda_moveit_config:/home/aaron/ur_ws/install/srdfdom:/home/aaron/ur_ws/install/moveit_resources_pr2_description:/home/aaron/ur_ws/install/moveit_resources_panda_description:/home/aaron/ur_ws/install/moveit_common:/opt/ros/humble LD_LIBRARY_PATH=/home/aaron/ur_ws/install/moveit_core/lib:/home/aaron/ur_ws/install/srdfdom/lib:${LD_LIBRARY_PATH} PATH=/home/aaron/ur_ws/install/moveit_core/bin:${PATH} PYTHONPATH=/home/aaron/ur_ws/install/srdfdom/local/lib/python3.10/dist-packages:${PYTHONPATH} /usr/bin/cmake --install /home/aaron/ur_ws/build/moveit_simple_controller_manager
