[  1%] [34m[1mAutomatic MOC for target moveit_rviz_plugin_render_tools[0m
[  1%] Built target moveit_rviz_plugin_render_tools_autogen
[ 18%] Built target moveit_rviz_plugin_render_tools
[ 20%] [34m[1mAutomatic MOC for target moveit_robot_state_rviz_plugin_core[0m
[ 22%] [34m[1mAutomatic MOC for target moveit_planning_scene_rviz_plugin_core[0m
[ 22%] Built target moveit_robot_state_rviz_plugin_core_autogen
[ 22%] Built target moveit_planning_scene_rviz_plugin_core_autogen
[ 27%] Built target moveit_robot_state_rviz_plugin_core
[ 29%] [34m[1mAutomatic MOC for target moveit_robot_state_rviz_plugin[0m
[ 29%] Built target moveit_robot_state_rviz_plugin_autogen
[ 31%] [32m[1mLinking CXX shared library libmoveit_planning_scene_rviz_plugin_core.so[0m
[ 36%] Built target moveit_robot_state_rviz_plugin
[ 41%] Built target moveit_planning_scene_rviz_plugin_core
[ 43%] [34m[1mAutomatic MOC for target moveit_planning_scene_rviz_plugin[0m
[ 44%] [34m[1mAutomatic MOC for target moveit_trajectory_rviz_plugin_core[0m
[ 44%] Built target moveit_planning_scene_rviz_plugin_autogen
[ 44%] Built target moveit_trajectory_rviz_plugin_core_autogen
[ 46%] [32m[1mLinking CXX shared library libmoveit_trajectory_rviz_plugin_core.so[0m
[ 48%] [32m[1mLinking CXX shared library libmoveit_planning_scene_rviz_plugin.so[0m
[ 51%] Built target moveit_planning_scene_rviz_plugin
[ 55%] Built target moveit_trajectory_rviz_plugin_core
[ 56%] [34m[1mAutomatic MOC for target moveit_motion_planning_rviz_plugin_core[0m
[ 58%] [34m[1mAutomatic MOC for target moveit_trajectory_rviz_plugin[0m
[ 58%] Built target moveit_trajectory_rviz_plugin_autogen
[ 58%] Built target moveit_motion_planning_rviz_plugin_core_autogen
[ 60%] [32m[1mLinking CXX shared library libmoveit_trajectory_rviz_plugin.so[0m
[ 62%] [32mBuilding CXX object motion_planning_rviz_plugin/CMakeFiles/moveit_motion_planning_rviz_plugin_core.dir/src/motion_planning_frame_objects.cpp.o[0m
[ 63%] [32mBuilding CXX object motion_planning_rviz_plugin/CMakeFiles/moveit_motion_planning_rviz_plugin_core.dir/src/motion_planning_frame_states.cpp.o[0m
[ 65%] [32mBuilding CXX object motion_planning_rviz_plugin/CMakeFiles/moveit_motion_planning_rviz_plugin_core.dir/src/motion_planning_frame_scenes.cpp.o[0m
[ 67%] [32mBuilding CXX object motion_planning_rviz_plugin/CMakeFiles/moveit_motion_planning_rviz_plugin_core.dir/src/motion_planning_frame_context.cpp.o[0m
[ 70%] Built target moveit_trajectory_rviz_plugin
[ 72%] [32m[1mLinking CXX shared library libmoveit_motion_planning_rviz_plugin_core.so[0m
[ 93%] Built target moveit_motion_planning_rviz_plugin_core
[ 94%] [34m[1mAutomatic MOC for target moveit_motion_planning_rviz_plugin[0m
[ 94%] Built target moveit_motion_planning_rviz_plugin_autogen
[ 96%] [32m[1mLinking CXX shared library libmoveit_motion_planning_rviz_plugin.so[0m
[100%] Built target moveit_motion_planning_rviz_plugin
