[0.015s] Invoking command in '/home/aaron/ur_ws/build/moveit_core': AMENT_PREFIX_PATH=/home/aaron/ur_ws/install/moveit_resources_panda_moveit_config:/home/aaron/ur_ws/install/srdfdom:/home/aaron/ur_ws/install/moveit_resources_pr2_description:/home/aaron/ur_ws/install/moveit_resources_panda_description:/home/aaron/ur_ws/install/moveit_common:${AMENT_PREFIX_PATH} CMAKE_PREFIX_PATH=/home/aaron/ur_ws/install/moveit_resources_panda_moveit_config:/home/aaron/ur_ws/install/srdfdom:/home/aaron/ur_ws/install/moveit_resources_pr2_description:/home/aaron/ur_ws/install/moveit_resources_panda_description:/home/aaron/ur_ws/install/moveit_common:/opt/ros/humble LD_LIBRARY_PATH=/home/aaron/ur_ws/install/srdfdom/lib:${LD_LIBRARY_PATH} PYTHONPATH=/home/aaron/ur_ws/install/srdfdom/local/lib/python3.10/dist-packages:${PYTHONPATH} /usr/bin/cmake --build /home/aaron/ur_ws/build/moveit_core -- -j20 -l20
[0.062s] [  1%] [32mBuilding CXX object exceptions/CMakeFiles/moveit_exceptions.dir/src/exceptions.cpp.o[0m
[0.062s] [  3%] [32mBuilding CXX object transforms/CMakeFiles/moveit_transforms.dir/src/transforms.cpp.o[0m
[0.062s] [  3%] [32mBuilding CXX object distance_field/CMakeFiles/moveit_distance_field.dir/src/distance_field.cpp.o[0m
[0.062s] [  4%] [32mBuilding CXX object gtest/CMakeFiles/gtest_main.dir/src/gtest_main.cc.o[0m
[0.063s] [  4%] [32mBuilding CXX object gmock/CMakeFiles/gmock_main.dir/src/gmock_main.cc.o[0m
[0.064s] [  5%] [32mBuilding CXX object kinematics_base/CMakeFiles/moveit_kinematics_base.dir/src/kinematics_base.cpp.o[0m
[0.064s] [  6%] [32mBuilding CXX object distance_field/CMakeFiles/moveit_distance_field.dir/src/find_internal_points.cpp.o[0m
[0.066s] [  7%] [32mBuilding CXX object online_signal_smoothing/CMakeFiles/moveit_smoothing_base.dir/src/smoothing_base_class.cpp.o[0m
[0.068s] [  8%] [32mBuilding CXX object utils/CMakeFiles/moveit_utils.dir/src/lexical_casts.cpp.o[0m
[0.070s] [  8%] [32mBuilding CXX object distance_field/CMakeFiles/moveit_distance_field.dir/src/propagation_distance_field.cpp.o[0m
[0.072s] [  9%] [32mBuilding CXX object utils/CMakeFiles/moveit_utils.dir/src/rclcpp_utils.cpp.o[0m
[0.072s] [  9%] [32mBuilding CXX object version/CMakeFiles/moveit_version.dir/version.cpp.o[0m
[0.080s] [  9%] [32mBuilding CXX object utils/CMakeFiles/moveit_utils.dir/src/message_checks.cpp.o[0m
[0.080s] [  9%] [32mBuilding CXX object gmock/CMakeFiles/gmock.dir/opt/ros/humble/src/gtest_vendor/src/gtest-all.cc.o[0m
[0.081s] [  9%] [32mBuilding CXX object gtest/CMakeFiles/gtest.dir/src/gtest-all.cc.o[0m
[0.084s] [ 10%] [34m[1mRunning `/opt/ros/humble/bin/generate_parameter_library_cpp /home/aaron/ur_ws/build/moveit_core/online_signal_smoothing/include/moveit_core/moveit_butterworth_parameters.hpp /home/aaron/ur_ws/src/moveit2/moveit_core/online_signal_smoothing/src/butterworth_parameters.yaml `[0m
[0.085s] [ 11%] [32mBuilding CXX object gmock/CMakeFiles/gmock.dir/src/gmock-all.cc.o[0m
[0.136s] [ 12%] [32m[1mLinking CXX executable moveit_version[0m
[0.307s] [ 13%] [34m[1mCreating deprecated header file /home/aaron/ur_ws/build/moveit_core/online_signal_smoothing/include/moveit_butterworth_parameters.hpp[0m
[0.329s] [ 13%] Built target moveit_version
[0.335s] [ 13%] Built target moveit_butterworth_parameters
[0.822s] [ 13%] [32m[1mLinking CXX shared library libmoveit_exceptions.so[0m
[0.961s] [ 13%] Built target moveit_exceptions
[1.162s] [ 13%] [32m[1mLinking CXX static library libgtest_main.a[0m
[1.198s] [ 13%] Built target gtest_main
[1.697s] [ 14%] [32m[1mLinking CXX shared library libmoveit_utils.so[0m
[1.822s] [ 15%] [32m[1mLinking CXX static library libgmock_main.a[0m
[1.854s] [ 15%] Built target gmock_main
[2.556s] [ 15%] Built target moveit_utils
[4.131s] [ 15%] [32m[1mLinking CXX shared library libmoveit_smoothing_base.so[0m
[4.288s] [ 15%] Built target moveit_smoothing_base
[5.588s] [ 15%] [32m[1mLinking CXX shared library libmoveit_kinematics_base.so[0m
[5.961s] [ 15%] Built target moveit_kinematics_base
[6.027s] [ 15%] [32mBuilding CXX object robot_model/CMakeFiles/moveit_robot_model.dir/src/floating_joint_model.cpp.o[0m
[6.035s] [ 15%] [32m[1mLinking CXX shared library libmoveit_transforms.so[0m
[6.035s] [ 16%] [32mBuilding CXX object robot_model/CMakeFiles/moveit_robot_model.dir/src/link_model.cpp.o[0m
[6.035s] [ 17%] [32mBuilding CXX object robot_model/CMakeFiles/moveit_robot_model.dir/src/joint_model.cpp.o[0m
[6.035s] [ 17%] [32mBuilding CXX object robot_model/CMakeFiles/moveit_robot_model.dir/src/robot_model.cpp.o[0m
[6.036s] [ 17%] [32mBuilding CXX object robot_model/CMakeFiles/moveit_robot_model.dir/src/joint_model_group.cpp.o[0m
[6.037s] [ 18%] [32mBuilding CXX object robot_model/CMakeFiles/moveit_robot_model.dir/src/revolute_joint_model.cpp.o[0m
[6.040s] [ 18%] [32mBuilding CXX object robot_model/CMakeFiles/moveit_robot_model.dir/src/prismatic_joint_model.cpp.o[0m
[6.063s] [ 18%] [32mBuilding CXX object robot_model/CMakeFiles/moveit_robot_model.dir/src/aabb.cpp.o[0m
[6.076s] [ 19%] [32mBuilding CXX object robot_model/CMakeFiles/moveit_robot_model.dir/src/planar_joint_model.cpp.o[0m
[6.078s] [ 20%] [32mBuilding CXX object robot_model/CMakeFiles/moveit_robot_model.dir/src/fixed_joint_model.cpp.o[0m
[6.218s] [ 20%] Built target moveit_transforms
[7.248s] [ 21%] [32m[1mLinking CXX shared library libmoveit_distance_field.so[0m
[7.482s] [ 21%] Built target moveit_distance_field
[10.723s] [ 22%] [32m[1mLinking CXX static library libgmock.a[0m
[10.831s] [ 22%] Built target gmock
[15.315s] [ 23%] [32m[1mLinking CXX static library libgtest.a[0m
[15.368s] [ 23%] Built target gtest
[15.404s] [ 24%] [32mBuilding CXX object distance_field/CMakeFiles/test_distance_field.dir/test/test_distance_field.cpp.o[0m
[15.409s] [ 24%] [32mBuilding CXX object transforms/CMakeFiles/test_transforms.dir/test/test_transforms.cpp.o[0m
[15.414s] [ 25%] [32mBuilding CXX object distance_field/CMakeFiles/test_voxel_grid.dir/test/test_voxel_grid.cpp.o[0m
[16.667s] [ 26%] [32m[1mLinking CXX shared library libmoveit_robot_model.so[0m
[16.873s] [ 26%] Built target moveit_robot_model
[16.925s] [ 27%] [32mBuilding CXX object robot_state/CMakeFiles/moveit_robot_state.dir/src/robot_state.cpp.o[0m
[16.926s] [ 27%] [32mBuilding CXX object robot_state/CMakeFiles/moveit_robot_state.dir/src/conversions.cpp.o[0m
[16.928s] [ 28%] [32mBuilding CXX object utils/CMakeFiles/moveit_test_utils.dir/src/robot_model_test_utils.cpp.o[0m
[16.929s] [ 28%] [32mBuilding CXX object robot_state/CMakeFiles/moveit_robot_state.dir/src/cartesian_interpolator.cpp.o[0m
[16.967s] [ 29%] [32mBuilding CXX object robot_state/CMakeFiles/moveit_robot_state.dir/src/attached_body.cpp.o[0m
[16.975s] [ 30%] [32mBuilding CXX object online_signal_smoothing/CMakeFiles/moveit_butterworth_filter.dir/src/butterworth_filter.cpp.o[0m
[18.041s] [ 31%] [32m[1mLinking CXX executable test_transforms[0m
[18.196s] [ 31%] Built target test_transforms
[19.382s] [ 31%] [32m[1mLinking CXX executable test_voxel_grid[0m
[19.649s] [ 31%] Built target test_voxel_grid
[24.761s] [ 31%] [32m[1mLinking CXX shared library libmoveit_butterworth_filter.so[0m
[24.984s] [ 31%] Built target moveit_butterworth_filter
[25.018s] [ 31%] [32mBuilding CXX object online_signal_smoothing/CMakeFiles/test_butterworth_filter.dir/test/test_butterworth_filter.cpp.o[0m
[25.484s] [ 32%] [32m[1mLinking CXX shared library libmoveit_test_utils.so[0m
[25.501s] [ 32%] [32m[1mLinking CXX executable test_distance_field[0m
[25.674s] [ 32%] Built target moveit_test_utils
[25.723s] [ 33%] [32mBuilding CXX object robot_model/CMakeFiles/test_robot_model.dir/test/test.cpp.o[0m
[25.751s] [ 33%] Built target test_distance_field
[30.697s] [ 33%] [32m[1mLinking CXX executable test_robot_model[0m
[30.815s] [ 34%] [32m[1mLinking CXX executable test_butterworth_filter[0m
[30.942s] [ 34%] Built target test_robot_model
[30.983s] [ 34%] Built target test_butterworth_filter
[36.695s] [ 35%] [32m[1mLinking CXX shared library libmoveit_robot_state.so[0m
[36.916s] [ 35%] Built target moveit_robot_state
[36.946s] [ 36%] [32mBuilding CXX object robot_state/CMakeFiles/test_robot_state.dir/test/robot_state_test.cpp.o[0m
[36.948s] [ 37%] [32mBuilding CXX object robot_trajectory/CMakeFiles/moveit_robot_trajectory.dir/src/robot_trajectory.cpp.o[0m
[36.949s] [ 37%] [32mBuilding CXX object robot_state/CMakeFiles/test_robot_state_complex.dir/test/test_kinematic_complex.cpp.o[0m
[36.950s] [ 38%] [32mBuilding CXX object robot_state/CMakeFiles/test_cartesian_interpolator.dir/test/test_cartesian_interpolator.cpp.o[0m
[36.956s] [ 38%] [32mBuilding CXX object dynamics_solver/CMakeFiles/moveit_dynamics_solver.dir/src/dynamics_solver.cpp.o[0m
[36.956s] [ 38%] [32mBuilding CXX object robot_state/CMakeFiles/test_robot_state_benchmark.dir/test/robot_state_benchmark.cpp.o[0m
[36.974s] [ 39%] [32mBuilding CXX object kinematics_metrics/CMakeFiles/moveit_kinematics_metrics.dir/src/kinematics_metrics.cpp.o[0m
[36.993s] [ 40%] [32mBuilding CXX object collision_detection/CMakeFiles/moveit_collision_detection.dir/src/collision_plugin_cache.cpp.o[0m
[36.993s] [ 40%] [32mBuilding CXX object collision_detection/CMakeFiles/moveit_collision_detection.dir/src/world.cpp.o[0m
[36.996s] [ 40%] [32mBuilding CXX object collision_detection/CMakeFiles/moveit_collision_detection.dir/src/allvalid/collision_env_allvalid.cpp.o[0m
[37.002s] [ 40%] [32mBuilding CXX object robot_state/CMakeFiles/test_aabb.dir/test/test_aabb.cpp.o[0m
[37.005s] [ 41%] [32mBuilding CXX object collision_detection/CMakeFiles/moveit_collision_detection.dir/src/collision_common.cpp.o[0m
[37.007s] [ 42%] [32mBuilding CXX object collision_detection/CMakeFiles/moveit_collision_detection.dir/src/collision_tools.cpp.o[0m
[37.010s] [ 42%] [32mBuilding CXX object collision_detection/CMakeFiles/moveit_collision_detection.dir/src/collision_matrix.cpp.o[0m
[37.023s] [ 42%] [32mBuilding CXX object collision_detection/CMakeFiles/moveit_collision_detection.dir/src/collision_env.cpp.o[0m
[37.025s] [ 43%] [32mBuilding CXX object collision_detection/CMakeFiles/moveit_collision_detection.dir/src/collision_octomap_filter.cpp.o[0m
[37.030s] [ 44%] [32mBuilding CXX object collision_detection/CMakeFiles/moveit_collision_detection.dir/src/world_diff.cpp.o[0m
[44.527s] [ 45%] [32m[1mLinking CXX shared library libmoveit_dynamics_solver.so[0m
[44.754s] [ 45%] Built target moveit_dynamics_solver
[45.012s] [ 46%] [32m[1mLinking CXX executable test_robot_state_complex[0m
[45.318s] [ 46%] Built target test_robot_state_complex
[47.585s] [ 47%] [32m[1mLinking CXX executable test_robot_state_benchmark[0m
[47.873s] [ 47%] Built target test_robot_state_benchmark
[50.075s] [ 47%] [32m[1mLinking CXX shared library libmoveit_robot_trajectory.so[0m
[50.303s] [ 47%] Built target moveit_robot_trajectory
[50.354s] [ 48%] [32mBuilding CXX object trajectory_processing/CMakeFiles/moveit_trajectory_processing.dir/src/trajectory_tools.cpp.o[0m
[50.355s] [ 49%] [32mBuilding CXX object trajectory_processing/CMakeFiles/moveit_trajectory_processing.dir/src/iterative_spline_parameterization.cpp.o[0m
[50.364s] [ 50%] [32mBuilding CXX object robot_trajectory/CMakeFiles/test_robot_trajectory.dir/test/test_robot_trajectory.cpp.o[0m
[50.365s] [ 50%] [32mBuilding CXX object trajectory_processing/CMakeFiles/moveit_trajectory_processing.dir/src/iterative_time_parameterization.cpp.o[0m
[50.392s] [ 50%] [32mBuilding CXX object trajectory_processing/CMakeFiles/moveit_trajectory_processing.dir/src/ruckig_traj_smoothing.cpp.o[0m
[50.394s] [ 50%] [32mBuilding CXX object trajectory_processing/CMakeFiles/moveit_trajectory_processing.dir/src/time_optimal_trajectory_generation.cpp.o[0m
[50.423s] [ 51%] [32mBuilding CXX object planning_interface/CMakeFiles/moveit_planning_interface.dir/src/planning_response.cpp.o[0m
[50.434s] [ 52%] [32mBuilding CXX object planning_interface/CMakeFiles/moveit_planning_interface.dir/src/planning_interface.cpp.o[0m
[50.777s] [ 53%] [32m[1mLinking CXX executable test_robot_state[0m
[51.099s] [ 53%] [32m[1mLinking CXX executable test_cartesian_interpolator[0m
[51.346s] [ 53%] Built target test_cartesian_interpolator
[52.309s] [ 53%] Built target test_robot_state
[53.472s] [ 54%] [32m[1mLinking CXX executable test_aabb[0m
[53.728s] [ 54%] Built target test_aabb
[55.625s] [ 54%] [32m[1mLinking CXX shared library libmoveit_kinematics_metrics.so[0m
[55.815s] [ 54%] Built target moveit_kinematics_metrics
[59.252s] [ 54%] [32m[1mLinking CXX executable test_robot_trajectory[0m
[59.722s] [ 54%] Built target test_robot_trajectory
[60.764s] [ 54%] [32m[1mLinking CXX shared library libmoveit_planning_interface.so[0m
[60.924s] [ 54%] Built target moveit_planning_interface
[61.673s] [ 54%] [32m[1mLinking CXX shared library libmoveit_collision_detection.so[0m
[61.892s] [ 54%] Built target moveit_collision_detection
[61.923s] [ 55%] [32mBuilding CXX object collision_detection_bullet/CMakeFiles/moveit_collision_detection_bullet.dir/src/bullet_integration/bullet_utils.cpp.o[0m
[61.924s] [ 55%] [32mBuilding CXX object collision_detection_bullet/CMakeFiles/moveit_collision_detection_bullet.dir/src/bullet_integration/bullet_cast_bvh_manager.cpp.o[0m
[61.926s] [ 56%] [32mBuilding CXX object collision_detection_bullet/CMakeFiles/moveit_collision_detection_bullet.dir/src/bullet_integration/bullet_discrete_bvh_manager.cpp.o[0m
[61.927s] [ 56%] [32mBuilding CXX object collision_detection_bullet/CMakeFiles/moveit_collision_detection_bullet.dir/src/bullet_integration/bullet_bvh_manager.cpp.o[0m
[61.929s] [ 57%] [32mBuilding CXX object collision_detection_bullet/CMakeFiles/moveit_collision_detection_bullet.dir/src/bullet_integration/ros_bullet_utils.cpp.o[0m
[61.930s] [ 58%] [32mBuilding CXX object collision_detection_bullet/CMakeFiles/moveit_collision_detection_bullet.dir/src/bullet_integration/contact_checker_common.cpp.o[0m
[61.930s] [ 59%] [32mBuilding CXX object collision_detection/CMakeFiles/test_all_valid.dir/test/test_all_valid.cpp.o[0m
[61.936s] [ 60%] [32mBuilding CXX object collision_detection_bullet/CMakeFiles/moveit_collision_detection_bullet.dir/src/collision_env_bullet.cpp.o[0m
[61.963s] [ 61%] [32mBuilding CXX object collision_detection_fcl/CMakeFiles/moveit_collision_detection_fcl.dir/src/collision_common.cpp.o[0m
[61.964s] [ 61%] [32mBuilding CXX object collision_detection_fcl/CMakeFiles/moveit_collision_detection_fcl.dir/src/collision_env_fcl.cpp.o[0m
[61.972s] [ 62%] [32mBuilding CXX object collision_detection/CMakeFiles/test_world_diff.dir/test/test_world_diff.cpp.o[0m
[61.978s] [ 63%] [32mBuilding CXX object collision_detection/CMakeFiles/test_world.dir/test/test_world.cpp.o[0m
[64.789s] [ 64%] [32m[1mLinking CXX shared library libmoveit_trajectory_processing.so[0m
[64.949s] [ 64%] Built target moveit_trajectory_processing
[64.972s] [ 65%] [32mBuilding CXX object trajectory_processing/CMakeFiles/test_time_optimal_trajectory_generation.dir/test/test_time_optimal_trajectory_generation.cpp.o[0m
[64.975s] [ 65%] [32mBuilding CXX object trajectory_processing/CMakeFiles/test_time_parameterization.dir/test/test_time_parameterization.cpp.o[0m
[65.040s] [ 66%] [32mBuilding CXX object trajectory_processing/CMakeFiles/test_ruckig_traj_smoothing.dir/test/test_ruckig_traj_smoothing.cpp.o[0m
[66.112s] [ 67%] [32m[1mLinking CXX executable test_world_diff[0m
[66.338s] [ 67%] Built target test_world_diff
[67.731s] [ 67%] [32m[1mLinking CXX executable test_all_valid[0m
[67.968s] [ 67%] Built target test_all_valid
[71.708s] [ 68%] [32m[1mLinking CXX shared library libmoveit_collision_detection_fcl.so[0m
[72.104s] [ 68%] Built target moveit_collision_detection_fcl
[72.125s] [ 69%] [32mBuilding CXX object collision_detection_fcl/CMakeFiles/test_fcl_collision_detection_panda.dir/test/test_fcl_collision_detection_panda.cpp.o[0m
[72.125s] [ 69%] [32mBuilding CXX object kinematic_constraints/CMakeFiles/moveit_kinematic_constraints.dir/src/utils.cpp.o[0m
[72.131s] [ 70%] [32mBuilding CXX object collision_detection_fcl/CMakeFiles/test_fcl_collision_detection.dir/test/test_fcl_collision_detection_pr2.cpp.o[0m
[72.134s] [ 71%] [32mBuilding CXX object kinematic_constraints/CMakeFiles/moveit_kinematic_constraints.dir/src/kinematic_constraint.cpp.o[0m
[72.139s] [ 71%] [32mBuilding CXX object collision_detection_fcl/CMakeFiles/test_fcl_collision_env.dir/test/test_fcl_env.cpp.o[0m
[73.457s] [ 72%] [32m[1mLinking CXX executable test_time_optimal_trajectory_generation[0m
[73.733s] [ 72%] Built target test_time_optimal_trajectory_generation
[75.060s] [ 73%] [32m[1mLinking CXX executable test_time_parameterization[0m
[75.373s] [ 73%] Built target test_time_parameterization
[77.797s] [ 73%] [32m[1mLinking CXX executable test_world[0m
[78.595s] [ 73%] Built target test_world
[80.466s] [ 74%] [32m[1mLinking CXX executable test_fcl_collision_env[0m
[80.534s] [ 74%] [32m[1mLinking CXX executable test_ruckig_traj_smoothing[0m
[80.913s] [ 74%] Built target test_ruckig_traj_smoothing
[81.196s] [ 74%] Built target test_fcl_collision_env
[82.021s] [ 75%] [32m[1mLinking CXX executable test_fcl_collision_detection_panda[0m
[82.365s] [ 75%] Built target test_fcl_collision_detection_panda
[83.345s] [ 75%] [32m[1mLinking CXX executable test_fcl_collision_detection[0m
[83.670s] [ 75%] Built target test_fcl_collision_detection
[84.934s] [ 75%] [32m[1mLinking CXX shared library libmoveit_collision_detection_bullet.so[0m
[85.191s] [ 75%] Built target moveit_collision_detection_bullet
[85.251s] [ 75%] [32mBuilding CXX object collision_detection_bullet/CMakeFiles/test_bullet_continuous_collision_checking.dir/test/test_bullet_continuous_collision_checking.cpp.o[0m
[85.252s] [ 76%] [32mBuilding CXX object collision_detection_bullet/CMakeFiles/test_bullet_collision_detection.dir/test/test_bullet_collision_detection_pr2.cpp.o[0m
[85.253s] [ 77%] [32mBuilding CXX object collision_detection_bullet/CMakeFiles/test_bullet_collision_detection_panda.dir/test/test_bullet_collision_detection_panda.cpp.o[0m
[85.987s] [ 78%] [32m[1mLinking CXX shared library libmoveit_kinematic_constraints.so[0m
[86.210s] [ 78%] Built target moveit_kinematic_constraints
[86.261s] [ 78%] [32mBuilding CXX object kinematic_constraints/CMakeFiles/test_constraints.dir/test/test_constraints.cpp.o[0m
[86.275s] [ 79%] [32mBuilding CXX object kinematic_constraints/CMakeFiles/test_orientation_constraints.dir/test/test_orientation_constraints.cpp.o[0m
[86.301s] [ 80%] [32mBuilding CXX object planning_scene/CMakeFiles/moveit_planning_scene.dir/src/planning_scene.cpp.o[0m
[92.619s] [ 81%] [32m[1mLinking CXX executable test_bullet_collision_detection_panda[0m
[92.999s] [ 81%] Built target test_bullet_collision_detection_panda
[94.134s] [ 81%] [32m[1mLinking CXX executable test_bullet_collision_detection[0m
[94.196s] [ 82%] [32m[1mLinking CXX executable test_bullet_continuous_collision_checking[0m
[94.523s] [ 82%] Built target test_bullet_collision_detection
[94.526s] [ 82%] Built target test_bullet_continuous_collision_checking
[95.137s] [ 82%] [32m[1mLinking CXX executable test_orientation_constraints[0m
[95.427s] [ 82%] Built target test_orientation_constraints
[96.299s] [ 83%] [32m[1mLinking CXX executable test_constraints[0m
[96.576s] [ 83%] Built target test_constraints
[102.380s] [ 84%] [32m[1mLinking CXX shared library libmoveit_planning_scene.so[0m
[102.621s] [ 84%] Built target moveit_planning_scene
[102.669s] [ 84%] [32mBuilding CXX object planning_scene/CMakeFiles/test_multi_threaded.dir/test/test_multi_threaded.cpp.o[0m
[102.670s] [ 85%] [32mBuilding CXX object collision_distance_field/CMakeFiles/moveit_collision_distance_field.dir/src/collision_distance_field_types.cpp.o[0m
[102.671s] [ 85%] [32mBuilding CXX object collision_detection_fcl/CMakeFiles/collision_detector_fcl_plugin.dir/src/collision_detector_fcl_plugin_loader.cpp.o[0m
[102.674s] [ 85%] [32mBuilding CXX object collision_distance_field/CMakeFiles/moveit_collision_distance_field.dir/src/collision_env_hybrid.cpp.o[0m
[102.679s] [ 86%] [32mBuilding CXX object collision_distance_field/CMakeFiles/moveit_collision_distance_field.dir/src/collision_env_distance_field.cpp.o[0m
[102.680s] [ 86%] [32mBuilding CXX object collision_detection_bullet/CMakeFiles/collision_detector_bullet_plugin.dir/src/collision_detector_bullet_plugin_loader.cpp.o[0m
[102.681s] [ 87%] [32mBuilding CXX object planning_scene/CMakeFiles/test_collision_objects.dir/test/test_collision_objects.cpp.o[0m
[102.683s] [ 88%] [32mBuilding CXX object planning_request_adapter/CMakeFiles/moveit_planning_request_adapter.dir/src/planning_request_adapter.cpp.o[0m
[102.697s] [ 88%] [32mBuilding CXX object constraint_samplers/CMakeFiles/moveit_constraint_samplers.dir/src/constraint_sampler_manager.cpp.o[0m
[102.701s] [ 89%] [32mBuilding CXX object constraint_samplers/CMakeFiles/moveit_constraint_samplers.dir/src/constraint_sampler_tools.cpp.o[0m
[102.701s] [ 90%] [32mBuilding CXX object constraint_samplers/CMakeFiles/moveit_constraint_samplers.dir/src/constraint_sampler.cpp.o[0m
[102.703s] [ 90%] [32mBuilding CXX object constraint_samplers/CMakeFiles/moveit_constraint_samplers.dir/src/default_constraint_samplers.cpp.o[0m
[102.704s] [ 90%] [32mBuilding CXX object collision_distance_field/CMakeFiles/moveit_collision_distance_field.dir/src/collision_common_distance_field.cpp.o[0m
[102.709s] [ 91%] [32mBuilding CXX object planning_scene/CMakeFiles/test_planning_scene.dir/test/test_planning_scene.cpp.o[0m
[102.742s] [ 92%] [32mBuilding CXX object constraint_samplers/CMakeFiles/moveit_constraint_samplers.dir/src/union_constraint_sampler.cpp.o[0m
[110.201s] [ 93%] [32m[1mLinking CXX shared library libcollision_detector_fcl_plugin.so[0m
[110.340s] [ 93%] Built target collision_detector_fcl_plugin
[110.608s] [ 94%] [32m[1mLinking CXX executable test_multi_threaded[0m
[110.956s] [ 94%] Built target test_multi_threaded
[117.104s] [ 94%] [32m[1mLinking CXX shared library libmoveit_planning_request_adapter.so[0m
[117.361s] [ 94%] Built target moveit_planning_request_adapter
[118.892s] [ 95%] [32m[1mLinking CXX shared library libmoveit_collision_distance_field.so[0m
[119.128s] [ 95%] Built target moveit_collision_distance_field
[119.177s] [ 96%] [32mBuilding CXX object collision_distance_field/CMakeFiles/test_collision_distance_field.dir/test/test_collision_distance_field.cpp.o[0m
[120.375s] [ 97%] [32m[1mLinking CXX shared library libcollision_detector_bullet_plugin.so[0m
[120.620s] [ 97%] Built target collision_detector_bullet_plugin
[120.872s] [ 97%] [32m[1mLinking CXX executable test_planning_scene[0m
[121.170s] [ 97%] Built target test_planning_scene
[122.216s] [ 97%] [32m[1mLinking CXX shared library libmoveit_constraint_samplers.so[0m
[122.429s] [ 97%] Built target moveit_constraint_samplers
[122.475s] [ 98%] [32mBuilding CXX object constraint_samplers/CMakeFiles/test_constraint_samplers.dir/test/pr2_arm_kinematics_plugin.cpp.o[0m
[122.480s] [ 99%] [32mBuilding CXX object constraint_samplers/CMakeFiles/test_constraint_samplers.dir/test/test_constraint_samplers.cpp.o[0m
[122.511s] [ 99%] [32mBuilding CXX object constraint_samplers/CMakeFiles/test_constraint_samplers.dir/test/pr2_arm_ik.cpp.o[0m
[124.973s] [ 99%] [32m[1mLinking CXX executable test_collision_objects[0m
[125.277s] [ 99%] Built target test_collision_objects
[128.669s] [ 99%] [32m[1mLinking CXX executable test_collision_distance_field[0m
[128.952s] [ 99%] Built target test_collision_distance_field
[134.690s] [100%] [32m[1mLinking CXX executable test_constraint_samplers[0m
[135.008s] [100%] Built target test_constraint_samplers
[135.029s] Invoked command in '/home/aaron/ur_ws/build/moveit_core' returned '0': AMENT_PREFIX_PATH=/home/aaron/ur_ws/install/moveit_resources_panda_moveit_config:/home/aaron/ur_ws/install/srdfdom:/home/aaron/ur_ws/install/moveit_resources_pr2_description:/home/aaron/ur_ws/install/moveit_resources_panda_description:/home/aaron/ur_ws/install/moveit_common:${AMENT_PREFIX_PATH} CMAKE_PREFIX_PATH=/home/aaron/ur_ws/install/moveit_resources_panda_moveit_config:/home/aaron/ur_ws/install/srdfdom:/home/aaron/ur_ws/install/moveit_resources_pr2_description:/home/aaron/ur_ws/install/moveit_resources_panda_description:/home/aaron/ur_ws/install/moveit_common:/opt/ros/humble LD_LIBRARY_PATH=/home/aaron/ur_ws/install/srdfdom/lib:${LD_LIBRARY_PATH} PYTHONPATH=/home/aaron/ur_ws/install/srdfdom/local/lib/python3.10/dist-packages:${PYTHONPATH} /usr/bin/cmake --build /home/aaron/ur_ws/build/moveit_core -- -j20 -l20
[135.032s] Invoking command in '/home/aaron/ur_ws/build/moveit_core': AMENT_PREFIX_PATH=/home/aaron/ur_ws/install/moveit_resources_panda_moveit_config:/home/aaron/ur_ws/install/srdfdom:/home/aaron/ur_ws/install/moveit_resources_pr2_description:/home/aaron/ur_ws/install/moveit_resources_panda_description:/home/aaron/ur_ws/install/moveit_common:${AMENT_PREFIX_PATH} CMAKE_PREFIX_PATH=/home/aaron/ur_ws/install/moveit_resources_panda_moveit_config:/home/aaron/ur_ws/install/srdfdom:/home/aaron/ur_ws/install/moveit_resources_pr2_description:/home/aaron/ur_ws/install/moveit_resources_panda_description:/home/aaron/ur_ws/install/moveit_common:/opt/ros/humble LD_LIBRARY_PATH=/home/aaron/ur_ws/install/srdfdom/lib:${LD_LIBRARY_PATH} PYTHONPATH=/home/aaron/ur_ws/install/srdfdom/local/lib/python3.10/dist-packages:${PYTHONPATH} /usr/bin/cmake --install /home/aaron/ur_ws/build/moveit_core
[135.046s] -- Install configuration: "Release"
[135.047s] -- Installing: /home/aaron/ur_ws/install/moveit_core/include/moveit/version.h
[135.048s] -- Up-to-date: /home/aaron/ur_ws/install/moveit_core/include
[135.048s] -- Up-to-date: /home/aaron/ur_ws/install/moveit_core/include/moveit
[135.048s] -- Installing: /home/aaron/ur_ws/install/moveit_core/include/moveit/collision_distance_field
[135.048s] -- Installing: /home/aaron/ur_ws/install/moveit_core/include/moveit/collision_distance_field/collision_env_distance_field.h
[135.049s] -- Installing: /home/aaron/ur_ws/install/moveit_core/include/moveit/collision_distance_field/collision_distance_field_types.h
[135.049s] -- Installing: /home/aaron/ur_ws/install/moveit_core/include/moveit/collision_distance_field/collision_detector_allocator_hybrid.h
[135.049s] -- Installing: /home/aaron/ur_ws/install/moveit_core/include/moveit/collision_distance_field/collision_common_distance_field.h
[135.049s] -- Installing: /home/aaron/ur_ws/install/moveit_core/include/moveit/collision_distance_field/collision_env_hybrid.h
[135.049s] -- Installing: /home/aaron/ur_ws/install/moveit_core/include/moveit/collision_distance_field/collision_detector_allocator_distance_field.h
[135.049s] -- Installing: /home/aaron/ur_ws/install/moveit_core/include/moveit_collision_distance_field_export.h
[135.050s] -- Up-to-date: /home/aaron/ur_ws/install/moveit_core/include
[135.050s] -- Up-to-date: /home/aaron/ur_ws/install/moveit_core/include/moveit
[135.050s] -- Installing: /home/aaron/ur_ws/install/moveit_core/include/moveit/constraint_samplers
[135.050s] -- Installing: /home/aaron/ur_ws/install/moveit_core/include/moveit/constraint_samplers/constraint_sampler.h
[135.050s] -- Installing: /home/aaron/ur_ws/install/moveit_core/include/moveit/constraint_samplers/constraint_sampler_manager.h
[135.050s] -- Installing: /home/aaron/ur_ws/install/moveit_core/include/moveit/constraint_samplers/constraint_sampler_allocator.h
[135.050s] -- Installing: /home/aaron/ur_ws/install/moveit_core/include/moveit/constraint_samplers/constraint_sampler_tools.h
[135.050s] -- Installing: /home/aaron/ur_ws/install/moveit_core/include/moveit/constraint_samplers/union_constraint_sampler.h
[135.050s] -- Installing: /home/aaron/ur_ws/install/moveit_core/include/moveit/constraint_samplers/default_constraint_samplers.h
[135.050s] -- Up-to-date: /home/aaron/ur_ws/install/moveit_core/include
[135.050s] -- Up-to-date: /home/aaron/ur_ws/install/moveit_core/include/moveit
[135.051s] -- Installing: /home/aaron/ur_ws/install/moveit_core/include/moveit/controller_manager
[135.051s] -- Installing: /home/aaron/ur_ws/install/moveit_core/include/moveit/controller_manager/controller_manager.h
[135.051s] -- Up-to-date: /home/aaron/ur_ws/install/moveit_core/include
[135.051s] -- Up-to-date: /home/aaron/ur_ws/install/moveit_core/include/moveit
[135.051s] -- Installing: /home/aaron/ur_ws/install/moveit_core/include/moveit/distance_field
[135.051s] -- Installing: /home/aaron/ur_ws/install/moveit_core/include/moveit/distance_field/voxel_grid.h
[135.051s] -- Installing: /home/aaron/ur_ws/install/moveit_core/include/moveit/distance_field/propagation_distance_field.h
[135.051s] -- Installing: /home/aaron/ur_ws/install/moveit_core/include/moveit/distance_field/distance_field.h
[135.051s] -- Installing: /home/aaron/ur_ws/install/moveit_core/include/moveit/distance_field/find_internal_points.h
[135.051s] -- Up-to-date: /home/aaron/ur_ws/install/moveit_core/include
[135.051s] -- Up-to-date: /home/aaron/ur_ws/install/moveit_core/include/moveit
[135.051s] -- Installing: /home/aaron/ur_ws/install/moveit_core/include/moveit/dynamics_solver
[135.051s] -- Installing: /home/aaron/ur_ws/install/moveit_core/include/moveit/dynamics_solver/dynamics_solver.h
[135.051s] -- Up-to-date: /home/aaron/ur_ws/install/moveit_core/include
[135.051s] -- Up-to-date: /home/aaron/ur_ws/install/moveit_core/include/moveit
[135.051s] -- Installing: /home/aaron/ur_ws/install/moveit_core/include/moveit/exceptions
[135.051s] -- Installing: /home/aaron/ur_ws/install/moveit_core/include/moveit/exceptions/exceptions.h
[135.051s] -- Up-to-date: /home/aaron/ur_ws/install/moveit_core/include
[135.051s] -- Up-to-date: /home/aaron/ur_ws/install/moveit_core/include/moveit
[135.051s] -- Installing: /home/aaron/ur_ws/install/moveit_core/include/moveit/kinematics_base
[135.051s] -- Installing: /home/aaron/ur_ws/install/moveit_core/include/moveit/kinematics_base/kinematics_base.h
[135.051s] -- Installing: /home/aaron/ur_ws/install/moveit_core/include/moveit_kinematics_base_export.h
[135.052s] -- Up-to-date: /home/aaron/ur_ws/install/moveit_core/include
[135.052s] -- Up-to-date: /home/aaron/ur_ws/install/moveit_core/include/moveit
[135.052s] -- Installing: /home/aaron/ur_ws/install/moveit_core/include/moveit/kinematic_constraints
[135.052s] -- Installing: /home/aaron/ur_ws/install/moveit_core/include/moveit/kinematic_constraints/utils.h
[135.052s] -- Installing: /home/aaron/ur_ws/install/moveit_core/include/moveit/kinematic_constraints/kinematic_constraint.h
[135.052s] -- Up-to-date: /home/aaron/ur_ws/install/moveit_core/include
[135.052s] -- Up-to-date: /home/aaron/ur_ws/install/moveit_core/include/moveit
[135.052s] -- Installing: /home/aaron/ur_ws/install/moveit_core/include/moveit/kinematics_metrics
[135.052s] -- Installing: /home/aaron/ur_ws/install/moveit_core/include/moveit/kinematics_metrics/kinematics_metrics.h
[135.052s] -- Up-to-date: /home/aaron/ur_ws/install/moveit_core/include
[135.052s] -- Up-to-date: /home/aaron/ur_ws/install/moveit_core/include/moveit
[135.052s] -- Installing: /home/aaron/ur_ws/install/moveit_core/include/moveit/macros
[135.052s] -- Installing: /home/aaron/ur_ws/install/moveit_core/include/moveit/macros/class_forward.h
[135.052s] -- Installing: /home/aaron/ur_ws/install/moveit_core/include/moveit/macros/deprecation.h
[135.052s] -- Installing: /home/aaron/ur_ws/install/moveit_core/include/moveit/macros/declare_ptr.h
[135.052s] -- Installing: /home/aaron/ur_ws/install/moveit_core/include/moveit/macros/console_colors.h
[135.052s] -- Installing: /home/aaron/ur_ws/install/moveit_core/include/moveit_core
[135.052s] -- Installing: /home/aaron/ur_ws/install/moveit_core/include/moveit_core/moveit_butterworth_parameters.hpp
[135.052s] -- Up-to-date: /home/aaron/ur_ws/install/moveit_core/include
[135.052s] -- Up-to-date: /home/aaron/ur_ws/install/moveit_core/include/moveit
[135.052s] -- Installing: /home/aaron/ur_ws/install/moveit_core/include/moveit/online_signal_smoothing
[135.052s] -- Installing: /home/aaron/ur_ws/install/moveit_core/include/moveit/online_signal_smoothing/butterworth_filter.h
[135.052s] -- Installing: /home/aaron/ur_ws/install/moveit_core/include/moveit/online_signal_smoothing/smoothing_base_class.h
[135.052s] -- Installing: /home/aaron/ur_ws/install/moveit_core/include/moveit_smoothing_base_export.h
[135.052s] -- Installing: /home/aaron/ur_ws/install/moveit_core/include/moveit_butterworth_filter_export.h
[135.053s] -- Up-to-date: /home/aaron/ur_ws/install/moveit_core/include
[135.053s] -- Up-to-date: /home/aaron/ur_ws/install/moveit_core/include/moveit
[135.053s] -- Installing: /home/aaron/ur_ws/install/moveit_core/include/moveit/planning_interface
[135.053s] -- Installing: /home/aaron/ur_ws/install/moveit_core/include/moveit/planning_interface/planning_request.h
[135.053s] -- Installing: /home/aaron/ur_ws/install/moveit_core/include/moveit/planning_interface/planning_response.h
[135.053s] -- Installing: /home/aaron/ur_ws/install/moveit_core/include/moveit/planning_interface/planning_interface.h
[135.053s] -- Up-to-date: /home/aaron/ur_ws/install/moveit_core/include
[135.053s] -- Up-to-date: /home/aaron/ur_ws/install/moveit_core/include/moveit
[135.053s] -- Installing: /home/aaron/ur_ws/install/moveit_core/include/moveit/planning_request_adapter
[135.053s] -- Installing: /home/aaron/ur_ws/install/moveit_core/include/moveit/planning_request_adapter/planning_request_adapter.h
[135.053s] -- Up-to-date: /home/aaron/ur_ws/install/moveit_core/include
[135.053s] -- Up-to-date: /home/aaron/ur_ws/install/moveit_core/include/moveit
[135.053s] -- Installing: /home/aaron/ur_ws/install/moveit_core/include/moveit/planning_scene
[135.053s] -- Installing: /home/aaron/ur_ws/install/moveit_core/include/moveit/planning_scene/planning_scene.h
[135.053s] -- Installing: /home/aaron/ur_ws/install/moveit_core/include/moveit_planning_scene_export.h
[135.053s] -- Up-to-date: /home/aaron/ur_ws/install/moveit_core/include
[135.053s] -- Up-to-date: /home/aaron/ur_ws/install/moveit_core/include/moveit
[135.053s] -- Installing: /home/aaron/ur_ws/install/moveit_core/include/moveit/robot_model
[135.053s] -- Installing: /home/aaron/ur_ws/install/moveit_core/include/moveit/robot_model/revolute_joint_model.h
[135.053s] -- Installing: /home/aaron/ur_ws/install/moveit_core/include/moveit/robot_model/floating_joint_model.h
[135.053s] -- Installing: /home/aaron/ur_ws/install/moveit_core/include/moveit/robot_model/planar_joint_model.h
[135.053s] -- Installing: /home/aaron/ur_ws/install/moveit_core/include/moveit/robot_model/fixed_joint_model.h
[135.053s] -- Installing: /home/aaron/ur_ws/install/moveit_core/include/moveit/robot_model/joint_model_group.h
[135.054s] -- Installing: /home/aaron/ur_ws/install/moveit_core/include/moveit/robot_model/joint_model.h
[135.054s] -- Installing: /home/aaron/ur_ws/install/moveit_core/include/moveit/robot_model/aabb.h
[135.054s] -- Installing: /home/aaron/ur_ws/install/moveit_core/include/moveit/robot_model/prismatic_joint_model.h
[135.054s] -- Installing: /home/aaron/ur_ws/install/moveit_core/include/moveit/robot_model/link_model.h
[135.054s] -- Installing: /home/aaron/ur_ws/install/moveit_core/include/moveit/robot_model/robot_model.h
[135.054s] -- Up-to-date: /home/aaron/ur_ws/install/moveit_core/include
[135.054s] -- Up-to-date: /home/aaron/ur_ws/install/moveit_core/include/moveit
[135.054s] -- Installing: /home/aaron/ur_ws/install/moveit_core/include/moveit/robot_state
[135.054s] -- Installing: /home/aaron/ur_ws/install/moveit_core/include/moveit/robot_state/conversions.h
[135.054s] -- Installing: /home/aaron/ur_ws/install/moveit_core/include/moveit/robot_state/cartesian_interpolator.h
[135.054s] -- Installing: /home/aaron/ur_ws/install/moveit_core/include/moveit/robot_state/attached_body.h
[135.054s] -- Installing: /home/aaron/ur_ws/install/moveit_core/include/moveit/robot_state/robot_state.h
[135.054s] -- Up-to-date: /home/aaron/ur_ws/install/moveit_core/include
[135.054s] -- Up-to-date: /home/aaron/ur_ws/install/moveit_core/include/moveit
[135.054s] -- Installing: /home/aaron/ur_ws/install/moveit_core/include/moveit/robot_trajectory
[135.054s] -- Installing: /home/aaron/ur_ws/install/moveit_core/include/moveit/robot_trajectory/robot_trajectory.h
[135.054s] -- Up-to-date: /home/aaron/ur_ws/install/moveit_core/include
[135.054s] -- Up-to-date: /home/aaron/ur_ws/install/moveit_core/include/moveit
[135.054s] -- Installing: /home/aaron/ur_ws/install/moveit_core/include/moveit/sensor_manager
[135.054s] -- Installing: /home/aaron/ur_ws/install/moveit_core/include/moveit/sensor_manager/sensor_manager.h
[135.054s] -- Up-to-date: /home/aaron/ur_ws/install/moveit_core/include
[135.054s] -- Up-to-date: /home/aaron/ur_ws/install/moveit_core/include/moveit
[135.054s] -- Installing: /home/aaron/ur_ws/install/moveit_core/include/moveit/trajectory_processing
[135.054s] -- Installing: /home/aaron/ur_ws/install/moveit_core/include/moveit/trajectory_processing/time_parameterization.h
[135.055s] -- Installing: /home/aaron/ur_ws/install/moveit_core/include/moveit/trajectory_processing/time_optimal_trajectory_generation.h
[135.055s] -- Installing: /home/aaron/ur_ws/install/moveit_core/include/moveit/trajectory_processing/iterative_spline_parameterization.h
[135.055s] -- Installing: /home/aaron/ur_ws/install/moveit_core/include/moveit/trajectory_processing/iterative_time_parameterization.h
[135.055s] -- Installing: /home/aaron/ur_ws/install/moveit_core/include/moveit/trajectory_processing/ruckig_traj_smoothing.h
[135.055s] -- Installing: /home/aaron/ur_ws/install/moveit_core/include/moveit/trajectory_processing/trajectory_tools.h
[135.055s] -- Up-to-date: /home/aaron/ur_ws/install/moveit_core/include
[135.055s] -- Up-to-date: /home/aaron/ur_ws/install/moveit_core/include/moveit
[135.055s] -- Installing: /home/aaron/ur_ws/install/moveit_core/include/moveit/transforms
[135.055s] -- Installing: /home/aaron/ur_ws/install/moveit_core/include/moveit/transforms/transforms.h
[135.055s] -- Up-to-date: /home/aaron/ur_ws/install/moveit_core/include
[135.055s] -- Up-to-date: /home/aaron/ur_ws/install/moveit_core/include/moveit
[135.055s] -- Installing: /home/aaron/ur_ws/install/moveit_core/include/moveit/utils
[135.055s] -- Installing: /home/aaron/ur_ws/install/moveit_core/include/moveit/utils/lexical_casts.h
[135.055s] -- Installing: /home/aaron/ur_ws/install/moveit_core/include/moveit/utils/moveit_error_code.h
[135.055s] -- Installing: /home/aaron/ur_ws/install/moveit_core/include/moveit/utils/message_checks.h
[135.055s] -- Installing: /home/aaron/ur_ws/install/moveit_core/include/moveit/utils/rclcpp_utils.h
[135.055s] -- Installing: /home/aaron/ur_ws/install/moveit_core/include/moveit/utils/robot_model_test_utils.h
[135.055s] -- Installing: /home/aaron/ur_ws/install/moveit_core/bin/moveit_version
[135.055s] -- Up-to-date: /home/aaron/ur_ws/install/moveit_core/include
[135.055s] -- Up-to-date: /home/aaron/ur_ws/install/moveit_core/include/moveit
[135.055s] -- Installing: /home/aaron/ur_ws/install/moveit_core/include/moveit/collision_detection
[135.055s] -- Installing: /home/aaron/ur_ws/install/moveit_core/include/moveit/collision_detection/collision_detector_allocator.h
[135.055s] -- Installing: /home/aaron/ur_ws/install/moveit_core/include/moveit/collision_detection/collision_env.h
[135.056s] -- Installing: /home/aaron/ur_ws/install/moveit_core/include/moveit/collision_detection/occupancy_map.h
[135.056s] -- Installing: /home/aaron/ur_ws/install/moveit_core/include/moveit/collision_detection/collision_octomap_filter.h
[135.056s] -- Installing: /home/aaron/ur_ws/install/moveit_core/include/moveit/collision_detection/collision_tools.h
[135.056s] -- Installing: /home/aaron/ur_ws/install/moveit_core/include/moveit/collision_detection/world_diff.h
[135.056s] -- Installing: /home/aaron/ur_ws/install/moveit_core/include/moveit/collision_detection/test_collision_common_pr2.h
[135.056s] -- Installing: /home/aaron/ur_ws/install/moveit_core/include/moveit/collision_detection/allvalid
[135.056s] -- Installing: /home/aaron/ur_ws/install/moveit_core/include/moveit/collision_detection/allvalid/collision_env_allvalid.h
[135.056s] -- Installing: /home/aaron/ur_ws/install/moveit_core/include/moveit/collision_detection/allvalid/collision_detector_allocator_allvalid.h
[135.056s] -- Installing: /home/aaron/ur_ws/install/moveit_core/include/moveit/collision_detection/collision_common.h
[135.056s] -- Installing: /home/aaron/ur_ws/install/moveit_core/include/moveit/collision_detection/collision_plugin_cache.h
[135.056s] -- Installing: /home/aaron/ur_ws/install/moveit_core/include/moveit/collision_detection/world.h
[135.056s] -- Installing: /home/aaron/ur_ws/install/moveit_core/include/moveit/collision_detection/test_collision_common_panda.h
[135.056s] -- Installing: /home/aaron/ur_ws/install/moveit_core/include/moveit/collision_detection/collision_matrix.h
[135.056s] -- Installing: /home/aaron/ur_ws/install/moveit_core/include/moveit/collision_detection/collision_plugin.h
[135.056s] -- Installing: /home/aaron/ur_ws/install/moveit_core/include/moveit_collision_detection_export.h
[135.056s] -- Up-to-date: /home/aaron/ur_ws/install/moveit_core/include
[135.056s] -- Up-to-date: /home/aaron/ur_ws/install/moveit_core/include/moveit
[135.056s] -- Installing: /home/aaron/ur_ws/install/moveit_core/include/moveit/collision_detection_bullet
[135.056s] -- Installing: /home/aaron/ur_ws/install/moveit_core/include/moveit/collision_detection_bullet/collision_detector_allocator_bullet.h
[135.056s] -- Installing: /home/aaron/ur_ws/install/moveit_core/include/moveit/collision_detection_bullet/collision_detector_bullet_plugin_loader.h
[135.056s] -- Installing: /home/aaron/ur_ws/install/moveit_core/include/moveit/collision_detection_bullet/collision_env_bullet.h
[135.056s] -- Installing: /home/aaron/ur_ws/install/moveit_core/include/moveit/collision_detection_bullet/bullet_integration
[135.056s] -- Installing: /home/aaron/ur_ws/install/moveit_core/include/moveit/collision_detection_bullet/bullet_integration/basic_types.h
[135.057s] -- Installing: /home/aaron/ur_ws/install/moveit_core/include/moveit/collision_detection_bullet/bullet_integration/contact_checker_common.h
[135.057s] -- Installing: /home/aaron/ur_ws/install/moveit_core/include/moveit/collision_detection_bullet/bullet_integration/bullet_discrete_bvh_manager.h
[135.057s] -- Installing: /home/aaron/ur_ws/install/moveit_core/include/moveit/collision_detection_bullet/bullet_integration/ros_bullet_utils.h
[135.057s] -- Installing: /home/aaron/ur_ws/install/moveit_core/include/moveit/collision_detection_bullet/bullet_integration/bullet_cast_bvh_manager.h
[135.057s] -- Installing: /home/aaron/ur_ws/install/moveit_core/include/moveit/collision_detection_bullet/bullet_integration/bullet_bvh_manager.h
[135.057s] -- Installing: /home/aaron/ur_ws/install/moveit_core/include/moveit/collision_detection_bullet/bullet_integration/bullet_utils.h
[135.057s] -- Installing: /home/aaron/ur_ws/install/moveit_core/include/moveit_collision_detection_bullet_export.h
[135.057s] -- Up-to-date: /home/aaron/ur_ws/install/moveit_core/include
[135.057s] -- Up-to-date: /home/aaron/ur_ws/install/moveit_core/include/moveit
[135.057s] -- Installing: /home/aaron/ur_ws/install/moveit_core/include/moveit/collision_detection_fcl
[135.057s] -- Installing: /home/aaron/ur_ws/install/moveit_core/include/moveit/collision_detection_fcl/collision_detector_allocator_fcl.h
[135.057s] -- Installing: /home/aaron/ur_ws/install/moveit_core/include/moveit/collision_detection_fcl/collision_detector_fcl_plugin_loader.h
[135.057s] -- Installing: /home/aaron/ur_ws/install/moveit_core/include/moveit/collision_detection_fcl/collision_common.h
[135.057s] -- Installing: /home/aaron/ur_ws/install/moveit_core/include/moveit/collision_detection_fcl/collision_env_fcl.h
[135.057s] -- Installing: /home/aaron/ur_ws/install/moveit_core/include/moveit/collision_detection_fcl/fcl_compat.h
[135.057s] -- Installing: /home/aaron/ur_ws/install/moveit_core/include/moveit_collision_detection_fcl_export.h
[135.057s] -- Installing: /home/aaron/ur_ws/install/moveit_core/lib/libcollision_detector_bullet_plugin.so.2.5.9
[135.058s] -- Set runtime path of "/home/aaron/ur_ws/install/moveit_core/lib/libcollision_detector_bullet_plugin.so.2.5.9" to ""
[135.058s] -- Installing: /home/aaron/ur_ws/install/moveit_core/lib/libcollision_detector_bullet_plugin.so
[135.058s] -- Installing: /home/aaron/ur_ws/install/moveit_core/lib/libmoveit_butterworth_filter.so.2.5.9
[135.058s] -- Set runtime path of "/home/aaron/ur_ws/install/moveit_core/lib/libmoveit_butterworth_filter.so.2.5.9" to ""
[135.058s] -- Installing: /home/aaron/ur_ws/install/moveit_core/lib/libmoveit_butterworth_filter.so
[135.058s] -- Installing: /home/aaron/ur_ws/install/moveit_core/lib/libmoveit_collision_distance_field.so.2.5.9
[135.059s] -- Set runtime path of "/home/aaron/ur_ws/install/moveit_core/lib/libmoveit_collision_distance_field.so.2.5.9" to ""
[135.059s] -- Installing: /home/aaron/ur_ws/install/moveit_core/lib/libmoveit_collision_distance_field.so
[135.059s] -- Installing: /home/aaron/ur_ws/install/moveit_core/lib/libmoveit_collision_detection.so.2.5.9
[135.059s] -- Set runtime path of "/home/aaron/ur_ws/install/moveit_core/lib/libmoveit_collision_detection.so.2.5.9" to ""
[135.059s] -- Installing: /home/aaron/ur_ws/install/moveit_core/lib/libmoveit_collision_detection.so
[135.059s] -- Installing: /home/aaron/ur_ws/install/moveit_core/lib/libmoveit_collision_detection_fcl.so.2.5.9
[135.060s] -- Set runtime path of "/home/aaron/ur_ws/install/moveit_core/lib/libmoveit_collision_detection_fcl.so.2.5.9" to ""
[135.060s] -- Installing: /home/aaron/ur_ws/install/moveit_core/lib/libmoveit_collision_detection_fcl.so
[135.060s] -- Installing: /home/aaron/ur_ws/install/moveit_core/lib/libmoveit_collision_detection_bullet.so.2.5.9
[135.060s] -- Set runtime path of "/home/aaron/ur_ws/install/moveit_core/lib/libmoveit_collision_detection_bullet.so.2.5.9" to ""
[135.060s] -- Installing: /home/aaron/ur_ws/install/moveit_core/lib/libmoveit_collision_detection_bullet.so
[135.060s] -- Installing: /home/aaron/ur_ws/install/moveit_core/lib/libmoveit_dynamics_solver.so.2.5.9
[135.061s] -- Set runtime path of "/home/aaron/ur_ws/install/moveit_core/lib/libmoveit_dynamics_solver.so.2.5.9" to ""
[135.061s] -- Installing: /home/aaron/ur_ws/install/moveit_core/lib/libmoveit_dynamics_solver.so
[135.061s] -- Installing: /home/aaron/ur_ws/install/moveit_core/lib/libmoveit_constraint_samplers.so.2.5.9
[135.061s] -- Set runtime path of "/home/aaron/ur_ws/install/moveit_core/lib/libmoveit_constraint_samplers.so.2.5.9" to ""
[135.061s] -- Installing: /home/aaron/ur_ws/install/moveit_core/lib/libmoveit_constraint_samplers.so
[135.061s] -- Installing: /home/aaron/ur_ws/install/moveit_core/lib/libmoveit_distance_field.so.2.5.9
[135.062s] -- Set runtime path of "/home/aaron/ur_ws/install/moveit_core/lib/libmoveit_distance_field.so.2.5.9" to ""
[135.062s] -- Installing: /home/aaron/ur_ws/install/moveit_core/lib/libmoveit_distance_field.so
[135.062s] -- Installing: /home/aaron/ur_ws/install/moveit_core/lib/libmoveit_exceptions.so.2.5.9
[135.062s] -- Set runtime path of "/home/aaron/ur_ws/install/moveit_core/lib/libmoveit_exceptions.so.2.5.9" to ""
[135.062s] -- Installing: /home/aaron/ur_ws/install/moveit_core/lib/libmoveit_exceptions.so
[135.062s] -- Installing: /home/aaron/ur_ws/install/moveit_core/lib/libmoveit_kinematics_base.so
[135.062s] -- Set runtime path of "/home/aaron/ur_ws/install/moveit_core/lib/libmoveit_kinematics_base.so" to ""
[135.062s] -- Installing: /home/aaron/ur_ws/install/moveit_core/lib/libmoveit_kinematic_constraints.so.2.5.9
[135.063s] -- Set runtime path of "/home/aaron/ur_ws/install/moveit_core/lib/libmoveit_kinematic_constraints.so.2.5.9" to ""
[135.063s] -- Installing: /home/aaron/ur_ws/install/moveit_core/lib/libmoveit_kinematic_constraints.so
[135.063s] -- Installing: /home/aaron/ur_ws/install/moveit_core/lib/libmoveit_kinematics_metrics.so.2.5.9
[135.063s] -- Set runtime path of "/home/aaron/ur_ws/install/moveit_core/lib/libmoveit_kinematics_metrics.so.2.5.9" to ""
[135.063s] -- Installing: /home/aaron/ur_ws/install/moveit_core/lib/libmoveit_kinematics_metrics.so
[135.063s] -- Installing: /home/aaron/ur_ws/install/moveit_core/lib/libmoveit_planning_interface.so.2.5.9
[135.063s] -- Set runtime path of "/home/aaron/ur_ws/install/moveit_core/lib/libmoveit_planning_interface.so.2.5.9" to ""
[135.064s] -- Installing: /home/aaron/ur_ws/install/moveit_core/lib/libmoveit_planning_interface.so
[135.064s] -- Installing: /home/aaron/ur_ws/install/moveit_core/lib/libmoveit_planning_scene.so.2.5.9
[135.064s] -- Set runtime path of "/home/aaron/ur_ws/install/moveit_core/lib/libmoveit_planning_scene.so.2.5.9" to ""
[135.064s] -- Installing: /home/aaron/ur_ws/install/moveit_core/lib/libmoveit_planning_scene.so
[135.064s] -- Installing: /home/aaron/ur_ws/install/moveit_core/lib/libmoveit_planning_request_adapter.so.2.5.9
[135.064s] -- Set runtime path of "/home/aaron/ur_ws/install/moveit_core/lib/libmoveit_planning_request_adapter.so.2.5.9" to ""
[135.065s] -- Installing: /home/aaron/ur_ws/install/moveit_core/lib/libmoveit_planning_request_adapter.so
[135.065s] -- Installing: /home/aaron/ur_ws/install/moveit_core/lib/libmoveit_robot_model.so.2.5.9
[135.065s] -- Set runtime path of "/home/aaron/ur_ws/install/moveit_core/lib/libmoveit_robot_model.so.2.5.9" to ""
[135.065s] -- Installing: /home/aaron/ur_ws/install/moveit_core/lib/libmoveit_robot_model.so
[135.065s] -- Installing: /home/aaron/ur_ws/install/moveit_core/lib/libmoveit_robot_state.so.2.5.9
[135.066s] -- Set runtime path of "/home/aaron/ur_ws/install/moveit_core/lib/libmoveit_robot_state.so.2.5.9" to ""
[135.066s] -- Installing: /home/aaron/ur_ws/install/moveit_core/lib/libmoveit_robot_state.so
[135.066s] -- Installing: /home/aaron/ur_ws/install/moveit_core/lib/libmoveit_robot_trajectory.so.2.5.9
[135.066s] -- Set runtime path of "/home/aaron/ur_ws/install/moveit_core/lib/libmoveit_robot_trajectory.so.2.5.9" to ""
[135.066s] -- Installing: /home/aaron/ur_ws/install/moveit_core/lib/libmoveit_robot_trajectory.so
[135.066s] -- Installing: /home/aaron/ur_ws/install/moveit_core/lib/libmoveit_smoothing_base.so.2.5.9
[135.066s] -- Set runtime path of "/home/aaron/ur_ws/install/moveit_core/lib/libmoveit_smoothing_base.so.2.5.9" to ""
[135.066s] -- Installing: /home/aaron/ur_ws/install/moveit_core/lib/libmoveit_smoothing_base.so
[135.066s] -- Installing: /home/aaron/ur_ws/install/moveit_core/lib/libmoveit_test_utils.so.2.5.9
[135.067s] -- Set runtime path of "/home/aaron/ur_ws/install/moveit_core/lib/libmoveit_test_utils.so.2.5.9" to ""
[135.067s] -- Installing: /home/aaron/ur_ws/install/moveit_core/lib/libmoveit_test_utils.so
[135.067s] -- Installing: /home/aaron/ur_ws/install/moveit_core/lib/libmoveit_trajectory_processing.so.2.5.9
[135.068s] -- Set runtime path of "/home/aaron/ur_ws/install/moveit_core/lib/libmoveit_trajectory_processing.so.2.5.9" to ""
[135.068s] -- Installing: /home/aaron/ur_ws/install/moveit_core/lib/libmoveit_trajectory_processing.so
[135.068s] -- Installing: /home/aaron/ur_ws/install/moveit_core/lib/libmoveit_transforms.so.2.5.9
[135.068s] -- Set runtime path of "/home/aaron/ur_ws/install/moveit_core/lib/libmoveit_transforms.so.2.5.9" to ""
[135.068s] -- Installing: /home/aaron/ur_ws/install/moveit_core/lib/libmoveit_transforms.so
[135.068s] -- Installing: /home/aaron/ur_ws/install/moveit_core/lib/libmoveit_utils.so.2.5.9
[135.068s] -- Set runtime path of "/home/aaron/ur_ws/install/moveit_core/lib/libmoveit_utils.so.2.5.9" to ""
[135.068s] -- Installing: /home/aaron/ur_ws/install/moveit_core/lib/libmoveit_utils.so
[135.068s] -- Installing: /home/aaron/ur_ws/install/moveit_core/share/moveit_core/environment/library_path.sh
[135.068s] -- Installing: /home/aaron/ur_ws/install/moveit_core/share/moveit_core/environment/library_path.dsv
[135.068s] -- Installing: /home/aaron/ur_ws/install/moveit_core/share/moveit_core/collision_detector_fcl_description.xml
[135.069s] -- Installing: /home/aaron/ur_ws/install/moveit_core/share/moveit_core/collision_detector_bullet_description.xml
[135.070s] -- Installing: /home/aaron/ur_ws/install/moveit_core/share/moveit_core/filter_plugin_butterworth.xml
[135.070s] -- Installing: /home/aaron/ur_ws/install/moveit_core/share/ament_index/resource_index/package_run_dependencies/moveit_core
[135.070s] -- Installing: /home/aaron/ur_ws/install/moveit_core/share/ament_index/resource_index/parent_prefix_path/moveit_core
[135.070s] -- Installing: /home/aaron/ur_ws/install/moveit_core/share/moveit_core/environment/ament_prefix_path.sh
[135.070s] -- Installing: /home/aaron/ur_ws/install/moveit_core/share/moveit_core/environment/ament_prefix_path.dsv
[135.070s] -- Installing: /home/aaron/ur_ws/install/moveit_core/share/moveit_core/environment/path.sh
[135.070s] -- Installing: /home/aaron/ur_ws/install/moveit_core/share/moveit_core/environment/path.dsv
[135.070s] -- Installing: /home/aaron/ur_ws/install/moveit_core/share/moveit_core/local_setup.bash
[135.070s] -- Installing: /home/aaron/ur_ws/install/moveit_core/share/moveit_core/local_setup.sh
[135.071s] -- Installing: /home/aaron/ur_ws/install/moveit_core/share/moveit_core/local_setup.zsh
[135.071s] -- Installing: /home/aaron/ur_ws/install/moveit_core/share/moveit_core/local_setup.dsv
[135.071s] -- Installing: /home/aaron/ur_ws/install/moveit_core/share/moveit_core/package.dsv
[135.071s] -- Installing: /home/aaron/ur_ws/install/moveit_core/share/ament_index/resource_index/packages/moveit_core
[135.071s] -- Installing: /home/aaron/ur_ws/install/moveit_core/share/ament_index/resource_index/moveit_core__pluginlib__plugin/moveit_core
[135.071s] -- Installing: /home/aaron/ur_ws/install/moveit_core/share/moveit_core/cmake/export_moveit_coreExport.cmake
[135.071s] -- Installing: /home/aaron/ur_ws/install/moveit_core/share/moveit_core/cmake/export_moveit_coreExport-release.cmake
[135.071s] -- Installing: /home/aaron/ur_ws/install/moveit_core/share/moveit_core/cmake/ConfigExtras.cmake
[135.071s] -- Installing: /home/aaron/ur_ws/install/moveit_core/share/moveit_core/cmake/ament_cmake_export_targets-extras.cmake
[135.071s] -- Installing: /home/aaron/ur_ws/install/moveit_core/share/moveit_core/cmake/ament_cmake_export_dependencies-extras.cmake
[135.071s] -- Installing: /home/aaron/ur_ws/install/moveit_core/share/moveit_core/cmake/moveit_coreConfig.cmake
[135.072s] -- Installing: /home/aaron/ur_ws/install/moveit_core/share/moveit_core/cmake/moveit_coreConfig-version.cmake
[135.072s] -- Installing: /home/aaron/ur_ws/install/moveit_core/share/moveit_core/package.xml
[135.076s] Invoked command in '/home/aaron/ur_ws/build/moveit_core' returned '0': AMENT_PREFIX_PATH=/home/aaron/ur_ws/install/moveit_resources_panda_moveit_config:/home/aaron/ur_ws/install/srdfdom:/home/aaron/ur_ws/install/moveit_resources_pr2_description:/home/aaron/ur_ws/install/moveit_resources_panda_description:/home/aaron/ur_ws/install/moveit_common:${AMENT_PREFIX_PATH} CMAKE_PREFIX_PATH=/home/aaron/ur_ws/install/moveit_resources_panda_moveit_config:/home/aaron/ur_ws/install/srdfdom:/home/aaron/ur_ws/install/moveit_resources_pr2_description:/home/aaron/ur_ws/install/moveit_resources_panda_description:/home/aaron/ur_ws/install/moveit_common:/opt/ros/humble LD_LIBRARY_PATH=/home/aaron/ur_ws/install/srdfdom/lib:${LD_LIBRARY_PATH} PYTHONPATH=/home/aaron/ur_ws/install/srdfdom/local/lib/python3.10/dist-packages:${PYTHONPATH} /usr/bin/cmake --install /home/aaron/ur_ws/build/moveit_core
