[0.040s] Invoking command in '/home/aaron/ur_ws/build/moveit_py': AMENT_PREFIX_PATH=/home/aaron/ur_ws/install/moveit_ros_planning_interface:/home/aaron/ur_ws/install/moveit_ros_move_group:/home/aaron/ur_ws/install/moveit_ros_warehouse:/home/aaron/ur_ws/install/moveit_planners_ompl:/home/aaron/ur_ws/install/moveit_kinematics:/home/aaron/ur_ws/install/moveit_ros_planning:/home/aaron/ur_ws/install/moveit_simple_controller_manager:/home/aaron/ur_ws/install/moveit_ros_occupancy_map_monitor:/home/aaron/ur_ws/install/moveit_core:/home/aaron/ur_ws/install/moveit_resources_panda_moveit_config:/home/aaron/ur_ws/install/moveit_resources_fanuc_moveit_config:/home/aaron/ur_ws/install/moveit_configs_utils:/home/aaron/ur_ws/install/srdfdom:/home/aaron/ur_ws/install/moveit_resources_pr2_description:/home/aaron/ur_ws/install/moveit_resources_panda_description:/home/aaron/ur_ws/install/moveit_resources_fanuc_description:/home/aaron/ur_ws/install/moveit_common:/home/aaron/ur_ws/install/launch_param_builder:${AMENT_PREFIX_PATH} CMAKE_PREFIX_PATH=/home/aaron/ur_ws/install/moveit_ros_planning_interface:/home/aaron/ur_ws/install/moveit_ros_move_group:/home/aaron/ur_ws/install/moveit_ros_warehouse:/home/aaron/ur_ws/install/moveit_planners_ompl:/home/aaron/ur_ws/install/moveit_kinematics:/home/aaron/ur_ws/install/moveit_ros_planning:/home/aaron/ur_ws/install/moveit_simple_controller_manager:/home/aaron/ur_ws/install/moveit_ros_occupancy_map_monitor:/home/aaron/ur_ws/install/moveit_core:/home/aaron/ur_ws/install/moveit_resources_panda_moveit_config:/home/aaron/ur_ws/install/moveit_resources_fanuc_moveit_config:/home/aaron/ur_ws/install/srdfdom:/home/aaron/ur_ws/install/moveit_resources_pr2_description:/home/aaron/ur_ws/install/moveit_resources_panda_description:/home/aaron/ur_ws/install/moveit_resources_fanuc_description:/home/aaron/ur_ws/install/moveit_common:/opt/ros/humble LD_LIBRARY_PATH=/home/aaron/ur_ws/install/moveit_ros_planning_interface/lib:/home/aaron/ur_ws/install/moveit_ros_move_group/lib:/home/aaron/ur_ws/install/moveit_ros_warehouse/lib:/home/aaron/ur_ws/install/moveit_planners_ompl/lib:/home/aaron/ur_ws/install/moveit_kinematics/lib:/home/aaron/ur_ws/install/moveit_ros_planning/lib:/home/aaron/ur_ws/install/moveit_simple_controller_manager/lib:/home/aaron/ur_ws/install/moveit_ros_occupancy_map_monitor/lib:/home/aaron/ur_ws/install/moveit_core/lib:/home/aaron/ur_ws/install/srdfdom/lib:${LD_LIBRARY_PATH} PATH=/home/aaron/ur_ws/install/moveit_core/bin:${PATH} PYTHONPATH=/home/aaron/ur_ws/install/moveit_configs_utils/lib/python3.10/site-packages:/home/aaron/ur_ws/install/srdfdom/local/lib/python3.10/dist-packages:/home/aaron/ur_ws/install/launch_param_builder/lib/python3.10/site-packages:${PYTHONPATH} /usr/bin/cmake /home/aaron/ur_ws/src/moveit2/moveit_py -DCMAKE_INSTALL_PREFIX=/home/aaron/ur_ws/install/moveit_py
[0.092s] -- The C compiler identification is GNU 11.4.0
[0.148s] -- The CXX compiler identification is GNU 11.4.0
[0.156s] -- Detecting C compiler ABI info
[0.213s] -- Detecting C compiler ABI info - done
[0.218s] -- Check for working C compiler: /usr/bin/cc - skipped
[0.218s] -- Detecting C compile features
[0.219s] -- Detecting C compile features - done
[0.221s] -- Detecting CXX compiler ABI info
[0.292s] -- Detecting CXX compiler ABI info - done
[0.300s] -- Check for working CXX compiler: /usr/bin/c++ - skipped
[0.301s] -- Detecting CXX compile features
[0.301s] -- Detecting CXX compile features - done
[0.303s] -- Found ament_cmake: 1.3.12 (/opt/ros/humble/share/ament_cmake/cmake)
[0.424s] -- Found Python3: /usr/bin/python3 (found version "3.10.12") found components: Interpreter 
[0.502s] -- Found rclcpp: 16.0.17 (/opt/ros/humble/share/rclcpp/cmake)
[0.540s] -- Found rosidl_generator_c: 3.1.8 (/opt/ros/humble/share/rosidl_generator_c/cmake)
[0.544s] -- Found rosidl_adapter: 3.1.8 (/opt/ros/humble/share/rosidl_adapter/cmake)
[0.552s] -- Found rosidl_generator_cpp: 3.1.8 (/opt/ros/humble/share/rosidl_generator_cpp/cmake)
[0.562s] -- Using all available rosidl_typesupport_c: rosidl_typesupport_fastrtps_c;rosidl_typesupport_introspection_c
[0.575s] -- Using all available rosidl_typesupport_cpp: rosidl_typesupport_fastrtps_cpp;rosidl_typesupport_introspection_cpp
[0.612s] -- Found rmw_implementation_cmake: 6.1.2 (/opt/ros/humble/share/rmw_implementation_cmake/cmake)
[0.615s] -- Found rmw_fastrtps_cpp: 6.2.9 (/opt/ros/humble/share/rmw_fastrtps_cpp/cmake)
[0.694s] -- Found OpenSSL: /usr/lib/x86_64-linux-gnu/libcrypto.so (found version "3.0.2")  
[0.716s] -- Found FastRTPS: /opt/ros/humble/include  
[0.753s] -- Using RMW implementation 'rmw_fastrtps_cpp' as default
[0.761s] -- Looking for pthread.h
[0.829s] -- Looking for pthread.h - found
[0.830s] -- Performing Test CMAKE_HAVE_LIBC_PTHREAD
[0.892s] -- Performing Test CMAKE_HAVE_LIBC_PTHREAD - Success
[0.893s] -- Found Threads: TRUE  
[0.943s] -- Found rclpy: 3.3.19 (/opt/ros/humble/share/rclpy/cmake)
[0.944s] -- Found geometry_msgs: 4.9.0 (/opt/ros/humble/share/geometry_msgs/cmake)
[0.953s] -- Found moveit_ros_planning: 2.5.9 (/home/aaron/ur_ws/install/moveit_ros_planning/share/moveit_ros_planning/cmake)
[0.978s] -- Found Boost: /usr/lib/x86_64-linux-gnu/cmake/Boost-1.74.0/BoostConfig.cmake (found version "1.74.0") found components: system filesystem date_time program_options thread chrono 
[1.102s] -- Found Boost: /usr/lib/x86_64-linux-gnu/cmake/Boost-1.74.0/BoostConfig.cmake (found version "1.74.0") found components: chrono date_time filesystem iostreams program_options regex serialization system thread 
[1.134s] -- Found parameter_traits: 0.6.0 (/opt/ros/humble/share/parameter_traits/cmake)
[1.146s] -- Found rclcpp_lifecycle: 16.0.17 (/opt/ros/humble/share/rclcpp_lifecycle/cmake)
[1.166s] -- Found Boost: /usr/lib/x86_64-linux-gnu/cmake/Boost-1.74.0/BoostConfig.cmake (found version "1.74.0") found components: filesystem 
[1.246s] -- library: /usr/lib/x86_64-linux-gnu/libcurl.so
[1.295s] -- Found Eigen3: TRUE (found version "3.4.0") 
[1.295s] -- Ensuring Eigen3 include directory is part of orocos-kdl CMake target
[1.390s] -- Found moveit_ros_planning_interface: 2.5.9 (/home/aaron/ur_ws/install/moveit_ros_planning_interface/share/moveit_ros_planning_interface/cmake)
[1.394s] -- Found Boost: /usr/lib/x86_64-linux-gnu/cmake/Boost-1.74.0/BoostConfig.cmake (found version "1.74.0") found components: date_time filesystem program_options system thread 
[1.403s] -- Found Boost: /usr/lib/x86_64-linux-gnu/cmake/Boost-1.74.0/BoostConfig.cmake (found version "1.74.0") found components: thread system filesystem regex date_time program_options 
[1.419s] -- Found Boost: /usr/lib/x86_64-linux-gnu/cmake/Boost-1.74.0/BoostConfig.cmake (found version "1.74.0") found components: system filesystem date_time program_options thread 
[1.578s] -- Found Python3: /usr/bin/python3 (found version "3.10.12") found components: Interpreter Development Development.Module Development.Embed 
[1.582s] -- Found pybind11_vendor: 2.4.2 (/opt/ros/humble/share/pybind11_vendor/cmake)
[1.623s] -- Performing Test HAS_FLTO
[1.752s] -- Performing Test HAS_FLTO - Success
[1.753s] -- Found pybind11: /usr/include (found version "2.9.1")
[1.825s] -- Found ament_cmake_pytest: 1.3.12 (/opt/ros/humble/share/ament_cmake_pytest/cmake)
[2.930s] -- Configuring done
[3.035s] -- Generating done
[3.063s] -- Build files have been written to: /home/aaron/ur_ws/build/moveit_py
[3.089s] Invoked command in '/home/aaron/ur_ws/build/moveit_py' returned '0': AMENT_PREFIX_PATH=/home/aaron/ur_ws/install/moveit_ros_planning_interface:/home/aaron/ur_ws/install/moveit_ros_move_group:/home/aaron/ur_ws/install/moveit_ros_warehouse:/home/aaron/ur_ws/install/moveit_planners_ompl:/home/aaron/ur_ws/install/moveit_kinematics:/home/aaron/ur_ws/install/moveit_ros_planning:/home/aaron/ur_ws/install/moveit_simple_controller_manager:/home/aaron/ur_ws/install/moveit_ros_occupancy_map_monitor:/home/aaron/ur_ws/install/moveit_core:/home/aaron/ur_ws/install/moveit_resources_panda_moveit_config:/home/aaron/ur_ws/install/moveit_resources_fanuc_moveit_config:/home/aaron/ur_ws/install/moveit_configs_utils:/home/aaron/ur_ws/install/srdfdom:/home/aaron/ur_ws/install/moveit_resources_pr2_description:/home/aaron/ur_ws/install/moveit_resources_panda_description:/home/aaron/ur_ws/install/moveit_resources_fanuc_description:/home/aaron/ur_ws/install/moveit_common:/home/aaron/ur_ws/install/launch_param_builder:${AMENT_PREFIX_PATH} CMAKE_PREFIX_PATH=/home/aaron/ur_ws/install/moveit_ros_planning_interface:/home/aaron/ur_ws/install/moveit_ros_move_group:/home/aaron/ur_ws/install/moveit_ros_warehouse:/home/aaron/ur_ws/install/moveit_planners_ompl:/home/aaron/ur_ws/install/moveit_kinematics:/home/aaron/ur_ws/install/moveit_ros_planning:/home/aaron/ur_ws/install/moveit_simple_controller_manager:/home/aaron/ur_ws/install/moveit_ros_occupancy_map_monitor:/home/aaron/ur_ws/install/moveit_core:/home/aaron/ur_ws/install/moveit_resources_panda_moveit_config:/home/aaron/ur_ws/install/moveit_resources_fanuc_moveit_config:/home/aaron/ur_ws/install/srdfdom:/home/aaron/ur_ws/install/moveit_resources_pr2_description:/home/aaron/ur_ws/install/moveit_resources_panda_description:/home/aaron/ur_ws/install/moveit_resources_fanuc_description:/home/aaron/ur_ws/install/moveit_common:/opt/ros/humble LD_LIBRARY_PATH=/home/aaron/ur_ws/install/moveit_ros_planning_interface/lib:/home/aaron/ur_ws/install/moveit_ros_move_group/lib:/home/aaron/ur_ws/install/moveit_ros_warehouse/lib:/home/aaron/ur_ws/install/moveit_planners_ompl/lib:/home/aaron/ur_ws/install/moveit_kinematics/lib:/home/aaron/ur_ws/install/moveit_ros_planning/lib:/home/aaron/ur_ws/install/moveit_simple_controller_manager/lib:/home/aaron/ur_ws/install/moveit_ros_occupancy_map_monitor/lib:/home/aaron/ur_ws/install/moveit_core/lib:/home/aaron/ur_ws/install/srdfdom/lib:${LD_LIBRARY_PATH} PATH=/home/aaron/ur_ws/install/moveit_core/bin:${PATH} PYTHONPATH=/home/aaron/ur_ws/install/moveit_configs_utils/lib/python3.10/site-packages:/home/aaron/ur_ws/install/srdfdom/local/lib/python3.10/dist-packages:/home/aaron/ur_ws/install/launch_param_builder/lib/python3.10/site-packages:${PYTHONPATH} /usr/bin/cmake /home/aaron/ur_ws/src/moveit2/moveit_py -DCMAKE_INSTALL_PREFIX=/home/aaron/ur_ws/install/moveit_py
[3.091s] Invoking command in '/home/aaron/ur_ws/build/moveit_py': AMENT_PREFIX_PATH=/home/aaron/ur_ws/install/moveit_ros_planning_interface:/home/aaron/ur_ws/install/moveit_ros_move_group:/home/aaron/ur_ws/install/moveit_ros_warehouse:/home/aaron/ur_ws/install/moveit_planners_ompl:/home/aaron/ur_ws/install/moveit_kinematics:/home/aaron/ur_ws/install/moveit_ros_planning:/home/aaron/ur_ws/install/moveit_simple_controller_manager:/home/aaron/ur_ws/install/moveit_ros_occupancy_map_monitor:/home/aaron/ur_ws/install/moveit_core:/home/aaron/ur_ws/install/moveit_resources_panda_moveit_config:/home/aaron/ur_ws/install/moveit_resources_fanuc_moveit_config:/home/aaron/ur_ws/install/moveit_configs_utils:/home/aaron/ur_ws/install/srdfdom:/home/aaron/ur_ws/install/moveit_resources_pr2_description:/home/aaron/ur_ws/install/moveit_resources_panda_description:/home/aaron/ur_ws/install/moveit_resources_fanuc_description:/home/aaron/ur_ws/install/moveit_common:/home/aaron/ur_ws/install/launch_param_builder:${AMENT_PREFIX_PATH} CMAKE_PREFIX_PATH=/home/aaron/ur_ws/install/moveit_ros_planning_interface:/home/aaron/ur_ws/install/moveit_ros_move_group:/home/aaron/ur_ws/install/moveit_ros_warehouse:/home/aaron/ur_ws/install/moveit_planners_ompl:/home/aaron/ur_ws/install/moveit_kinematics:/home/aaron/ur_ws/install/moveit_ros_planning:/home/aaron/ur_ws/install/moveit_simple_controller_manager:/home/aaron/ur_ws/install/moveit_ros_occupancy_map_monitor:/home/aaron/ur_ws/install/moveit_core:/home/aaron/ur_ws/install/moveit_resources_panda_moveit_config:/home/aaron/ur_ws/install/moveit_resources_fanuc_moveit_config:/home/aaron/ur_ws/install/srdfdom:/home/aaron/ur_ws/install/moveit_resources_pr2_description:/home/aaron/ur_ws/install/moveit_resources_panda_description:/home/aaron/ur_ws/install/moveit_resources_fanuc_description:/home/aaron/ur_ws/install/moveit_common:/opt/ros/humble LD_LIBRARY_PATH=/home/aaron/ur_ws/install/moveit_ros_planning_interface/lib:/home/aaron/ur_ws/install/moveit_ros_move_group/lib:/home/aaron/ur_ws/install/moveit_ros_warehouse/lib:/home/aaron/ur_ws/install/moveit_planners_ompl/lib:/home/aaron/ur_ws/install/moveit_kinematics/lib:/home/aaron/ur_ws/install/moveit_ros_planning/lib:/home/aaron/ur_ws/install/moveit_simple_controller_manager/lib:/home/aaron/ur_ws/install/moveit_ros_occupancy_map_monitor/lib:/home/aaron/ur_ws/install/moveit_core/lib:/home/aaron/ur_ws/install/srdfdom/lib:${LD_LIBRARY_PATH} PATH=/home/aaron/ur_ws/install/moveit_core/bin:${PATH} PYTHONPATH=/home/aaron/ur_ws/install/moveit_configs_utils/lib/python3.10/site-packages:/home/aaron/ur_ws/install/srdfdom/local/lib/python3.10/dist-packages:/home/aaron/ur_ws/install/launch_param_builder/lib/python3.10/site-packages:${PYTHONPATH} /usr/bin/cmake --build /home/aaron/ur_ws/build/moveit_py -- -j20 -l20
[3.199s] [  4%] [32mBuilding CXX object src/moveit/moveit_py_utils/CMakeFiles/moveit_py_utils.dir/src/copy_ros_msg.cpp.o[0m
[3.204s] [  8%] [32mBuilding CXX object src/moveit/moveit_py_utils/CMakeFiles/moveit_py_utils.dir/src/ros_msg_typecasters.cpp.o[0m
[3.222s] [  8%] Built target ament_cmake_python_copy_moveit
[3.729s] running egg_info
[3.732s] creating moveit.egg-info
[3.733s] writing moveit.egg-info/PKG-INFO
[3.733s] writing dependency_links to moveit.egg-info/dependency_links.txt
[3.735s] writing top-level names to moveit.egg-info/top_level.txt
[3.736s] writing manifest file 'moveit.egg-info/SOURCES.txt'
[3.738s] reading manifest file 'moveit.egg-info/SOURCES.txt'
[3.738s] writing manifest file 'moveit.egg-info/SOURCES.txt'
[3.785s] [  8%] Built target ament_cmake_python_build_moveit_egg
[12.979s] [ 12%] [32m[1mLinking CXX shared library libmoveit_py_utils.so[0m
[14.366s] [ 12%] Built target moveit_py_utils
[14.419s] [ 16%] [32mBuilding CXX object CMakeFiles/planning.dir/src/moveit/planning.cpp.o[0m
[14.426s] [ 20%] [32mBuilding CXX object CMakeFiles/planning.dir/src/moveit/moveit_ros/moveit_cpp/moveit_cpp.cpp.o[0m
[14.427s] [ 25%] [32mBuilding CXX object CMakeFiles/planning.dir/src/moveit/moveit_ros/moveit_cpp/planning_component.cpp.o[0m
[14.433s] [ 29%] [32mBuilding CXX object CMakeFiles/planning.dir/src/moveit/moveit_ros/trajectory_execution_manager/trajectory_execution_manager.cpp.o[0m
[14.441s] [ 33%] [32mBuilding CXX object CMakeFiles/planning.dir/src/moveit/moveit_ros/planning_scene_monitor/planning_scene_monitor.cpp.o[0m
[14.504s] [ 37%] [32mBuilding CXX object CMakeFiles/core.dir/src/moveit/moveit_core/collision_detection/collision_common.cpp.o[0m
[14.523s] [ 41%] [32mBuilding CXX object CMakeFiles/core.dir/src/moveit/moveit_core/collision_detection/collision_matrix.cpp.o[0m
[14.525s] [ 45%] [32mBuilding CXX object CMakeFiles/core.dir/src/moveit/moveit_core/kinematic_constraints/utils.cpp.o[0m
[14.526s] [ 50%] [32mBuilding CXX object CMakeFiles/core.dir/src/moveit/moveit_core/planning_interface/planning_response.cpp.o[0m
[14.532s] [ 54%] [32mBuilding CXX object CMakeFiles/core.dir/src/moveit/moveit_core/collision_detection/world.cpp.o[0m
[14.551s] [ 58%] [32mBuilding CXX object CMakeFiles/core.dir/src/moveit/moveit_core/robot_model/joint_model.cpp.o[0m
[14.565s] [ 62%] [32mBuilding CXX object CMakeFiles/core.dir/src/moveit/moveit_core/transforms/transforms.cpp.o[0m
[14.580s] [ 66%] [32mBuilding CXX object CMakeFiles/core.dir/src/moveit/moveit_core/robot_model/joint_model_group.cpp.o[0m
[14.586s] [ 75%] [32mBuilding CXX object CMakeFiles/core.dir/src/moveit/moveit_core/robot_model/robot_model.cpp.o[0m
[14.589s] [ 75%] [32mBuilding CXX object CMakeFiles/core.dir/src/moveit/core.cpp.o[0m
[14.597s] [ 79%] [32mBuilding CXX object CMakeFiles/core.dir/src/moveit/moveit_core/robot_trajectory/robot_trajectory.cpp.o[0m
[14.613s] [ 83%] [32mBuilding CXX object CMakeFiles/core.dir/src/moveit/moveit_core/robot_state/robot_state.cpp.o[0m
[14.659s] [ 87%] [32mBuilding CXX object CMakeFiles/core.dir/src/moveit/moveit_core/controller_manager/controller_manager.cpp.o[0m
[14.664s] [ 91%] [32mBuilding CXX object CMakeFiles/core.dir/src/moveit/moveit_core/planning_scene/planning_scene.cpp.o[0m
[55.949s] [ 95%] [32m[1mLinking CXX shared module test_moveit/planning.cpython-310-x86_64-linux-gnu.so[0m
[56.727s] [100%] [32m[1mLinking CXX shared module test_moveit/core.cpython-310-x86_64-linux-gnu.so[0m
[57.127s] lto-wrapper: warning: using serial compilation of 2 LTRANS jobs
[58.419s] lto-wrapper: warning: using serial compilation of 3 LTRANS jobs
[72.791s] [100%] Built target planning
[101.470s] [100%] Built target core
[101.489s] Invoked command in '/home/aaron/ur_ws/build/moveit_py' returned '0': AMENT_PREFIX_PATH=/home/aaron/ur_ws/install/moveit_ros_planning_interface:/home/aaron/ur_ws/install/moveit_ros_move_group:/home/aaron/ur_ws/install/moveit_ros_warehouse:/home/aaron/ur_ws/install/moveit_planners_ompl:/home/aaron/ur_ws/install/moveit_kinematics:/home/aaron/ur_ws/install/moveit_ros_planning:/home/aaron/ur_ws/install/moveit_simple_controller_manager:/home/aaron/ur_ws/install/moveit_ros_occupancy_map_monitor:/home/aaron/ur_ws/install/moveit_core:/home/aaron/ur_ws/install/moveit_resources_panda_moveit_config:/home/aaron/ur_ws/install/moveit_resources_fanuc_moveit_config:/home/aaron/ur_ws/install/moveit_configs_utils:/home/aaron/ur_ws/install/srdfdom:/home/aaron/ur_ws/install/moveit_resources_pr2_description:/home/aaron/ur_ws/install/moveit_resources_panda_description:/home/aaron/ur_ws/install/moveit_resources_fanuc_description:/home/aaron/ur_ws/install/moveit_common:/home/aaron/ur_ws/install/launch_param_builder:${AMENT_PREFIX_PATH} CMAKE_PREFIX_PATH=/home/aaron/ur_ws/install/moveit_ros_planning_interface:/home/aaron/ur_ws/install/moveit_ros_move_group:/home/aaron/ur_ws/install/moveit_ros_warehouse:/home/aaron/ur_ws/install/moveit_planners_ompl:/home/aaron/ur_ws/install/moveit_kinematics:/home/aaron/ur_ws/install/moveit_ros_planning:/home/aaron/ur_ws/install/moveit_simple_controller_manager:/home/aaron/ur_ws/install/moveit_ros_occupancy_map_monitor:/home/aaron/ur_ws/install/moveit_core:/home/aaron/ur_ws/install/moveit_resources_panda_moveit_config:/home/aaron/ur_ws/install/moveit_resources_fanuc_moveit_config:/home/aaron/ur_ws/install/srdfdom:/home/aaron/ur_ws/install/moveit_resources_pr2_description:/home/aaron/ur_ws/install/moveit_resources_panda_description:/home/aaron/ur_ws/install/moveit_resources_fanuc_description:/home/aaron/ur_ws/install/moveit_common:/opt/ros/humble LD_LIBRARY_PATH=/home/aaron/ur_ws/install/moveit_ros_planning_interface/lib:/home/aaron/ur_ws/install/moveit_ros_move_group/lib:/home/aaron/ur_ws/install/moveit_ros_warehouse/lib:/home/aaron/ur_ws/install/moveit_planners_ompl/lib:/home/aaron/ur_ws/install/moveit_kinematics/lib:/home/aaron/ur_ws/install/moveit_ros_planning/lib:/home/aaron/ur_ws/install/moveit_simple_controller_manager/lib:/home/aaron/ur_ws/install/moveit_ros_occupancy_map_monitor/lib:/home/aaron/ur_ws/install/moveit_core/lib:/home/aaron/ur_ws/install/srdfdom/lib:${LD_LIBRARY_PATH} PATH=/home/aaron/ur_ws/install/moveit_core/bin:${PATH} PYTHONPATH=/home/aaron/ur_ws/install/moveit_configs_utils/lib/python3.10/site-packages:/home/aaron/ur_ws/install/srdfdom/local/lib/python3.10/dist-packages:/home/aaron/ur_ws/install/launch_param_builder/lib/python3.10/site-packages:${PYTHONPATH} /usr/bin/cmake --build /home/aaron/ur_ws/build/moveit_py -- -j20 -l20
[101.492s] Invoking command in '/home/aaron/ur_ws/build/moveit_py': AMENT_PREFIX_PATH=/home/aaron/ur_ws/install/moveit_ros_planning_interface:/home/aaron/ur_ws/install/moveit_ros_move_group:/home/aaron/ur_ws/install/moveit_ros_warehouse:/home/aaron/ur_ws/install/moveit_planners_ompl:/home/aaron/ur_ws/install/moveit_kinematics:/home/aaron/ur_ws/install/moveit_ros_planning:/home/aaron/ur_ws/install/moveit_simple_controller_manager:/home/aaron/ur_ws/install/moveit_ros_occupancy_map_monitor:/home/aaron/ur_ws/install/moveit_core:/home/aaron/ur_ws/install/moveit_resources_panda_moveit_config:/home/aaron/ur_ws/install/moveit_resources_fanuc_moveit_config:/home/aaron/ur_ws/install/moveit_configs_utils:/home/aaron/ur_ws/install/srdfdom:/home/aaron/ur_ws/install/moveit_resources_pr2_description:/home/aaron/ur_ws/install/moveit_resources_panda_description:/home/aaron/ur_ws/install/moveit_resources_fanuc_description:/home/aaron/ur_ws/install/moveit_common:/home/aaron/ur_ws/install/launch_param_builder:${AMENT_PREFIX_PATH} CMAKE_PREFIX_PATH=/home/aaron/ur_ws/install/moveit_ros_planning_interface:/home/aaron/ur_ws/install/moveit_ros_move_group:/home/aaron/ur_ws/install/moveit_ros_warehouse:/home/aaron/ur_ws/install/moveit_planners_ompl:/home/aaron/ur_ws/install/moveit_kinematics:/home/aaron/ur_ws/install/moveit_ros_planning:/home/aaron/ur_ws/install/moveit_simple_controller_manager:/home/aaron/ur_ws/install/moveit_ros_occupancy_map_monitor:/home/aaron/ur_ws/install/moveit_core:/home/aaron/ur_ws/install/moveit_resources_panda_moveit_config:/home/aaron/ur_ws/install/moveit_resources_fanuc_moveit_config:/home/aaron/ur_ws/install/srdfdom:/home/aaron/ur_ws/install/moveit_resources_pr2_description:/home/aaron/ur_ws/install/moveit_resources_panda_description:/home/aaron/ur_ws/install/moveit_resources_fanuc_description:/home/aaron/ur_ws/install/moveit_common:/opt/ros/humble LD_LIBRARY_PATH=/home/aaron/ur_ws/install/moveit_ros_planning_interface/lib:/home/aaron/ur_ws/install/moveit_ros_move_group/lib:/home/aaron/ur_ws/install/moveit_ros_warehouse/lib:/home/aaron/ur_ws/install/moveit_planners_ompl/lib:/home/aaron/ur_ws/install/moveit_kinematics/lib:/home/aaron/ur_ws/install/moveit_ros_planning/lib:/home/aaron/ur_ws/install/moveit_simple_controller_manager/lib:/home/aaron/ur_ws/install/moveit_ros_occupancy_map_monitor/lib:/home/aaron/ur_ws/install/moveit_core/lib:/home/aaron/ur_ws/install/srdfdom/lib:${LD_LIBRARY_PATH} PATH=/home/aaron/ur_ws/install/moveit_core/bin:${PATH} PYTHONPATH=/home/aaron/ur_ws/install/moveit_configs_utils/lib/python3.10/site-packages:/home/aaron/ur_ws/install/srdfdom/local/lib/python3.10/dist-packages:/home/aaron/ur_ws/install/launch_param_builder/lib/python3.10/site-packages:${PYTHONPATH} /usr/bin/cmake --install /home/aaron/ur_ws/build/moveit_py
[101.499s] -- Install configuration: ""
[101.500s] -- Installing: /home/aaron/ur_ws/install/moveit_py/lib/libmoveit_py_utils.so.
[101.501s] -- Set runtime path of "/home/aaron/ur_ws/install/moveit_py/lib/libmoveit_py_utils.so." to ""
[101.501s] -- Installing: /home/aaron/ur_ws/install/moveit_py/lib/libmoveit_py_utils.so
[101.501s] -- Installing: /home/aaron/ur_ws/install/moveit_py/include/moveit_py
[101.501s] -- Installing: /home/aaron/ur_ws/install/moveit_py/include/moveit_py/moveit_py
[101.501s] -- Installing: /home/aaron/ur_ws/install/moveit_py/include/moveit_py/moveit_py/moveit_py_utils
[101.501s] -- Installing: /home/aaron/ur_ws/install/moveit_py/include/moveit_py/moveit_py/moveit_py_utils/ros_msg_typecasters.h
[101.502s] -- Installing: /home/aaron/ur_ws/install/moveit_py/include/moveit_py/moveit_py/moveit_py_utils/copy_ros_msg.hpp
[101.503s] -- Installing: /home/aaron/ur_ws/install/moveit_py/include/moveit_py/moveit_py/moveit_py_utils/copy_ros_msg.h
[101.503s] -- Installing: /home/aaron/ur_ws/install/moveit_py/include/moveit_py/moveit_py/moveit_py_utils/ros_msg_typecasters.hpp
[101.503s] -- Installing: /home/aaron/ur_ws/install/moveit_py/include/moveit_py/moveit_py/moveit_py_utils/rclpy_time_typecaster.hpp
[101.503s] -- Installing: /home/aaron/ur_ws/install/moveit_py/share/moveit_py/environment/pythonpath.sh
[101.503s] -- Installing: /home/aaron/ur_ws/install/moveit_py/share/moveit_py/environment/pythonpath.dsv
[101.503s] -- Installing: /home/aaron/ur_ws/install/moveit_py/local/lib/python3.10/dist-packages/moveit-2.5.9-py3.10.egg-info
[101.503s] -- Installing: /home/aaron/ur_ws/install/moveit_py/local/lib/python3.10/dist-packages/moveit-2.5.9-py3.10.egg-info/SOURCES.txt
[101.504s] -- Installing: /home/aaron/ur_ws/install/moveit_py/local/lib/python3.10/dist-packages/moveit-2.5.9-py3.10.egg-info/PKG-INFO
[101.504s] -- Installing: /home/aaron/ur_ws/install/moveit_py/local/lib/python3.10/dist-packages/moveit-2.5.9-py3.10.egg-info/dependency_links.txt
[101.504s] -- Installing: /home/aaron/ur_ws/install/moveit_py/local/lib/python3.10/dist-packages/moveit-2.5.9-py3.10.egg-info/top_level.txt
[101.504s] -- Installing: /home/aaron/ur_ws/install/moveit_py/local/lib/python3.10/dist-packages/moveit
[101.504s] -- Installing: /home/aaron/ur_ws/install/moveit_py/local/lib/python3.10/dist-packages/moveit/__init__.py
[101.504s] -- Installing: /home/aaron/ur_ws/install/moveit_py/local/lib/python3.10/dist-packages/moveit/utils.py
[101.504s] -- Installing: /home/aaron/ur_ws/install/moveit_py/local/lib/python3.10/dist-packages/moveit/planning.pyi
[101.504s] -- Installing: /home/aaron/ur_ws/install/moveit_py/local/lib/python3.10/dist-packages/moveit/core
[101.504s] -- Installing: /home/aaron/ur_ws/install/moveit_py/local/lib/python3.10/dist-packages/moveit/core/robot_trajectory.pyi
[101.505s] -- Installing: /home/aaron/ur_ws/install/moveit_py/local/lib/python3.10/dist-packages/moveit/core/robot_state.pyi
[101.505s] -- Installing: /home/aaron/ur_ws/install/moveit_py/local/lib/python3.10/dist-packages/moveit/core/collision_detection.pyi
[101.505s] -- Installing: /home/aaron/ur_ws/install/moveit_py/local/lib/python3.10/dist-packages/moveit/core/robot_model.pyi
[101.505s] -- Installing: /home/aaron/ur_ws/install/moveit_py/local/lib/python3.10/dist-packages/moveit/core/planning_interface.pyi
[101.505s] -- Installing: /home/aaron/ur_ws/install/moveit_py/local/lib/python3.10/dist-packages/moveit/core/planning_scene.pyi
[101.505s] -- Installing: /home/aaron/ur_ws/install/moveit_py/local/lib/python3.10/dist-packages/moveit/core/kinematic_constraints.pyi
[101.505s] -- Installing: /home/aaron/ur_ws/install/moveit_py/local/lib/python3.10/dist-packages/moveit/core/controller_manager.pyi
[101.505s] -- Installing: /home/aaron/ur_ws/install/moveit_py/local/lib/python3.10/dist-packages/moveit/core/__init__.pyi
[101.505s] -- Installing: /home/aaron/ur_ws/install/moveit_py/local/lib/python3.10/dist-packages/moveit/utils.pyi
[101.505s] -- Installing: /home/aaron/ur_ws/install/moveit_py/local/lib/python3.10/dist-packages/moveit/README.md
[101.540s] Listing '/home/aaron/ur_ws/install/moveit_py/local/lib/python3.10/dist-packages/moveit'...
[101.540s] Compiling '/home/aaron/ur_ws/install/moveit_py/local/lib/python3.10/dist-packages/moveit/__init__.py'...
[101.540s] Listing '/home/aaron/ur_ws/install/moveit_py/local/lib/python3.10/dist-packages/moveit/core'...
[101.540s] Compiling '/home/aaron/ur_ws/install/moveit_py/local/lib/python3.10/dist-packages/moveit/utils.py'...
[101.544s] -- Installing: /home/aaron/ur_ws/install/moveit_py/local/lib/python3.10/dist-packages/moveit/core.cpython-310-x86_64-linux-gnu.so
[101.548s] -- Set runtime path of "/home/aaron/ur_ws/install/moveit_py/local/lib/python3.10/dist-packages/moveit/core.cpython-310-x86_64-linux-gnu.so" to ""
[101.548s] -- Installing: /home/aaron/ur_ws/install/moveit_py/local/lib/python3.10/dist-packages/moveit/planning.cpython-310-x86_64-linux-gnu.so
[101.550s] -- Set runtime path of "/home/aaron/ur_ws/install/moveit_py/local/lib/python3.10/dist-packages/moveit/planning.cpython-310-x86_64-linux-gnu.so" to ""
[101.550s] -- Installing: /home/aaron/ur_ws/install/moveit_py/share/moveit_py/environment/library_path.sh
[101.550s] -- Installing: /home/aaron/ur_ws/install/moveit_py/share/moveit_py/environment/library_path.dsv
[101.550s] -- Installing: /home/aaron/ur_ws/install/moveit_py/share/ament_index/resource_index/package_run_dependencies/moveit_py
[101.551s] -- Installing: /home/aaron/ur_ws/install/moveit_py/share/ament_index/resource_index/parent_prefix_path/moveit_py
[101.551s] -- Installing: /home/aaron/ur_ws/install/moveit_py/share/moveit_py/environment/ament_prefix_path.sh
[101.551s] -- Installing: /home/aaron/ur_ws/install/moveit_py/share/moveit_py/environment/ament_prefix_path.dsv
[101.551s] -- Installing: /home/aaron/ur_ws/install/moveit_py/share/moveit_py/environment/path.sh
[101.551s] -- Installing: /home/aaron/ur_ws/install/moveit_py/share/moveit_py/environment/path.dsv
[101.551s] -- Installing: /home/aaron/ur_ws/install/moveit_py/share/moveit_py/local_setup.bash
[101.551s] -- Installing: /home/aaron/ur_ws/install/moveit_py/share/moveit_py/local_setup.sh
[101.551s] -- Installing: /home/aaron/ur_ws/install/moveit_py/share/moveit_py/local_setup.zsh
[101.551s] -- Installing: /home/aaron/ur_ws/install/moveit_py/share/moveit_py/local_setup.dsv
[101.551s] -- Installing: /home/aaron/ur_ws/install/moveit_py/share/moveit_py/package.dsv
[101.552s] -- Installing: /home/aaron/ur_ws/install/moveit_py/share/ament_index/resource_index/packages/moveit_py
[101.552s] -- Installing: /home/aaron/ur_ws/install/moveit_py/share/moveit_py/cmake/moveit_py_utilsTargetsExport.cmake
[101.552s] -- Installing: /home/aaron/ur_ws/install/moveit_py/share/moveit_py/cmake/moveit_py_utilsTargetsExport-noconfig.cmake
[101.552s] -- Installing: /home/aaron/ur_ws/install/moveit_py/share/moveit_py/cmake/ament_cmake_export_targets-extras.cmake
[101.552s] -- Installing: /home/aaron/ur_ws/install/moveit_py/share/moveit_py/cmake/ament_cmake_export_dependencies-extras.cmake
[101.552s] -- Installing: /home/aaron/ur_ws/install/moveit_py/share/moveit_py/cmake/moveit_pyConfig.cmake
[101.552s] -- Installing: /home/aaron/ur_ws/install/moveit_py/share/moveit_py/cmake/moveit_pyConfig-version.cmake
[101.552s] -- Installing: /home/aaron/ur_ws/install/moveit_py/share/moveit_py/package.xml
[101.567s] Invoked command in '/home/aaron/ur_ws/build/moveit_py' returned '0': AMENT_PREFIX_PATH=/home/aaron/ur_ws/install/moveit_ros_planning_interface:/home/aaron/ur_ws/install/moveit_ros_move_group:/home/aaron/ur_ws/install/moveit_ros_warehouse:/home/aaron/ur_ws/install/moveit_planners_ompl:/home/aaron/ur_ws/install/moveit_kinematics:/home/aaron/ur_ws/install/moveit_ros_planning:/home/aaron/ur_ws/install/moveit_simple_controller_manager:/home/aaron/ur_ws/install/moveit_ros_occupancy_map_monitor:/home/aaron/ur_ws/install/moveit_core:/home/aaron/ur_ws/install/moveit_resources_panda_moveit_config:/home/aaron/ur_ws/install/moveit_resources_fanuc_moveit_config:/home/aaron/ur_ws/install/moveit_configs_utils:/home/aaron/ur_ws/install/srdfdom:/home/aaron/ur_ws/install/moveit_resources_pr2_description:/home/aaron/ur_ws/install/moveit_resources_panda_description:/home/aaron/ur_ws/install/moveit_resources_fanuc_description:/home/aaron/ur_ws/install/moveit_common:/home/aaron/ur_ws/install/launch_param_builder:${AMENT_PREFIX_PATH} CMAKE_PREFIX_PATH=/home/aaron/ur_ws/install/moveit_ros_planning_interface:/home/aaron/ur_ws/install/moveit_ros_move_group:/home/aaron/ur_ws/install/moveit_ros_warehouse:/home/aaron/ur_ws/install/moveit_planners_ompl:/home/aaron/ur_ws/install/moveit_kinematics:/home/aaron/ur_ws/install/moveit_ros_planning:/home/aaron/ur_ws/install/moveit_simple_controller_manager:/home/aaron/ur_ws/install/moveit_ros_occupancy_map_monitor:/home/aaron/ur_ws/install/moveit_core:/home/aaron/ur_ws/install/moveit_resources_panda_moveit_config:/home/aaron/ur_ws/install/moveit_resources_fanuc_moveit_config:/home/aaron/ur_ws/install/srdfdom:/home/aaron/ur_ws/install/moveit_resources_pr2_description:/home/aaron/ur_ws/install/moveit_resources_panda_description:/home/aaron/ur_ws/install/moveit_resources_fanuc_description:/home/aaron/ur_ws/install/moveit_common:/opt/ros/humble LD_LIBRARY_PATH=/home/aaron/ur_ws/install/moveit_ros_planning_interface/lib:/home/aaron/ur_ws/install/moveit_ros_move_group/lib:/home/aaron/ur_ws/install/moveit_ros_warehouse/lib:/home/aaron/ur_ws/install/moveit_planners_ompl/lib:/home/aaron/ur_ws/install/moveit_kinematics/lib:/home/aaron/ur_ws/install/moveit_ros_planning/lib:/home/aaron/ur_ws/install/moveit_simple_controller_manager/lib:/home/aaron/ur_ws/install/moveit_ros_occupancy_map_monitor/lib:/home/aaron/ur_ws/install/moveit_core/lib:/home/aaron/ur_ws/install/srdfdom/lib:${LD_LIBRARY_PATH} PATH=/home/aaron/ur_ws/install/moveit_core/bin:${PATH} PYTHONPATH=/home/aaron/ur_ws/install/moveit_configs_utils/lib/python3.10/site-packages:/home/aaron/ur_ws/install/srdfdom/local/lib/python3.10/dist-packages:/home/aaron/ur_ws/install/launch_param_builder/lib/python3.10/site-packages:${PYTHONPATH} /usr/bin/cmake --install /home/aaron/ur_ws/build/moveit_py
