[0.031s] Invoking command in '/home/aaron/ur_ws/build/moveit_resources_panda_description': CMAKE_PREFIX_PATH=/opt/ros/humble /usr/bin/cmake --build /home/aaron/ur_ws/build/moveit_resources_panda_description -- -j20 -l20
[0.643s] Invoked command in '/home/aaron/ur_ws/build/moveit_resources_panda_description' returned '0': CMAKE_PREFIX_PATH=/opt/ros/humble /usr/bin/cmake --build /home/aaron/ur_ws/build/moveit_resources_panda_description -- -j20 -l20
[0.643s] Invoking command in '/home/aaron/ur_ws/build/moveit_resources_panda_description': CMAKE_PREFIX_PATH=/opt/ros/humble /usr/bin/cmake --install /home/aaron/ur_ws/build/moveit_resources_panda_description
[0.653s] -- Install configuration: ""
[0.656s] -- Up-to-date: /home/aaron/ur_ws/install/moveit_resources_panda_description/share/ament_index/resource_index/package_run_dependencies/moveit_resources_panda_description
[0.656s] -- Up-to-date: /home/aaron/ur_ws/install/moveit_resources_panda_description/share/ament_index/resource_index/parent_prefix_path/moveit_resources_panda_description
[0.656s] -- Up-to-date: /home/aaron/ur_ws/install/moveit_resources_panda_description/share/moveit_resources_panda_description/environment/ament_prefix_path.sh
[0.657s] -- Up-to-date: /home/aaron/ur_ws/install/moveit_resources_panda_description/share/moveit_resources_panda_description/environment/ament_prefix_path.dsv
[0.657s] -- Up-to-date: /home/aaron/ur_ws/install/moveit_resources_panda_description/share/moveit_resources_panda_description/environment/path.sh
[0.658s] -- Up-to-date: /home/aaron/ur_ws/install/moveit_resources_panda_description/share/moveit_resources_panda_description/environment/path.dsv
[0.658s] -- Up-to-date: /home/aaron/ur_ws/install/moveit_resources_panda_description/share/moveit_resources_panda_description/local_setup.bash
[0.658s] -- Up-to-date: /home/aaron/ur_ws/install/moveit_resources_panda_description/share/moveit_resources_panda_description/local_setup.sh
[0.658s] -- Up-to-date: /home/aaron/ur_ws/install/moveit_resources_panda_description/share/moveit_resources_panda_description/local_setup.zsh
[0.659s] -- Up-to-date: /home/aaron/ur_ws/install/moveit_resources_panda_description/share/moveit_resources_panda_description/local_setup.dsv
[0.659s] -- Installing: /home/aaron/ur_ws/install/moveit_resources_panda_description/share/moveit_resources_panda_description/package.dsv
[0.659s] -- Up-to-date: /home/aaron/ur_ws/install/moveit_resources_panda_description/share/ament_index/resource_index/packages/moveit_resources_panda_description
[0.659s] -- Up-to-date: /home/aaron/ur_ws/install/moveit_resources_panda_description/share/moveit_resources_panda_description/cmake/moveit_resources_panda_descriptionConfig.cmake
[0.659s] -- Up-to-date: /home/aaron/ur_ws/install/moveit_resources_panda_description/share/moveit_resources_panda_description/cmake/moveit_resources_panda_descriptionConfig-version.cmake
[0.659s] -- Up-to-date: /home/aaron/ur_ws/install/moveit_resources_panda_description/share/moveit_resources_panda_description/package.xml
[0.660s] -- Up-to-date: /home/aaron/ur_ws/install/moveit_resources_panda_description/share/moveit_resources_panda_description/meshes
[0.660s] -- Up-to-date: /home/aaron/ur_ws/install/moveit_resources_panda_description/share/moveit_resources_panda_description/meshes/visual
[0.660s] -- Up-to-date: /home/aaron/ur_ws/install/moveit_resources_panda_description/share/moveit_resources_panda_description/meshes/visual/link5.dae
[0.660s] -- Up-to-date: /home/aaron/ur_ws/install/moveit_resources_panda_description/share/moveit_resources_panda_description/meshes/visual/link6.dae
[0.661s] -- Up-to-date: /home/aaron/ur_ws/install/moveit_resources_panda_description/share/moveit_resources_panda_description/meshes/visual/link3.dae
[0.663s] -- Up-to-date: /home/aaron/ur_ws/install/moveit_resources_panda_description/share/moveit_resources_panda_description/meshes/visual/finger.dae
[0.663s] -- Up-to-date: /home/aaron/ur_ws/install/moveit_resources_panda_description/share/moveit_resources_panda_description/meshes/visual/link7.dae
[0.664s] -- Up-to-date: /home/aaron/ur_ws/install/moveit_resources_panda_description/share/moveit_resources_panda_description/meshes/visual/link1.dae
[0.664s] -- Up-to-date: /home/aaron/ur_ws/install/moveit_resources_panda_description/share/moveit_resources_panda_description/meshes/visual/link2.dae
[0.664s] -- Up-to-date: /home/aaron/ur_ws/install/moveit_resources_panda_description/share/moveit_resources_panda_description/meshes/visual/link0.dae
[0.664s] -- Up-to-date: /home/aaron/ur_ws/install/moveit_resources_panda_description/share/moveit_resources_panda_description/meshes/visual/hand.dae
[0.664s] -- Up-to-date: /home/aaron/ur_ws/install/moveit_resources_panda_description/share/moveit_resources_panda_description/meshes/visual/link4.dae
[0.665s] -- Up-to-date: /home/aaron/ur_ws/install/moveit_resources_panda_description/share/moveit_resources_panda_description/meshes/collision
[0.665s] -- Up-to-date: /home/aaron/ur_ws/install/moveit_resources_panda_description/share/moveit_resources_panda_description/meshes/collision/link7.stl
[0.665s] -- Up-to-date: /home/aaron/ur_ws/install/moveit_resources_panda_description/share/moveit_resources_panda_description/meshes/collision/hand.stl
[0.665s] -- Up-to-date: /home/aaron/ur_ws/install/moveit_resources_panda_description/share/moveit_resources_panda_description/meshes/collision/link6.stl
[0.665s] -- Up-to-date: /home/aaron/ur_ws/install/moveit_resources_panda_description/share/moveit_resources_panda_description/meshes/collision/link3.stl
[0.665s] -- Up-to-date: /home/aaron/ur_ws/install/moveit_resources_panda_description/share/moveit_resources_panda_description/meshes/collision/link2.stl
[0.665s] -- Up-to-date: /home/aaron/ur_ws/install/moveit_resources_panda_description/share/moveit_resources_panda_description/meshes/collision/link0.stl
[0.666s] -- Up-to-date: /home/aaron/ur_ws/install/moveit_resources_panda_description/share/moveit_resources_panda_description/meshes/collision/link1.stl
[0.666s] -- Up-to-date: /home/aaron/ur_ws/install/moveit_resources_panda_description/share/moveit_resources_panda_description/meshes/collision/finger.stl
[0.666s] -- Up-to-date: /home/aaron/ur_ws/install/moveit_resources_panda_description/share/moveit_resources_panda_description/meshes/collision/link5.stl
[0.666s] -- Up-to-date: /home/aaron/ur_ws/install/moveit_resources_panda_description/share/moveit_resources_panda_description/meshes/collision/link4.stl
[0.666s] -- Up-to-date: /home/aaron/ur_ws/install/moveit_resources_panda_description/share/moveit_resources_panda_description/urdf
[0.667s] -- Up-to-date: /home/aaron/ur_ws/install/moveit_resources_panda_description/share/moveit_resources_panda_description/urdf/panda.urdf
[0.725s] Invoked command in '/home/aaron/ur_ws/build/moveit_resources_panda_description' returned '0': CMAKE_PREFIX_PATH=/opt/ros/humble /usr/bin/cmake --install /home/aaron/ur_ws/build/moveit_resources_panda_description
