[0.041s] Invoking command in '/home/aaron/ur_ws/build/moveit_py': AMENT_PREFIX_PATH=/home/aaron/ur_ws/install/moveit_ros_planning_interface:/home/aaron/ur_ws/install/moveit_ros_move_group:/home/aaron/ur_ws/install/moveit_ros_warehouse:/home/aaron/ur_ws/install/moveit_planners_ompl:/home/aaron/ur_ws/install/moveit_kinematics:/home/aaron/ur_ws/install/moveit_ros_planning:/home/aaron/ur_ws/install/moveit_simple_controller_manager:/home/aaron/ur_ws/install/moveit_ros_occupancy_map_monitor:/home/aaron/ur_ws/install/moveit_core:/home/aaron/ur_ws/install/moveit_resources_panda_moveit_config:/home/aaron/ur_ws/install/moveit_resources_fanuc_moveit_config:/home/aaron/ur_ws/install/moveit_configs_utils:/home/aaron/ur_ws/install/srdfdom:/home/aaron/ur_ws/install/moveit_resources_pr2_description:/home/aaron/ur_ws/install/moveit_resources_panda_description:/home/aaron/ur_ws/install/moveit_resources_fanuc_description:/home/aaron/ur_ws/install/moveit_common:/home/aaron/ur_ws/install/launch_param_builder:${AMENT_PREFIX_PATH} CMAKE_PREFIX_PATH=/home/aaron/ur_ws/install/moveit_ros_planning_interface:/home/aaron/ur_ws/install/moveit_ros_move_group:/home/aaron/ur_ws/install/moveit_ros_warehouse:/home/aaron/ur_ws/install/moveit_planners_ompl:/home/aaron/ur_ws/install/moveit_kinematics:/home/aaron/ur_ws/install/moveit_ros_planning:/home/aaron/ur_ws/install/moveit_simple_controller_manager:/home/aaron/ur_ws/install/moveit_ros_occupancy_map_monitor:/home/aaron/ur_ws/install/moveit_core:/home/aaron/ur_ws/install/moveit_resources_panda_moveit_config:/home/aaron/ur_ws/install/moveit_resources_fanuc_moveit_config:/home/aaron/ur_ws/install/srdfdom:/home/aaron/ur_ws/install/moveit_resources_pr2_description:/home/aaron/ur_ws/install/moveit_resources_panda_description:/home/aaron/ur_ws/install/moveit_resources_fanuc_description:/home/aaron/ur_ws/install/moveit_common:/opt/ros/humble LD_LIBRARY_PATH=/home/aaron/ur_ws/install/moveit_ros_planning_interface/lib:/home/aaron/ur_ws/install/moveit_ros_move_group/lib:/home/aaron/ur_ws/install/moveit_ros_warehouse/lib:/home/aaron/ur_ws/install/moveit_planners_ompl/lib:/home/aaron/ur_ws/install/moveit_kinematics/lib:/home/aaron/ur_ws/install/moveit_ros_planning/lib:/home/aaron/ur_ws/install/moveit_simple_controller_manager/lib:/home/aaron/ur_ws/install/moveit_ros_occupancy_map_monitor/lib:/home/aaron/ur_ws/install/moveit_core/lib:/home/aaron/ur_ws/install/srdfdom/lib:${LD_LIBRARY_PATH} PATH=/home/aaron/ur_ws/install/moveit_core/bin:${PATH} PYTHONPATH=/home/aaron/ur_ws/install/moveit_configs_utils/lib/python3.10/site-packages:/home/aaron/ur_ws/install/srdfdom/local/lib/python3.10/dist-packages:/home/aaron/ur_ws/install/launch_param_builder/lib/python3.10/site-packages:${PYTHONPATH} /usr/bin/cmake --build /home/aaron/ur_ws/build/moveit_py -- -j20 -l20
[0.091s] [  4%] Built target ament_cmake_python_copy_moveit
[0.091s] [ 12%] Built target moveit_py_utils
[0.142s] [ 37%] Built target planning
[0.156s] [100%] Built target core
[0.317s] running egg_info
[0.318s] writing moveit.egg-info/PKG-INFO
[0.318s] writing dependency_links to moveit.egg-info/dependency_links.txt
[0.318s] writing top-level names to moveit.egg-info/top_level.txt
[0.320s] reading manifest file 'moveit.egg-info/SOURCES.txt'
[0.320s] writing manifest file 'moveit.egg-info/SOURCES.txt'
[0.342s] [100%] Built target ament_cmake_python_build_moveit_egg
[0.354s] Invoked command in '/home/aaron/ur_ws/build/moveit_py' returned '0': AMENT_PREFIX_PATH=/home/aaron/ur_ws/install/moveit_ros_planning_interface:/home/aaron/ur_ws/install/moveit_ros_move_group:/home/aaron/ur_ws/install/moveit_ros_warehouse:/home/aaron/ur_ws/install/moveit_planners_ompl:/home/aaron/ur_ws/install/moveit_kinematics:/home/aaron/ur_ws/install/moveit_ros_planning:/home/aaron/ur_ws/install/moveit_simple_controller_manager:/home/aaron/ur_ws/install/moveit_ros_occupancy_map_monitor:/home/aaron/ur_ws/install/moveit_core:/home/aaron/ur_ws/install/moveit_resources_panda_moveit_config:/home/aaron/ur_ws/install/moveit_resources_fanuc_moveit_config:/home/aaron/ur_ws/install/moveit_configs_utils:/home/aaron/ur_ws/install/srdfdom:/home/aaron/ur_ws/install/moveit_resources_pr2_description:/home/aaron/ur_ws/install/moveit_resources_panda_description:/home/aaron/ur_ws/install/moveit_resources_fanuc_description:/home/aaron/ur_ws/install/moveit_common:/home/aaron/ur_ws/install/launch_param_builder:${AMENT_PREFIX_PATH} CMAKE_PREFIX_PATH=/home/aaron/ur_ws/install/moveit_ros_planning_interface:/home/aaron/ur_ws/install/moveit_ros_move_group:/home/aaron/ur_ws/install/moveit_ros_warehouse:/home/aaron/ur_ws/install/moveit_planners_ompl:/home/aaron/ur_ws/install/moveit_kinematics:/home/aaron/ur_ws/install/moveit_ros_planning:/home/aaron/ur_ws/install/moveit_simple_controller_manager:/home/aaron/ur_ws/install/moveit_ros_occupancy_map_monitor:/home/aaron/ur_ws/install/moveit_core:/home/aaron/ur_ws/install/moveit_resources_panda_moveit_config:/home/aaron/ur_ws/install/moveit_resources_fanuc_moveit_config:/home/aaron/ur_ws/install/srdfdom:/home/aaron/ur_ws/install/moveit_resources_pr2_description:/home/aaron/ur_ws/install/moveit_resources_panda_description:/home/aaron/ur_ws/install/moveit_resources_fanuc_description:/home/aaron/ur_ws/install/moveit_common:/opt/ros/humble LD_LIBRARY_PATH=/home/aaron/ur_ws/install/moveit_ros_planning_interface/lib:/home/aaron/ur_ws/install/moveit_ros_move_group/lib:/home/aaron/ur_ws/install/moveit_ros_warehouse/lib:/home/aaron/ur_ws/install/moveit_planners_ompl/lib:/home/aaron/ur_ws/install/moveit_kinematics/lib:/home/aaron/ur_ws/install/moveit_ros_planning/lib:/home/aaron/ur_ws/install/moveit_simple_controller_manager/lib:/home/aaron/ur_ws/install/moveit_ros_occupancy_map_monitor/lib:/home/aaron/ur_ws/install/moveit_core/lib:/home/aaron/ur_ws/install/srdfdom/lib:${LD_LIBRARY_PATH} PATH=/home/aaron/ur_ws/install/moveit_core/bin:${PATH} PYTHONPATH=/home/aaron/ur_ws/install/moveit_configs_utils/lib/python3.10/site-packages:/home/aaron/ur_ws/install/srdfdom/local/lib/python3.10/dist-packages:/home/aaron/ur_ws/install/launch_param_builder/lib/python3.10/site-packages:${PYTHONPATH} /usr/bin/cmake --build /home/aaron/ur_ws/build/moveit_py -- -j20 -l20
[0.356s] Invoking command in '/home/aaron/ur_ws/build/moveit_py': AMENT_PREFIX_PATH=/home/aaron/ur_ws/install/moveit_ros_planning_interface:/home/aaron/ur_ws/install/moveit_ros_move_group:/home/aaron/ur_ws/install/moveit_ros_warehouse:/home/aaron/ur_ws/install/moveit_planners_ompl:/home/aaron/ur_ws/install/moveit_kinematics:/home/aaron/ur_ws/install/moveit_ros_planning:/home/aaron/ur_ws/install/moveit_simple_controller_manager:/home/aaron/ur_ws/install/moveit_ros_occupancy_map_monitor:/home/aaron/ur_ws/install/moveit_core:/home/aaron/ur_ws/install/moveit_resources_panda_moveit_config:/home/aaron/ur_ws/install/moveit_resources_fanuc_moveit_config:/home/aaron/ur_ws/install/moveit_configs_utils:/home/aaron/ur_ws/install/srdfdom:/home/aaron/ur_ws/install/moveit_resources_pr2_description:/home/aaron/ur_ws/install/moveit_resources_panda_description:/home/aaron/ur_ws/install/moveit_resources_fanuc_description:/home/aaron/ur_ws/install/moveit_common:/home/aaron/ur_ws/install/launch_param_builder:${AMENT_PREFIX_PATH} CMAKE_PREFIX_PATH=/home/aaron/ur_ws/install/moveit_ros_planning_interface:/home/aaron/ur_ws/install/moveit_ros_move_group:/home/aaron/ur_ws/install/moveit_ros_warehouse:/home/aaron/ur_ws/install/moveit_planners_ompl:/home/aaron/ur_ws/install/moveit_kinematics:/home/aaron/ur_ws/install/moveit_ros_planning:/home/aaron/ur_ws/install/moveit_simple_controller_manager:/home/aaron/ur_ws/install/moveit_ros_occupancy_map_monitor:/home/aaron/ur_ws/install/moveit_core:/home/aaron/ur_ws/install/moveit_resources_panda_moveit_config:/home/aaron/ur_ws/install/moveit_resources_fanuc_moveit_config:/home/aaron/ur_ws/install/srdfdom:/home/aaron/ur_ws/install/moveit_resources_pr2_description:/home/aaron/ur_ws/install/moveit_resources_panda_description:/home/aaron/ur_ws/install/moveit_resources_fanuc_description:/home/aaron/ur_ws/install/moveit_common:/opt/ros/humble LD_LIBRARY_PATH=/home/aaron/ur_ws/install/moveit_ros_planning_interface/lib:/home/aaron/ur_ws/install/moveit_ros_move_group/lib:/home/aaron/ur_ws/install/moveit_ros_warehouse/lib:/home/aaron/ur_ws/install/moveit_planners_ompl/lib:/home/aaron/ur_ws/install/moveit_kinematics/lib:/home/aaron/ur_ws/install/moveit_ros_planning/lib:/home/aaron/ur_ws/install/moveit_simple_controller_manager/lib:/home/aaron/ur_ws/install/moveit_ros_occupancy_map_monitor/lib:/home/aaron/ur_ws/install/moveit_core/lib:/home/aaron/ur_ws/install/srdfdom/lib:${LD_LIBRARY_PATH} PATH=/home/aaron/ur_ws/install/moveit_core/bin:${PATH} PYTHONPATH=/home/aaron/ur_ws/install/moveit_configs_utils/lib/python3.10/site-packages:/home/aaron/ur_ws/install/srdfdom/local/lib/python3.10/dist-packages:/home/aaron/ur_ws/install/launch_param_builder/lib/python3.10/site-packages:${PYTHONPATH} /usr/bin/cmake --install /home/aaron/ur_ws/build/moveit_py
[0.361s] -- Install configuration: ""
[0.361s] -- Up-to-date: /home/aaron/ur_ws/install/moveit_py/lib/libmoveit_py_utils.so.
[0.362s] -- Up-to-date: /home/aaron/ur_ws/install/moveit_py/lib/libmoveit_py_utils.so
[0.362s] -- Up-to-date: /home/aaron/ur_ws/install/moveit_py/include/moveit_py
[0.362s] -- Up-to-date: /home/aaron/ur_ws/install/moveit_py/include/moveit_py/moveit_py
[0.362s] -- Up-to-date: /home/aaron/ur_ws/install/moveit_py/include/moveit_py/moveit_py/moveit_py_utils
[0.362s] -- Up-to-date: /home/aaron/ur_ws/install/moveit_py/include/moveit_py/moveit_py/moveit_py_utils/ros_msg_typecasters.h
[0.362s] -- Up-to-date: /home/aaron/ur_ws/install/moveit_py/include/moveit_py/moveit_py/moveit_py_utils/copy_ros_msg.hpp
[0.362s] -- Up-to-date: /home/aaron/ur_ws/install/moveit_py/include/moveit_py/moveit_py/moveit_py_utils/copy_ros_msg.h
[0.362s] -- Up-to-date: /home/aaron/ur_ws/install/moveit_py/include/moveit_py/moveit_py/moveit_py_utils/ros_msg_typecasters.hpp
[0.362s] -- Up-to-date: /home/aaron/ur_ws/install/moveit_py/include/moveit_py/moveit_py/moveit_py_utils/rclpy_time_typecaster.hpp
[0.362s] -- Up-to-date: /home/aaron/ur_ws/install/moveit_py/share/moveit_py/environment/pythonpath.sh
[0.362s] -- Up-to-date: /home/aaron/ur_ws/install/moveit_py/share/moveit_py/environment/pythonpath.dsv
[0.362s] -- Up-to-date: /home/aaron/ur_ws/install/moveit_py/local/lib/python3.10/dist-packages/moveit-2.5.9-py3.10.egg-info
[0.362s] -- Installing: /home/aaron/ur_ws/install/moveit_py/local/lib/python3.10/dist-packages/moveit-2.5.9-py3.10.egg-info/SOURCES.txt
[0.362s] -- Installing: /home/aaron/ur_ws/install/moveit_py/local/lib/python3.10/dist-packages/moveit-2.5.9-py3.10.egg-info/PKG-INFO
[0.362s] -- Installing: /home/aaron/ur_ws/install/moveit_py/local/lib/python3.10/dist-packages/moveit-2.5.9-py3.10.egg-info/dependency_links.txt
[0.362s] -- Installing: /home/aaron/ur_ws/install/moveit_py/local/lib/python3.10/dist-packages/moveit-2.5.9-py3.10.egg-info/top_level.txt
[0.362s] -- Up-to-date: /home/aaron/ur_ws/install/moveit_py/local/lib/python3.10/dist-packages/moveit
[0.362s] -- Up-to-date: /home/aaron/ur_ws/install/moveit_py/local/lib/python3.10/dist-packages/moveit/__init__.py
[0.362s] -- Up-to-date: /home/aaron/ur_ws/install/moveit_py/local/lib/python3.10/dist-packages/moveit/utils.py
[0.362s] -- Up-to-date: /home/aaron/ur_ws/install/moveit_py/local/lib/python3.10/dist-packages/moveit/planning.pyi
[0.362s] -- Up-to-date: /home/aaron/ur_ws/install/moveit_py/local/lib/python3.10/dist-packages/moveit/core
[0.362s] -- Up-to-date: /home/aaron/ur_ws/install/moveit_py/local/lib/python3.10/dist-packages/moveit/core/robot_trajectory.pyi
[0.362s] -- Up-to-date: /home/aaron/ur_ws/install/moveit_py/local/lib/python3.10/dist-packages/moveit/core/robot_state.pyi
[0.362s] -- Up-to-date: /home/aaron/ur_ws/install/moveit_py/local/lib/python3.10/dist-packages/moveit/core/collision_detection.pyi
[0.363s] -- Up-to-date: /home/aaron/ur_ws/install/moveit_py/local/lib/python3.10/dist-packages/moveit/core/robot_model.pyi
[0.363s] -- Up-to-date: /home/aaron/ur_ws/install/moveit_py/local/lib/python3.10/dist-packages/moveit/core/planning_interface.pyi
[0.363s] -- Up-to-date: /home/aaron/ur_ws/install/moveit_py/local/lib/python3.10/dist-packages/moveit/core/planning_scene.pyi
[0.363s] -- Up-to-date: /home/aaron/ur_ws/install/moveit_py/local/lib/python3.10/dist-packages/moveit/core/kinematic_constraints.pyi
[0.363s] -- Up-to-date: /home/aaron/ur_ws/install/moveit_py/local/lib/python3.10/dist-packages/moveit/core/controller_manager.pyi
[0.363s] -- Up-to-date: /home/aaron/ur_ws/install/moveit_py/local/lib/python3.10/dist-packages/moveit/core/__init__.pyi
[0.363s] -- Up-to-date: /home/aaron/ur_ws/install/moveit_py/local/lib/python3.10/dist-packages/moveit/utils.pyi
[0.363s] -- Up-to-date: /home/aaron/ur_ws/install/moveit_py/local/lib/python3.10/dist-packages/moveit/README.md
[0.384s] Listing '/home/aaron/ur_ws/install/moveit_py/local/lib/python3.10/dist-packages/moveit'...
[0.384s] Listing '/home/aaron/ur_ws/install/moveit_py/local/lib/python3.10/dist-packages/moveit/core'...
[0.387s] -- Up-to-date: /home/aaron/ur_ws/install/moveit_py/local/lib/python3.10/dist-packages/moveit/core.cpython-310-x86_64-linux-gnu.so
[0.388s] -- Up-to-date: /home/aaron/ur_ws/install/moveit_py/local/lib/python3.10/dist-packages/moveit/planning.cpython-310-x86_64-linux-gnu.so
[0.388s] -- Up-to-date: /home/aaron/ur_ws/install/moveit_py/share/moveit_py/environment/library_path.sh
[0.388s] -- Up-to-date: /home/aaron/ur_ws/install/moveit_py/share/moveit_py/environment/library_path.dsv
[0.388s] -- Up-to-date: /home/aaron/ur_ws/install/moveit_py/share/ament_index/resource_index/package_run_dependencies/moveit_py
[0.388s] -- Up-to-date: /home/aaron/ur_ws/install/moveit_py/share/ament_index/resource_index/parent_prefix_path/moveit_py
[0.388s] -- Up-to-date: /home/aaron/ur_ws/install/moveit_py/share/moveit_py/environment/ament_prefix_path.sh
[0.389s] -- Up-to-date: /home/aaron/ur_ws/install/moveit_py/share/moveit_py/environment/ament_prefix_path.dsv
[0.389s] -- Up-to-date: /home/aaron/ur_ws/install/moveit_py/share/moveit_py/environment/path.sh
[0.389s] -- Up-to-date: /home/aaron/ur_ws/install/moveit_py/share/moveit_py/environment/path.dsv
[0.389s] -- Up-to-date: /home/aaron/ur_ws/install/moveit_py/share/moveit_py/local_setup.bash
[0.389s] -- Up-to-date: /home/aaron/ur_ws/install/moveit_py/share/moveit_py/local_setup.sh
[0.389s] -- Up-to-date: /home/aaron/ur_ws/install/moveit_py/share/moveit_py/local_setup.zsh
[0.389s] -- Up-to-date: /home/aaron/ur_ws/install/moveit_py/share/moveit_py/local_setup.dsv
[0.389s] -- Installing: /home/aaron/ur_ws/install/moveit_py/share/moveit_py/package.dsv
[0.389s] -- Up-to-date: /home/aaron/ur_ws/install/moveit_py/share/ament_index/resource_index/packages/moveit_py
[0.389s] -- Up-to-date: /home/aaron/ur_ws/install/moveit_py/share/moveit_py/cmake/moveit_py_utilsTargetsExport.cmake
[0.390s] -- Up-to-date: /home/aaron/ur_ws/install/moveit_py/share/moveit_py/cmake/moveit_py_utilsTargetsExport-noconfig.cmake
[0.390s] -- Up-to-date: /home/aaron/ur_ws/install/moveit_py/share/moveit_py/cmake/ament_cmake_export_targets-extras.cmake
[0.390s] -- Up-to-date: /home/aaron/ur_ws/install/moveit_py/share/moveit_py/cmake/ament_cmake_export_dependencies-extras.cmake
[0.390s] -- Up-to-date: /home/aaron/ur_ws/install/moveit_py/share/moveit_py/cmake/moveit_pyConfig.cmake
[0.390s] -- Up-to-date: /home/aaron/ur_ws/install/moveit_py/share/moveit_py/cmake/moveit_pyConfig-version.cmake
[0.390s] -- Up-to-date: /home/aaron/ur_ws/install/moveit_py/share/moveit_py/package.xml
[0.391s] Invoked command in '/home/aaron/ur_ws/build/moveit_py' returned '0': AMENT_PREFIX_PATH=/home/aaron/ur_ws/install/moveit_ros_planning_interface:/home/aaron/ur_ws/install/moveit_ros_move_group:/home/aaron/ur_ws/install/moveit_ros_warehouse:/home/aaron/ur_ws/install/moveit_planners_ompl:/home/aaron/ur_ws/install/moveit_kinematics:/home/aaron/ur_ws/install/moveit_ros_planning:/home/aaron/ur_ws/install/moveit_simple_controller_manager:/home/aaron/ur_ws/install/moveit_ros_occupancy_map_monitor:/home/aaron/ur_ws/install/moveit_core:/home/aaron/ur_ws/install/moveit_resources_panda_moveit_config:/home/aaron/ur_ws/install/moveit_resources_fanuc_moveit_config:/home/aaron/ur_ws/install/moveit_configs_utils:/home/aaron/ur_ws/install/srdfdom:/home/aaron/ur_ws/install/moveit_resources_pr2_description:/home/aaron/ur_ws/install/moveit_resources_panda_description:/home/aaron/ur_ws/install/moveit_resources_fanuc_description:/home/aaron/ur_ws/install/moveit_common:/home/aaron/ur_ws/install/launch_param_builder:${AMENT_PREFIX_PATH} CMAKE_PREFIX_PATH=/home/aaron/ur_ws/install/moveit_ros_planning_interface:/home/aaron/ur_ws/install/moveit_ros_move_group:/home/aaron/ur_ws/install/moveit_ros_warehouse:/home/aaron/ur_ws/install/moveit_planners_ompl:/home/aaron/ur_ws/install/moveit_kinematics:/home/aaron/ur_ws/install/moveit_ros_planning:/home/aaron/ur_ws/install/moveit_simple_controller_manager:/home/aaron/ur_ws/install/moveit_ros_occupancy_map_monitor:/home/aaron/ur_ws/install/moveit_core:/home/aaron/ur_ws/install/moveit_resources_panda_moveit_config:/home/aaron/ur_ws/install/moveit_resources_fanuc_moveit_config:/home/aaron/ur_ws/install/srdfdom:/home/aaron/ur_ws/install/moveit_resources_pr2_description:/home/aaron/ur_ws/install/moveit_resources_panda_description:/home/aaron/ur_ws/install/moveit_resources_fanuc_description:/home/aaron/ur_ws/install/moveit_common:/opt/ros/humble LD_LIBRARY_PATH=/home/aaron/ur_ws/install/moveit_ros_planning_interface/lib:/home/aaron/ur_ws/install/moveit_ros_move_group/lib:/home/aaron/ur_ws/install/moveit_ros_warehouse/lib:/home/aaron/ur_ws/install/moveit_planners_ompl/lib:/home/aaron/ur_ws/install/moveit_kinematics/lib:/home/aaron/ur_ws/install/moveit_ros_planning/lib:/home/aaron/ur_ws/install/moveit_simple_controller_manager/lib:/home/aaron/ur_ws/install/moveit_ros_occupancy_map_monitor/lib:/home/aaron/ur_ws/install/moveit_core/lib:/home/aaron/ur_ws/install/srdfdom/lib:${LD_LIBRARY_PATH} PATH=/home/aaron/ur_ws/install/moveit_core/bin:${PATH} PYTHONPATH=/home/aaron/ur_ws/install/moveit_configs_utils/lib/python3.10/site-packages:/home/aaron/ur_ws/install/srdfdom/local/lib/python3.10/dist-packages:/home/aaron/ur_ws/install/launch_param_builder/lib/python3.10/site-packages:${PYTHONPATH} /usr/bin/cmake --install /home/aaron/ur_ws/build/moveit_py
