[0.014s] Invoking command in '/home/aaron/ur_ws/build/moveit_core': AMENT_PREFIX_PATH=/home/aaron/ur_ws/install/moveit_resources_panda_moveit_config:/home/aaron/ur_ws/install/srdfdom:/home/aaron/ur_ws/install/moveit_resources_pr2_description:/home/aaron/ur_ws/install/moveit_resources_panda_description:/home/aaron/ur_ws/install/moveit_common:${AMENT_PREFIX_PATH} CMAKE_PREFIX_PATH=/home/aaron/ur_ws/install/moveit_resources_panda_moveit_config:/home/aaron/ur_ws/install/srdfdom:/home/aaron/ur_ws/install/moveit_resources_pr2_description:/home/aaron/ur_ws/install/moveit_resources_panda_description:/home/aaron/ur_ws/install/moveit_common:/opt/ros/humble LD_LIBRARY_PATH=/home/aaron/ur_ws/install/srdfdom/lib:${LD_LIBRARY_PATH} PYTHONPATH=/home/aaron/ur_ws/install/srdfdom/local/lib/python3.10/dist-packages:${PYTHONPATH} /usr/bin/cmake /home/aaron/ur_ws/src/moveit2/moveit_core -DCMAKE_INSTALL_PREFIX=/home/aaron/ur_ws/install/moveit_core
[0.090s] -- The CXX compiler identification is GNU 11.4.0
[0.096s] -- Detecting CXX compiler ABI info
[0.167s] -- Detecting CXX compiler ABI info - done
[0.172s] -- Check for working CXX compiler: /usr/bin/c++ - skipped
[0.172s] -- Detecting CXX compile features
[0.172s] -- Detecting CXX compile features - done
[0.173s] -- Found moveit_common: 2.5.9 (/home/aaron/ur_ws/install/moveit_common/share/moveit_common/cmake)
[0.175s] -- Found ament_cmake: 1.3.12 (/opt/ros/humble/share/ament_cmake/cmake)
[0.291s] -- Found Python3: /usr/bin/python3 (found version "3.10.12") found components: Interpreter 
[0.447s] [0mmoveit_core: You did not request a specific build type: Choosing 'Release' for maximum performance[0m
[0.449s] -- Found angles: 1.15.0 (/opt/ros/humble/share/angles/cmake)
[0.468s] -- Found Bullet: /usr/lib/x86_64-linux-gnu/libBulletDynamics.so (Required is at least version "2.87") 
[0.469s] -- Found common_interfaces: 4.9.0 (/opt/ros/humble/share/common_interfaces/cmake)
[0.471s] -- Found eigen_stl_containers: 1.1.0 (/opt/ros/humble/share/eigen_stl_containers/cmake)
[0.478s] -- Found eigen3_cmake_module: 0.1.1 (/opt/ros/humble/share/eigen3_cmake_module/cmake)
[0.481s] -- Found Eigen3: TRUE (found version "3.4.0") 
[0.484s] -- Found generate_parameter_library: 0.6.0 (/opt/ros/humble/share/generate_parameter_library/cmake)
[0.487s] -- Found parameter_traits: 0.6.0 (/opt/ros/humble/share/parameter_traits/cmake)
[0.516s] -- Found rosidl_generator_c: 3.1.8 (/opt/ros/humble/share/rosidl_generator_c/cmake)
[0.520s] -- Found rosidl_adapter: 3.1.8 (/opt/ros/humble/share/rosidl_adapter/cmake)
[0.526s] -- Found rosidl_generator_cpp: 3.1.8 (/opt/ros/humble/share/rosidl_generator_cpp/cmake)
[0.535s] -- Using all available rosidl_typesupport_c: rosidl_typesupport_fastrtps_c;rosidl_typesupport_introspection_c
[0.548s] -- Using all available rosidl_typesupport_cpp: rosidl_typesupport_fastrtps_cpp;rosidl_typesupport_introspection_cpp
[0.580s] -- Found rmw_implementation_cmake: 6.1.2 (/opt/ros/humble/share/rmw_implementation_cmake/cmake)
[0.582s] -- Found rmw_fastrtps_cpp: 6.2.9 (/opt/ros/humble/share/rmw_fastrtps_cpp/cmake)
[0.655s] -- Found OpenSSL: /usr/lib/x86_64-linux-gnu/libcrypto.so (found version "3.0.2")  
[0.685s] -- Found FastRTPS: /opt/ros/humble/include  
[0.736s] -- Using RMW implementation 'rmw_fastrtps_cpp' as default
[0.748s] -- Looking for C++ include pthread.h
[0.878s] -- Looking for C++ include pthread.h - found
[0.879s] -- Performing Test CMAKE_HAVE_LIBC_PTHREAD
[1.062s] -- Performing Test CMAKE_HAVE_LIBC_PTHREAD - Success
[1.063s] -- Found Threads: TRUE  
[1.238s] -- Found rclcpp_lifecycle: 16.0.17 (/opt/ros/humble/share/rclcpp_lifecycle/cmake)
[1.295s] -- Found geometric_shapes: 2.3.2 (/opt/ros/humble/share/geometric_shapes/cmake)
[1.336s] -- Found Boost: /usr/lib/x86_64-linux-gnu/cmake/Boost-1.74.0/BoostConfig.cmake (found version "1.74.0") found components: filesystem 
[1.579s] -- library: /usr/lib/x86_64-linux-gnu/libcurl.so
[1.769s] -- Found kdl_parser: 2.6.4 (/opt/ros/humble/share/kdl_parser/cmake)
[1.798s] -- Ensuring Eigen3 include directory is part of orocos-kdl CMake target
[1.817s] -- Found moveit_msgs: 2.2.1 (/opt/ros/humble/share/moveit_msgs/cmake)
[2.159s] -- Found pluginlib: 5.1.3 (/opt/ros/humble/share/pluginlib/cmake)
[2.196s] -- Found srdfdom: 2.0.8 (/home/aaron/ur_ws/install/srdfdom/share/srdfdom/cmake)
[2.240s] -- Found tf2_eigen: 0.25.18 (/opt/ros/humble/share/tf2_eigen/cmake)
[2.357s] -- Found tf2_geometry_msgs: 0.25.18 (/opt/ros/humble/share/tf2_geometry_msgs/cmake)
[2.372s] -- Found tf2_kdl: 0.25.18 (/opt/ros/humble/share/tf2_kdl/cmake)
[2.477s] -- Found Boost: /usr/lib/x86_64-linux-gnu/cmake/Boost-1.74.0/BoostConfig.cmake (found version "1.74.0") found components: chrono date_time filesystem iostreams program_options regex serialization system thread 
[2.482s] --  *** Building MoveIt 2.5.9-Alpha ***
[2.495s] -- Performing Test COMPILER_HAS_HIDDEN_VISIBILITY
[2.603s] -- Performing Test COMPILER_HAS_HIDDEN_VISIBILITY - Success
[2.603s] -- Performing Test COMPILER_HAS_HIDDEN_INLINE_VISIBILITY
[2.682s] -- Performing Test COMPILER_HAS_HIDDEN_INLINE_VISIBILITY - Success
[2.682s] -- Performing Test COMPILER_HAS_DEPRECATED_ATTR
[2.770s] -- Performing Test COMPILER_HAS_DEPRECATED_ATTR - Success
[2.773s] -- Found ament_cmake_gtest: 1.3.12 (/opt/ros/humble/share/ament_cmake_gtest/cmake)
[2.775s] -- Found gtest sources under '/opt/ros/humble/src/gtest_vendor': C++ tests using 'Google Test' will be built
[2.808s] -- The C compiler identification is GNU 11.4.0
[2.814s] -- Detecting C compiler ABI info
[2.888s] -- Detecting C compiler ABI info - done
[2.893s] -- Check for working C compiler: /usr/bin/cc - skipped
[2.893s] -- Detecting C compile features
[2.893s] -- Detecting C compile features - done
[2.901s] -- Found ament_cmake_gmock: 1.3.12 (/opt/ros/humble/share/ament_cmake_gmock/cmake)
[2.905s] -- Found gmock sources under '/opt/ros/humble/src/gmock_vendor': C++ tests using 'Google Mock' will be built
[2.907s] -- Found ament_cmake_gtest: 1.3.12 (/opt/ros/humble/share/ament_cmake_gtest/cmake)
[2.907s] -- Found gtest sources under '/opt/ros/humble/src/gtest_vendor': C++ tests using 'Google Test' will be built
[2.914s] -- Found ament_cmake_gtest: 1.3.12 (/opt/ros/humble/share/ament_cmake_gtest/cmake)
[2.914s] -- Found gtest sources under '/opt/ros/humble/src/gtest_vendor': C++ tests using 'Google Test' will be built
[2.929s] -- Found ament_cmake_gtest: 1.3.12 (/opt/ros/humble/share/ament_cmake_gtest/cmake)
[2.929s] -- Found gtest sources under '/opt/ros/humble/src/gtest_vendor': C++ tests using 'Google Test' will be built
[2.940s] -- Found ament_lint_auto: 0.12.14 (/opt/ros/humble/share/ament_lint_auto/cmake)
[2.940s] -- Found ament_cmake_gtest: 1.3.12 (/opt/ros/humble/share/ament_cmake_gtest/cmake)
[2.941s] -- Found gtest sources under '/opt/ros/humble/src/gtest_vendor': C++ tests using 'Google Test' will be built
[2.956s] -- Found ament_cmake_gtest: 1.3.12 (/opt/ros/humble/share/ament_cmake_gtest/cmake)
[2.957s] -- Found gtest sources under '/opt/ros/humble/src/gtest_vendor': C++ tests using 'Google Test' will be built
[2.965s] -- Found ament_cmake_gtest: 1.3.12 (/opt/ros/humble/share/ament_cmake_gtest/cmake)
[2.965s] -- Found gtest sources under '/opt/ros/humble/src/gtest_vendor': C++ tests using 'Google Test' will be built
[2.971s] -- Found ament_cmake_gtest: 1.3.12 (/opt/ros/humble/share/ament_cmake_gtest/cmake)
[2.971s] -- Found gmock sources under '/opt/ros/humble/src/gmock_vendor': C++ tests using 'Google Mock' will be built
[2.972s] -- Found gtest sources under '/opt/ros/humble/src/gtest_vendor': C++ tests using 'Google Test' will be built
[2.980s] -- Found gtest sources under '/opt/ros/humble/src/gtest_vendor': C++ tests using 'Google Test' will be built
[2.986s] -- Found gtest sources under '/opt/ros/humble/src/gtest_vendor': C++ tests using 'Google Test' will be built
[2.995s] -- Found ament_cmake_gtest: 1.3.12 (/opt/ros/humble/share/ament_cmake_gtest/cmake)
[2.995s] -- Found gtest sources under '/opt/ros/humble/src/gtest_vendor': C++ tests using 'Google Test' will be built
[3.008s] -- Found gtest sources under '/opt/ros/humble/src/gtest_vendor': C++ tests using 'Google Test' will be built
[3.017s] -- Found gtest sources under '/opt/ros/humble/src/gtest_vendor': C++ tests using 'Google Test' will be built
[3.026s] -- Found gtest sources under '/opt/ros/humble/src/gtest_vendor': C++ tests using 'Google Test' will be built
[3.031s] -- Found ament_lint_auto: 0.12.14 (/opt/ros/humble/share/ament_lint_auto/cmake)
[3.052s] -- Added test 'cppcheck' to perform static code analysis on C / C++ code
[3.053s] -- Configured cppcheck include dirs: /home/aaron/ur_ws/src/moveit2/moveit_core/exceptions/include;/home/aaron/ur_ws/src/moveit2/moveit_core/collision_detection/include;/home/aaron/ur_ws/src/moveit2/moveit_core/collision_detection_fcl/include;/home/aaron/ur_ws/src/moveit2/moveit_core/collision_detection_bullet/include;/home/aaron/ur_ws/src/moveit2/moveit_core/constraint_samplers/include;/home/aaron/ur_ws/src/moveit2/moveit_core/controller_manager/include;/home/aaron/ur_ws/src/moveit2/moveit_core/distance_field/include;/home/aaron/ur_ws/src/moveit2/moveit_core/collision_distance_field/include;/home/aaron/ur_ws/src/moveit2/moveit_core/dynamics_solver/include;/home/aaron/ur_ws/src/moveit2/moveit_core/kinematics_base/include;/home/aaron/ur_ws/src/moveit2/moveit_core/kinematics_metrics/include;/home/aaron/ur_ws/src/moveit2/moveit_core/robot_model/include;/home/aaron/ur_ws/src/moveit2/moveit_core/transforms/include;/home/aaron/ur_ws/src/moveit2/moveit_core/robot_state/include;/home/aaron/ur_ws/src/moveit2/moveit_core/robot_trajectory/include;/home/aaron/ur_ws/src/moveit2/moveit_core/kinematic_constraints/include;/home/aaron/ur_ws/src/moveit2/moveit_core/macros/include;/home/aaron/ur_ws/src/moveit2/moveit_core/online_signal_smoothing/include;/home/aaron/ur_ws/src/moveit2/moveit_core/planning_interface/include;/home/aaron/ur_ws/src/moveit2/moveit_core/planning_request_adapter/include;/home/aaron/ur_ws/src/moveit2/moveit_core/planning_scene/include;/home/aaron/ur_ws/src/moveit2/moveit_core/sensor_manager/include;/home/aaron/ur_ws/src/moveit2/moveit_core/trajectory_processing/include;/home/aaron/ur_ws/src/moveit2/moveit_core/utils/include
[3.053s] -- Configured cppcheck exclude dirs and/or files: 
[3.055s] -- Added test 'pep257' to check Python code against some of the docstring style conventions in PEP 257
[3.056s] -- Added test 'xmllint' to check XML markup files
[3.058s] -- Configuring done
[3.434s] -- Generating done
[3.550s] -- Build files have been written to: /home/aaron/ur_ws/build/moveit_core
