[  2%] Built target gtest
[  3%] Built target moveit_butterworth_parameters
[  4%] Built target moveit_version
[  5%] Built target moveit_exceptions
[  6%] Built target gmock_main
[  8%] Built target gmock
[ 10%] Built target gtest_main
[ 10%] Built target moveit_transforms
[ 11%] Built target moveit_kinematics_base
[ 12%] Built target moveit_smoothing_base
[ 15%] Built target moveit_utils
[ 18%] Built target moveit_distance_field
[ 19%] Built target test_transforms
[ 20%] Built target test_distance_field
[ 21%] Built target test_voxel_grid
[ 27%] Built target moveit_robot_model
[ 29%] Built target moveit_test_utils
[ 30%] Built target moveit_butterworth_filter
[ 33%] Built target moveit_robot_state
[ 34%] Built target test_robot_model
[ 35%] Built target test_butterworth_filter
[ 36%] Built target test_cartesian_interpolator
[ 37%] Built target test_robot_state_complex
[ 38%] Built target moveit_dynamics_solver
[ 40%] Built target test_robot_state
[ 41%] Built target moveit_kinematics_metrics
[ 43%] Built target moveit_robot_trajectory
[ 43%] Built target test_robot_state_benchmark
[ 44%] Built target test_aabb
[ 49%] Built target moveit_collision_detection
[ 52%] Built target moveit_planning_interface
[ 52%] Built target test_robot_trajectory
[ 55%] Built target moveit_trajectory_processing
[ 56%] Built target test_world
[ 58%] Built target test_world_diff
[ 59%] Built target test_all_valid
[ 61%] Built target moveit_collision_detection_fcl
[ 63%] Built target test_ruckig_traj_smoothing
[ 65%] Built target test_time_optimal_trajectory_generation
[ 65%] Built target test_time_parameterization
[ 70%] Built target moveit_collision_detection_bullet
[ 73%] Built target test_fcl_collision_detection_panda
[ 73%] Built target test_fcl_collision_env
[ 74%] Built target test_bullet_continuous_collision_checking
[ 75%] Built target test_bullet_collision_detection
[ 76%] Built target test_fcl_collision_detection
[ 78%] Built target moveit_kinematic_constraints
[ 80%] Built target test_bullet_collision_detection_panda
[ 82%] Built target test_constraints
[ 82%] Built target test_orientation_constraints
[ 84%] Built target moveit_planning_scene
[ 85%] Built target test_multi_threaded
[ 86%] Built target test_collision_objects
[ 87%] Built target collision_detector_bullet_plugin
[ 88%] Built target test_planning_scene
[ 89%] Built target moveit_planning_request_adapter
[ 92%] Built target moveit_constraint_samplers
[ 93%] Built target collision_detector_fcl_plugin
[ 96%] Built target moveit_collision_distance_field
[ 99%] Built target test_constraint_samplers
[100%] Built target test_collision_distance_field
