[0.016s] Invoking command in '/home/aaron/ur_ws/build/moveit_core': AMENT_PREFIX_PATH=/home/aaron/ur_ws/install/moveit_resources_panda_moveit_config:/home/aaron/ur_ws/install/srdfdom:/home/aaron/ur_ws/install/moveit_resources_pr2_description:/home/aaron/ur_ws/install/moveit_resources_panda_description:/home/aaron/ur_ws/install/moveit_common:${AMENT_PREFIX_PATH} CMAKE_PREFIX_PATH=/home/aaron/ur_ws/install/moveit_resources_panda_moveit_config:/home/aaron/ur_ws/install/srdfdom:/home/aaron/ur_ws/install/moveit_resources_pr2_description:/home/aaron/ur_ws/install/moveit_resources_panda_description:/home/aaron/ur_ws/install/moveit_common:/opt/ros/humble LD_LIBRARY_PATH=/home/aaron/ur_ws/install/srdfdom/lib:${LD_LIBRARY_PATH} PYTHONPATH=/home/aaron/ur_ws/install/srdfdom/local/lib/python3.10/dist-packages:${PYTHONPATH} /usr/bin/cmake --build /home/aaron/ur_ws/build/moveit_core -- -j20 -l20
[0.072s] [  2%] Built target gtest
[0.073s] [  3%] Built target moveit_butterworth_parameters
[0.073s] [  4%] Built target moveit_version
[0.073s] [  5%] Built target moveit_exceptions
[0.075s] [  6%] Built target gmock_main
[0.076s] [  8%] Built target gmock
[0.078s] [ 10%] Built target gtest_main
[0.078s] [ 10%] Built target moveit_transforms
[0.078s] [ 11%] Built target moveit_kinematics_base
[0.078s] [ 12%] Built target moveit_smoothing_base
[0.081s] [ 15%] Built target moveit_utils
[0.083s] [ 18%] Built target moveit_distance_field
[0.099s] [ 19%] Built target test_transforms
[0.106s] [ 20%] Built target test_distance_field
[0.110s] [ 21%] Built target test_voxel_grid
[0.115s] [ 27%] Built target moveit_robot_model
[0.141s] [ 29%] Built target moveit_test_utils
[0.144s] [ 30%] Built target moveit_butterworth_filter
[0.148s] [ 33%] Built target moveit_robot_state
[0.168s] [ 34%] Built target test_robot_model
[0.170s] [ 35%] Built target test_butterworth_filter
[0.173s] [ 36%] Built target test_cartesian_interpolator
[0.174s] [ 37%] Built target test_robot_state_complex
[0.177s] [ 38%] Built target moveit_dynamics_solver
[0.179s] [ 40%] Built target test_robot_state
[0.179s] [ 41%] Built target moveit_kinematics_metrics
[0.179s] [ 43%] Built target moveit_robot_trajectory
[0.179s] [ 43%] Built target test_robot_state_benchmark
[0.181s] [ 44%] Built target test_aabb
[0.189s] [ 49%] Built target moveit_collision_detection
[0.200s] [ 52%] Built target moveit_planning_interface
[0.200s] [ 52%] Built target test_robot_trajectory
[0.206s] [ 55%] Built target moveit_trajectory_processing
[0.206s] [ 56%] Built target test_world
[0.208s] [ 58%] Built target test_world_diff
[0.219s] [ 59%] Built target test_all_valid
[0.219s] [ 61%] Built target moveit_collision_detection_fcl
[0.227s] [ 63%] Built target test_ruckig_traj_smoothing
[0.227s] [ 65%] Built target test_time_optimal_trajectory_generation
[0.227s] [ 65%] Built target test_time_parameterization
[0.228s] [ 70%] Built target moveit_collision_detection_bullet
[0.245s] [ 73%] Built target test_fcl_collision_detection_panda
[0.245s] [ 73%] Built target test_fcl_collision_env
[0.252s] [ 74%] Built target test_bullet_continuous_collision_checking
[0.253s] [ 75%] Built target test_bullet_collision_detection
[0.254s] [ 76%] Built target test_fcl_collision_detection
[0.256s] [ 78%] Built target moveit_kinematic_constraints
[0.262s] [ 80%] Built target test_bullet_collision_detection_panda
[0.280s] [ 82%] Built target test_constraints
[0.280s] [ 82%] Built target test_orientation_constraints
[0.285s] [ 84%] Built target moveit_planning_scene
[0.311s] [ 85%] Built target test_multi_threaded
[0.311s] [ 86%] Built target test_collision_objects
[0.312s] [ 87%] Built target collision_detector_bullet_plugin
[0.314s] [ 88%] Built target test_planning_scene
[0.314s] [ 89%] Built target moveit_planning_request_adapter
[0.317s] [ 92%] Built target moveit_constraint_samplers
[0.318s] [ 93%] Built target collision_detector_fcl_plugin
[0.328s] [ 96%] Built target moveit_collision_distance_field
[0.351s] [ 99%] Built target test_constraint_samplers
[0.360s] [100%] Built target test_collision_distance_field
