[0.048s] Invoking command in '/home/aaron/ur_ws/build/moveit_task_constructor_core': AMENT_PREFIX_PATH=/home/aaron/ur_ws/install/moveit_planners:/home/aaron/ur_ws/install/pilz_industrial_motion_planner:/home/aaron/ur_ws/install/moveit_resources_prbt_pg70_support:/home/aaron/ur_ws/install/moveit_ros_planning_interface:/home/aaron/ur_ws/install/moveit_resources_prbt_moveit_config:/home/aaron/ur_ws/install/moveit_ros_move_group:/home/aaron/ur_ws/install/moveit_ros_warehouse:/home/aaron/ur_ws/install/moveit_planners_ompl:/home/aaron/ur_ws/install/moveit_kinematics:/home/aaron/ur_ws/install/moveit_ros_planning:/home/aaron/ur_ws/install/moveit_planners_chomp:/home/aaron/ur_ws/install/pilz_industrial_motion_planner_testutils:/home/aaron/ur_ws/install/moveit_simple_controller_manager:/home/aaron/ur_ws/install/moveit_ros_occupancy_map_monitor:/home/aaron/ur_ws/install/moveit_resources_prbt_ikfast_manipulator_plugin:/home/aaron/ur_ws/install/chomp_motion_planner:/home/aaron/ur_ws/install/moveit_core:/home/aaron/ur_ws/install/rviz_marker_tools:/home/aaron/ur_ws/install/moveit_resources_panda_moveit_config:/home/aaron/ur_ws/install/moveit_resources_fanuc_moveit_config:/home/aaron/ur_ws/install/moveit_configs_utils:/home/aaron/ur_ws/install/srdfdom:/home/aaron/ur_ws/install/moveit_task_constructor_msgs:/home/aaron/ur_ws/install/moveit_resources_prbt_support:/home/aaron/ur_ws/install/moveit_resources_pr2_description:/home/aaron/ur_ws/install/moveit_resources_panda_description:/home/aaron/ur_ws/install/moveit_resources_fanuc_description:/home/aaron/ur_ws/install/moveit_common:/home/aaron/ur_ws/install/launch_param_builder:${AMENT_PREFIX_PATH} CMAKE_PREFIX_PATH=/home/aaron/ur_ws/install/moveit_planners:/home/aaron/ur_ws/install/pilz_industrial_motion_planner:/home/aaron/ur_ws/install/moveit_resources_prbt_pg70_support:/home/aaron/ur_ws/install/moveit_ros_planning_interface:/home/aaron/ur_ws/install/moveit_resources_prbt_moveit_config:/home/aaron/ur_ws/install/moveit_ros_move_group:/home/aaron/ur_ws/install/moveit_ros_warehouse:/home/aaron/ur_ws/install/moveit_planners_ompl:/home/aaron/ur_ws/install/moveit_kinematics:/home/aaron/ur_ws/install/moveit_ros_planning:/home/aaron/ur_ws/install/moveit_planners_chomp:/home/aaron/ur_ws/install/pilz_industrial_motion_planner_testutils:/home/aaron/ur_ws/install/moveit_simple_controller_manager:/home/aaron/ur_ws/install/moveit_ros_occupancy_map_monitor:/home/aaron/ur_ws/install/moveit_resources_prbt_ikfast_manipulator_plugin:/home/aaron/ur_ws/install/chomp_motion_planner:/home/aaron/ur_ws/install/moveit_core:/home/aaron/ur_ws/install/rviz_marker_tools:/home/aaron/ur_ws/install/moveit_resources_panda_moveit_config:/home/aaron/ur_ws/install/moveit_resources_fanuc_moveit_config:/home/aaron/ur_ws/install/srdfdom:/home/aaron/ur_ws/install/moveit_task_constructor_msgs:/home/aaron/ur_ws/install/moveit_resources_prbt_support:/home/aaron/ur_ws/install/moveit_resources_pr2_description:/home/aaron/ur_ws/install/moveit_resources_panda_description:/home/aaron/ur_ws/install/moveit_resources_fanuc_description:/home/aaron/ur_ws/install/moveit_common:/opt/ros/humble LD_LIBRARY_PATH=/home/aaron/ur_ws/install/pilz_industrial_motion_planner/lib:/home/aaron/ur_ws/install/moveit_ros_planning_interface/lib:/home/aaron/ur_ws/install/moveit_ros_move_group/lib:/home/aaron/ur_ws/install/moveit_ros_warehouse/lib:/home/aaron/ur_ws/install/moveit_planners_ompl/lib:/home/aaron/ur_ws/install/moveit_kinematics/lib:/home/aaron/ur_ws/install/moveit_ros_planning/lib:/home/aaron/ur_ws/install/moveit_planners_chomp/lib:/home/aaron/ur_ws/install/pilz_industrial_motion_planner_testutils/lib:/home/aaron/ur_ws/install/moveit_simple_controller_manager/lib:/home/aaron/ur_ws/install/moveit_ros_occupancy_map_monitor/lib:/home/aaron/ur_ws/install/moveit_resources_prbt_ikfast_manipulator_plugin/lib:/home/aaron/ur_ws/install/chomp_motion_planner/lib:/home/aaron/ur_ws/install/moveit_core/lib:/home/aaron/ur_ws/install/rviz_marker_tools/lib:/home/aaron/ur_ws/install/srdfdom/lib:/home/aaron/ur_ws/install/moveit_task_constructor_msgs/lib:${LD_LIBRARY_PATH} PATH=/home/aaron/ur_ws/install/moveit_core/bin:${PATH} PYTHONPATH=/home/aaron/ur_ws/install/moveit_configs_utils/lib/python3.10/site-packages:/home/aaron/ur_ws/install/srdfdom/local/lib/python3.10/dist-packages:/home/aaron/ur_ws/install/moveit_task_constructor_msgs/local/lib/python3.10/dist-packages:/home/aaron/ur_ws/install/launch_param_builder/lib/python3.10/site-packages:${PYTHONPATH} /usr/bin/cmake /home/aaron/ur_ws/src/moveit_task_constructor/core -DCMAKE_INSTALL_PREFIX=/home/aaron/ur_ws/install/moveit_task_constructor_core
[0.057s] -- Found ament_cmake: 1.3.12 (/opt/ros/humble/share/ament_cmake/cmake)
[0.173s] -- Found Boost: /usr/lib/x86_64-linux-gnu/cmake/Boost-1.74.0/BoostConfig.cmake (found version "1.74.0")  
[0.174s] -- Found geometry_msgs: 4.9.0 (/opt/ros/humble/share/geometry_msgs/cmake)
[0.199s] -- Found rosidl_generator_c: 3.1.8 (/opt/ros/humble/share/rosidl_generator_c/cmake)
[0.202s] -- Found rosidl_adapter: 3.1.8 (/opt/ros/humble/share/rosidl_adapter/cmake)
[0.207s] -- Found rosidl_generator_cpp: 3.1.8 (/opt/ros/humble/share/rosidl_generator_cpp/cmake)
[0.216s] -- Using all available rosidl_typesupport_c: rosidl_typesupport_fastrtps_c;rosidl_typesupport_introspection_c
[0.228s] -- Using all available rosidl_typesupport_cpp: rosidl_typesupport_fastrtps_cpp;rosidl_typesupport_introspection_cpp
[0.265s] -- Found moveit_common: 2.5.9 (/home/aaron/ur_ws/install/moveit_common/share/moveit_common/cmake)
[0.324s] [0mmoveit_task_constructor_core: You did not request a specific build type: Choosing 'Release' for maximum performance[0m
[0.324s] -- Found moveit_core: 2.5.9 (/home/aaron/ur_ws/install/moveit_core/share/moveit_core/cmake)
[0.340s] -- Found Boost: /usr/lib/x86_64-linux-gnu/cmake/Boost-1.74.0/BoostConfig.cmake (found version "1.74.0") found components: chrono date_time filesystem iostreams program_options regex serialization system thread 
[0.368s] -- Found parameter_traits: 0.6.0 (/opt/ros/humble/share/parameter_traits/cmake)
[0.395s] -- Found rmw_implementation_cmake: 6.1.2 (/opt/ros/humble/share/rmw_implementation_cmake/cmake)
[0.397s] -- Found rmw_fastrtps_cpp: 6.2.9 (/opt/ros/humble/share/rmw_fastrtps_cpp/cmake)
[0.510s] -- Using RMW implementation 'rmw_fastrtps_cpp' as default
[0.552s] -- Found rclcpp_lifecycle: 16.0.17 (/opt/ros/humble/share/rclcpp_lifecycle/cmake)
[0.573s] -- Found Boost: /usr/lib/x86_64-linux-gnu/cmake/Boost-1.74.0/BoostConfig.cmake (found version "1.74.0") found components: filesystem 
[0.617s] -- library: /usr/lib/x86_64-linux-gnu/libcurl.so
[0.671s] -- Ensuring Eigen3 include directory is part of orocos-kdl CMake target
[0.870s] -- Found moveit_ros_planning: 2.5.9 (/home/aaron/ur_ws/install/moveit_ros_planning/share/moveit_ros_planning/cmake)
[0.876s] -- Found Boost: /usr/lib/x86_64-linux-gnu/cmake/Boost-1.74.0/BoostConfig.cmake (found version "1.74.0") found components: system filesystem date_time program_options thread chrono 
[0.898s] -- Found moveit_ros_planning_interface: 2.5.9 (/home/aaron/ur_ws/install/moveit_ros_planning_interface/share/moveit_ros_planning_interface/cmake)
[0.903s] -- Found Boost: /usr/lib/x86_64-linux-gnu/cmake/Boost-1.74.0/BoostConfig.cmake (found version "1.74.0") found components: date_time filesystem program_options system thread 
[0.916s] -- Found Boost: /usr/lib/x86_64-linux-gnu/cmake/Boost-1.74.0/BoostConfig.cmake (found version "1.74.0") found components: thread system filesystem regex date_time program_options 
[0.936s] -- Found Boost: /usr/lib/x86_64-linux-gnu/cmake/Boost-1.74.0/BoostConfig.cmake (found version "1.74.0") found components: system filesystem date_time program_options thread 
[0.963s] -- Found moveit_task_constructor_msgs: 0.1.3 (/home/aaron/ur_ws/install/moveit_task_constructor_msgs/share/moveit_task_constructor_msgs/cmake)
[0.992s] -- Found py_binding_tools: 2.0.1 (/opt/ros/humble/share/py_binding_tools/cmake)
[0.999s] -- Found rviz_marker_tools: 0.1.3 (/home/aaron/ur_ws/install/rviz_marker_tools/share/rviz_marker_tools/cmake)
[1.297s] -- Found Python3: /usr/bin/python3 (found version "3.10.12") found components: Interpreter Development Development.Module Development.Embed 
[1.305s] -- pybind11 v2.13.0 dev1
[1.332s] -- Found PythonInterp: /usr/bin/python3 (found suitable version "3.10.12", minimum required is "3.6") 
[1.356s] -- Found PythonLibs: /usr/lib/x86_64-linux-gnu/libpython3.10.so
[1.357s] -- Performing Test HAS_FLTO
[1.583s] -- Performing Test HAS_FLTO - Success
[1.595s] -- Found ament_cmake_pytest: 1.3.12 (/opt/ros/humble/share/ament_cmake_pytest/cmake)
[1.599s] -- Found launch_testing_ament_cmake: 1.0.13 (/opt/ros/humble/share/launch_testing_ament_cmake/cmake)
[1.602s] -- Found python_cmake_module: 0.10.0 (/opt/ros/humble/share/python_cmake_module/cmake)
[1.667s] -- Found PythonLibs: /usr/lib/x86_64-linux-gnu/libpython3.10.so (found suitable version "3.10.12", minimum required is "3.5") 
[1.667s] -- Using PYTHON_EXECUTABLE: /usr/bin/python3
[1.667s] -- Using PYTHON_INCLUDE_DIRS: /usr/include/python3.10
[1.668s] -- Using PYTHON_LIBRARIES: /usr/lib/x86_64-linux-gnu/libpython3.10.so
[1.697s] -- Found PythonExtra: .so  
[2.092s] -- Found ament_cmake_gtest: 1.3.12 (/opt/ros/humble/share/ament_cmake_gtest/cmake)
[2.096s] -- Found ament_cmake_gmock: 1.3.12 (/opt/ros/humble/share/ament_cmake_gmock/cmake)
[2.097s] -- Found launch_testing_ament_cmake: 1.0.13 (/opt/ros/humble/share/launch_testing_ament_cmake/cmake)
[2.097s] -- Found python_cmake_module: 0.10.0 (/opt/ros/humble/share/python_cmake_module/cmake)
[2.122s] -- Using PYTHON_EXECUTABLE: /usr/bin/python3
[2.123s] -- Using PYTHON_INCLUDE_DIRS: /usr/include/python3.10
[2.123s] -- Using PYTHON_LIBRARIES: /usr/lib/x86_64-linux-gnu/libpython3.10.so
[2.127s] -- Found gmock sources under '/opt/ros/humble/src/gmock_vendor': C++ tests using 'Google Mock' will be built
[2.135s] -- Found gtest sources under '/opt/ros/humble/src/gtest_vendor': C++ tests using 'Google Test' will be built
[2.162s] -- Configuring done
[2.490s] -- Generating done
[2.581s] -- Build files have been written to: /home/aaron/ur_ws/build/moveit_task_constructor_core
[2.604s] Invoked command in '/home/aaron/ur_ws/build/moveit_task_constructor_core' returned '0': AMENT_PREFIX_PATH=/home/aaron/ur_ws/install/moveit_planners:/home/aaron/ur_ws/install/pilz_industrial_motion_planner:/home/aaron/ur_ws/install/moveit_resources_prbt_pg70_support:/home/aaron/ur_ws/install/moveit_ros_planning_interface:/home/aaron/ur_ws/install/moveit_resources_prbt_moveit_config:/home/aaron/ur_ws/install/moveit_ros_move_group:/home/aaron/ur_ws/install/moveit_ros_warehouse:/home/aaron/ur_ws/install/moveit_planners_ompl:/home/aaron/ur_ws/install/moveit_kinematics:/home/aaron/ur_ws/install/moveit_ros_planning:/home/aaron/ur_ws/install/moveit_planners_chomp:/home/aaron/ur_ws/install/pilz_industrial_motion_planner_testutils:/home/aaron/ur_ws/install/moveit_simple_controller_manager:/home/aaron/ur_ws/install/moveit_ros_occupancy_map_monitor:/home/aaron/ur_ws/install/moveit_resources_prbt_ikfast_manipulator_plugin:/home/aaron/ur_ws/install/chomp_motion_planner:/home/aaron/ur_ws/install/moveit_core:/home/aaron/ur_ws/install/rviz_marker_tools:/home/aaron/ur_ws/install/moveit_resources_panda_moveit_config:/home/aaron/ur_ws/install/moveit_resources_fanuc_moveit_config:/home/aaron/ur_ws/install/moveit_configs_utils:/home/aaron/ur_ws/install/srdfdom:/home/aaron/ur_ws/install/moveit_task_constructor_msgs:/home/aaron/ur_ws/install/moveit_resources_prbt_support:/home/aaron/ur_ws/install/moveit_resources_pr2_description:/home/aaron/ur_ws/install/moveit_resources_panda_description:/home/aaron/ur_ws/install/moveit_resources_fanuc_description:/home/aaron/ur_ws/install/moveit_common:/home/aaron/ur_ws/install/launch_param_builder:${AMENT_PREFIX_PATH} CMAKE_PREFIX_PATH=/home/aaron/ur_ws/install/moveit_planners:/home/aaron/ur_ws/install/pilz_industrial_motion_planner:/home/aaron/ur_ws/install/moveit_resources_prbt_pg70_support:/home/aaron/ur_ws/install/moveit_ros_planning_interface:/home/aaron/ur_ws/install/moveit_resources_prbt_moveit_config:/home/aaron/ur_ws/install/moveit_ros_move_group:/home/aaron/ur_ws/install/moveit_ros_warehouse:/home/aaron/ur_ws/install/moveit_planners_ompl:/home/aaron/ur_ws/install/moveit_kinematics:/home/aaron/ur_ws/install/moveit_ros_planning:/home/aaron/ur_ws/install/moveit_planners_chomp:/home/aaron/ur_ws/install/pilz_industrial_motion_planner_testutils:/home/aaron/ur_ws/install/moveit_simple_controller_manager:/home/aaron/ur_ws/install/moveit_ros_occupancy_map_monitor:/home/aaron/ur_ws/install/moveit_resources_prbt_ikfast_manipulator_plugin:/home/aaron/ur_ws/install/chomp_motion_planner:/home/aaron/ur_ws/install/moveit_core:/home/aaron/ur_ws/install/rviz_marker_tools:/home/aaron/ur_ws/install/moveit_resources_panda_moveit_config:/home/aaron/ur_ws/install/moveit_resources_fanuc_moveit_config:/home/aaron/ur_ws/install/srdfdom:/home/aaron/ur_ws/install/moveit_task_constructor_msgs:/home/aaron/ur_ws/install/moveit_resources_prbt_support:/home/aaron/ur_ws/install/moveit_resources_pr2_description:/home/aaron/ur_ws/install/moveit_resources_panda_description:/home/aaron/ur_ws/install/moveit_resources_fanuc_description:/home/aaron/ur_ws/install/moveit_common:/opt/ros/humble LD_LIBRARY_PATH=/home/aaron/ur_ws/install/pilz_industrial_motion_planner/lib:/home/aaron/ur_ws/install/moveit_ros_planning_interface/lib:/home/aaron/ur_ws/install/moveit_ros_move_group/lib:/home/aaron/ur_ws/install/moveit_ros_warehouse/lib:/home/aaron/ur_ws/install/moveit_planners_ompl/lib:/home/aaron/ur_ws/install/moveit_kinematics/lib:/home/aaron/ur_ws/install/moveit_ros_planning/lib:/home/aaron/ur_ws/install/moveit_planners_chomp/lib:/home/aaron/ur_ws/install/pilz_industrial_motion_planner_testutils/lib:/home/aaron/ur_ws/install/moveit_simple_controller_manager/lib:/home/aaron/ur_ws/install/moveit_ros_occupancy_map_monitor/lib:/home/aaron/ur_ws/install/moveit_resources_prbt_ikfast_manipulator_plugin/lib:/home/aaron/ur_ws/install/chomp_motion_planner/lib:/home/aaron/ur_ws/install/moveit_core/lib:/home/aaron/ur_ws/install/rviz_marker_tools/lib:/home/aaron/ur_ws/install/srdfdom/lib:/home/aaron/ur_ws/install/moveit_task_constructor_msgs/lib:${LD_LIBRARY_PATH} PATH=/home/aaron/ur_ws/install/moveit_core/bin:${PATH} PYTHONPATH=/home/aaron/ur_ws/install/moveit_configs_utils/lib/python3.10/site-packages:/home/aaron/ur_ws/install/srdfdom/local/lib/python3.10/dist-packages:/home/aaron/ur_ws/install/moveit_task_constructor_msgs/local/lib/python3.10/dist-packages:/home/aaron/ur_ws/install/launch_param_builder/lib/python3.10/site-packages:${PYTHONPATH} /usr/bin/cmake /home/aaron/ur_ws/src/moveit_task_constructor/core -DCMAKE_INSTALL_PREFIX=/home/aaron/ur_ws/install/moveit_task_constructor_core
[2.605s] Invoking command in '/home/aaron/ur_ws/build/moveit_task_constructor_core': AMENT_PREFIX_PATH=/home/aaron/ur_ws/install/moveit_planners:/home/aaron/ur_ws/install/pilz_industrial_motion_planner:/home/aaron/ur_ws/install/moveit_resources_prbt_pg70_support:/home/aaron/ur_ws/install/moveit_ros_planning_interface:/home/aaron/ur_ws/install/moveit_resources_prbt_moveit_config:/home/aaron/ur_ws/install/moveit_ros_move_group:/home/aaron/ur_ws/install/moveit_ros_warehouse:/home/aaron/ur_ws/install/moveit_planners_ompl:/home/aaron/ur_ws/install/moveit_kinematics:/home/aaron/ur_ws/install/moveit_ros_planning:/home/aaron/ur_ws/install/moveit_planners_chomp:/home/aaron/ur_ws/install/pilz_industrial_motion_planner_testutils:/home/aaron/ur_ws/install/moveit_simple_controller_manager:/home/aaron/ur_ws/install/moveit_ros_occupancy_map_monitor:/home/aaron/ur_ws/install/moveit_resources_prbt_ikfast_manipulator_plugin:/home/aaron/ur_ws/install/chomp_motion_planner:/home/aaron/ur_ws/install/moveit_core:/home/aaron/ur_ws/install/rviz_marker_tools:/home/aaron/ur_ws/install/moveit_resources_panda_moveit_config:/home/aaron/ur_ws/install/moveit_resources_fanuc_moveit_config:/home/aaron/ur_ws/install/moveit_configs_utils:/home/aaron/ur_ws/install/srdfdom:/home/aaron/ur_ws/install/moveit_task_constructor_msgs:/home/aaron/ur_ws/install/moveit_resources_prbt_support:/home/aaron/ur_ws/install/moveit_resources_pr2_description:/home/aaron/ur_ws/install/moveit_resources_panda_description:/home/aaron/ur_ws/install/moveit_resources_fanuc_description:/home/aaron/ur_ws/install/moveit_common:/home/aaron/ur_ws/install/launch_param_builder:${AMENT_PREFIX_PATH} CMAKE_PREFIX_PATH=/home/aaron/ur_ws/install/moveit_planners:/home/aaron/ur_ws/install/pilz_industrial_motion_planner:/home/aaron/ur_ws/install/moveit_resources_prbt_pg70_support:/home/aaron/ur_ws/install/moveit_ros_planning_interface:/home/aaron/ur_ws/install/moveit_resources_prbt_moveit_config:/home/aaron/ur_ws/install/moveit_ros_move_group:/home/aaron/ur_ws/install/moveit_ros_warehouse:/home/aaron/ur_ws/install/moveit_planners_ompl:/home/aaron/ur_ws/install/moveit_kinematics:/home/aaron/ur_ws/install/moveit_ros_planning:/home/aaron/ur_ws/install/moveit_planners_chomp:/home/aaron/ur_ws/install/pilz_industrial_motion_planner_testutils:/home/aaron/ur_ws/install/moveit_simple_controller_manager:/home/aaron/ur_ws/install/moveit_ros_occupancy_map_monitor:/home/aaron/ur_ws/install/moveit_resources_prbt_ikfast_manipulator_plugin:/home/aaron/ur_ws/install/chomp_motion_planner:/home/aaron/ur_ws/install/moveit_core:/home/aaron/ur_ws/install/rviz_marker_tools:/home/aaron/ur_ws/install/moveit_resources_panda_moveit_config:/home/aaron/ur_ws/install/moveit_resources_fanuc_moveit_config:/home/aaron/ur_ws/install/srdfdom:/home/aaron/ur_ws/install/moveit_task_constructor_msgs:/home/aaron/ur_ws/install/moveit_resources_prbt_support:/home/aaron/ur_ws/install/moveit_resources_pr2_description:/home/aaron/ur_ws/install/moveit_resources_panda_description:/home/aaron/ur_ws/install/moveit_resources_fanuc_description:/home/aaron/ur_ws/install/moveit_common:/opt/ros/humble LD_LIBRARY_PATH=/home/aaron/ur_ws/install/pilz_industrial_motion_planner/lib:/home/aaron/ur_ws/install/moveit_ros_planning_interface/lib:/home/aaron/ur_ws/install/moveit_ros_move_group/lib:/home/aaron/ur_ws/install/moveit_ros_warehouse/lib:/home/aaron/ur_ws/install/moveit_planners_ompl/lib:/home/aaron/ur_ws/install/moveit_kinematics/lib:/home/aaron/ur_ws/install/moveit_ros_planning/lib:/home/aaron/ur_ws/install/moveit_planners_chomp/lib:/home/aaron/ur_ws/install/pilz_industrial_motion_planner_testutils/lib:/home/aaron/ur_ws/install/moveit_simple_controller_manager/lib:/home/aaron/ur_ws/install/moveit_ros_occupancy_map_monitor/lib:/home/aaron/ur_ws/install/moveit_resources_prbt_ikfast_manipulator_plugin/lib:/home/aaron/ur_ws/install/chomp_motion_planner/lib:/home/aaron/ur_ws/install/moveit_core/lib:/home/aaron/ur_ws/install/rviz_marker_tools/lib:/home/aaron/ur_ws/install/srdfdom/lib:/home/aaron/ur_ws/install/moveit_task_constructor_msgs/lib:${LD_LIBRARY_PATH} PATH=/home/aaron/ur_ws/install/moveit_core/bin:${PATH} PYTHONPATH=/home/aaron/ur_ws/install/moveit_configs_utils/lib/python3.10/site-packages:/home/aaron/ur_ws/install/srdfdom/local/lib/python3.10/dist-packages:/home/aaron/ur_ws/install/moveit_task_constructor_msgs/local/lib/python3.10/dist-packages:/home/aaron/ur_ws/install/launch_param_builder/lib/python3.10/site-packages:${PYTHONPATH} /usr/bin/cmake --build /home/aaron/ur_ws/build/moveit_task_constructor_core -- -j20 -l20
[2.688s] [  1%] [32mBuilding CXX object gtest/CMakeFiles/gtest.dir/src/gtest-all.cc.o[0m
[2.691s] [  2%] [32mBuilding CXX object src/CMakeFiles/moveit_task_constructor_core.dir/cost_terms.cpp.o[0m
[2.693s] [  3%] [32mBuilding CXX object src/CMakeFiles/moveit_task_constructor_core.dir/container.cpp.o[0m
[2.693s] [  4%] [32mBuilding CXX object gmock/CMakeFiles/gmock.dir/opt/ros/humble/src/gtest_vendor/src/gtest-all.cc.o[0m
[2.695s] [  5%] [32mBuilding CXX object src/CMakeFiles/moveit_task_constructor_core.dir/marker_tools.cpp.o[0m
[2.695s] [  7%] [32mBuilding CXX object gmock/CMakeFiles/gmock.dir/src/gmock-all.cc.o[0m
[2.696s] [  8%] [32mBuilding CXX object src/CMakeFiles/moveit_task_constructor_core.dir/merge.cpp.o[0m
[2.698s] [  9%] [32mBuilding CXX object src/CMakeFiles/moveit_task_constructor_core.dir/stage.cpp.o[0m
[2.699s] [ 10%] [32mBuilding CXX object src/CMakeFiles/moveit_task_constructor_core.dir/utils.cpp.o[0m
[2.700s] [ 11%] [32mBuilding CXX object src/CMakeFiles/moveit_task_constructor_core.dir/solvers/planner_interface.cpp.o[0m
[2.702s] [ 12%] [32mBuilding CXX object src/CMakeFiles/moveit_task_constructor_core.dir/task.cpp.o[0m
[2.705s] [ 14%] [32mBuilding CXX object src/CMakeFiles/moveit_task_constructor_core.dir/solvers/cartesian_path.cpp.o[0m
[2.710s] [ 15%] [32mBuilding CXX object src/CMakeFiles/moveit_task_constructor_core.dir/solvers/joint_interpolation.cpp.o[0m
[2.721s] [ 16%] [32mBuilding CXX object src/CMakeFiles/moveit_task_constructor_core.dir/solvers/pipeline_planner.cpp.o[0m
[2.721s] [ 17%] [32mBuilding CXX object gtest/CMakeFiles/gtest_main.dir/src/gtest_main.cc.o[0m
[2.721s] [ 18%] [32mBuilding CXX object src/CMakeFiles/moveit_task_constructor_core.dir/storage.cpp.o[0m
[2.742s] [ 20%] [32mBuilding CXX object src/CMakeFiles/moveit_task_constructor_core.dir/properties.cpp.o[0m
[2.747s] [ 21%] [32mBuilding CXX object src/CMakeFiles/moveit_task_constructor_core.dir/introspection.cpp.o[0m
[2.758s] [ 22%] [32mBuilding CXX object gmock/CMakeFiles/gmock_main.dir/src/gmock_main.cc.o[0m
[2.966s] [ 22%] Built target ament_cmake_python_copy_moveit
[5.478s] running egg_info
[5.483s] creating moveit.egg-info
[5.486s] writing moveit.egg-info/PKG-INFO
[5.486s] writing dependency_links to moveit.egg-info/dependency_links.txt
[5.487s] writing top-level names to moveit.egg-info/top_level.txt
[5.493s] writing manifest file 'moveit.egg-info/SOURCES.txt'
[5.508s] reading manifest file 'moveit.egg-info/SOURCES.txt'
[5.512s] writing manifest file 'moveit.egg-info/SOURCES.txt'
[5.714s] [ 22%] Built target ament_cmake_python_build_moveit_egg
[5.786s] [ 23%] [32mBuilding CXX object src/CMakeFiles/moveit_task_constructor_core.dir/solvers/multi_planner.cpp.o[0m
[10.823s] [ 24%] [32m[1mLinking CXX static library libgtest_main.a[0m
[10.925s] [ 24%] Built target gtest_main
[20.370s] [ 25%] [32m[1mLinking CXX static library libgtest.a[0m
[20.485s] [ 25%] Built target gtest
[20.679s] [ 27%] [32m[1mLinking CXX static library libgmock.a[0m
[20.696s] [ 28%] [32m[1mLinking CXX static library libgmock_main.a[0m
[20.744s] [ 28%] Built target gmock
[20.871s] [ 28%] Built target gmock_main
[34.148s] [ 29%] [32m[1mLinking CXX shared library libmoveit_task_constructor_core.so[0m
[34.559s] [ 29%] Built target moveit_task_constructor_core
[34.607s] [ 30%] [32mBuilding CXX object src/stages/CMakeFiles/moveit_task_constructor_core_stages.dir/fix_collision_objects.cpp.o[0m
[34.607s] [ 31%] [32mBuilding CXX object src/stages/CMakeFiles/moveit_task_constructor_core_stages.dir/fixed_state.cpp.o[0m
[34.607s] [ 34%] [32mBuilding CXX object src/stages/CMakeFiles/moveit_task_constructor_core_stages.dir/generate_pose.cpp.o[0m
[34.609s] [ 35%] [32mBuilding CXX object src/stages/CMakeFiles/moveit_task_constructor_core_stages.dir/generate_place_pose.cpp.o[0m
[34.609s] [ 36%] [32mBuilding CXX object src/stages/CMakeFiles/moveit_task_constructor_core_stages.dir/passthrough.cpp.o[0m
[34.609s] [ 38%] [32mBuilding CXX object src/stages/CMakeFiles/moveit_task_constructor_core_stages.dir/compute_ik.cpp.o[0m
[34.609s] [ 38%] [32mBuilding CXX object src/stages/CMakeFiles/moveit_task_constructor_core_stages.dir/predicate_filter.cpp.o[0m
[34.610s] [ 34%] [32mBuilding CXX object src/stages/CMakeFiles/moveit_task_constructor_core_stages.dir/fixed_cartesian_poses.cpp.o[0m
[34.611s] [ 40%] [32mBuilding CXX object src/stages/CMakeFiles/moveit_task_constructor_core_stages.dir/move_to.cpp.o[0m
[34.611s] [ 41%] [32mBuilding CXX object src/stages/CMakeFiles/moveit_task_constructor_core_stages.dir/connect.cpp.o[0m
[34.614s] [ 42%] [32mBuilding CXX object src/stages/CMakeFiles/moveit_task_constructor_core_stages.dir/generate_grasp_pose.cpp.o[0m
[34.614s] [ 43%] [32mBuilding CXX object src/stages/CMakeFiles/moveit_task_constructor_core_stages.dir/move_relative.cpp.o[0m
[34.625s] [ 44%] [32mBuilding CXX object src/stages/CMakeFiles/moveit_task_constructor_core_stages.dir/simple_grasp.cpp.o[0m
[34.630s] [ 45%] [32mBuilding CXX object src/stages/CMakeFiles/moveit_task_constructor_core_stages.dir/pick.cpp.o[0m
[34.659s] [ 47%] [32mBuilding CXX object src/stages/CMakeFiles/moveit_task_constructor_core_stages.dir/current_state.cpp.o[0m
[34.660s] [ 51%] [32mBuilding CXX object test/CMakeFiles/gtest_utils.dir/gtest_value_printers.cpp.o[0m
[34.661s] [ 51%] [32mBuilding CXX object src/stages/CMakeFiles/moveit_task_constructor_core_stages.dir/generate_random_pose.cpp.o[0m
[34.664s] [ 48%] [32mBuilding CXX object src/stages/CMakeFiles/moveit_task_constructor_core_stages.dir/modify_planning_scene.cpp.o[0m
[34.665s] [ 51%] [32mBuilding CXX object test/CMakeFiles/gtest_utils.dir/models.cpp.o[0m
[34.668s] [ 52%] [32mBuilding CXX object test/CMakeFiles/gtest_utils.dir/stage_mockups.cpp.o[0m
[95.014s] [ 54%] [32m[1mLinking CXX shared library libgtest_utils.so[0m
[95.904s] [ 54%] Built target gtest_utils
[100.098s] [ 55%] [32m[1mLinking CXX shared library libmoveit_task_constructor_core_stages.so[0m
[100.730s] [ 55%] Built target moveit_task_constructor_core_stages
[100.789s] [ 56%] [32mBuilding CXX object src/stages/CMakeFiles/moveit_task_constructor_core_stage_plugins.dir/plugins.cpp.o[0m
[104.038s] [ 57%] [32m[1mLinking CXX shared library libmoveit_task_constructor_core_stage_plugins.so[0m
[104.264s] [ 57%] Built target moveit_task_constructor_core_stage_plugins
[104.321s] [ 58%] [32mBuilding CXX object test/CMakeFiles/pick_pa10.dir/pick_pa10.cpp.o[0m
[113.652s] [ 60%] [32m[1mLinking CXX executable pick_pa10[0m
[114.043s] [ 60%] Built target pick_pa10
[114.112s] [ 61%] [32mBuilding CXX object test/CMakeFiles/pick_pr2.dir/pick_pr2.cpp.o[0m
[122.248s] [ 62%] [32m[1mLinking CXX executable pick_pr2[0m
[122.625s] [ 62%] Built target pick_pr2
[122.683s] [ 63%] [32mBuilding CXX object test/CMakeFiles/pick_ur5.dir/pick_ur5.cpp.o[0m
[130.733s] [ 64%] [32m[1mLinking CXX executable pick_ur5[0m
[131.121s] [ 64%] Built target pick_ur5
[131.158s] [ 65%] [32mBuilding CXX object test/CMakeFiles/moveit_task_constructor_core-test-move-to.dir/test_move_to.cpp.o[0m
[131.162s] [ 67%] [32mBuilding CXX object test/CMakeFiles/moveit_task_constructor_core-test-fallback.dir/test_fallback.cpp.o[0m
[131.170s] [ 68%] [32mBuilding CXX object test/CMakeFiles/moveit_task_constructor_core-test-interface-state.dir/test_interface_state.cpp.o[0m
[131.242s] [ 69%] [32mBuilding CXX object test/CMakeFiles/moveit_task_constructor_core-test-move-relative.dir/test_move_relative.cpp.o[0m
[131.261s] [ 70%] [32mBuilding CXX object test/CMakeFiles/moveit_task_constructor_core-test-cost-queue.dir/test_cost_queue.cpp.o[0m
[135.543s] [ 71%] [32m[1mLinking CXX executable moveit_task_constructor_core-test-cost-queue[0m
[135.930s] [ 71%] Built target moveit_task_constructor_core-test-cost-queue
[135.971s] [ 72%] [32mBuilding CXX object test/CMakeFiles/moveit_task_constructor_core-test-container.dir/test_container.cpp.o[0m
[135.971s] [ 74%] [32mBuilding CXX object test/CMakeFiles/moveit_task_constructor_core-test-mockups.dir/test_mockups.cpp.o[0m
[135.971s] [ 75%] [32mBuilding CXX object test/CMakeFiles/moveit_task_constructor_core-test-serial.dir/test_serial.cpp.o[0m
[135.979s] [ 76%] [32mBuilding CXX object test/CMakeFiles/moveit_task_constructor_core-test-properties.dir/test_properties.cpp.o[0m
[136.018s] [ 77%] [32mBuilding CXX object test/CMakeFiles/moveit_task_constructor_core-test-stage.dir/test_stage.cpp.o[0m
[136.020s] [ 78%] [32mBuilding CXX object test/CMakeFiles/moveit_task_constructor_core-test-pruning.dir/test_pruning.cpp.o[0m
[136.034s] [ 80%] [32mBuilding CXX object test/CMakeFiles/moveit_task_constructor_core-test-cost-terms.dir/test_cost_terms.cpp.o[0m
[141.642s] [ 81%] [32m[1mLinking CXX executable moveit_task_constructor_core-test-interface-state[0m
[142.215s] [ 81%] Built target moveit_task_constructor_core-test-interface-state
[142.250s] [ 82%] [32mBuilding CXX object python/bindings/CMakeFiles/pymoveit_mtc.dir/src/solvers.cpp.o[0m
[142.250s] [ 83%] [32mBuilding CXX object python/bindings/CMakeFiles/pymoveit_mtc.dir/src/core.cpp.o[0m
[142.250s] [ 84%] [32mBuilding CXX object python/bindings/CMakeFiles/pymoveit_mtc.dir/src/stages.cpp.o[0m
[142.251s] [ 85%] [32mBuilding CXX object python/bindings/CMakeFiles/pymoveit_mtc.dir/src/properties.cpp.o[0m
[142.264s] [ 87%] [32mBuilding CXX object python/bindings/CMakeFiles/pymoveit_mtc.dir/src/module.cpp.o[0m
[148.069s] [ 88%] [32m[1mLinking CXX executable moveit_task_constructor_core-test-properties[0m
[148.922s] [ 88%] Built target moveit_task_constructor_core-test-properties
[150.713s] [ 89%] [32m[1mLinking CXX executable moveit_task_constructor_core-test-fallback[0m
[151.641s] [ 89%] Built target moveit_task_constructor_core-test-fallback
[153.423s] [ 90%] [32m[1mLinking CXX executable moveit_task_constructor_core-test-cost-terms[0m
[154.037s] [ 90%] Built target moveit_task_constructor_core-test-cost-terms
[155.860s] [ 91%] [32m[1mLinking CXX executable moveit_task_constructor_core-test-serial[0m
[156.438s] [ 91%] Built target moveit_task_constructor_core-test-serial
[159.767s] [ 92%] [32m[1mLinking CXX executable moveit_task_constructor_core-test-stage[0m
[161.346s] [ 94%] [32m[1mLinking CXX executable moveit_task_constructor_core-test-container[0m
[161.934s] [ 94%] Built target moveit_task_constructor_core-test-container
[162.066s] [ 94%] Built target moveit_task_constructor_core-test-stage
[162.424s] [ 95%] [32m[1mLinking CXX executable moveit_task_constructor_core-test-move-to[0m
[163.003s] [ 95%] Built target moveit_task_constructor_core-test-move-to
[167.608s] [ 96%] [32m[1mLinking CXX executable moveit_task_constructor_core-test-move-relative[0m
[168.067s] [ 96%] Built target moveit_task_constructor_core-test-move-relative
[168.894s] [ 97%] [32m[1mLinking CXX executable moveit_task_constructor_core-test-pruning[0m
[170.169s] [ 97%] Built target moveit_task_constructor_core-test-pruning
[171.614s] [ 98%] [32m[1mLinking CXX executable moveit_task_constructor_core-test-mockups[0m
[172.038s] [ 98%] Built target moveit_task_constructor_core-test-mockups
[178.302s] [100%] [32m[1mLinking CXX shared module pymoveit_mtc.cpython-310-x86_64-linux-gnu.so[0m
[180.007s] lto-wrapper: warning: using serial compilation of 12 LTRANS jobs
[192.426s] [100%] Built target pymoveit_mtc
[192.446s] Invoked command in '/home/aaron/ur_ws/build/moveit_task_constructor_core' returned '0': AMENT_PREFIX_PATH=/home/aaron/ur_ws/install/moveit_planners:/home/aaron/ur_ws/install/pilz_industrial_motion_planner:/home/aaron/ur_ws/install/moveit_resources_prbt_pg70_support:/home/aaron/ur_ws/install/moveit_ros_planning_interface:/home/aaron/ur_ws/install/moveit_resources_prbt_moveit_config:/home/aaron/ur_ws/install/moveit_ros_move_group:/home/aaron/ur_ws/install/moveit_ros_warehouse:/home/aaron/ur_ws/install/moveit_planners_ompl:/home/aaron/ur_ws/install/moveit_kinematics:/home/aaron/ur_ws/install/moveit_ros_planning:/home/aaron/ur_ws/install/moveit_planners_chomp:/home/aaron/ur_ws/install/pilz_industrial_motion_planner_testutils:/home/aaron/ur_ws/install/moveit_simple_controller_manager:/home/aaron/ur_ws/install/moveit_ros_occupancy_map_monitor:/home/aaron/ur_ws/install/moveit_resources_prbt_ikfast_manipulator_plugin:/home/aaron/ur_ws/install/chomp_motion_planner:/home/aaron/ur_ws/install/moveit_core:/home/aaron/ur_ws/install/rviz_marker_tools:/home/aaron/ur_ws/install/moveit_resources_panda_moveit_config:/home/aaron/ur_ws/install/moveit_resources_fanuc_moveit_config:/home/aaron/ur_ws/install/moveit_configs_utils:/home/aaron/ur_ws/install/srdfdom:/home/aaron/ur_ws/install/moveit_task_constructor_msgs:/home/aaron/ur_ws/install/moveit_resources_prbt_support:/home/aaron/ur_ws/install/moveit_resources_pr2_description:/home/aaron/ur_ws/install/moveit_resources_panda_description:/home/aaron/ur_ws/install/moveit_resources_fanuc_description:/home/aaron/ur_ws/install/moveit_common:/home/aaron/ur_ws/install/launch_param_builder:${AMENT_PREFIX_PATH} CMAKE_PREFIX_PATH=/home/aaron/ur_ws/install/moveit_planners:/home/aaron/ur_ws/install/pilz_industrial_motion_planner:/home/aaron/ur_ws/install/moveit_resources_prbt_pg70_support:/home/aaron/ur_ws/install/moveit_ros_planning_interface:/home/aaron/ur_ws/install/moveit_resources_prbt_moveit_config:/home/aaron/ur_ws/install/moveit_ros_move_group:/home/aaron/ur_ws/install/moveit_ros_warehouse:/home/aaron/ur_ws/install/moveit_planners_ompl:/home/aaron/ur_ws/install/moveit_kinematics:/home/aaron/ur_ws/install/moveit_ros_planning:/home/aaron/ur_ws/install/moveit_planners_chomp:/home/aaron/ur_ws/install/pilz_industrial_motion_planner_testutils:/home/aaron/ur_ws/install/moveit_simple_controller_manager:/home/aaron/ur_ws/install/moveit_ros_occupancy_map_monitor:/home/aaron/ur_ws/install/moveit_resources_prbt_ikfast_manipulator_plugin:/home/aaron/ur_ws/install/chomp_motion_planner:/home/aaron/ur_ws/install/moveit_core:/home/aaron/ur_ws/install/rviz_marker_tools:/home/aaron/ur_ws/install/moveit_resources_panda_moveit_config:/home/aaron/ur_ws/install/moveit_resources_fanuc_moveit_config:/home/aaron/ur_ws/install/srdfdom:/home/aaron/ur_ws/install/moveit_task_constructor_msgs:/home/aaron/ur_ws/install/moveit_resources_prbt_support:/home/aaron/ur_ws/install/moveit_resources_pr2_description:/home/aaron/ur_ws/install/moveit_resources_panda_description:/home/aaron/ur_ws/install/moveit_resources_fanuc_description:/home/aaron/ur_ws/install/moveit_common:/opt/ros/humble LD_LIBRARY_PATH=/home/aaron/ur_ws/install/pilz_industrial_motion_planner/lib:/home/aaron/ur_ws/install/moveit_ros_planning_interface/lib:/home/aaron/ur_ws/install/moveit_ros_move_group/lib:/home/aaron/ur_ws/install/moveit_ros_warehouse/lib:/home/aaron/ur_ws/install/moveit_planners_ompl/lib:/home/aaron/ur_ws/install/moveit_kinematics/lib:/home/aaron/ur_ws/install/moveit_ros_planning/lib:/home/aaron/ur_ws/install/moveit_planners_chomp/lib:/home/aaron/ur_ws/install/pilz_industrial_motion_planner_testutils/lib:/home/aaron/ur_ws/install/moveit_simple_controller_manager/lib:/home/aaron/ur_ws/install/moveit_ros_occupancy_map_monitor/lib:/home/aaron/ur_ws/install/moveit_resources_prbt_ikfast_manipulator_plugin/lib:/home/aaron/ur_ws/install/chomp_motion_planner/lib:/home/aaron/ur_ws/install/moveit_core/lib:/home/aaron/ur_ws/install/rviz_marker_tools/lib:/home/aaron/ur_ws/install/srdfdom/lib:/home/aaron/ur_ws/install/moveit_task_constructor_msgs/lib:${LD_LIBRARY_PATH} PATH=/home/aaron/ur_ws/install/moveit_core/bin:${PATH} PYTHONPATH=/home/aaron/ur_ws/install/moveit_configs_utils/lib/python3.10/site-packages:/home/aaron/ur_ws/install/srdfdom/local/lib/python3.10/dist-packages:/home/aaron/ur_ws/install/moveit_task_constructor_msgs/local/lib/python3.10/dist-packages:/home/aaron/ur_ws/install/launch_param_builder/lib/python3.10/site-packages:${PYTHONPATH} /usr/bin/cmake --build /home/aaron/ur_ws/build/moveit_task_constructor_core -- -j20 -l20
[192.454s] Invoking command in '/home/aaron/ur_ws/build/moveit_task_constructor_core': AMENT_PREFIX_PATH=/home/aaron/ur_ws/install/moveit_planners:/home/aaron/ur_ws/install/pilz_industrial_motion_planner:/home/aaron/ur_ws/install/moveit_resources_prbt_pg70_support:/home/aaron/ur_ws/install/moveit_ros_planning_interface:/home/aaron/ur_ws/install/moveit_resources_prbt_moveit_config:/home/aaron/ur_ws/install/moveit_ros_move_group:/home/aaron/ur_ws/install/moveit_ros_warehouse:/home/aaron/ur_ws/install/moveit_planners_ompl:/home/aaron/ur_ws/install/moveit_kinematics:/home/aaron/ur_ws/install/moveit_ros_planning:/home/aaron/ur_ws/install/moveit_planners_chomp:/home/aaron/ur_ws/install/pilz_industrial_motion_planner_testutils:/home/aaron/ur_ws/install/moveit_simple_controller_manager:/home/aaron/ur_ws/install/moveit_ros_occupancy_map_monitor:/home/aaron/ur_ws/install/moveit_resources_prbt_ikfast_manipulator_plugin:/home/aaron/ur_ws/install/chomp_motion_planner:/home/aaron/ur_ws/install/moveit_core:/home/aaron/ur_ws/install/rviz_marker_tools:/home/aaron/ur_ws/install/moveit_resources_panda_moveit_config:/home/aaron/ur_ws/install/moveit_resources_fanuc_moveit_config:/home/aaron/ur_ws/install/moveit_configs_utils:/home/aaron/ur_ws/install/srdfdom:/home/aaron/ur_ws/install/moveit_task_constructor_msgs:/home/aaron/ur_ws/install/moveit_resources_prbt_support:/home/aaron/ur_ws/install/moveit_resources_pr2_description:/home/aaron/ur_ws/install/moveit_resources_panda_description:/home/aaron/ur_ws/install/moveit_resources_fanuc_description:/home/aaron/ur_ws/install/moveit_common:/home/aaron/ur_ws/install/launch_param_builder:${AMENT_PREFIX_PATH} CMAKE_PREFIX_PATH=/home/aaron/ur_ws/install/moveit_planners:/home/aaron/ur_ws/install/pilz_industrial_motion_planner:/home/aaron/ur_ws/install/moveit_resources_prbt_pg70_support:/home/aaron/ur_ws/install/moveit_ros_planning_interface:/home/aaron/ur_ws/install/moveit_resources_prbt_moveit_config:/home/aaron/ur_ws/install/moveit_ros_move_group:/home/aaron/ur_ws/install/moveit_ros_warehouse:/home/aaron/ur_ws/install/moveit_planners_ompl:/home/aaron/ur_ws/install/moveit_kinematics:/home/aaron/ur_ws/install/moveit_ros_planning:/home/aaron/ur_ws/install/moveit_planners_chomp:/home/aaron/ur_ws/install/pilz_industrial_motion_planner_testutils:/home/aaron/ur_ws/install/moveit_simple_controller_manager:/home/aaron/ur_ws/install/moveit_ros_occupancy_map_monitor:/home/aaron/ur_ws/install/moveit_resources_prbt_ikfast_manipulator_plugin:/home/aaron/ur_ws/install/chomp_motion_planner:/home/aaron/ur_ws/install/moveit_core:/home/aaron/ur_ws/install/rviz_marker_tools:/home/aaron/ur_ws/install/moveit_resources_panda_moveit_config:/home/aaron/ur_ws/install/moveit_resources_fanuc_moveit_config:/home/aaron/ur_ws/install/srdfdom:/home/aaron/ur_ws/install/moveit_task_constructor_msgs:/home/aaron/ur_ws/install/moveit_resources_prbt_support:/home/aaron/ur_ws/install/moveit_resources_pr2_description:/home/aaron/ur_ws/install/moveit_resources_panda_description:/home/aaron/ur_ws/install/moveit_resources_fanuc_description:/home/aaron/ur_ws/install/moveit_common:/opt/ros/humble LD_LIBRARY_PATH=/home/aaron/ur_ws/install/pilz_industrial_motion_planner/lib:/home/aaron/ur_ws/install/moveit_ros_planning_interface/lib:/home/aaron/ur_ws/install/moveit_ros_move_group/lib:/home/aaron/ur_ws/install/moveit_ros_warehouse/lib:/home/aaron/ur_ws/install/moveit_planners_ompl/lib:/home/aaron/ur_ws/install/moveit_kinematics/lib:/home/aaron/ur_ws/install/moveit_ros_planning/lib:/home/aaron/ur_ws/install/moveit_planners_chomp/lib:/home/aaron/ur_ws/install/pilz_industrial_motion_planner_testutils/lib:/home/aaron/ur_ws/install/moveit_simple_controller_manager/lib:/home/aaron/ur_ws/install/moveit_ros_occupancy_map_monitor/lib:/home/aaron/ur_ws/install/moveit_resources_prbt_ikfast_manipulator_plugin/lib:/home/aaron/ur_ws/install/chomp_motion_planner/lib:/home/aaron/ur_ws/install/moveit_core/lib:/home/aaron/ur_ws/install/rviz_marker_tools/lib:/home/aaron/ur_ws/install/srdfdom/lib:/home/aaron/ur_ws/install/moveit_task_constructor_msgs/lib:${LD_LIBRARY_PATH} PATH=/home/aaron/ur_ws/install/moveit_core/bin:${PATH} PYTHONPATH=/home/aaron/ur_ws/install/moveit_configs_utils/lib/python3.10/site-packages:/home/aaron/ur_ws/install/srdfdom/local/lib/python3.10/dist-packages:/home/aaron/ur_ws/install/moveit_task_constructor_msgs/local/lib/python3.10/dist-packages:/home/aaron/ur_ws/install/launch_param_builder/lib/python3.10/site-packages:${PYTHONPATH} /usr/bin/cmake --install /home/aaron/ur_ws/build/moveit_task_constructor_core
[192.463s] -- Install configuration: "Release"
[192.463s] -- Installing: /home/aaron/ur_ws/install/moveit_task_constructor_core/lib/libmoveit_task_constructor_core_stages.so
[192.464s] -- Set runtime path of "/home/aaron/ur_ws/install/moveit_task_constructor_core/lib/libmoveit_task_constructor_core_stages.so" to ""
[192.464s] -- Installing: /home/aaron/ur_ws/install/moveit_task_constructor_core/lib/libmoveit_task_constructor_core_stage_plugins.so
[192.464s] -- Set runtime path of "/home/aaron/ur_ws/install/moveit_task_constructor_core/lib/libmoveit_task_constructor_core_stage_plugins.so" to ""
[192.464s] -- Installing: /home/aaron/ur_ws/install/moveit_task_constructor_core/lib/libmoveit_task_constructor_core.so
[192.467s] -- Set runtime path of "/home/aaron/ur_ws/install/moveit_task_constructor_core/lib/libmoveit_task_constructor_core.so" to ""
[192.467s] -- Installing: /home/aaron/ur_ws/install/moveit_task_constructor_core/share/moveit_task_constructor_core/environment/pythonpath.sh
[192.467s] -- Installing: /home/aaron/ur_ws/install/moveit_task_constructor_core/share/moveit_task_constructor_core/environment/pythonpath.dsv
[192.467s] -- Installing: /home/aaron/ur_ws/install/moveit_task_constructor_core/local/lib/python3.10/dist-packages/moveit-0.1.3-py3.10.egg-info
[192.467s] -- Installing: /home/aaron/ur_ws/install/moveit_task_constructor_core/local/lib/python3.10/dist-packages/moveit-0.1.3-py3.10.egg-info/SOURCES.txt
[192.467s] -- Installing: /home/aaron/ur_ws/install/moveit_task_constructor_core/local/lib/python3.10/dist-packages/moveit-0.1.3-py3.10.egg-info/PKG-INFO
[192.467s] -- Installing: /home/aaron/ur_ws/install/moveit_task_constructor_core/local/lib/python3.10/dist-packages/moveit-0.1.3-py3.10.egg-info/dependency_links.txt
[192.467s] -- Installing: /home/aaron/ur_ws/install/moveit_task_constructor_core/local/lib/python3.10/dist-packages/moveit-0.1.3-py3.10.egg-info/top_level.txt
[192.467s] -- Installing: /home/aaron/ur_ws/install/moveit_task_constructor_core/local/lib/python3.10/dist-packages/moveit
[192.469s] -- Installing: /home/aaron/ur_ws/install/moveit_task_constructor_core/local/lib/python3.10/dist-packages/moveit/__init__.py
[192.469s] -- Installing: /home/aaron/ur_ws/install/moveit_task_constructor_core/local/lib/python3.10/dist-packages/moveit/task_constructor
[192.469s] -- Installing: /home/aaron/ur_ws/install/moveit_task_constructor_core/local/lib/python3.10/dist-packages/moveit/task_constructor/__init__.py
[192.469s] -- Installing: /home/aaron/ur_ws/install/moveit_task_constructor_core/local/lib/python3.10/dist-packages/moveit/task_constructor/stages.py
[192.469s] -- Installing: /home/aaron/ur_ws/install/moveit_task_constructor_core/local/lib/python3.10/dist-packages/moveit/task_constructor/core.py
[192.509s] Listing '/home/aaron/ur_ws/install/moveit_task_constructor_core/local/lib/python3.10/dist-packages/moveit'...
[192.509s] Compiling '/home/aaron/ur_ws/install/moveit_task_constructor_core/local/lib/python3.10/dist-packages/moveit/__init__.py'...
[192.509s] Listing '/home/aaron/ur_ws/install/moveit_task_constructor_core/local/lib/python3.10/dist-packages/moveit/task_constructor'...
[192.509s] Compiling '/home/aaron/ur_ws/install/moveit_task_constructor_core/local/lib/python3.10/dist-packages/moveit/task_constructor/__init__.py'...
[192.509s] Compiling '/home/aaron/ur_ws/install/moveit_task_constructor_core/local/lib/python3.10/dist-packages/moveit/task_constructor/core.py'...
[192.509s] Compiling '/home/aaron/ur_ws/install/moveit_task_constructor_core/local/lib/python3.10/dist-packages/moveit/task_constructor/stages.py'...
[192.514s] -- Installing: /home/aaron/ur_ws/install/moveit_task_constructor_core/include/moveit/python/pybind11
[192.514s] -- Installing: /home/aaron/ur_ws/install/moveit_task_constructor_core/include/moveit/python/pybind11/gil.h
[192.514s] -- Installing: /home/aaron/ur_ws/install/moveit_task_constructor_core/include/moveit/python/pybind11/options.h
[192.514s] -- Installing: /home/aaron/ur_ws/install/moveit_task_constructor_core/include/moveit/python/pybind11/common.h
[192.514s] -- Installing: /home/aaron/ur_ws/install/moveit_task_constructor_core/include/moveit/python/pybind11/cast.h
[192.514s] -- Installing: /home/aaron/ur_ws/install/moveit_task_constructor_core/include/moveit/python/pybind11/eval.h
[192.515s] -- Installing: /home/aaron/ur_ws/install/moveit_task_constructor_core/include/moveit/python/pybind11/numpy.h
[192.515s] -- Installing: /home/aaron/ur_ws/install/moveit_task_constructor_core/include/moveit/python/pybind11/pybind11.h
[192.515s] -- Installing: /home/aaron/ur_ws/install/moveit_task_constructor_core/include/moveit/python/pybind11/smart_holder.h
[192.515s] -- Installing: /home/aaron/ur_ws/install/moveit_task_constructor_core/include/moveit/python/pybind11/gil_safe_call_once.h
[192.515s] -- Installing: /home/aaron/ur_ws/install/moveit_task_constructor_core/include/moveit/python/pybind11/type_caster_pyobject_ptr.h
[192.515s] -- Installing: /home/aaron/ur_ws/install/moveit_task_constructor_core/include/moveit/python/pybind11/chrono.h
[192.515s] -- Installing: /home/aaron/ur_ws/install/moveit_task_constructor_core/include/moveit/python/pybind11/buffer_info.h
[192.515s] -- Installing: /home/aaron/ur_ws/install/moveit_task_constructor_core/include/moveit/python/pybind11/eigen
[192.515s] -- Installing: /home/aaron/ur_ws/install/moveit_task_constructor_core/include/moveit/python/pybind11/eigen/common.h
[192.515s] -- Installing: /home/aaron/ur_ws/install/moveit_task_constructor_core/include/moveit/python/pybind11/eigen/matrix.h
[192.515s] -- Installing: /home/aaron/ur_ws/install/moveit_task_constructor_core/include/moveit/python/pybind11/eigen/tensor.h
[192.516s] -- Installing: /home/aaron/ur_ws/install/moveit_task_constructor_core/include/moveit/python/pybind11/functional.h
[192.516s] -- Installing: /home/aaron/ur_ws/install/moveit_task_constructor_core/include/moveit/python/pybind11/typing.h
[192.516s] -- Installing: /home/aaron/ur_ws/install/moveit_task_constructor_core/include/moveit/python/pybind11/complex.h
[192.516s] -- Installing: /home/aaron/ur_ws/install/moveit_task_constructor_core/include/moveit/python/pybind11/stl_bind.h
[192.516s] -- Installing: /home/aaron/ur_ws/install/moveit_task_constructor_core/include/moveit/python/pybind11/detail
[192.517s] -- Installing: /home/aaron/ur_ws/install/moveit_task_constructor_core/include/moveit/python/pybind11/detail/smart_holder_poc.h
[192.517s] -- Installing: /home/aaron/ur_ws/install/moveit_task_constructor_core/include/moveit/python/pybind11/detail/common.h
[192.517s] -- Installing: /home/aaron/ur_ws/install/moveit_task_constructor_core/include/moveit/python/pybind11/detail/class.h
[192.517s] -- Installing: /home/aaron/ur_ws/install/moveit_task_constructor_core/include/moveit/python/pybind11/detail/smart_holder_type_casters.h
[192.517s] -- Installing: /home/aaron/ur_ws/install/moveit_task_constructor_core/include/moveit/python/pybind11/detail/dynamic_raw_ptr_cast_if_possible.h
[192.517s] -- Installing: /home/aaron/ur_ws/install/moveit_task_constructor_core/include/moveit/python/pybind11/detail/descr.h
[192.517s] -- Installing: /home/aaron/ur_ws/install/moveit_task_constructor_core/include/moveit/python/pybind11/detail/init.h
[192.517s] -- Installing: /home/aaron/ur_ws/install/moveit_task_constructor_core/include/moveit/python/pybind11/detail/internals.h
[192.517s] -- Installing: /home/aaron/ur_ws/install/moveit_task_constructor_core/include/moveit/python/pybind11/detail/type_caster_odr_guard.h
[192.517s] -- Installing: /home/aaron/ur_ws/install/moveit_task_constructor_core/include/moveit/python/pybind11/detail/type_caster_base.h
[192.517s] -- Installing: /home/aaron/ur_ws/install/moveit_task_constructor_core/include/moveit/python/pybind11/detail/smart_holder_sfinae_hooks_only.h
[192.517s] -- Installing: /home/aaron/ur_ws/install/moveit_task_constructor_core/include/moveit/python/pybind11/detail/typeid.h
[192.517s] -- Installing: /home/aaron/ur_ws/install/moveit_task_constructor_core/include/moveit/python/pybind11/iostream.h
[192.517s] -- Installing: /home/aaron/ur_ws/install/moveit_task_constructor_core/include/moveit/python/pybind11/pytypes.h
[192.517s] -- Installing: /home/aaron/ur_ws/install/moveit_task_constructor_core/include/moveit/python/pybind11/attr.h
[192.517s] -- Installing: /home/aaron/ur_ws/install/moveit_task_constructor_core/include/moveit/python/pybind11/eigen.h
[192.517s] -- Installing: /home/aaron/ur_ws/install/moveit_task_constructor_core/include/moveit/python/pybind11/trampoline_self_life_support.h
[192.517s] -- Installing: /home/aaron/ur_ws/install/moveit_task_constructor_core/include/moveit/python/pybind11/stl
[192.517s] -- Installing: /home/aaron/ur_ws/install/moveit_task_constructor_core/include/moveit/python/pybind11/stl/filesystem.h
[192.517s] -- Installing: /home/aaron/ur_ws/install/moveit_task_constructor_core/include/moveit/python/pybind11/stl.h
[192.518s] -- Installing: /home/aaron/ur_ws/install/moveit_task_constructor_core/include/moveit/python/pybind11/embed.h
[192.518s] -- Installing: /home/aaron/ur_ws/install/moveit_task_constructor_core/include/moveit/python/pybind11/operators.h
[192.518s] -- Installing: /home/aaron/ur_ws/install/moveit_task_constructor_core/share/moveit_task_constructor_core/cmake/pybind11Config.cmake
[192.518s] -- Installing: /home/aaron/ur_ws/install/moveit_task_constructor_core/share/moveit_task_constructor_core/cmake/pybind11ConfigVersion.cmake
[192.518s] -- Installing: /home/aaron/ur_ws/install/moveit_task_constructor_core/share/moveit_task_constructor_core/cmake/FindPythonLibsNew.cmake
[192.518s] -- Installing: /home/aaron/ur_ws/install/moveit_task_constructor_core/share/moveit_task_constructor_core/cmake/pybind11Common.cmake
[192.518s] -- Installing: /home/aaron/ur_ws/install/moveit_task_constructor_core/share/moveit_task_constructor_core/cmake/pybind11Tools.cmake
[192.518s] -- Installing: /home/aaron/ur_ws/install/moveit_task_constructor_core/share/moveit_task_constructor_core/cmake/pybind11NewTools.cmake
[192.519s] -- Installing: /home/aaron/ur_ws/install/moveit_task_constructor_core/share/moveit_task_constructor_core/cmake/pybind11Targets.cmake
[192.519s] -- Installing: /home/aaron/ur_ws/install/moveit_task_constructor_core/share/pkgconfig/pybind11.pc
[192.519s] -- Installing: /home/aaron/ur_ws/install/moveit_task_constructor_core/local/lib/python3.10/dist-packages/pymoveit_mtc.cpython-310-x86_64-linux-gnu.so
[192.520s] -- Set runtime path of "/home/aaron/ur_ws/install/moveit_task_constructor_core/local/lib/python3.10/dist-packages/pymoveit_mtc.cpython-310-x86_64-linux-gnu.so" to ""
[192.520s] -- Up-to-date: /home/aaron/ur_ws/install/moveit_task_constructor_core/include
[192.520s] -- Up-to-date: /home/aaron/ur_ws/install/moveit_task_constructor_core/include/moveit
[192.520s] -- Installing: /home/aaron/ur_ws/install/moveit_task_constructor_core/include/moveit/task_constructor
[192.520s] -- Installing: /home/aaron/ur_ws/install/moveit_task_constructor_core/include/moveit/task_constructor/stages
[192.520s] -- Installing: /home/aaron/ur_ws/install/moveit_task_constructor_core/include/moveit/task_constructor/stages/generate_place_pose.h
[192.521s] -- Installing: /home/aaron/ur_ws/install/moveit_task_constructor_core/include/moveit/task_constructor/stages/predicate_filter.h
[192.521s] -- Installing: /home/aaron/ur_ws/install/moveit_task_constructor_core/include/moveit/task_constructor/stages/compute_ik.h
[192.521s] -- Installing: /home/aaron/ur_ws/install/moveit_task_constructor_core/include/moveit/task_constructor/stages/passthrough.h
[192.521s] -- Installing: /home/aaron/ur_ws/install/moveit_task_constructor_core/include/moveit/task_constructor/stages/generate_random_pose.h
[192.521s] -- Installing: /home/aaron/ur_ws/install/moveit_task_constructor_core/include/moveit/task_constructor/stages/noop.h
[192.521s] -- Installing: /home/aaron/ur_ws/install/moveit_task_constructor_core/include/moveit/task_constructor/stages/move_to.h
[192.521s] -- Installing: /home/aaron/ur_ws/install/moveit_task_constructor_core/include/moveit/task_constructor/stages/fixed_cartesian_poses.h
[192.521s] -- Installing: /home/aaron/ur_ws/install/moveit_task_constructor_core/include/moveit/task_constructor/stages/generate_grasp_pose.h
[192.521s] -- Installing: /home/aaron/ur_ws/install/moveit_task_constructor_core/include/moveit/task_constructor/stages/modify_planning_scene.h
[192.521s] -- Installing: /home/aaron/ur_ws/install/moveit_task_constructor_core/include/moveit/task_constructor/stages/generate_pose.h
[192.522s] -- Installing: /home/aaron/ur_ws/install/moveit_task_constructor_core/include/moveit/task_constructor/stages/current_state.h
[192.522s] -- Installing: /home/aaron/ur_ws/install/moveit_task_constructor_core/include/moveit/task_constructor/stages/fix_collision_objects.h
[192.522s] -- Installing: /home/aaron/ur_ws/install/moveit_task_constructor_core/include/moveit/task_constructor/stages/simple_grasp.h
[192.522s] -- Installing: /home/aaron/ur_ws/install/moveit_task_constructor_core/include/moveit/task_constructor/stages/move_relative.h
[192.522s] -- Installing: /home/aaron/ur_ws/install/moveit_task_constructor_core/include/moveit/task_constructor/stages/connect.h
[192.522s] -- Installing: /home/aaron/ur_ws/install/moveit_task_constructor_core/include/moveit/task_constructor/stages/fixed_state.h
[192.522s] -- Installing: /home/aaron/ur_ws/install/moveit_task_constructor_core/include/moveit/task_constructor/stages/pick.h
[192.522s] -- Installing: /home/aaron/ur_ws/install/moveit_task_constructor_core/include/moveit/task_constructor/type_traits.h
[192.522s] -- Installing: /home/aaron/ur_ws/install/moveit_task_constructor_core/include/moveit/task_constructor/stage.h
[192.522s] -- Installing: /home/aaron/ur_ws/install/moveit_task_constructor_core/include/moveit/task_constructor/moveit_compat.h
[192.522s] -- Installing: /home/aaron/ur_ws/install/moveit_task_constructor_core/include/moveit/task_constructor/container.h
[192.523s] -- Installing: /home/aaron/ur_ws/install/moveit_task_constructor_core/include/moveit/task_constructor/cost_queue.h
[192.524s] -- Installing: /home/aaron/ur_ws/install/moveit_task_constructor_core/include/moveit/task_constructor/storage.h
[192.525s] -- Installing: /home/aaron/ur_ws/install/moveit_task_constructor_core/include/moveit/task_constructor/solvers.h
[192.526s] -- Installing: /home/aaron/ur_ws/install/moveit_task_constructor_core/include/moveit/task_constructor/introspection.h
[192.526s] -- Installing: /home/aaron/ur_ws/install/moveit_task_constructor_core/include/moveit/task_constructor/stages.h
[192.527s] -- Installing: /home/aaron/ur_ws/install/moveit_task_constructor_core/include/moveit/task_constructor/merge.h
[192.527s] -- Installing: /home/aaron/ur_ws/install/moveit_task_constructor_core/include/moveit/task_constructor/solvers
[192.528s] -- Installing: /home/aaron/ur_ws/install/moveit_task_constructor_core/include/moveit/task_constructor/solvers/cartesian_path.h
[192.529s] -- Installing: /home/aaron/ur_ws/install/moveit_task_constructor_core/include/moveit/task_constructor/solvers/planner_interface.h
[192.530s] -- Installing: /home/aaron/ur_ws/install/moveit_task_constructor_core/include/moveit/task_constructor/solvers/joint_interpolation.h
[192.530s] -- Installing: /home/aaron/ur_ws/install/moveit_task_constructor_core/include/moveit/task_constructor/solvers/multi_planner.h
[192.531s] -- Installing: /home/aaron/ur_ws/install/moveit_task_constructor_core/include/moveit/task_constructor/solvers/pipeline_planner.h
[192.532s] -- Installing: /home/aaron/ur_ws/install/moveit_task_constructor_core/include/moveit/task_constructor/utils.h
[192.532s] -- Installing: /home/aaron/ur_ws/install/moveit_task_constructor_core/include/moveit/task_constructor/task.h
[192.533s] -- Installing: /home/aaron/ur_ws/install/moveit_task_constructor_core/include/moveit/task_constructor/trajectory_execution_info.h
[192.534s] -- Installing: /home/aaron/ur_ws/install/moveit_task_constructor_core/include/moveit/task_constructor/cost_terms.h
[192.535s] -- Installing: /home/aaron/ur_ws/install/moveit_task_constructor_core/include/moveit/task_constructor/marker_tools.h
[192.535s] -- Installing: /home/aaron/ur_ws/install/moveit_task_constructor_core/include/moveit/task_constructor/properties.h
[192.536s] -- Up-to-date: /home/aaron/ur_ws/install/moveit_task_constructor_core/include/moveit/python
[192.536s] -- Installing: /home/aaron/ur_ws/install/moveit_task_constructor_core/include/moveit/python/task_constructor
[192.537s] -- Installing: /home/aaron/ur_ws/install/moveit_task_constructor_core/include/moveit/python/task_constructor/properties.h
[192.538s] -- Installing: /home/aaron/ur_ws/install/moveit_task_constructor_core/share/moveit_task_constructor_core/motion_planning_stages_plugin_description.xml
[192.539s] -- Installing: /home/aaron/ur_ws/install/moveit_task_constructor_core/share/moveit_task_constructor_core/environment/library_path.sh
[192.539s] -- Installing: /home/aaron/ur_ws/install/moveit_task_constructor_core/share/moveit_task_constructor_core/environment/library_path.dsv
[192.539s] -- Installing: /home/aaron/ur_ws/install/moveit_task_constructor_core/share/ament_index/resource_index/package_run_dependencies/moveit_task_constructor_core
[192.539s] -- Installing: /home/aaron/ur_ws/install/moveit_task_constructor_core/share/ament_index/resource_index/parent_prefix_path/moveit_task_constructor_core
[192.539s] -- Installing: /home/aaron/ur_ws/install/moveit_task_constructor_core/share/moveit_task_constructor_core/environment/ament_prefix_path.sh
[192.539s] -- Installing: /home/aaron/ur_ws/install/moveit_task_constructor_core/share/moveit_task_constructor_core/environment/ament_prefix_path.dsv
[192.539s] -- Installing: /home/aaron/ur_ws/install/moveit_task_constructor_core/share/moveit_task_constructor_core/environment/path.sh
[192.539s] -- Installing: /home/aaron/ur_ws/install/moveit_task_constructor_core/share/moveit_task_constructor_core/environment/path.dsv
[192.539s] -- Installing: /home/aaron/ur_ws/install/moveit_task_constructor_core/share/moveit_task_constructor_core/local_setup.bash
[192.539s] -- Installing: /home/aaron/ur_ws/install/moveit_task_constructor_core/share/moveit_task_constructor_core/local_setup.sh
[192.539s] -- Installing: /home/aaron/ur_ws/install/moveit_task_constructor_core/share/moveit_task_constructor_core/local_setup.zsh
[192.539s] -- Installing: /home/aaron/ur_ws/install/moveit_task_constructor_core/share/moveit_task_constructor_core/local_setup.dsv
[192.539s] -- Installing: /home/aaron/ur_ws/install/moveit_task_constructor_core/share/moveit_task_constructor_core/package.dsv
[192.540s] -- Installing: /home/aaron/ur_ws/install/moveit_task_constructor_core/share/ament_index/resource_index/packages/moveit_task_constructor_core
[192.540s] -- Installing: /home/aaron/ur_ws/install/moveit_task_constructor_core/share/ament_index/resource_index/moveit_task_constructor_core__pluginlib__plugin/moveit_task_constructor_core
[192.540s] -- Installing: /home/aaron/ur_ws/install/moveit_task_constructor_core/share/moveit_task_constructor_core/cmake/moveit_task_constructor_coreTargetsExport.cmake
[192.540s] -- Installing: /home/aaron/ur_ws/install/moveit_task_constructor_core/share/moveit_task_constructor_core/cmake/moveit_task_constructor_coreTargetsExport-release.cmake
[192.540s] -- Installing: /home/aaron/ur_ws/install/moveit_task_constructor_core/share/moveit_task_constructor_core/cmake/ament_cmake_export_targets-extras.cmake
[192.540s] -- Installing: /home/aaron/ur_ws/install/moveit_task_constructor_core/share/moveit_task_constructor_core/cmake/ament_cmake_export_dependencies-extras.cmake
[192.540s] -- Installing: /home/aaron/ur_ws/install/moveit_task_constructor_core/share/moveit_task_constructor_core/cmake/moveit_task_constructor_coreConfig.cmake
[192.540s] -- Installing: /home/aaron/ur_ws/install/moveit_task_constructor_core/share/moveit_task_constructor_core/cmake/moveit_task_constructor_coreConfig-version.cmake
[192.540s] -- Installing: /home/aaron/ur_ws/install/moveit_task_constructor_core/share/moveit_task_constructor_core/package.xml
[192.543s] Invoked command in '/home/aaron/ur_ws/build/moveit_task_constructor_core' returned '0': AMENT_PREFIX_PATH=/home/aaron/ur_ws/install/moveit_planners:/home/aaron/ur_ws/install/pilz_industrial_motion_planner:/home/aaron/ur_ws/install/moveit_resources_prbt_pg70_support:/home/aaron/ur_ws/install/moveit_ros_planning_interface:/home/aaron/ur_ws/install/moveit_resources_prbt_moveit_config:/home/aaron/ur_ws/install/moveit_ros_move_group:/home/aaron/ur_ws/install/moveit_ros_warehouse:/home/aaron/ur_ws/install/moveit_planners_ompl:/home/aaron/ur_ws/install/moveit_kinematics:/home/aaron/ur_ws/install/moveit_ros_planning:/home/aaron/ur_ws/install/moveit_planners_chomp:/home/aaron/ur_ws/install/pilz_industrial_motion_planner_testutils:/home/aaron/ur_ws/install/moveit_simple_controller_manager:/home/aaron/ur_ws/install/moveit_ros_occupancy_map_monitor:/home/aaron/ur_ws/install/moveit_resources_prbt_ikfast_manipulator_plugin:/home/aaron/ur_ws/install/chomp_motion_planner:/home/aaron/ur_ws/install/moveit_core:/home/aaron/ur_ws/install/rviz_marker_tools:/home/aaron/ur_ws/install/moveit_resources_panda_moveit_config:/home/aaron/ur_ws/install/moveit_resources_fanuc_moveit_config:/home/aaron/ur_ws/install/moveit_configs_utils:/home/aaron/ur_ws/install/srdfdom:/home/aaron/ur_ws/install/moveit_task_constructor_msgs:/home/aaron/ur_ws/install/moveit_resources_prbt_support:/home/aaron/ur_ws/install/moveit_resources_pr2_description:/home/aaron/ur_ws/install/moveit_resources_panda_description:/home/aaron/ur_ws/install/moveit_resources_fanuc_description:/home/aaron/ur_ws/install/moveit_common:/home/aaron/ur_ws/install/launch_param_builder:${AMENT_PREFIX_PATH} CMAKE_PREFIX_PATH=/home/aaron/ur_ws/install/moveit_planners:/home/aaron/ur_ws/install/pilz_industrial_motion_planner:/home/aaron/ur_ws/install/moveit_resources_prbt_pg70_support:/home/aaron/ur_ws/install/moveit_ros_planning_interface:/home/aaron/ur_ws/install/moveit_resources_prbt_moveit_config:/home/aaron/ur_ws/install/moveit_ros_move_group:/home/aaron/ur_ws/install/moveit_ros_warehouse:/home/aaron/ur_ws/install/moveit_planners_ompl:/home/aaron/ur_ws/install/moveit_kinematics:/home/aaron/ur_ws/install/moveit_ros_planning:/home/aaron/ur_ws/install/moveit_planners_chomp:/home/aaron/ur_ws/install/pilz_industrial_motion_planner_testutils:/home/aaron/ur_ws/install/moveit_simple_controller_manager:/home/aaron/ur_ws/install/moveit_ros_occupancy_map_monitor:/home/aaron/ur_ws/install/moveit_resources_prbt_ikfast_manipulator_plugin:/home/aaron/ur_ws/install/chomp_motion_planner:/home/aaron/ur_ws/install/moveit_core:/home/aaron/ur_ws/install/rviz_marker_tools:/home/aaron/ur_ws/install/moveit_resources_panda_moveit_config:/home/aaron/ur_ws/install/moveit_resources_fanuc_moveit_config:/home/aaron/ur_ws/install/srdfdom:/home/aaron/ur_ws/install/moveit_task_constructor_msgs:/home/aaron/ur_ws/install/moveit_resources_prbt_support:/home/aaron/ur_ws/install/moveit_resources_pr2_description:/home/aaron/ur_ws/install/moveit_resources_panda_description:/home/aaron/ur_ws/install/moveit_resources_fanuc_description:/home/aaron/ur_ws/install/moveit_common:/opt/ros/humble LD_LIBRARY_PATH=/home/aaron/ur_ws/install/pilz_industrial_motion_planner/lib:/home/aaron/ur_ws/install/moveit_ros_planning_interface/lib:/home/aaron/ur_ws/install/moveit_ros_move_group/lib:/home/aaron/ur_ws/install/moveit_ros_warehouse/lib:/home/aaron/ur_ws/install/moveit_planners_ompl/lib:/home/aaron/ur_ws/install/moveit_kinematics/lib:/home/aaron/ur_ws/install/moveit_ros_planning/lib:/home/aaron/ur_ws/install/moveit_planners_chomp/lib:/home/aaron/ur_ws/install/pilz_industrial_motion_planner_testutils/lib:/home/aaron/ur_ws/install/moveit_simple_controller_manager/lib:/home/aaron/ur_ws/install/moveit_ros_occupancy_map_monitor/lib:/home/aaron/ur_ws/install/moveit_resources_prbt_ikfast_manipulator_plugin/lib:/home/aaron/ur_ws/install/chomp_motion_planner/lib:/home/aaron/ur_ws/install/moveit_core/lib:/home/aaron/ur_ws/install/rviz_marker_tools/lib:/home/aaron/ur_ws/install/srdfdom/lib:/home/aaron/ur_ws/install/moveit_task_constructor_msgs/lib:${LD_LIBRARY_PATH} PATH=/home/aaron/ur_ws/install/moveit_core/bin:${PATH} PYTHONPATH=/home/aaron/ur_ws/install/moveit_configs_utils/lib/python3.10/site-packages:/home/aaron/ur_ws/install/srdfdom/local/lib/python3.10/dist-packages:/home/aaron/ur_ws/install/moveit_task_constructor_msgs/local/lib/python3.10/dist-packages:/home/aaron/ur_ws/install/launch_param_builder/lib/python3.10/site-packages:${PYTHONPATH} /usr/bin/cmake --install /home/aaron/ur_ws/build/moveit_task_constructor_core
