[0.352s] Invoking command in '/home/aaron/ur_ws/build/rosparam_shortcuts': CMAKE_PREFIX_PATH=/opt/ros/humble /usr/bin/cmake /home/aaron/ur_ws/src/rosparam_shortcuts -DCMAKE_INSTALL_PREFIX=/home/aaron/ur_ws/install/rosparam_shortcuts
[0.365s] -- Found ament_cmake: 1.3.12 (/opt/ros/humble/share/ament_cmake/cmake)
[0.464s] -- Found eigen3_cmake_module: 0.1.1 (/opt/ros/humble/share/eigen3_cmake_module/cmake)
[0.465s] -- Found geometry_msgs: 4.9.0 (/opt/ros/humble/share/geometry_msgs/cmake)
[0.481s] -- Found rosidl_generator_c: 3.1.8 (/opt/ros/humble/share/rosidl_generator_c/cmake)
[0.483s] -- Found rosidl_adapter: 3.1.8 (/opt/ros/humble/share/rosidl_adapter/cmake)
[0.486s] -- Found rosidl_generator_cpp: 3.1.8 (/opt/ros/humble/share/rosidl_generator_cpp/cmake)
[0.493s] -- Using all available rosidl_typesupport_c: rosidl_typesupport_fastrtps_c;rosidl_typesupport_introspection_c
[0.500s] -- Using all available rosidl_typesupport_cpp: rosidl_typesupport_fastrtps_cpp;rosidl_typesupport_introspection_cpp
[0.524s] -- Found rclcpp: 16.0.17 (/opt/ros/humble/share/rclcpp/cmake)
[0.542s] -- Found rmw_implementation_cmake: 6.1.2 (/opt/ros/humble/share/rmw_implementation_cmake/cmake)
[0.542s] -- Found rmw_fastrtps_cpp: 6.2.9 (/opt/ros/humble/share/rmw_fastrtps_cpp/cmake)
[0.662s] -- Using RMW implementation 'rmw_fastrtps_cpp' as default
[0.667s] -- Found tf2_eigen: 0.25.18 (/opt/ros/humble/share/tf2_eigen/cmake)
[0.701s] -- Found ament_lint_auto: 0.12.14 (/opt/ros/humble/share/ament_lint_auto/cmake)
[0.701s] -- Found ament_cmake_gtest: 1.3.12 (/opt/ros/humble/share/ament_cmake_gtest/cmake)
[0.703s] -- Found ros_testing: 0.4.0 (/opt/ros/humble/share/ros_testing/cmake)
[0.704s] -- Found launch_testing_ament_cmake: 1.0.13 (/opt/ros/humble/share/launch_testing_ament_cmake/cmake)
[0.705s] -- Found python_cmake_module: 0.10.0 (/opt/ros/humble/share/python_cmake_module/cmake)
[0.721s] -- Found PythonInterp: /usr/bin/python3 (found suitable version "3.10.12", minimum required is "3.6") 
[0.725s] -- Found PythonLibs: /usr/lib/x86_64-linux-gnu/libpython3.10.so (found suitable version "3.10.12", minimum required is "3.5") 
[0.725s] -- Using PYTHON_EXECUTABLE: /usr/bin/python3
[0.725s] -- Using PYTHON_INCLUDE_DIRS: /usr/include/python3.10
[0.726s] -- Using PYTHON_LIBRARIES: /usr/lib/x86_64-linux-gnu/libpython3.10.so
[0.741s] -- Found PythonExtra: .so  
[0.793s] -- Found gtest sources under '/opt/ros/humble/src/gtest_vendor': C++ tests using 'Google Test' will be built
[0.798s] -- Added test 'copyright' to check source files copyright and LICENSE
[0.799s] -- Added test 'lint_cmake' to check CMake code style
[0.799s] -- Added test 'pep257' to check Python code against some of the docstring style conventions in PEP 257
[0.800s] -- Added test 'xmllint' to check XML markup files
[0.801s] -- Configuring done
[0.819s] -- Generating done
[0.823s] -- Build files have been written to: /home/aaron/ur_ws/build/rosparam_shortcuts
[0.842s] Invoked command in '/home/aaron/ur_ws/build/rosparam_shortcuts' returned '0': CMAKE_PREFIX_PATH=/opt/ros/humble /usr/bin/cmake /home/aaron/ur_ws/src/rosparam_shortcuts -DCMAKE_INSTALL_PREFIX=/home/aaron/ur_ws/install/rosparam_shortcuts
[0.842s] Invoking command in '/home/aaron/ur_ws/build/rosparam_shortcuts': CMAKE_PREFIX_PATH=/opt/ros/humble /usr/bin/cmake --build /home/aaron/ur_ws/build/rosparam_shortcuts -- -j20 -l20
[0.876s] [  7%] [32mBuilding CXX object gtest/CMakeFiles/gtest_main.dir/src/gtest_main.cc.o[0m
[0.877s] [ 15%] [32mBuilding CXX object gtest/CMakeFiles/gtest.dir/src/gtest-all.cc.o[0m
[0.881s] [ 23%] [32mBuilding CXX object CMakeFiles/rosparam_shortcuts.dir/src/node_parameters.cpp.o[0m
[0.884s] [ 30%] [32mBuilding CXX object CMakeFiles/rosparam_shortcuts.dir/src/rosparam_shortcuts.cpp.o[0m
[2.231s] [ 38%] [32m[1mLinking CXX static library libgtest_main.a[0m
[2.270s] [ 38%] Built target gtest_main
[4.985s] [ 46%] [32m[1mLinking CXX static library libgtest.a[0m
[5.193s] [ 46%] Built target gtest
[5.560s] [ 53%] [32m[1mLinking CXX shared library librosparam_shortcuts.so[0m
[5.785s] [ 53%] Built target rosparam_shortcuts
[5.833s] [ 61%] [32mBuilding CXX object CMakeFiles/rosparam_shortcuts_node_parameters_example.dir/src/node_parameters_example.cpp.o[0m
[5.847s] [ 69%] [32mBuilding CXX object CMakeFiles/test_node_parameters.dir/test/test_node_parameters.cpp.o[0m
[5.875s] [ 76%] [32mBuilding CXX object CMakeFiles/rosparam_shortcuts_example.dir/src/example.cpp.o[0m
[9.761s] [ 84%] [32m[1mLinking CXX executable example[0m
[10.624s] [ 84%] Built target rosparam_shortcuts_example
[13.416s] [ 92%] [32m[1mLinking CXX executable test_node_parameters[0m
[13.671s] [ 92%] Built target test_node_parameters
[14.398s] [100%] [32m[1mLinking CXX executable node_parameters_example[0m
[14.566s] [100%] Built target rosparam_shortcuts_node_parameters_example
[14.585s] Invoked command in '/home/aaron/ur_ws/build/rosparam_shortcuts' returned '0': CMAKE_PREFIX_PATH=/opt/ros/humble /usr/bin/cmake --build /home/aaron/ur_ws/build/rosparam_shortcuts -- -j20 -l20
[14.594s] Invoking command in '/home/aaron/ur_ws/build/rosparam_shortcuts': CMAKE_PREFIX_PATH=/opt/ros/humble /usr/bin/cmake --install /home/aaron/ur_ws/build/rosparam_shortcuts
[14.601s] -- Install configuration: ""
[14.603s] -- Installing: /home/aaron/ur_ws/install/rosparam_shortcuts/lib/librosparam_shortcuts.so
[14.604s] -- Set runtime path of "/home/aaron/ur_ws/install/rosparam_shortcuts/lib/librosparam_shortcuts.so" to ""
[14.606s] -- Installing: /home/aaron/ur_ws/install/rosparam_shortcuts/lib/rosparam_shortcuts/example
[14.607s] -- Set runtime path of "/home/aaron/ur_ws/install/rosparam_shortcuts/lib/rosparam_shortcuts/example" to ""
[14.607s] -- Installing: /home/aaron/ur_ws/install/rosparam_shortcuts/lib/rosparam_shortcuts/node_parameters_example
[14.608s] -- Set runtime path of "/home/aaron/ur_ws/install/rosparam_shortcuts/lib/rosparam_shortcuts/node_parameters_example" to ""
[14.609s] -- Installing: /home/aaron/ur_ws/install/rosparam_shortcuts/include
[14.610s] -- Installing: /home/aaron/ur_ws/install/rosparam_shortcuts/include/rosparam_shortcuts
[14.613s] -- Installing: /home/aaron/ur_ws/install/rosparam_shortcuts/include/rosparam_shortcuts/rosparam_shortcuts.h
[14.614s] -- Installing: /home/aaron/ur_ws/install/rosparam_shortcuts/include/rosparam_shortcuts/node_parameters.h
[14.614s] -- Installing: /home/aaron/ur_ws/install/rosparam_shortcuts/share/rosparam_shortcuts/launch
[14.614s] -- Installing: /home/aaron/ur_ws/install/rosparam_shortcuts/share/rosparam_shortcuts/launch/example.launch.py
[14.614s] -- Installing: /home/aaron/ur_ws/install/rosparam_shortcuts/share/rosparam_shortcuts/config
[14.614s] -- Installing: /home/aaron/ur_ws/install/rosparam_shortcuts/share/rosparam_shortcuts/config/example.yaml
[14.614s] -- Installing: /home/aaron/ur_ws/install/rosparam_shortcuts/share/rosparam_shortcuts/environment/library_path.sh
[14.614s] -- Installing: /home/aaron/ur_ws/install/rosparam_shortcuts/share/rosparam_shortcuts/environment/library_path.dsv
[14.614s] -- Installing: /home/aaron/ur_ws/install/rosparam_shortcuts/share/ament_index/resource_index/package_run_dependencies/rosparam_shortcuts
[14.614s] -- Installing: /home/aaron/ur_ws/install/rosparam_shortcuts/share/ament_index/resource_index/parent_prefix_path/rosparam_shortcuts
[14.614s] -- Installing: /home/aaron/ur_ws/install/rosparam_shortcuts/share/rosparam_shortcuts/environment/ament_prefix_path.sh
[14.614s] -- Installing: /home/aaron/ur_ws/install/rosparam_shortcuts/share/rosparam_shortcuts/environment/ament_prefix_path.dsv
[14.615s] -- Installing: /home/aaron/ur_ws/install/rosparam_shortcuts/share/rosparam_shortcuts/environment/path.sh
[14.615s] -- Installing: /home/aaron/ur_ws/install/rosparam_shortcuts/share/rosparam_shortcuts/environment/path.dsv
[14.615s] -- Installing: /home/aaron/ur_ws/install/rosparam_shortcuts/share/rosparam_shortcuts/local_setup.bash
[14.616s] -- Installing: /home/aaron/ur_ws/install/rosparam_shortcuts/share/rosparam_shortcuts/local_setup.sh
[14.616s] -- Installing: /home/aaron/ur_ws/install/rosparam_shortcuts/share/rosparam_shortcuts/local_setup.zsh
[14.616s] -- Installing: /home/aaron/ur_ws/install/rosparam_shortcuts/share/rosparam_shortcuts/local_setup.dsv
[14.618s] -- Installing: /home/aaron/ur_ws/install/rosparam_shortcuts/share/rosparam_shortcuts/package.dsv
[14.618s] -- Installing: /home/aaron/ur_ws/install/rosparam_shortcuts/share/ament_index/resource_index/packages/rosparam_shortcuts
[14.618s] -- Installing: /home/aaron/ur_ws/install/rosparam_shortcuts/share/rosparam_shortcuts/cmake/export_rosparam_shortcutsExport.cmake
[14.618s] -- Installing: /home/aaron/ur_ws/install/rosparam_shortcuts/share/rosparam_shortcuts/cmake/export_rosparam_shortcutsExport-noconfig.cmake
[14.618s] -- Installing: /home/aaron/ur_ws/install/rosparam_shortcuts/share/rosparam_shortcuts/cmake/ament_cmake_export_targets-extras.cmake
[14.618s] -- Installing: /home/aaron/ur_ws/install/rosparam_shortcuts/share/rosparam_shortcuts/cmake/ament_cmake_export_dependencies-extras.cmake
[14.618s] -- Installing: /home/aaron/ur_ws/install/rosparam_shortcuts/share/rosparam_shortcuts/cmake/rosparam_shortcutsConfig.cmake
[14.618s] -- Installing: /home/aaron/ur_ws/install/rosparam_shortcuts/share/rosparam_shortcuts/cmake/rosparam_shortcutsConfig-version.cmake
[14.618s] -- Installing: /home/aaron/ur_ws/install/rosparam_shortcuts/share/rosparam_shortcuts/package.xml
[14.618s] Invoked command in '/home/aaron/ur_ws/build/rosparam_shortcuts' returned '0': CMAKE_PREFIX_PATH=/opt/ros/humble /usr/bin/cmake --install /home/aaron/ur_ws/build/rosparam_shortcuts
