[0.034s] Invoking command in '/home/aaron/ur_ws/build/moveit_common': CMAKE_PREFIX_PATH=/home/aaron/ur_ws/install/waypoint_pub:/home/aaron/ur_ws/install/Open_control:/opt/ros/humble /usr/bin/cmake /home/aaron/ur_ws/src/moveit2/moveit_common -DCMAKE_INSTALL_PREFIX=/home/aaron/ur_ws/install/moveit_common
[0.389s] -- Found ament_cmake: 1.3.12 (/opt/ros/humble/share/ament_cmake/cmake)
[0.390s] -- Found Python3: /usr/bin/python3 (found version "3.10.12") found components: Interpreter 
[0.390s] -- Found ament_lint_auto: 0.12.14 (/opt/ros/humble/share/ament_lint_auto/cmake)
[0.390s] -- Added test 'copyright' to check source files copyright and LICENSE
[0.391s] -- Added test 'lint_cmake' to check CMake code style
[0.391s] -- Added test 'xmllint' to check XML markup files
[0.391s] -- Configuring done
[0.391s] -- Generating done
[0.391s] -- Build files have been written to: /home/aaron/ur_ws/build/moveit_common
[0.557s] Invoked command in '/home/aaron/ur_ws/build/moveit_common' returned '0': CMAKE_PREFIX_PATH=/home/aaron/ur_ws/install/waypoint_pub:/home/aaron/ur_ws/install/Open_control:/opt/ros/humble /usr/bin/cmake /home/aaron/ur_ws/src/moveit2/moveit_common -DCMAKE_INSTALL_PREFIX=/home/aaron/ur_ws/install/moveit_common
[0.558s] Invoking command in '/home/aaron/ur_ws/build/moveit_common': CMAKE_PREFIX_PATH=/home/aaron/ur_ws/install/waypoint_pub:/home/aaron/ur_ws/install/Open_control:/opt/ros/humble /usr/bin/cmake --build /home/aaron/ur_ws/build/moveit_common -- -j20 -l20
[0.605s] Invoked command in '/home/aaron/ur_ws/build/moveit_common' returned '0': CMAKE_PREFIX_PATH=/home/aaron/ur_ws/install/waypoint_pub:/home/aaron/ur_ws/install/Open_control:/opt/ros/humble /usr/bin/cmake --build /home/aaron/ur_ws/build/moveit_common -- -j20 -l20
[0.606s] Invoking command in '/home/aaron/ur_ws/build/moveit_common': CMAKE_PREFIX_PATH=/home/aaron/ur_ws/install/waypoint_pub:/home/aaron/ur_ws/install/Open_control:/opt/ros/humble /usr/bin/cmake --install /home/aaron/ur_ws/build/moveit_common
[0.613s] -- Install configuration: ""
[0.613s] -- Installing: /home/aaron/ur_ws/install/moveit_common/share/ament_index/resource_index/package_run_dependencies/moveit_common
[0.613s] -- Installing: /home/aaron/ur_ws/install/moveit_common/share/ament_index/resource_index/parent_prefix_path/moveit_common
[0.613s] -- Installing: /home/aaron/ur_ws/install/moveit_common/share/moveit_common/environment/ament_prefix_path.sh
[0.614s] -- Installing: /home/aaron/ur_ws/install/moveit_common/share/moveit_common/environment/ament_prefix_path.dsv
[0.614s] -- Installing: /home/aaron/ur_ws/install/moveit_common/share/moveit_common/environment/path.sh
[0.614s] -- Installing: /home/aaron/ur_ws/install/moveit_common/share/moveit_common/environment/path.dsv
[0.614s] -- Installing: /home/aaron/ur_ws/install/moveit_common/share/moveit_common/local_setup.bash
[0.614s] -- Installing: /home/aaron/ur_ws/install/moveit_common/share/moveit_common/local_setup.sh
[0.614s] -- Installing: /home/aaron/ur_ws/install/moveit_common/share/moveit_common/local_setup.zsh
[0.614s] -- Installing: /home/aaron/ur_ws/install/moveit_common/share/moveit_common/local_setup.dsv
[0.615s] -- Installing: /home/aaron/ur_ws/install/moveit_common/share/moveit_common/package.dsv
[0.615s] -- Installing: /home/aaron/ur_ws/install/moveit_common/share/ament_index/resource_index/packages/moveit_common
[0.615s] -- Installing: /home/aaron/ur_ws/install/moveit_common/share/moveit_common/cmake/moveit_common-extras.cmake
[0.615s] -- Installing: /home/aaron/ur_ws/install/moveit_common/share/moveit_common/cmake/moveit_commonConfig.cmake
[0.615s] -- Installing: /home/aaron/ur_ws/install/moveit_common/share/moveit_common/cmake/moveit_commonConfig-version.cmake
[0.615s] -- Installing: /home/aaron/ur_ws/install/moveit_common/share/moveit_common/package.xml
[0.616s] -- Up-to-date: /home/aaron/ur_ws/install/moveit_common/share/moveit_common/cmake
[0.616s] -- Installing: /home/aaron/ur_ws/install/moveit_common/share/moveit_common/cmake/moveit_package.cmake
[0.666s] Invoked command in '/home/aaron/ur_ws/build/moveit_common' returned '0': CMAKE_PREFIX_PATH=/home/aaron/ur_ws/install/waypoint_pub:/home/aaron/ur_ws/install/Open_control:/opt/ros/humble /usr/bin/cmake --install /home/aaron/ur_ws/build/moveit_common
