[0.037s] Invoking command in '/home/aaron/ur_ws/build/moveit_visual_tools': AMENT_PREFIX_PATH=/home/aaron/ur_ws/install/moveit_ros_planning:/home/aaron/ur_ws/install/moveit_ros_occupancy_map_monitor:/home/aaron/ur_ws/install/moveit_core:/home/aaron/ur_ws/install/moveit_resources_panda_moveit_config:/home/aaron/ur_ws/install/moveit_configs_utils:/home/aaron/ur_ws/install/srdfdom:/home/aaron/ur_ws/install/moveit_resources_pr2_description:/home/aaron/ur_ws/install/moveit_resources_panda_description:/home/aaron/ur_ws/install/moveit_common:/home/aaron/ur_ws/install/launch_param_builder:${AMENT_PREFIX_PATH} CMAKE_PREFIX_PATH=/home/aaron/ur_ws/install/moveit_ros_planning:/home/aaron/ur_ws/install/moveit_ros_occupancy_map_monitor:/home/aaron/ur_ws/install/moveit_core:/home/aaron/ur_ws/install/moveit_resources_panda_moveit_config:/home/aaron/ur_ws/install/srdfdom:/home/aaron/ur_ws/install/moveit_resources_pr2_description:/home/aaron/ur_ws/install/moveit_resources_panda_description:/home/aaron/ur_ws/install/moveit_common:/opt/ros/humble LD_LIBRARY_PATH=/home/aaron/ur_ws/install/moveit_ros_planning/lib:/home/aaron/ur_ws/install/moveit_ros_occupancy_map_monitor/lib:/home/aaron/ur_ws/install/moveit_core/lib:/home/aaron/ur_ws/install/srdfdom/lib:${LD_LIBRARY_PATH} PATH=/home/aaron/ur_ws/install/moveit_core/bin:${PATH} PYTHONPATH=/home/aaron/ur_ws/install/moveit_configs_utils/lib/python3.10/site-packages:/home/aaron/ur_ws/install/srdfdom/local/lib/python3.10/dist-packages:/home/aaron/ur_ws/install/launch_param_builder/lib/python3.10/site-packages:${PYTHONPATH} /usr/bin/cmake /home/aaron/ur_ws/src/moveit_visual_tools -DCMAKE_INSTALL_PREFIX=/home/aaron/ur_ws/install/moveit_visual_tools
[0.098s] -- The C compiler identification is GNU 11.4.0
[0.162s] -- The CXX compiler identification is GNU 11.4.0
[0.171s] -- Detecting C compiler ABI info
[0.238s] -- Detecting C compiler ABI info - done
[0.248s] -- Check for working C compiler: /usr/bin/cc - skipped
[0.248s] -- Detecting C compile features
[0.248s] -- Detecting C compile features - done
[0.252s] -- Detecting CXX compiler ABI info
[0.317s] -- Detecting CXX compiler ABI info - done
[0.322s] -- Check for working CXX compiler: /usr/bin/c++ - skipped
[0.322s] -- Detecting CXX compile features
[0.322s] -- Detecting CXX compile features - done
[0.323s] -- Found moveit_common: 2.5.9 (/home/aaron/ur_ws/install/moveit_common/share/moveit_common/cmake)
[0.325s] -- Found ament_cmake: 1.3.12 (/opt/ros/humble/share/ament_cmake/cmake)
[0.461s] -- Found Python3: /usr/bin/python3 (found version "3.10.12") found components: Interpreter 
[0.629s] [0mmoveit_visual_tools: You did not request a specific build type: Choosing 'Release' for maximum performance[0m
[0.638s] -- Found Boost: /usr/lib/x86_64-linux-gnu/cmake/Boost-1.74.0/BoostConfig.cmake (found version "1.74.0") found components: system 
[0.646s] -- Found geometry_msgs: 4.9.0 (/opt/ros/humble/share/geometry_msgs/cmake)
[0.685s] -- Found rosidl_generator_c: 3.1.8 (/opt/ros/humble/share/rosidl_generator_c/cmake)
[0.691s] -- Found rosidl_adapter: 3.1.8 (/opt/ros/humble/share/rosidl_adapter/cmake)
[0.700s] -- Found rosidl_generator_cpp: 3.1.8 (/opt/ros/humble/share/rosidl_generator_cpp/cmake)
[0.713s] -- Using all available rosidl_typesupport_c: rosidl_typesupport_fastrtps_c;rosidl_typesupport_introspection_c
[0.730s] -- Using all available rosidl_typesupport_cpp: rosidl_typesupport_fastrtps_cpp;rosidl_typesupport_introspection_cpp
[0.777s] [31mCMake Error at CMakeLists.txt:11 (find_package):
[0.778s]   By not providing "Findgraph_msgs.cmake" in CMAKE_MODULE_PATH this project
[0.778s]   has asked CMake to find a package configuration file provided by
[0.778s]   "graph_msgs", but CMake did not find one.
[0.778s] 
[0.778s]   Could not find a package configuration file provided by "graph_msgs" with
[0.778s]   any of the following names:
[0.778s] 
[0.778s]     graph_msgsConfig.cmake
[0.779s]     graph_msgs-config.cmake
[0.779s] 
[0.779s]   Add the installation prefix of "graph_msgs" to CMAKE_PREFIX_PATH or set
[0.779s]   "graph_msgs_DIR" to a directory containing one of the above files.  If
[0.779s]   "graph_msgs" provides a separate development package or SDK, be sure it has
[0.779s]   been installed.
[0.779s] 
[0.779s] [0m
[0.779s] -- Configuring incomplete, errors occurred!
[0.780s] See also "/home/aaron/ur_ws/build/moveit_visual_tools/CMakeFiles/CMakeOutput.log".
[0.783s] Invoked command in '/home/aaron/ur_ws/build/moveit_visual_tools' returned '1': AMENT_PREFIX_PATH=/home/aaron/ur_ws/install/moveit_ros_planning:/home/aaron/ur_ws/install/moveit_ros_occupancy_map_monitor:/home/aaron/ur_ws/install/moveit_core:/home/aaron/ur_ws/install/moveit_resources_panda_moveit_config:/home/aaron/ur_ws/install/moveit_configs_utils:/home/aaron/ur_ws/install/srdfdom:/home/aaron/ur_ws/install/moveit_resources_pr2_description:/home/aaron/ur_ws/install/moveit_resources_panda_description:/home/aaron/ur_ws/install/moveit_common:/home/aaron/ur_ws/install/launch_param_builder:${AMENT_PREFIX_PATH} CMAKE_PREFIX_PATH=/home/aaron/ur_ws/install/moveit_ros_planning:/home/aaron/ur_ws/install/moveit_ros_occupancy_map_monitor:/home/aaron/ur_ws/install/moveit_core:/home/aaron/ur_ws/install/moveit_resources_panda_moveit_config:/home/aaron/ur_ws/install/srdfdom:/home/aaron/ur_ws/install/moveit_resources_pr2_description:/home/aaron/ur_ws/install/moveit_resources_panda_description:/home/aaron/ur_ws/install/moveit_common:/opt/ros/humble LD_LIBRARY_PATH=/home/aaron/ur_ws/install/moveit_ros_planning/lib:/home/aaron/ur_ws/install/moveit_ros_occupancy_map_monitor/lib:/home/aaron/ur_ws/install/moveit_core/lib:/home/aaron/ur_ws/install/srdfdom/lib:${LD_LIBRARY_PATH} PATH=/home/aaron/ur_ws/install/moveit_core/bin:${PATH} PYTHONPATH=/home/aaron/ur_ws/install/moveit_configs_utils/lib/python3.10/site-packages:/home/aaron/ur_ws/install/srdfdom/local/lib/python3.10/dist-packages:/home/aaron/ur_ws/install/launch_param_builder/lib/python3.10/site-packages:${PYTHONPATH} /usr/bin/cmake /home/aaron/ur_ws/src/moveit_visual_tools -DCMAKE_INSTALL_PREFIX=/home/aaron/ur_ws/install/moveit_visual_tools
