[0.063s] DEBUG:colcon:Command line arguments: ['/usr/bin/colcon', 'build']
[0.063s] DEBUG:colcon:Parsed command line arguments: Namespace(log_base=None, log_level=None, verb_name='build', build_base='build', install_base='install', merge_install=False, symlink_install=False, test_result_base=None, continue_on_error=False, executor='parallel', parallel_workers=20, event_handlers=None, ignore_user_meta=False, metas=['./colcon.meta'], base_paths=['.'], packages_ignore=None, packages_ignore_regex=None, paths=None, packages_up_to=None, packages_up_to_regex=None, packages_above=None, packages_above_and_dependencies=None, packages_above_depth=None, packages_select_by_dep=None, packages_skip_by_dep=None, packages_skip_up_to=None, packages_select_build_failed=False, packages_skip_build_finished=False, packages_select_test_failures=False, packages_skip_test_passed=False, packages_select=None, packages_skip=None, packages_select_regex=None, packages_skip_regex=None, packages_start=None, packages_end=None, allow_overriding=[], cmake_args=None, cmake_target=None, cmake_target_skip_unavailable=False, cmake_clean_cache=False, cmake_clean_first=False, cmake_force_configure=False, ament_cmake_args=None, catkin_cmake_args=None, catkin_skip_building_tests=False, verb_parser=<colcon_defaults.argument_parser.defaults.DefaultArgumentsDecorator object at 0x75a12fb7a1a0>, verb_extension=<colcon_core.verb.build.BuildVerb object at 0x75a12fb79360>, main=<bound method BuildVerb.main of <colcon_core.verb.build.BuildVerb object at 0x75a12fb79360>>)
[0.163s] Level 1:colcon.colcon_core.package_discovery:discover_packages(colcon_meta) check parameters
[0.163s] Level 1:colcon.colcon_core.package_discovery:discover_packages(recursive) check parameters
[0.163s] Level 1:colcon.colcon_core.package_discovery:discover_packages(ignore) check parameters
[0.163s] Level 1:colcon.colcon_core.package_discovery:discover_packages(path) check parameters
[0.163s] Level 1:colcon.colcon_core.package_discovery:discover_packages(colcon_meta) discover
[0.163s] Level 1:colcon.colcon_core.package_discovery:discover_packages(recursive) discover
[0.163s] INFO:colcon.colcon_core.package_discovery:Crawling recursively for packages in '/home/aaron/ur_ws'
[0.163s] Level 1:colcon.colcon_core.package_identification:_identify(.) by extensions ['ignore', 'ignore_ament_install']
[0.163s] Level 1:colcon.colcon_core.package_identification:_identify(.) by extension 'ignore'
[0.163s] Level 1:colcon.colcon_core.package_identification:_identify(.) by extension 'ignore_ament_install'
[0.163s] Level 1:colcon.colcon_core.package_identification:_identify(.) by extensions ['colcon_pkg']
[0.163s] Level 1:colcon.colcon_core.package_identification:_identify(.) by extension 'colcon_pkg'
[0.163s] Level 1:colcon.colcon_core.package_identification:_identify(.) by extensions ['colcon_meta']
[0.163s] Level 1:colcon.colcon_core.package_identification:_identify(.) by extension 'colcon_meta'
[0.163s] Level 1:colcon.colcon_core.package_identification:_identify(.) by extensions ['ros']
[0.163s] Level 1:colcon.colcon_core.package_identification:_identify(.) by extension 'ros'
[0.170s] Level 1:colcon.colcon_core.package_identification:_identify(.) by extensions ['cmake', 'python']
[0.170s] Level 1:colcon.colcon_core.package_identification:_identify(.) by extension 'cmake'
[0.170s] Level 1:colcon.colcon_core.package_identification:_identify(.) by extension 'python'
[0.170s] Level 1:colcon.colcon_core.package_identification:_identify(.) by extensions ['python_setup_py']
[0.170s] Level 1:colcon.colcon_core.package_identification:_identify(.) by extension 'python_setup_py'
[0.170s] Level 1:colcon.colcon_core.package_identification:_identify(build) by extensions ['ignore', 'ignore_ament_install']
[0.170s] Level 1:colcon.colcon_core.package_identification:_identify(build) by extension 'ignore'
[0.170s] Level 1:colcon.colcon_core.package_identification:_identify(build) ignored
[0.170s] Level 1:colcon.colcon_core.package_identification:_identify(install) by extensions ['ignore', 'ignore_ament_install']
[0.170s] Level 1:colcon.colcon_core.package_identification:_identify(install) by extension 'ignore'
[0.171s] Level 1:colcon.colcon_core.package_identification:_identify(install) ignored
[0.171s] Level 1:colcon.colcon_core.package_identification:_identify(log) by extensions ['ignore', 'ignore_ament_install']
[0.171s] Level 1:colcon.colcon_core.package_identification:_identify(log) by extension 'ignore'
[0.171s] Level 1:colcon.colcon_core.package_identification:_identify(log) ignored
[0.171s] Level 1:colcon.colcon_core.package_identification:_identify(src) by extensions ['ignore', 'ignore_ament_install']
[0.171s] Level 1:colcon.colcon_core.package_identification:_identify(src) by extension 'ignore'
[0.171s] Level 1:colcon.colcon_core.package_identification:_identify(src) by extension 'ignore_ament_install'
[0.171s] Level 1:colcon.colcon_core.package_identification:_identify(src) by extensions ['colcon_pkg']
[0.171s] Level 1:colcon.colcon_core.package_identification:_identify(src) by extension 'colcon_pkg'
[0.171s] Level 1:colcon.colcon_core.package_identification:_identify(src) by extensions ['colcon_meta']
[0.171s] Level 1:colcon.colcon_core.package_identification:_identify(src) by extension 'colcon_meta'
[0.171s] Level 1:colcon.colcon_core.package_identification:_identify(src) by extensions ['ros']
[0.171s] Level 1:colcon.colcon_core.package_identification:_identify(src) by extension 'ros'
[0.171s] Level 1:colcon.colcon_core.package_identification:_identify(src) by extensions ['cmake', 'python']
[0.171s] Level 1:colcon.colcon_core.package_identification:_identify(src) by extension 'cmake'
[0.171s] Level 1:colcon.colcon_core.package_identification:_identify(src) by extension 'python'
[0.171s] Level 1:colcon.colcon_core.package_identification:_identify(src) by extensions ['python_setup_py']
[0.171s] Level 1:colcon.colcon_core.package_identification:_identify(src) by extension 'python_setup_py'
[0.171s] Level 1:colcon.colcon_core.package_identification:_identify(src/Open_control) by extensions ['ignore', 'ignore_ament_install']
[0.171s] Level 1:colcon.colcon_core.package_identification:_identify(src/Open_control) by extension 'ignore'
[0.171s] Level 1:colcon.colcon_core.package_identification:_identify(src/Open_control) by extension 'ignore_ament_install'
[0.171s] Level 1:colcon.colcon_core.package_identification:_identify(src/Open_control) by extensions ['colcon_pkg']
[0.171s] Level 1:colcon.colcon_core.package_identification:_identify(src/Open_control) by extension 'colcon_pkg'
[0.171s] Level 1:colcon.colcon_core.package_identification:_identify(src/Open_control) by extensions ['colcon_meta']
[0.171s] Level 1:colcon.colcon_core.package_identification:_identify(src/Open_control) by extension 'colcon_meta'
[0.171s] Level 1:colcon.colcon_core.package_identification:_identify(src/Open_control) by extensions ['ros']
[0.171s] Level 1:colcon.colcon_core.package_identification:_identify(src/Open_control) by extension 'ros'
[0.173s] DEBUG:colcon.colcon_core.package_identification:Package 'src/Open_control' with type 'ros.ament_python' and name 'Open_control'
[0.173s] Level 1:colcon.colcon_core.package_identification:_identify(src/build) by extensions ['ignore', 'ignore_ament_install']
[0.173s] Level 1:colcon.colcon_core.package_identification:_identify(src/build) by extension 'ignore'
[0.173s] Level 1:colcon.colcon_core.package_identification:_identify(src/build) ignored
[0.173s] Level 1:colcon.colcon_core.package_identification:_identify(src/install) by extensions ['ignore', 'ignore_ament_install']
[0.173s] Level 1:colcon.colcon_core.package_identification:_identify(src/install) by extension 'ignore'
[0.173s] Level 1:colcon.colcon_core.package_identification:_identify(src/install) ignored
[0.173s] Level 1:colcon.colcon_core.package_identification:_identify(src/log) by extensions ['ignore', 'ignore_ament_install']
[0.173s] Level 1:colcon.colcon_core.package_identification:_identify(src/log) by extension 'ignore'
[0.173s] Level 1:colcon.colcon_core.package_identification:_identify(src/log) ignored
[0.173s] Level 1:colcon.colcon_core.package_identification:_identify(src/moveit2_tutorials) by extensions ['ignore', 'ignore_ament_install']
[0.173s] Level 1:colcon.colcon_core.package_identification:_identify(src/moveit2_tutorials) by extension 'ignore'
[0.173s] Level 1:colcon.colcon_core.package_identification:_identify(src/moveit2_tutorials) by extension 'ignore_ament_install'
[0.173s] Level 1:colcon.colcon_core.package_identification:_identify(src/moveit2_tutorials) by extensions ['colcon_pkg']
[0.173s] Level 1:colcon.colcon_core.package_identification:_identify(src/moveit2_tutorials) by extension 'colcon_pkg'
[0.173s] Level 1:colcon.colcon_core.package_identification:_identify(src/moveit2_tutorials) by extensions ['colcon_meta']
[0.173s] Level 1:colcon.colcon_core.package_identification:_identify(src/moveit2_tutorials) by extension 'colcon_meta'
[0.173s] Level 1:colcon.colcon_core.package_identification:_identify(src/moveit2_tutorials) by extensions ['ros']
[0.173s] Level 1:colcon.colcon_core.package_identification:_identify(src/moveit2_tutorials) by extension 'ros'
[0.175s] DEBUG:colcon.colcon_core.package_identification:Package 'src/moveit2_tutorials' with type 'ros.ament_cmake' and name 'moveit2_tutorials'
[0.175s] Level 1:colcon.colcon_core.package_identification:_identify(src/moveit_control) by extensions ['ignore', 'ignore_ament_install']
[0.175s] Level 1:colcon.colcon_core.package_identification:_identify(src/moveit_control) by extension 'ignore'
[0.175s] Level 1:colcon.colcon_core.package_identification:_identify(src/moveit_control) by extension 'ignore_ament_install'
[0.175s] Level 1:colcon.colcon_core.package_identification:_identify(src/moveit_control) by extensions ['colcon_pkg']
[0.175s] Level 1:colcon.colcon_core.package_identification:_identify(src/moveit_control) by extension 'colcon_pkg'
[0.175s] Level 1:colcon.colcon_core.package_identification:_identify(src/moveit_control) by extensions ['colcon_meta']
[0.175s] Level 1:colcon.colcon_core.package_identification:_identify(src/moveit_control) by extension 'colcon_meta'
[0.175s] Level 1:colcon.colcon_core.package_identification:_identify(src/moveit_control) by extensions ['ros']
[0.175s] Level 1:colcon.colcon_core.package_identification:_identify(src/moveit_control) by extension 'ros'
[0.175s] DEBUG:colcon.colcon_core.package_identification:Package 'src/moveit_control' with type 'ros.ament_cmake' and name 'moveit_control'
[0.175s] Level 1:colcon.colcon_core.package_identification:_identify(src/waypoint_pub) by extensions ['ignore', 'ignore_ament_install']
[0.175s] Level 1:colcon.colcon_core.package_identification:_identify(src/waypoint_pub) by extension 'ignore'
[0.175s] Level 1:colcon.colcon_core.package_identification:_identify(src/waypoint_pub) by extension 'ignore_ament_install'
[0.175s] Level 1:colcon.colcon_core.package_identification:_identify(src/waypoint_pub) by extensions ['colcon_pkg']
[0.175s] Level 1:colcon.colcon_core.package_identification:_identify(src/waypoint_pub) by extension 'colcon_pkg'
[0.176s] Level 1:colcon.colcon_core.package_identification:_identify(src/waypoint_pub) by extensions ['colcon_meta']
[0.176s] Level 1:colcon.colcon_core.package_identification:_identify(src/waypoint_pub) by extension 'colcon_meta'
[0.176s] Level 1:colcon.colcon_core.package_identification:_identify(src/waypoint_pub) by extensions ['ros']
[0.176s] Level 1:colcon.colcon_core.package_identification:_identify(src/waypoint_pub) by extension 'ros'
[0.176s] DEBUG:colcon.colcon_core.package_identification:Package 'src/waypoint_pub' with type 'ros.ament_python' and name 'waypoint_pub'
[0.176s] Level 1:colcon.colcon_core.package_discovery:discover_packages(recursive) using defaults
[0.176s] Level 1:colcon.colcon_core.package_discovery:discover_packages(ignore) discover
[0.176s] Level 1:colcon.colcon_core.package_discovery:discover_packages(ignore) using defaults
[0.176s] Level 1:colcon.colcon_core.package_discovery:discover_packages(path) discover
[0.176s] Level 1:colcon.colcon_core.package_discovery:discover_packages(path) using defaults
[0.194s] Level 1:colcon.colcon_core.package_discovery:discover_packages(prefix_path) check parameters
[0.194s] Level 1:colcon.colcon_core.package_discovery:discover_packages(prefix_path) discover
[0.195s] DEBUG:colcon.colcon_installed_package_information.package_discovery:Found 4 installed packages in /home/aaron/ur_ws/install
[0.196s] DEBUG:colcon.colcon_installed_package_information.package_discovery:Found 476 installed packages in /opt/ros/humble
[0.197s] Level 1:colcon.colcon_core.package_discovery:discover_packages(prefix_path) using defaults
[0.230s] Level 5:colcon.colcon_core.verb:set package 'Open_control' build argument 'cmake_args' from command line to 'None'
[0.230s] Level 5:colcon.colcon_core.verb:set package 'Open_control' build argument 'cmake_target' from command line to 'None'
[0.230s] Level 5:colcon.colcon_core.verb:set package 'Open_control' build argument 'cmake_target_skip_unavailable' from command line to 'False'
[0.230s] Level 5:colcon.colcon_core.verb:set package 'Open_control' build argument 'cmake_clean_cache' from command line to 'False'
[0.230s] Level 5:colcon.colcon_core.verb:set package 'Open_control' build argument 'cmake_clean_first' from command line to 'False'
[0.230s] Level 5:colcon.colcon_core.verb:set package 'Open_control' build argument 'cmake_force_configure' from command line to 'False'
[0.230s] Level 5:colcon.colcon_core.verb:set package 'Open_control' build argument 'ament_cmake_args' from command line to 'None'
[0.230s] Level 5:colcon.colcon_core.verb:set package 'Open_control' build argument 'catkin_cmake_args' from command line to 'None'
[0.230s] Level 5:colcon.colcon_core.verb:set package 'Open_control' build argument 'catkin_skip_building_tests' from command line to 'False'
[0.230s] DEBUG:colcon.colcon_core.verb:Building package 'Open_control' with the following arguments: {'ament_cmake_args': None, 'build_base': '/home/aaron/ur_ws/build/Open_control', 'catkin_cmake_args': None, 'catkin_skip_building_tests': False, 'cmake_args': None, 'cmake_clean_cache': False, 'cmake_clean_first': False, 'cmake_force_configure': False, 'cmake_target': None, 'cmake_target_skip_unavailable': False, 'install_base': '/home/aaron/ur_ws/install/Open_control', 'merge_install': False, 'path': '/home/aaron/ur_ws/src/Open_control', 'symlink_install': False, 'test_result_base': None}
[0.231s] Level 5:colcon.colcon_core.verb:set package 'moveit2_tutorials' build argument 'cmake_args' from command line to 'None'
[0.231s] Level 5:colcon.colcon_core.verb:set package 'moveit2_tutorials' build argument 'cmake_target' from command line to 'None'
[0.231s] Level 5:colcon.colcon_core.verb:set package 'moveit2_tutorials' build argument 'cmake_target_skip_unavailable' from command line to 'False'
[0.231s] Level 5:colcon.colcon_core.verb:set package 'moveit2_tutorials' build argument 'cmake_clean_cache' from command line to 'False'
[0.231s] Level 5:colcon.colcon_core.verb:set package 'moveit2_tutorials' build argument 'cmake_clean_first' from command line to 'False'
[0.231s] Level 5:colcon.colcon_core.verb:set package 'moveit2_tutorials' build argument 'cmake_force_configure' from command line to 'False'
[0.231s] Level 5:colcon.colcon_core.verb:set package 'moveit2_tutorials' build argument 'ament_cmake_args' from command line to 'None'
[0.231s] Level 5:colcon.colcon_core.verb:set package 'moveit2_tutorials' build argument 'catkin_cmake_args' from command line to 'None'
[0.231s] Level 5:colcon.colcon_core.verb:set package 'moveit2_tutorials' build argument 'catkin_skip_building_tests' from command line to 'False'
[0.231s] DEBUG:colcon.colcon_core.verb:Building package 'moveit2_tutorials' with the following arguments: {'ament_cmake_args': None, 'build_base': '/home/aaron/ur_ws/build/moveit2_tutorials', 'catkin_cmake_args': None, 'catkin_skip_building_tests': False, 'cmake_args': None, 'cmake_clean_cache': False, 'cmake_clean_first': False, 'cmake_force_configure': False, 'cmake_target': None, 'cmake_target_skip_unavailable': False, 'install_base': '/home/aaron/ur_ws/install/moveit2_tutorials', 'merge_install': False, 'path': '/home/aaron/ur_ws/src/moveit2_tutorials', 'symlink_install': False, 'test_result_base': None}
[0.231s] Level 5:colcon.colcon_core.verb:set package 'moveit_control' build argument 'cmake_args' from command line to 'None'
[0.231s] Level 5:colcon.colcon_core.verb:set package 'moveit_control' build argument 'cmake_target' from command line to 'None'
[0.231s] Level 5:colcon.colcon_core.verb:set package 'moveit_control' build argument 'cmake_target_skip_unavailable' from command line to 'False'
[0.231s] Level 5:colcon.colcon_core.verb:set package 'moveit_control' build argument 'cmake_clean_cache' from command line to 'False'
[0.231s] Level 5:colcon.colcon_core.verb:set package 'moveit_control' build argument 'cmake_clean_first' from command line to 'False'
[0.231s] Level 5:colcon.colcon_core.verb:set package 'moveit_control' build argument 'cmake_force_configure' from command line to 'False'
[0.231s] Level 5:colcon.colcon_core.verb:set package 'moveit_control' build argument 'ament_cmake_args' from command line to 'None'
[0.231s] Level 5:colcon.colcon_core.verb:set package 'moveit_control' build argument 'catkin_cmake_args' from command line to 'None'
[0.231s] Level 5:colcon.colcon_core.verb:set package 'moveit_control' build argument 'catkin_skip_building_tests' from command line to 'False'
[0.231s] DEBUG:colcon.colcon_core.verb:Building package 'moveit_control' with the following arguments: {'ament_cmake_args': None, 'build_base': '/home/aaron/ur_ws/build/moveit_control', 'catkin_cmake_args': None, 'catkin_skip_building_tests': False, 'cmake_args': None, 'cmake_clean_cache': False, 'cmake_clean_first': False, 'cmake_force_configure': False, 'cmake_target': None, 'cmake_target_skip_unavailable': False, 'install_base': '/home/aaron/ur_ws/install/moveit_control', 'merge_install': False, 'path': '/home/aaron/ur_ws/src/moveit_control', 'symlink_install': False, 'test_result_base': None}
[0.231s] Level 5:colcon.colcon_core.verb:set package 'waypoint_pub' build argument 'cmake_args' from command line to 'None'
[0.231s] Level 5:colcon.colcon_core.verb:set package 'waypoint_pub' build argument 'cmake_target' from command line to 'None'
[0.231s] Level 5:colcon.colcon_core.verb:set package 'waypoint_pub' build argument 'cmake_target_skip_unavailable' from command line to 'False'
[0.231s] Level 5:colcon.colcon_core.verb:set package 'waypoint_pub' build argument 'cmake_clean_cache' from command line to 'False'
[0.231s] Level 5:colcon.colcon_core.verb:set package 'waypoint_pub' build argument 'cmake_clean_first' from command line to 'False'
[0.231s] Level 5:colcon.colcon_core.verb:set package 'waypoint_pub' build argument 'cmake_force_configure' from command line to 'False'
[0.231s] Level 5:colcon.colcon_core.verb:set package 'waypoint_pub' build argument 'ament_cmake_args' from command line to 'None'
[0.231s] Level 5:colcon.colcon_core.verb:set package 'waypoint_pub' build argument 'catkin_cmake_args' from command line to 'None'
[0.231s] Level 5:colcon.colcon_core.verb:set package 'waypoint_pub' build argument 'catkin_skip_building_tests' from command line to 'False'
[0.231s] DEBUG:colcon.colcon_core.verb:Building package 'waypoint_pub' with the following arguments: {'ament_cmake_args': None, 'build_base': '/home/aaron/ur_ws/build/waypoint_pub', 'catkin_cmake_args': None, 'catkin_skip_building_tests': False, 'cmake_args': None, 'cmake_clean_cache': False, 'cmake_clean_first': False, 'cmake_force_configure': False, 'cmake_target': None, 'cmake_target_skip_unavailable': False, 'install_base': '/home/aaron/ur_ws/install/waypoint_pub', 'merge_install': False, 'path': '/home/aaron/ur_ws/src/waypoint_pub', 'symlink_install': False, 'test_result_base': None}
[0.231s] INFO:colcon.colcon_core.executor:Executing jobs using 'parallel' executor
[0.232s] DEBUG:colcon.colcon_parallel_executor.executor.parallel:run_until_complete
[0.232s] INFO:colcon.colcon_ros.task.ament_python.build:Building ROS package in '/home/aaron/ur_ws/src/Open_control' with build type 'ament_python'
[0.232s] Level 1:colcon.colcon_core.shell:create_environment_hook('Open_control', 'ament_prefix_path')
[0.234s] INFO:colcon.colcon_core.plugin_system:Skipping extension 'colcon_core.shell.bat': Not used on non-Windows systems
[0.234s] INFO:colcon.colcon_core.shell:Creating environment hook '/home/aaron/ur_ws/install/Open_control/share/Open_control/hook/ament_prefix_path.ps1'
[0.234s] INFO:colcon.colcon_core.shell:Creating environment descriptor '/home/aaron/ur_ws/install/Open_control/share/Open_control/hook/ament_prefix_path.dsv'
[0.235s] INFO:colcon.colcon_core.shell:Creating environment hook '/home/aaron/ur_ws/install/Open_control/share/Open_control/hook/ament_prefix_path.sh'
[0.235s] INFO:colcon.colcon_core.shell:Skip shell extension 'powershell' for command environment: Not usable outside of PowerShell
[0.235s] DEBUG:colcon.colcon_core.shell:Skip shell extension 'dsv' for command environment
[0.237s] INFO:colcon.colcon_ros.task.ament_cmake.build:Building ROS package in '/home/aaron/ur_ws/src/moveit2_tutorials' with build type 'ament_cmake'
[0.238s] INFO:colcon.colcon_cmake.task.cmake.build:Building CMake package in '/home/aaron/ur_ws/src/moveit2_tutorials'
[0.238s] INFO:colcon.colcon_core.shell:Skip shell extension 'powershell' for command environment: Not usable outside of PowerShell
[0.238s] DEBUG:colcon.colcon_core.shell:Skip shell extension 'dsv' for command environment
[0.240s] INFO:colcon.colcon_ros.task.ament_cmake.build:Building ROS package in '/home/aaron/ur_ws/src/moveit_control' with build type 'ament_cmake'
[0.240s] INFO:colcon.colcon_cmake.task.cmake.build:Building CMake package in '/home/aaron/ur_ws/src/moveit_control'
[0.240s] INFO:colcon.colcon_core.shell:Skip shell extension 'powershell' for command environment: Not usable outside of PowerShell
[0.240s] DEBUG:colcon.colcon_core.shell:Skip shell extension 'dsv' for command environment
[0.242s] INFO:colcon.colcon_ros.task.ament_python.build:Building ROS package in '/home/aaron/ur_ws/src/waypoint_pub' with build type 'ament_python'
[0.242s] Level 1:colcon.colcon_core.shell:create_environment_hook('waypoint_pub', 'ament_prefix_path')
[0.243s] INFO:colcon.colcon_core.shell:Creating environment hook '/home/aaron/ur_ws/install/waypoint_pub/share/waypoint_pub/hook/ament_prefix_path.ps1'
[0.243s] INFO:colcon.colcon_core.shell:Creating environment descriptor '/home/aaron/ur_ws/install/waypoint_pub/share/waypoint_pub/hook/ament_prefix_path.dsv'
[0.243s] INFO:colcon.colcon_core.shell:Creating environment hook '/home/aaron/ur_ws/install/waypoint_pub/share/waypoint_pub/hook/ament_prefix_path.sh'
[0.243s] INFO:colcon.colcon_core.shell:Skip shell extension 'powershell' for command environment: Not usable outside of PowerShell
[0.243s] DEBUG:colcon.colcon_core.shell:Skip shell extension 'dsv' for command environment
[0.401s] INFO:colcon.colcon_core.task.python.build:Building Python package in '/home/aaron/ur_ws/src/Open_control'
[0.401s] INFO:colcon.colcon_core.shell:Skip shell extension 'powershell' for command environment: Not usable outside of PowerShell
[0.401s] DEBUG:colcon.colcon_core.shell:Skip shell extension 'dsv' for command environment
[0.406s] DEBUG:colcon.colcon_core.event_handler.log_command:Invoking command in '/home/aaron/ur_ws/build/moveit2_tutorials': CMAKE_PREFIX_PATH=/home/aaron/ur_ws/install/waypoint_pub:/home/aaron/ur_ws/install/Open_control:/opt/ros/humble /usr/bin/cmake /home/aaron/ur_ws/src/moveit2_tutorials -DCMAKE_INSTALL_PREFIX=/home/aaron/ur_ws/install/moveit2_tutorials
[0.408s] DEBUG:colcon.colcon_core.event_handler.log_command:Invoking command in '/home/aaron/ur_ws/build/moveit_control': CMAKE_PREFIX_PATH=/home/aaron/ur_ws/install/waypoint_pub:/home/aaron/ur_ws/install/Open_control:/opt/ros/humble /usr/bin/cmake --build /home/aaron/ur_ws/build/moveit_control -- -j20 -l20
[0.570s] INFO:colcon.colcon_core.task.python.build:Building Python package in '/home/aaron/ur_ws/src/waypoint_pub'
[0.570s] INFO:colcon.colcon_core.shell:Skip shell extension 'powershell' for command environment: Not usable outside of PowerShell
[0.570s] DEBUG:colcon.colcon_core.shell:Skip shell extension 'dsv' for command environment
[0.577s] DEBUG:colcon.colcon_core.event_handler.log_command:Invoked command in '/home/aaron/ur_ws/build/moveit_control' returned '0': CMAKE_PREFIX_PATH=/home/aaron/ur_ws/install/waypoint_pub:/home/aaron/ur_ws/install/Open_control:/opt/ros/humble /usr/bin/cmake --build /home/aaron/ur_ws/build/moveit_control -- -j20 -l20
[0.584s] DEBUG:colcon.colcon_core.event_handler.log_command:Invoking command in '/home/aaron/ur_ws/build/moveit_control': CMAKE_PREFIX_PATH=/home/aaron/ur_ws/install/waypoint_pub:/home/aaron/ur_ws/install/Open_control:/opt/ros/humble /usr/bin/cmake --install /home/aaron/ur_ws/build/moveit_control
[0.589s] Level 1:colcon.colcon_core.environment:create_environment_scripts_only(moveit_control)
[0.589s] DEBUG:colcon.colcon_core.event_handler.log_command:Invoked command in '/home/aaron/ur_ws/build/moveit_control' returned '0': CMAKE_PREFIX_PATH=/home/aaron/ur_ws/install/waypoint_pub:/home/aaron/ur_ws/install/Open_control:/opt/ros/humble /usr/bin/cmake --install /home/aaron/ur_ws/build/moveit_control
[0.592s] Level 1:colcon.colcon_core.environment:checking '/home/aaron/ur_ws/install/moveit_control' for CMake module files
[0.593s] Level 1:colcon.colcon_core.environment:checking '/home/aaron/ur_ws/install/moveit_control' for CMake config files
[0.593s] Level 1:colcon.colcon_core.shell:create_environment_hook('moveit_control', 'cmake_prefix_path')
[0.593s] INFO:colcon.colcon_core.shell:Creating environment hook '/home/aaron/ur_ws/install/moveit_control/share/moveit_control/hook/cmake_prefix_path.ps1'
[0.594s] INFO:colcon.colcon_core.shell:Creating environment descriptor '/home/aaron/ur_ws/install/moveit_control/share/moveit_control/hook/cmake_prefix_path.dsv'
[0.594s] INFO:colcon.colcon_core.shell:Creating environment hook '/home/aaron/ur_ws/install/moveit_control/share/moveit_control/hook/cmake_prefix_path.sh'
[0.595s] Level 1:colcon.colcon_core.environment:checking '/home/aaron/ur_ws/install/moveit_control/bin'
[0.595s] Level 1:colcon.colcon_core.environment:checking '/home/aaron/ur_ws/install/moveit_control/lib/pkgconfig/moveit_control.pc'
[0.595s] Level 1:colcon.colcon_core.environment:checking '/home/aaron/ur_ws/install/moveit_control/lib/python3.10/site-packages'
[0.596s] Level 1:colcon.colcon_core.environment:checking '/home/aaron/ur_ws/install/moveit_control/bin'
[0.596s] INFO:colcon.colcon_core.shell:Creating package script '/home/aaron/ur_ws/install/moveit_control/share/moveit_control/package.ps1'
[0.597s] INFO:colcon.colcon_core.shell:Creating package descriptor '/home/aaron/ur_ws/install/moveit_control/share/moveit_control/package.dsv'
[0.598s] INFO:colcon.colcon_core.shell:Creating package script '/home/aaron/ur_ws/install/moveit_control/share/moveit_control/package.sh'
[0.599s] INFO:colcon.colcon_core.shell:Creating package script '/home/aaron/ur_ws/install/moveit_control/share/moveit_control/package.bash'
[0.599s] INFO:colcon.colcon_core.shell:Creating package script '/home/aaron/ur_ws/install/moveit_control/share/moveit_control/package.zsh'
[0.600s] Level 1:colcon.colcon_core.environment:create_file_with_runtime_dependencies(/home/aaron/ur_ws/install/moveit_control/share/colcon-core/packages/moveit_control)
[0.600s] Level 1:colcon.colcon_core.environment:create_environment_scripts_only(moveit_control)
[0.600s] Level 1:colcon.colcon_core.environment:checking '/home/aaron/ur_ws/install/moveit_control' for CMake module files
[0.600s] Level 1:colcon.colcon_core.environment:checking '/home/aaron/ur_ws/install/moveit_control' for CMake config files
[0.600s] Level 1:colcon.colcon_core.shell:create_environment_hook('moveit_control', 'cmake_prefix_path')
[0.601s] INFO:colcon.colcon_core.shell:Creating environment hook '/home/aaron/ur_ws/install/moveit_control/share/moveit_control/hook/cmake_prefix_path.ps1'
[0.601s] INFO:colcon.colcon_core.shell:Creating environment descriptor '/home/aaron/ur_ws/install/moveit_control/share/moveit_control/hook/cmake_prefix_path.dsv'
[0.601s] INFO:colcon.colcon_core.shell:Creating environment hook '/home/aaron/ur_ws/install/moveit_control/share/moveit_control/hook/cmake_prefix_path.sh'
[0.601s] Level 1:colcon.colcon_core.environment:checking '/home/aaron/ur_ws/install/moveit_control/bin'
[0.601s] Level 1:colcon.colcon_core.environment:checking '/home/aaron/ur_ws/install/moveit_control/lib/pkgconfig/moveit_control.pc'
[0.602s] Level 1:colcon.colcon_core.environment:checking '/home/aaron/ur_ws/install/moveit_control/lib/python3.10/site-packages'
[0.602s] Level 1:colcon.colcon_core.environment:checking '/home/aaron/ur_ws/install/moveit_control/bin'
[0.602s] INFO:colcon.colcon_core.shell:Creating package script '/home/aaron/ur_ws/install/moveit_control/share/moveit_control/package.ps1'
[0.602s] INFO:colcon.colcon_core.shell:Creating package descriptor '/home/aaron/ur_ws/install/moveit_control/share/moveit_control/package.dsv'
[0.603s] INFO:colcon.colcon_core.shell:Creating package script '/home/aaron/ur_ws/install/moveit_control/share/moveit_control/package.sh'
[0.603s] INFO:colcon.colcon_core.shell:Creating package script '/home/aaron/ur_ws/install/moveit_control/share/moveit_control/package.bash'
[0.603s] INFO:colcon.colcon_core.shell:Creating package script '/home/aaron/ur_ws/install/moveit_control/share/moveit_control/package.zsh'
[0.603s] Level 1:colcon.colcon_core.environment:create_file_with_runtime_dependencies(/home/aaron/ur_ws/install/moveit_control/share/colcon-core/packages/moveit_control)
[0.799s] DEBUG:colcon.colcon_core.event_handler.log_command:Invoking command in '/home/aaron/ur_ws/src/Open_control': PYTHONPATH=/home/aaron/ur_ws/build/Open_control/prefix_override:/usr/lib/python3/dist-packages/colcon_core/task/python/colcon_distutils_commands:/home/aaron/ur_ws/install/Open_control/lib/python3.10/site-packages:${PYTHONPATH} /usr/bin/python3 -W ignore:setup.py install is deprecated -W ignore:easy_install command is deprecated setup.py egg_info --egg-base ../../build/Open_control build --build-base /home/aaron/ur_ws/build/Open_control/build install --record /home/aaron/ur_ws/build/Open_control/install.log --single-version-externally-managed install_data
[0.799s] DEBUG:colcon.colcon_core.event_handler.log_command:Invoking command in '/home/aaron/ur_ws/src/waypoint_pub': PYTHONPATH=/home/aaron/ur_ws/build/waypoint_pub/prefix_override:/usr/lib/python3/dist-packages/colcon_core/task/python/colcon_distutils_commands:/home/aaron/ur_ws/install/waypoint_pub/lib/python3.10/site-packages:${PYTHONPATH} /usr/bin/python3 -W ignore:setup.py install is deprecated -W ignore:easy_install command is deprecated setup.py egg_info --egg-base ../../build/waypoint_pub build --build-base /home/aaron/ur_ws/build/waypoint_pub/build install --record /home/aaron/ur_ws/build/waypoint_pub/install.log --single-version-externally-managed install_data
[0.978s] Level 1:colcon.colcon_core.environment:checking '/home/aaron/ur_ws/install/waypoint_pub' for CMake module files
[0.979s] DEBUG:colcon.colcon_core.event_handler.log_command:Invoked command in '/home/aaron/ur_ws/src/waypoint_pub' returned '0': PYTHONPATH=/home/aaron/ur_ws/build/waypoint_pub/prefix_override:/usr/lib/python3/dist-packages/colcon_core/task/python/colcon_distutils_commands:/home/aaron/ur_ws/install/waypoint_pub/lib/python3.10/site-packages:${PYTHONPATH} /usr/bin/python3 -W ignore:setup.py install is deprecated -W ignore:easy_install command is deprecated setup.py egg_info --egg-base ../../build/waypoint_pub build --build-base /home/aaron/ur_ws/build/waypoint_pub/build install --record /home/aaron/ur_ws/build/waypoint_pub/install.log --single-version-externally-managed install_data
[0.979s] Level 1:colcon.colcon_core.environment:checking '/home/aaron/ur_ws/install/waypoint_pub' for CMake config files
[0.979s] Level 1:colcon.colcon_core.environment:checking '/home/aaron/ur_ws/install/waypoint_pub/lib'
[0.980s] Level 1:colcon.colcon_core.environment:checking '/home/aaron/ur_ws/install/waypoint_pub/bin'
[0.980s] Level 1:colcon.colcon_core.environment:checking '/home/aaron/ur_ws/install/waypoint_pub/lib/pkgconfig/waypoint_pub.pc'
[0.980s] Level 1:colcon.colcon_core.environment:checking '/home/aaron/ur_ws/install/waypoint_pub/lib/python3.10/site-packages'
[0.980s] Level 1:colcon.colcon_core.shell:create_environment_hook('waypoint_pub', 'pythonpath')
[0.980s] INFO:colcon.colcon_core.shell:Creating environment hook '/home/aaron/ur_ws/install/waypoint_pub/share/waypoint_pub/hook/pythonpath.ps1'
[0.980s] INFO:colcon.colcon_core.shell:Creating environment descriptor '/home/aaron/ur_ws/install/waypoint_pub/share/waypoint_pub/hook/pythonpath.dsv'
[0.980s] INFO:colcon.colcon_core.shell:Creating environment hook '/home/aaron/ur_ws/install/waypoint_pub/share/waypoint_pub/hook/pythonpath.sh'
[0.981s] Level 1:colcon.colcon_core.environment:checking '/home/aaron/ur_ws/install/waypoint_pub/bin'
[0.981s] Level 1:colcon.colcon_core.environment:create_environment_scripts_only(waypoint_pub)
[0.981s] INFO:colcon.colcon_core.shell:Creating package script '/home/aaron/ur_ws/install/waypoint_pub/share/waypoint_pub/package.ps1'
[0.981s] INFO:colcon.colcon_core.shell:Creating package descriptor '/home/aaron/ur_ws/install/waypoint_pub/share/waypoint_pub/package.dsv'
[0.982s] INFO:colcon.colcon_core.shell:Creating package script '/home/aaron/ur_ws/install/waypoint_pub/share/waypoint_pub/package.sh'
[0.982s] INFO:colcon.colcon_core.shell:Creating package script '/home/aaron/ur_ws/install/waypoint_pub/share/waypoint_pub/package.bash'
[0.982s] INFO:colcon.colcon_core.shell:Creating package script '/home/aaron/ur_ws/install/waypoint_pub/share/waypoint_pub/package.zsh'
[0.982s] Level 1:colcon.colcon_core.environment:create_file_with_runtime_dependencies(/home/aaron/ur_ws/install/waypoint_pub/share/colcon-core/packages/waypoint_pub)
[0.983s] Level 1:colcon.colcon_core.environment:checking '/home/aaron/ur_ws/install/Open_control' for CMake module files
[0.984s] DEBUG:colcon.colcon_core.event_handler.log_command:Invoked command in '/home/aaron/ur_ws/src/Open_control' returned '0': PYTHONPATH=/home/aaron/ur_ws/build/Open_control/prefix_override:/usr/lib/python3/dist-packages/colcon_core/task/python/colcon_distutils_commands:/home/aaron/ur_ws/install/Open_control/lib/python3.10/site-packages:${PYTHONPATH} /usr/bin/python3 -W ignore:setup.py install is deprecated -W ignore:easy_install command is deprecated setup.py egg_info --egg-base ../../build/Open_control build --build-base /home/aaron/ur_ws/build/Open_control/build install --record /home/aaron/ur_ws/build/Open_control/install.log --single-version-externally-managed install_data
[0.984s] Level 1:colcon.colcon_core.environment:checking '/home/aaron/ur_ws/install/Open_control' for CMake config files
[0.985s] Level 1:colcon.colcon_core.environment:checking '/home/aaron/ur_ws/install/Open_control/lib'
[0.985s] Level 1:colcon.colcon_core.environment:checking '/home/aaron/ur_ws/install/Open_control/bin'
[0.985s] Level 1:colcon.colcon_core.environment:checking '/home/aaron/ur_ws/install/Open_control/lib/pkgconfig/Open_control.pc'
[0.985s] Level 1:colcon.colcon_core.environment:checking '/home/aaron/ur_ws/install/Open_control/lib/python3.10/site-packages'
[0.985s] Level 1:colcon.colcon_core.shell:create_environment_hook('Open_control', 'pythonpath')
[0.985s] INFO:colcon.colcon_core.shell:Creating environment hook '/home/aaron/ur_ws/install/Open_control/share/Open_control/hook/pythonpath.ps1'
[0.987s] INFO:colcon.colcon_core.shell:Creating environment descriptor '/home/aaron/ur_ws/install/Open_control/share/Open_control/hook/pythonpath.dsv'
[0.987s] INFO:colcon.colcon_core.shell:Creating environment hook '/home/aaron/ur_ws/install/Open_control/share/Open_control/hook/pythonpath.sh'
[0.988s] Level 1:colcon.colcon_core.environment:checking '/home/aaron/ur_ws/install/Open_control/bin'
[0.988s] Level 1:colcon.colcon_core.environment:create_environment_scripts_only(Open_control)
[0.988s] INFO:colcon.colcon_core.shell:Creating package script '/home/aaron/ur_ws/install/Open_control/share/Open_control/package.ps1'
[0.989s] INFO:colcon.colcon_core.shell:Creating package descriptor '/home/aaron/ur_ws/install/Open_control/share/Open_control/package.dsv'
[0.989s] INFO:colcon.colcon_core.shell:Creating package script '/home/aaron/ur_ws/install/Open_control/share/Open_control/package.sh'
[0.989s] INFO:colcon.colcon_core.shell:Creating package script '/home/aaron/ur_ws/install/Open_control/share/Open_control/package.bash'
[0.990s] INFO:colcon.colcon_core.shell:Creating package script '/home/aaron/ur_ws/install/Open_control/share/Open_control/package.zsh'
[0.990s] Level 1:colcon.colcon_core.environment:create_file_with_runtime_dependencies(/home/aaron/ur_ws/install/Open_control/share/colcon-core/packages/Open_control)
[0.993s] DEBUG:colcon.colcon_core.event_handler.log_command:Invoked command in '/home/aaron/ur_ws/build/moveit2_tutorials' returned '1': CMAKE_PREFIX_PATH=/home/aaron/ur_ws/install/waypoint_pub:/home/aaron/ur_ws/install/Open_control:/opt/ros/humble /usr/bin/cmake /home/aaron/ur_ws/src/moveit2_tutorials -DCMAKE_INSTALL_PREFIX=/home/aaron/ur_ws/install/moveit2_tutorials
[1.001s] Level 1:colcon.colcon_core.environment:create_environment_scripts_only(moveit2_tutorials)
[1.002s] Level 1:colcon.colcon_core.environment:checking '/home/aaron/ur_ws/install/moveit2_tutorials' for CMake module files
[1.002s] Level 1:colcon.colcon_core.environment:checking '/home/aaron/ur_ws/install/moveit2_tutorials' for CMake config files
[1.002s] Level 1:colcon.colcon_core.environment:checking '/home/aaron/ur_ws/install/moveit2_tutorials/bin'
[1.002s] Level 1:colcon.colcon_core.environment:checking '/home/aaron/ur_ws/install/moveit2_tutorials/lib/pkgconfig/moveit2_tutorials.pc'
[1.002s] Level 1:colcon.colcon_core.environment:checking '/home/aaron/ur_ws/install/moveit2_tutorials/lib/python3.10/site-packages'
[1.002s] Level 1:colcon.colcon_core.environment:checking '/home/aaron/ur_ws/install/moveit2_tutorials/bin'
[1.003s] INFO:colcon.colcon_core.shell:Creating package script '/home/aaron/ur_ws/install/moveit2_tutorials/share/moveit2_tutorials/package.ps1'
[1.003s] INFO:colcon.colcon_core.shell:Creating package descriptor '/home/aaron/ur_ws/install/moveit2_tutorials/share/moveit2_tutorials/package.dsv'
[1.003s] INFO:colcon.colcon_core.shell:Creating package script '/home/aaron/ur_ws/install/moveit2_tutorials/share/moveit2_tutorials/package.sh'
[1.003s] INFO:colcon.colcon_core.shell:Creating package script '/home/aaron/ur_ws/install/moveit2_tutorials/share/moveit2_tutorials/package.bash'
[1.003s] INFO:colcon.colcon_core.shell:Creating package script '/home/aaron/ur_ws/install/moveit2_tutorials/share/moveit2_tutorials/package.zsh'
[1.004s] Level 1:colcon.colcon_core.environment:create_file_with_runtime_dependencies(/home/aaron/ur_ws/install/moveit2_tutorials/share/colcon-core/packages/moveit2_tutorials)
[1.014s] DEBUG:colcon.colcon_parallel_executor.executor.parallel:closing loop
[1.014s] DEBUG:colcon.colcon_parallel_executor.executor.parallel:loop closed
[1.014s] DEBUG:colcon.colcon_parallel_executor.executor.parallel:run_until_complete finished with '1'
[1.014s] DEBUG:colcon.colcon_core.event_reactor:joining thread
[1.018s] INFO:colcon.colcon_core.plugin_system:Skipping extension 'colcon_notification.desktop_notification.terminal_notifier': Not used on non-Darwin systems
[1.018s] INFO:colcon.colcon_core.plugin_system:Skipping extension 'colcon_notification.desktop_notification.win32': Not used on non-Windows systems
[1.018s] INFO:colcon.colcon_notification.desktop_notification:Sending desktop notification using 'notify2'
[1.029s] DEBUG:colcon.colcon_core.event_reactor:joined thread
[1.029s] INFO:colcon.colcon_core.shell:Creating prefix script '/home/aaron/ur_ws/install/local_setup.ps1'
[1.031s] INFO:colcon.colcon_core.shell:Creating prefix util module '/home/aaron/ur_ws/install/_local_setup_util_ps1.py'
[1.033s] INFO:colcon.colcon_core.shell:Creating prefix chain script '/home/aaron/ur_ws/install/setup.ps1'
[1.034s] INFO:colcon.colcon_core.shell:Creating prefix script '/home/aaron/ur_ws/install/local_setup.sh'
[1.035s] INFO:colcon.colcon_core.shell:Creating prefix util module '/home/aaron/ur_ws/install/_local_setup_util_sh.py'
[1.037s] INFO:colcon.colcon_core.shell:Creating prefix chain script '/home/aaron/ur_ws/install/setup.sh'
[1.038s] INFO:colcon.colcon_core.shell:Creating prefix script '/home/aaron/ur_ws/install/local_setup.bash'
[1.039s] INFO:colcon.colcon_core.shell:Creating prefix chain script '/home/aaron/ur_ws/install/setup.bash'
[1.040s] INFO:colcon.colcon_core.shell:Creating prefix script '/home/aaron/ur_ws/install/local_setup.zsh'
[1.041s] INFO:colcon.colcon_core.shell:Creating prefix chain script '/home/aaron/ur_ws/install/setup.zsh'
