[0.168s] Invoking command in '/home/aaron/ur_ws/build/moveit2_tutorials': CMAKE_PREFIX_PATH=/home/aaron/ur_ws/install/waypoint_pub:/home/aaron/ur_ws/install/Open_control:/opt/ros/humble /usr/bin/cmake /home/aaron/ur_ws/src/moveit2_tutorials -DCMAKE_INSTALL_PREFIX=/home/aaron/ur_ws/install/moveit2_tutorials
[0.176s] -- Found moveit_common: 2.5.9 (/opt/ros/humble/share/moveit_common/cmake)
[0.176s] -- Found ament_cmake: 1.3.12 (/opt/ros/humble/share/ament_cmake/cmake)
[0.305s] [0mmoveit2_tutorials: You did not request a specific build type: Choosing 'Release' for maximum performance[0m
[0.314s] -- Found Boost: /usr/lib/x86_64-linux-gnu/cmake/Boost-1.74.0/BoostConfig.cmake (found version "1.74.0") found components: system filesystem date_time thread 
[0.315s] -- Found control_msgs: 4.8.0 (/opt/ros/humble/share/control_msgs/cmake)
[0.331s] -- Found rosidl_generator_c: 3.1.8 (/opt/ros/humble/share/rosidl_generator_c/cmake)
[0.333s] -- Found rosidl_adapter: 3.1.8 (/opt/ros/humble/share/rosidl_adapter/cmake)
[0.337s] -- Found rosidl_generator_cpp: 3.1.8 (/opt/ros/humble/share/rosidl_generator_cpp/cmake)
[0.342s] -- Using all available rosidl_typesupport_c: rosidl_typesupport_fastrtps_c;rosidl_typesupport_introspection_c
[0.350s] -- Using all available rosidl_typesupport_cpp: rosidl_typesupport_fastrtps_cpp;rosidl_typesupport_introspection_cpp
[0.424s] -- Found moveit_core: 2.5.9 (/opt/ros/humble/share/moveit_core/cmake)
[0.431s] -- Found Boost: /usr/lib/x86_64-linux-gnu/cmake/Boost-1.74.0/BoostConfig.cmake (found version "1.74.0") found components: chrono date_time filesystem iostreams program_options regex serialization system thread 
[0.448s] -- Found parameter_traits: 0.6.0 (/opt/ros/humble/share/parameter_traits/cmake)
[0.466s] -- Found rmw_implementation_cmake: 6.1.2 (/opt/ros/humble/share/rmw_implementation_cmake/cmake)
[0.467s] -- Found rmw_fastrtps_cpp: 6.2.9 (/opt/ros/humble/share/rmw_fastrtps_cpp/cmake)
[0.535s] -- Using RMW implementation 'rmw_fastrtps_cpp' as default
[0.567s] -- Found rclcpp_lifecycle: 16.0.17 (/opt/ros/humble/share/rclcpp_lifecycle/cmake)
[0.582s] -- Found Boost: /usr/lib/x86_64-linux-gnu/cmake/Boost-1.74.0/BoostConfig.cmake (found version "1.74.0") found components: filesystem 
[0.606s] -- library: /usr/lib/x86_64-linux-gnu/libcurl.so
[0.634s] -- Ensuring Eigen3 include directory is part of orocos-kdl CMake target
[0.748s] [31mCMake Error at CMakeLists.txt:13 (find_package):
[0.748s]   By not providing "Findmoveit_task_constructor_core.cmake" in
[0.748s]   CMAKE_MODULE_PATH this project has asked CMake to find a package
[0.748s]   configuration file provided by "moveit_task_constructor_core", but CMake
[0.748s]   did not find one.
[0.748s] 
[0.748s]   Could not find a package configuration file provided by
[0.749s]   "moveit_task_constructor_core" with any of the following names:
[0.749s] 
[0.749s]     moveit_task_constructor_coreConfig.cmake
[0.749s]     moveit_task_constructor_core-config.cmake
[0.749s] 
[0.749s]   Add the installation prefix of "moveit_task_constructor_core" to
[0.749s]   CMAKE_PREFIX_PATH or set "moveit_task_constructor_core_DIR" to a directory
[0.749s]   containing one of the above files.  If "moveit_task_constructor_core"
[0.749s]   provides a separate development package or SDK, be sure it has been
[0.749s]   installed.
[0.749s] 
[0.749s] [0m
[0.749s] -- Configuring incomplete, errors occurred!
[0.749s] See also "/home/aaron/ur_ws/build/moveit2_tutorials/CMakeFiles/CMakeOutput.log".
[0.755s] Invoked command in '/home/aaron/ur_ws/build/moveit2_tutorials' returned '1': CMAKE_PREFIX_PATH=/home/aaron/ur_ws/install/waypoint_pub:/home/aaron/ur_ws/install/Open_control:/opt/ros/humble /usr/bin/cmake /home/aaron/ur_ws/src/moveit2_tutorials -DCMAKE_INSTALL_PREFIX=/home/aaron/ur_ws/install/moveit2_tutorials
