[0.054s] Invoking command in '/home/aaron/ur_ws/build/moveit_control': AMENT_PREFIX_PATH=/home/aaron/ur_ws/install/moveit_task_constructor_core:/home/aaron/ur_ws/install/moveit_planners:/home/aaron/ur_ws/install/pilz_industrial_motion_planner:/home/aaron/ur_ws/install/moveit_resources_prbt_pg70_support:/home/aaron/ur_ws/install/moveit_ros_planning_interface:/home/aaron/ur_ws/install/moveit_resources_prbt_moveit_config:/home/aaron/ur_ws/install/moveit_ros_move_group:/home/aaron/ur_ws/install/moveit_ros_warehouse:/home/aaron/ur_ws/install/moveit_planners_ompl:/home/aaron/ur_ws/install/moveit_kinematics:/home/aaron/ur_ws/install/moveit_ros_planning:/home/aaron/ur_ws/install/moveit_planners_chomp:/home/aaron/ur_ws/install/pilz_industrial_motion_planner_testutils:/home/aaron/ur_ws/install/moveit_simple_controller_manager:/home/aaron/ur_ws/install/moveit_ros_occupancy_map_monitor:/home/aaron/ur_ws/install/moveit_resources_prbt_ikfast_manipulator_plugin:/home/aaron/ur_ws/install/chomp_motion_planner:/home/aaron/ur_ws/install/moveit_core:/home/aaron/ur_ws/install/rviz_marker_tools:/home/aaron/ur_ws/install/moveit_resources_panda_moveit_config:/home/aaron/ur_ws/install/moveit_resources_fanuc_moveit_config:/home/aaron/ur_ws/install/moveit_configs_utils:/home/aaron/ur_ws/install/srdfdom:/home/aaron/ur_ws/install/moveit_task_constructor_msgs:/home/aaron/ur_ws/install/moveit_resources_prbt_support:/home/aaron/ur_ws/install/moveit_resources_pr2_description:/home/aaron/ur_ws/install/moveit_resources_panda_description:/home/aaron/ur_ws/install/moveit_resources_fanuc_description:/home/aaron/ur_ws/install/moveit_common:/home/aaron/ur_ws/install/launch_param_builder:${AMENT_PREFIX_PATH} CMAKE_MODULE_PATH=/home/aaron/ur_ws/install/moveit_task_constructor_core/share/moveit_task_constructor_core/cmake CMAKE_PREFIX_PATH=/home/aaron/ur_ws/install/moveit_task_constructor_core:/home/aaron/ur_ws/install/moveit_planners:/home/aaron/ur_ws/install/pilz_industrial_motion_planner:/home/aaron/ur_ws/install/moveit_resources_prbt_pg70_support:/home/aaron/ur_ws/install/moveit_ros_planning_interface:/home/aaron/ur_ws/install/moveit_resources_prbt_moveit_config:/home/aaron/ur_ws/install/moveit_ros_move_group:/home/aaron/ur_ws/install/moveit_ros_warehouse:/home/aaron/ur_ws/install/moveit_planners_ompl:/home/aaron/ur_ws/install/moveit_kinematics:/home/aaron/ur_ws/install/moveit_ros_planning:/home/aaron/ur_ws/install/moveit_planners_chomp:/home/aaron/ur_ws/install/pilz_industrial_motion_planner_testutils:/home/aaron/ur_ws/install/moveit_simple_controller_manager:/home/aaron/ur_ws/install/moveit_ros_occupancy_map_monitor:/home/aaron/ur_ws/install/moveit_resources_prbt_ikfast_manipulator_plugin:/home/aaron/ur_ws/install/chomp_motion_planner:/home/aaron/ur_ws/install/moveit_core:/home/aaron/ur_ws/install/rviz_marker_tools:/home/aaron/ur_ws/install/moveit_resources_panda_moveit_config:/home/aaron/ur_ws/install/moveit_resources_fanuc_moveit_config:/home/aaron/ur_ws/install/srdfdom:/home/aaron/ur_ws/install/moveit_task_constructor_msgs:/home/aaron/ur_ws/install/moveit_resources_prbt_support:/home/aaron/ur_ws/install/moveit_resources_pr2_description:/home/aaron/ur_ws/install/moveit_resources_panda_description:/home/aaron/ur_ws/install/moveit_resources_fanuc_description:/home/aaron/ur_ws/install/moveit_common:/opt/ros/humble LD_LIBRARY_PATH=/home/aaron/ur_ws/install/moveit_task_constructor_core/lib:/home/aaron/ur_ws/install/pilz_industrial_motion_planner/lib:/home/aaron/ur_ws/install/moveit_ros_planning_interface/lib:/home/aaron/ur_ws/install/moveit_ros_move_group/lib:/home/aaron/ur_ws/install/moveit_ros_warehouse/lib:/home/aaron/ur_ws/install/moveit_planners_ompl/lib:/home/aaron/ur_ws/install/moveit_kinematics/lib:/home/aaron/ur_ws/install/moveit_ros_planning/lib:/home/aaron/ur_ws/install/moveit_planners_chomp/lib:/home/aaron/ur_ws/install/pilz_industrial_motion_planner_testutils/lib:/home/aaron/ur_ws/install/moveit_simple_controller_manager/lib:/home/aaron/ur_ws/install/moveit_ros_occupancy_map_monitor/lib:/home/aaron/ur_ws/install/moveit_resources_prbt_ikfast_manipulator_plugin/lib:/home/aaron/ur_ws/install/chomp_motion_planner/lib:/home/aaron/ur_ws/install/moveit_core/lib:/home/aaron/ur_ws/install/rviz_marker_tools/lib:/home/aaron/ur_ws/install/srdfdom/lib:/home/aaron/ur_ws/install/moveit_task_constructor_msgs/lib:${LD_LIBRARY_PATH} PATH=/home/aaron/ur_ws/install/moveit_core/bin:${PATH} PYTHONPATH=/home/aaron/ur_ws/install/moveit_task_constructor_core/local/lib/python3.10/dist-packages:/home/aaron/ur_ws/install/moveit_configs_utils/lib/python3.10/site-packages:/home/aaron/ur_ws/install/srdfdom/local/lib/python3.10/dist-packages:/home/aaron/ur_ws/install/moveit_task_constructor_msgs/local/lib/python3.10/dist-packages:/home/aaron/ur_ws/install/launch_param_builder/lib/python3.10/site-packages:${PYTHONPATH} /usr/bin/cmake --build /home/aaron/ur_ws/build/moveit_control -- -j20 -l20
[0.092s] [35m[1mConsolidate compiler generated dependencies of target moveit_pub[0m
[0.119s] [ 50%] [32mBuilding CXX object CMakeFiles/moveit_pub.dir/src/moveit_waypoints.cpp.o[0m
[2.971s] [01m[K/home/aaron/ur_ws/src/moveit_control/src/moveit_waypoints.cpp:[m[K In function ‘[01m[Kstd::vector<std::vector<std::__cxx11::basic_string<char> > > csv_to_waypoints(const string&)[m[K’:
[2.971s] [01m[K/home/aaron/ur_ws/src/moveit_control/src/moveit_waypoints.cpp:14:19:[m[K [01;31m[Kerror: [m[Kdeclaration of ‘[01m[Kstd::ifstream file[m[K’ shadows a parameter
[2.971s]    14 |     std::ifstream [01;31m[Kfile[m[K(file);
[2.971s]       |                   [01;31m[K^~~~[m[K
[2.971s] [01m[K/home/aaron/ur_ws/src/moveit_control/src/moveit_waypoints.cpp:12:75:[m[K [01;36m[Knote: [m[K‘[01m[Kconst string& file[m[K’ previously declared here
[2.971s]    12 | std::vector<std::vector<std::string>> csv_to_waypoints([01;36m[Kconst std::string& file[m[K) {
[2.971s]       |                                                        [01;36m[K~~~~~~~~~~~~~~~~~~~^~~~[m[K
[2.971s] [01m[K/home/aaron/ur_ws/src/moveit_control/src/moveit_waypoints.cpp:14:28:[m[K [01;31m[Kerror: [m[Kvariable ‘[01m[Kstd::ifstream file[m[K’ has initializer but incomplete type
[2.971s]    14 |     std::ifstream file(file[01;31m[K)[m[K;
[2.971s]       |                            [01;31m[K^[m[K
[2.971s] [01m[K/home/aaron/ur_ws/src/moveit_control/src/moveit_waypoints.cpp:12:75:[m[K [01;35m[Kwarning: [m[Kunused parameter ‘[01m[Kfile[m[K’ [[01;35m[K]8;;https://gcc.gnu.org/onlinedocs/gcc/Warning-Options.html#index-Wunused-parameter-Wunused-parameter]8;;[m[K]
[2.971s]    12 | std::vector<std::vector<std::string>> csv_to_waypoints([01;35m[Kconst std::string& file[m[K) {
[2.971s]       |                                                        [01;35m[K~~~~~~~~~~~~~~~~~~~^~~~[m[K
[2.972s] [01m[K/home/aaron/ur_ws/src/moveit_control/src/moveit_waypoints.cpp:[m[K In function ‘[01m[Kint main(int, char**)[m[K’:
[2.972s] [01m[K/home/aaron/ur_ws/src/moveit_control/src/moveit_waypoints.cpp:50:17:[m[K [01;35m[Kwarning: [m[Kcomparison of integer expressions of different signedness: ‘[01m[Kint[m[K’ and ‘[01m[Kstd::vector<std::vector<std::__cxx11::basic_string<char> > >::size_type[m[K’ {aka ‘[01m[Klong unsigned int[m[K’} [[01;35m[K]8;;https://gcc.gnu.org/onlinedocs/gcc/Warning-Options.html#index-Wsign-compare-Wsign-compare]8;;[m[K]
[2.972s]    50 |     for (int i;[01;35m[Ki<=waypoints.size()[m[K;i++) {
[2.972s]       |                [01;35m[K~^~~~~~~~~~~~~~~~~~[m[K
[2.972s] [01m[K/home/aaron/ur_ws/src/moveit_control/src/moveit_waypoints.cpp:[m[K In lambda function:
[2.972s] [01m[K/home/aaron/ur_ws/src/moveit_control/src/moveit_waypoints.cpp:56:33:[m[K [01;31m[Kerror: [m[K‘[01m[Kquat[m[K’ is not captured
[2.972s]    56 |             msg.orientation.w = [01;31m[Kquat[m[K.getW();
[2.972s]       |                                 [01;31m[K^~~~[m[K
[2.972s] [01m[K/home/aaron/ur_ws/src/moveit_control/src/moveit_waypoints.cpp:55:29:[m[K [01;36m[Knote: [m[Kthe lambda has no capture-default
[2.972s]    55 |         auto target_pose = [[01;36m[K][m[K{geometry_msgs::msg::Pose msg;
[2.972s]       |                             [01;36m[K^[m[K
[2.972s] [01m[K/home/aaron/ur_ws/src/moveit_control/src/moveit_waypoints.cpp:52:25:[m[K [01;36m[Knote: [m[K‘[01m[Ktf2::Quaternion quat[m[K’ declared here
[2.972s]    52 |         tf2::Quaternion [01;36m[Kquat[m[K;
[2.972s]       |                         [01;36m[K^~~~[m[K
[2.972s] [01m[K/home/aaron/ur_ws/src/moveit_control/src/moveit_waypoints.cpp:57:40:[m[K [01;31m[Kerror: [m[K‘[01m[Kpose_euler[m[K’ is not captured
[2.972s]    57 |             msg.position.x = std::stod([01;31m[Kpose_euler[m[K[0]);
[2.972s]       |                                        [01;31m[K^~~~~~~~~~[m[K
[2.972s] [01m[K/home/aaron/ur_ws/src/moveit_control/src/moveit_waypoints.cpp:55:29:[m[K [01;36m[Knote: [m[Kthe lambda has no capture-default
[2.972s]    55 |         auto target_pose = [[01;36m[K][m[K{geometry_msgs::msg::Pose msg;
[2.972s]       |                             [01;36m[K^[m[K
[2.972s] [01m[K/home/aaron/ur_ws/src/moveit_control/src/moveit_waypoints.cpp:51:34:[m[K [01;36m[Knote: [m[K‘[01m[Kstd::vector<std::__cxx11::basic_string<char> > pose_euler[m[K’ declared here
[2.973s]    51 |         std::vector<std::string> [01;36m[Kpose_euler[m[K = waypoints[i];
[2.973s]       |                                  [01;36m[K^~~~~~~~~~[m[K
[2.973s] [01m[K/home/aaron/ur_ws/src/moveit_control/src/moveit_waypoints.cpp:58:40:[m[K [01;31m[Kerror: [m[K‘[01m[Kpose_euler[m[K’ is not captured
[2.973s]    58 |             msg.position.y = std::stod([01;31m[Kpose_euler[m[K[1]);
[2.973s]       |                                        [01;31m[K^~~~~~~~~~[m[K
[2.973s] [01m[K/home/aaron/ur_ws/src/moveit_control/src/moveit_waypoints.cpp:55:29:[m[K [01;36m[Knote: [m[Kthe lambda has no capture-default
[2.973s]    55 |         auto target_pose = [[01;36m[K][m[K{geometry_msgs::msg::Pose msg;
[2.973s]       |                             [01;36m[K^[m[K
[2.973s] [01m[K/home/aaron/ur_ws/src/moveit_control/src/moveit_waypoints.cpp:51:34:[m[K [01;36m[Knote: [m[K‘[01m[Kstd::vector<std::__cxx11::basic_string<char> > pose_euler[m[K’ declared here
[2.973s]    51 |         std::vector<std::string> [01;36m[Kpose_euler[m[K = waypoints[i];
[2.973s]       |                                  [01;36m[K^~~~~~~~~~[m[K
[2.973s] [01m[K/home/aaron/ur_ws/src/moveit_control/src/moveit_waypoints.cpp:59:40:[m[K [01;31m[Kerror: [m[K‘[01m[Kpose_euler[m[K’ is not captured
[2.973s]    59 |             msg.position.z = std::stod([01;31m[Kpose_euler[m[K[2]);
[2.973s]       |                                        [01;31m[K^~~~~~~~~~[m[K
[2.973s] [01m[K/home/aaron/ur_ws/src/moveit_control/src/moveit_waypoints.cpp:55:29:[m[K [01;36m[Knote: [m[Kthe lambda has no capture-default
[2.973s]    55 |         auto target_pose = [[01;36m[K][m[K{geometry_msgs::msg::Pose msg;
[2.973s]       |                             [01;36m[K^[m[K
[2.973s] [01m[K/home/aaron/ur_ws/src/moveit_control/src/moveit_waypoints.cpp:51:34:[m[K [01;36m[Knote: [m[K‘[01m[Kstd::vector<std::__cxx11::basic_string<char> > pose_euler[m[K’ declared here
[2.973s]    51 |         std::vector<std::string> [01;36m[Kpose_euler[m[K = waypoints[i];
[2.973s]       |                                  [01;36m[K^~~~~~~~~~[m[K
[2.982s] [01m[K/home/aaron/ur_ws/src/moveit_control/src/moveit_waypoints.cpp:[m[K In function ‘[01m[Kint main(int, char**)[m[K’:
[2.982s] [01m[K/home/aaron/ur_ws/src/moveit_control/src/moveit_waypoints.cpp:61:9:[m[K [01;31m[Kerror: [m[K‘[01m[Kmove_group_interface[m[K’ was not declared in this scope
[2.982s]    61 |         [01;31m[Kmove_group_interface[m[K.setPoseTarget(target_pose);
[2.982s]       |         [01;31m[K^~~~~~~~~~~~~~~~~~~~[m[K
[2.982s] [01m[K/home/aaron/ur_ws/src/moveit_control/src/moveit_waypoints.cpp:[m[K In lambda function:
[2.982s] [01m[K/home/aaron/ur_ws/src/moveit_control/src/moveit_waypoints.cpp:66:47:[m[K [01;31m[Kerror: [m[K‘[01m[Kmove_group_interface[m[K’ is not captured
[2.982s]    66 |             auto const ok = static_cast<bool>([01;31m[Kmove_group_interface[m[K.plan(msg));
[2.982s]       |                                               [01;31m[K^~~~~~~~~~~~~~~~~~~~[m[K
[2.982s] [01m[K/home/aaron/ur_ws/src/moveit_control/src/moveit_waypoints.cpp:64:60:[m[K [01;36m[Knote: [m[Kthe lambda has no capture-default
[2.982s]    64 |         auto const [success, plan] = [&move_group_interface[01;36m[K][m[K{
[2.982s]       |                                                            [01;36m[K^[m[K
[2.982s] [01m[K/home/aaron/ur_ws/src/moveit_control/src/moveit_waypoints.cpp:61:9:[m[K [01;36m[Knote: [m[K‘[01m[K<typeprefixerror>move_group_interface[m[K’ declared here
[2.982s]    61 |         [01;36m[Kmove_group_interface[m[K.setPoseTarget(target_pose);
[2.982s]       |         [01;36m[K^~~~~~~~~~~~~~~~~~~~[m[K
[4.537s] gmake[2]: *** [CMakeFiles/moveit_pub.dir/build.make:76: CMakeFiles/moveit_pub.dir/src/moveit_waypoints.cpp.o] Error 1
[4.537s] gmake[1]: *** [CMakeFiles/Makefile2:137: CMakeFiles/moveit_pub.dir/all] Error 2
[4.538s] gmake: *** [Makefile:146: all] Error 2
[4.540s] Invoked command in '/home/aaron/ur_ws/build/moveit_control' returned '2': AMENT_PREFIX_PATH=/home/aaron/ur_ws/install/moveit_task_constructor_core:/home/aaron/ur_ws/install/moveit_planners:/home/aaron/ur_ws/install/pilz_industrial_motion_planner:/home/aaron/ur_ws/install/moveit_resources_prbt_pg70_support:/home/aaron/ur_ws/install/moveit_ros_planning_interface:/home/aaron/ur_ws/install/moveit_resources_prbt_moveit_config:/home/aaron/ur_ws/install/moveit_ros_move_group:/home/aaron/ur_ws/install/moveit_ros_warehouse:/home/aaron/ur_ws/install/moveit_planners_ompl:/home/aaron/ur_ws/install/moveit_kinematics:/home/aaron/ur_ws/install/moveit_ros_planning:/home/aaron/ur_ws/install/moveit_planners_chomp:/home/aaron/ur_ws/install/pilz_industrial_motion_planner_testutils:/home/aaron/ur_ws/install/moveit_simple_controller_manager:/home/aaron/ur_ws/install/moveit_ros_occupancy_map_monitor:/home/aaron/ur_ws/install/moveit_resources_prbt_ikfast_manipulator_plugin:/home/aaron/ur_ws/install/chomp_motion_planner:/home/aaron/ur_ws/install/moveit_core:/home/aaron/ur_ws/install/rviz_marker_tools:/home/aaron/ur_ws/install/moveit_resources_panda_moveit_config:/home/aaron/ur_ws/install/moveit_resources_fanuc_moveit_config:/home/aaron/ur_ws/install/moveit_configs_utils:/home/aaron/ur_ws/install/srdfdom:/home/aaron/ur_ws/install/moveit_task_constructor_msgs:/home/aaron/ur_ws/install/moveit_resources_prbt_support:/home/aaron/ur_ws/install/moveit_resources_pr2_description:/home/aaron/ur_ws/install/moveit_resources_panda_description:/home/aaron/ur_ws/install/moveit_resources_fanuc_description:/home/aaron/ur_ws/install/moveit_common:/home/aaron/ur_ws/install/launch_param_builder:${AMENT_PREFIX_PATH} CMAKE_MODULE_PATH=/home/aaron/ur_ws/install/moveit_task_constructor_core/share/moveit_task_constructor_core/cmake CMAKE_PREFIX_PATH=/home/aaron/ur_ws/install/moveit_task_constructor_core:/home/aaron/ur_ws/install/moveit_planners:/home/aaron/ur_ws/install/pilz_industrial_motion_planner:/home/aaron/ur_ws/install/moveit_resources_prbt_pg70_support:/home/aaron/ur_ws/install/moveit_ros_planning_interface:/home/aaron/ur_ws/install/moveit_resources_prbt_moveit_config:/home/aaron/ur_ws/install/moveit_ros_move_group:/home/aaron/ur_ws/install/moveit_ros_warehouse:/home/aaron/ur_ws/install/moveit_planners_ompl:/home/aaron/ur_ws/install/moveit_kinematics:/home/aaron/ur_ws/install/moveit_ros_planning:/home/aaron/ur_ws/install/moveit_planners_chomp:/home/aaron/ur_ws/install/pilz_industrial_motion_planner_testutils:/home/aaron/ur_ws/install/moveit_simple_controller_manager:/home/aaron/ur_ws/install/moveit_ros_occupancy_map_monitor:/home/aaron/ur_ws/install/moveit_resources_prbt_ikfast_manipulator_plugin:/home/aaron/ur_ws/install/chomp_motion_planner:/home/aaron/ur_ws/install/moveit_core:/home/aaron/ur_ws/install/rviz_marker_tools:/home/aaron/ur_ws/install/moveit_resources_panda_moveit_config:/home/aaron/ur_ws/install/moveit_resources_fanuc_moveit_config:/home/aaron/ur_ws/install/srdfdom:/home/aaron/ur_ws/install/moveit_task_constructor_msgs:/home/aaron/ur_ws/install/moveit_resources_prbt_support:/home/aaron/ur_ws/install/moveit_resources_pr2_description:/home/aaron/ur_ws/install/moveit_resources_panda_description:/home/aaron/ur_ws/install/moveit_resources_fanuc_description:/home/aaron/ur_ws/install/moveit_common:/opt/ros/humble LD_LIBRARY_PATH=/home/aaron/ur_ws/install/moveit_task_constructor_core/lib:/home/aaron/ur_ws/install/pilz_industrial_motion_planner/lib:/home/aaron/ur_ws/install/moveit_ros_planning_interface/lib:/home/aaron/ur_ws/install/moveit_ros_move_group/lib:/home/aaron/ur_ws/install/moveit_ros_warehouse/lib:/home/aaron/ur_ws/install/moveit_planners_ompl/lib:/home/aaron/ur_ws/install/moveit_kinematics/lib:/home/aaron/ur_ws/install/moveit_ros_planning/lib:/home/aaron/ur_ws/install/moveit_planners_chomp/lib:/home/aaron/ur_ws/install/pilz_industrial_motion_planner_testutils/lib:/home/aaron/ur_ws/install/moveit_simple_controller_manager/lib:/home/aaron/ur_ws/install/moveit_ros_occupancy_map_monitor/lib:/home/aaron/ur_ws/install/moveit_resources_prbt_ikfast_manipulator_plugin/lib:/home/aaron/ur_ws/install/chomp_motion_planner/lib:/home/aaron/ur_ws/install/moveit_core/lib:/home/aaron/ur_ws/install/rviz_marker_tools/lib:/home/aaron/ur_ws/install/srdfdom/lib:/home/aaron/ur_ws/install/moveit_task_constructor_msgs/lib:${LD_LIBRARY_PATH} PATH=/home/aaron/ur_ws/install/moveit_core/bin:${PATH} PYTHONPATH=/home/aaron/ur_ws/install/moveit_task_constructor_core/local/lib/python3.10/dist-packages:/home/aaron/ur_ws/install/moveit_configs_utils/lib/python3.10/site-packages:/home/aaron/ur_ws/install/srdfdom/local/lib/python3.10/dist-packages:/home/aaron/ur_ws/install/moveit_task_constructor_msgs/local/lib/python3.10/dist-packages:/home/aaron/ur_ws/install/launch_param_builder/lib/python3.10/site-packages:${PYTHONPATH} /usr/bin/cmake --build /home/aaron/ur_ws/build/moveit_control -- -j20 -l20
