[0.046s] Invoking command in '/home/aaron/ur_ws/build/moveit_control': AMENT_PREFIX_PATH=/home/aaron/ur_ws/install/moveit_task_constructor_core:/home/aaron/ur_ws/install/moveit_planners:/home/aaron/ur_ws/install/pilz_industrial_motion_planner:/home/aaron/ur_ws/install/moveit_resources_prbt_pg70_support:/home/aaron/ur_ws/install/moveit_ros_planning_interface:/home/aaron/ur_ws/install/moveit_resources_prbt_moveit_config:/home/aaron/ur_ws/install/moveit_ros_move_group:/home/aaron/ur_ws/install/moveit_ros_warehouse:/home/aaron/ur_ws/install/moveit_planners_ompl:/home/aaron/ur_ws/install/moveit_kinematics:/home/aaron/ur_ws/install/moveit_ros_planning:/home/aaron/ur_ws/install/moveit_planners_chomp:/home/aaron/ur_ws/install/pilz_industrial_motion_planner_testutils:/home/aaron/ur_ws/install/moveit_simple_controller_manager:/home/aaron/ur_ws/install/moveit_ros_occupancy_map_monitor:/home/aaron/ur_ws/install/moveit_resources_prbt_ikfast_manipulator_plugin:/home/aaron/ur_ws/install/chomp_motion_planner:/home/aaron/ur_ws/install/moveit_core:/home/aaron/ur_ws/install/rviz_marker_tools:/home/aaron/ur_ws/install/moveit_resources_panda_moveit_config:/home/aaron/ur_ws/install/moveit_resources_fanuc_moveit_config:/home/aaron/ur_ws/install/moveit_configs_utils:/home/aaron/ur_ws/install/srdfdom:/home/aaron/ur_ws/install/moveit_task_constructor_msgs:/home/aaron/ur_ws/install/moveit_resources_prbt_support:/home/aaron/ur_ws/install/moveit_resources_pr2_description:/home/aaron/ur_ws/install/moveit_resources_panda_description:/home/aaron/ur_ws/install/moveit_resources_fanuc_description:/home/aaron/ur_ws/install/moveit_common:/home/aaron/ur_ws/install/launch_param_builder:${AMENT_PREFIX_PATH} CMAKE_MODULE_PATH=/home/aaron/ur_ws/install/moveit_task_constructor_core/share/moveit_task_constructor_core/cmake CMAKE_PREFIX_PATH=/home/aaron/ur_ws/install/moveit_task_constructor_core:/home/aaron/ur_ws/install/moveit_planners:/home/aaron/ur_ws/install/pilz_industrial_motion_planner:/home/aaron/ur_ws/install/moveit_resources_prbt_pg70_support:/home/aaron/ur_ws/install/moveit_ros_planning_interface:/home/aaron/ur_ws/install/moveit_resources_prbt_moveit_config:/home/aaron/ur_ws/install/moveit_ros_move_group:/home/aaron/ur_ws/install/moveit_ros_warehouse:/home/aaron/ur_ws/install/moveit_planners_ompl:/home/aaron/ur_ws/install/moveit_kinematics:/home/aaron/ur_ws/install/moveit_ros_planning:/home/aaron/ur_ws/install/moveit_planners_chomp:/home/aaron/ur_ws/install/pilz_industrial_motion_planner_testutils:/home/aaron/ur_ws/install/moveit_simple_controller_manager:/home/aaron/ur_ws/install/moveit_ros_occupancy_map_monitor:/home/aaron/ur_ws/install/moveit_resources_prbt_ikfast_manipulator_plugin:/home/aaron/ur_ws/install/chomp_motion_planner:/home/aaron/ur_ws/install/moveit_core:/home/aaron/ur_ws/install/rviz_marker_tools:/home/aaron/ur_ws/install/moveit_resources_panda_moveit_config:/home/aaron/ur_ws/install/moveit_resources_fanuc_moveit_config:/home/aaron/ur_ws/install/srdfdom:/home/aaron/ur_ws/install/moveit_task_constructor_msgs:/home/aaron/ur_ws/install/moveit_resources_prbt_support:/home/aaron/ur_ws/install/moveit_resources_pr2_description:/home/aaron/ur_ws/install/moveit_resources_panda_description:/home/aaron/ur_ws/install/moveit_resources_fanuc_description:/home/aaron/ur_ws/install/moveit_common:/opt/ros/humble LD_LIBRARY_PATH=/home/aaron/ur_ws/install/moveit_task_constructor_core/lib:/home/aaron/ur_ws/install/pilz_industrial_motion_planner/lib:/home/aaron/ur_ws/install/moveit_ros_planning_interface/lib:/home/aaron/ur_ws/install/moveit_ros_move_group/lib:/home/aaron/ur_ws/install/moveit_ros_warehouse/lib:/home/aaron/ur_ws/install/moveit_planners_ompl/lib:/home/aaron/ur_ws/install/moveit_kinematics/lib:/home/aaron/ur_ws/install/moveit_ros_planning/lib:/home/aaron/ur_ws/install/moveit_planners_chomp/lib:/home/aaron/ur_ws/install/pilz_industrial_motion_planner_testutils/lib:/home/aaron/ur_ws/install/moveit_simple_controller_manager/lib:/home/aaron/ur_ws/install/moveit_ros_occupancy_map_monitor/lib:/home/aaron/ur_ws/install/moveit_resources_prbt_ikfast_manipulator_plugin/lib:/home/aaron/ur_ws/install/chomp_motion_planner/lib:/home/aaron/ur_ws/install/moveit_core/lib:/home/aaron/ur_ws/install/rviz_marker_tools/lib:/home/aaron/ur_ws/install/srdfdom/lib:/home/aaron/ur_ws/install/moveit_task_constructor_msgs/lib:${LD_LIBRARY_PATH} PATH=/home/aaron/ur_ws/install/moveit_core/bin:${PATH} PYTHONPATH=/home/aaron/ur_ws/install/moveit_task_constructor_core/local/lib/python3.10/dist-packages:/home/aaron/ur_ws/install/moveit_configs_utils/lib/python3.10/site-packages:/home/aaron/ur_ws/install/srdfdom/local/lib/python3.10/dist-packages:/home/aaron/ur_ws/install/moveit_task_constructor_msgs/local/lib/python3.10/dist-packages:/home/aaron/ur_ws/install/launch_param_builder/lib/python3.10/site-packages:${PYTHONPATH} /usr/bin/cmake --build /home/aaron/ur_ws/build/moveit_control -- -j20 -l20
[0.076s] [35m[1mConsolidate compiler generated dependencies of target moveit_pub[0m
[0.098s] [ 50%] [32mBuilding CXX object CMakeFiles/moveit_pub.dir/src/moveit_waypoints.cpp.o[0m
[2.962s] [01m[K/home/aaron/ur_ws/src/moveit_control/src/moveit_waypoints.cpp:[m[K In function ‘[01m[Kint main(int, char**)[m[K’:
[2.962s] [01m[K/home/aaron/ur_ws/src/moveit_control/src/moveit_waypoints.cpp:17:55:[m[K [01;31m[Kerror: [m[K‘[01m[Kcsv_to_waypoints[m[K’ was not declared in this scope
[2.962s]    17 |     std::vector<std::vector<std::string>> waypoints = [01;31m[Kcsv_to_waypoints[m[K(path);
[2.962s]       |                                                       [01;31m[K^~~~~~~~~~~~~~~~[m[K
[2.962s] [01m[K/home/aaron/ur_ws/src/moveit_control/src/moveit_waypoints.cpp:21:17:[m[K [01;35m[Kwarning: [m[Kcomparison of integer expressions of different signedness: ‘[01m[Kint[m[K’ and ‘[01m[Kstd::vector<std::vector<std::__cxx11::basic_string<char> > >::size_type[m[K’ {aka ‘[01m[Klong unsigned int[m[K’} [[01;35m[K]8;;https://gcc.gnu.org/onlinedocs/gcc/Warning-Options.html#index-Wsign-compare-Wsign-compare]8;;[m[K]
[2.963s]    21 |     for (int i;[01;35m[Ki<=waypoints.size()[m[K;i++) {
[2.963s]       |                [01;35m[K~^~~~~~~~~~~~~~~~~~[m[K
[2.963s] [01m[K/home/aaron/ur_ws/src/moveit_control/src/moveit_waypoints.cpp:24:30:[m[K [01;31m[Kerror: [m[Kno matching function for call to ‘[01m[Kstod(__gnu_cxx::__alloc_traits<std::allocator<std::vector<std::__cxx11::basic_string<char> > >, std::vector<std::__cxx11::basic_string<char> > >::value_type&)[m[K’
[2.963s]    24 |         quat.setRPY([01;31m[Kstd::stod(waypoints[3])[m[K,std::stod(waypoints[4]),std::stod(waypoints[5]));
[2.963s]       |                     [01;31m[K~~~~~~~~~^~~~~~~~~~~~~~[m[K
[2.963s] In file included from [01m[K/usr/include/c++/11/string:55[m[K,
[2.963s]                  from [01m[K/usr/include/c++/11/bits/locale_classes.h:40[m[K,
[2.963s]                  from [01m[K/usr/include/c++/11/bits/ios_base.h:41[m[K,
[2.963s]                  from [01m[K/usr/include/c++/11/ios:42[m[K,
[2.963s]                  from [01m[K/usr/include/c++/11/ostream:38[m[K,
[2.963s]                  from [01m[K/usr/include/c++/11/iostream:39[m[K,
[2.963s]                  from [01m[K/home/aaron/ur_ws/src/moveit_control/src/moveit_waypoints.cpp:2[m[K:
[2.963s] [01m[K/usr/include/c++/11/bits/basic_string.h:6649:3:[m[K [01;36m[Knote: [m[Kcandidate: ‘[01m[Kdouble std::__cxx11::stod(const string&, std::size_t*)[m[K’
[2.963s]  6649 |   [01;36m[Kstod[m[K(const string& __str, size_t* __idx = 0)
[2.963s]       |   [01;36m[K^~~~[m[K
[2.963s] [01m[K/usr/include/c++/11/bits/basic_string.h:6649:22:[m[K [01;36m[Knote: [m[K  no known conversion for argument 1 from ‘[01m[K__gnu_cxx::__alloc_traits<std::allocator<std::vector<std::__cxx11::basic_string<char> > >, std::vector<std::__cxx11::basic_string<char> > >::value_type[m[K’ {aka ‘[01m[Kstd::vector<std::__cxx11::basic_string<char> >[m[K’} to ‘[01m[Kconst string&[m[K’ {aka ‘[01m[Kconst std::__cxx11::basic_string<char>&[m[K’}
[2.963s]  6649 |   stod([01;36m[Kconst string& __str[m[K, size_t* __idx = 0)
[2.963s]       |        [01;36m[K~~~~~~~~~~~~~~^~~~~[m[K
[2.963s] [01m[K/usr/include/c++/11/bits/basic_string.h:6780:3:[m[K [01;36m[Knote: [m[Kcandidate: ‘[01m[Kdouble std::__cxx11::stod(const wstring&, std::size_t*)[m[K’
[2.963s]  6780 |   [01;36m[Kstod[m[K(const wstring& __str, size_t* __idx = 0)
[2.963s]       |   [01;36m[K^~~~[m[K
[2.963s] [01m[K/usr/include/c++/11/bits/basic_string.h:6780:23:[m[K [01;36m[Knote: [m[K  no known conversion for argument 1 from ‘[01m[K__gnu_cxx::__alloc_traits<std::allocator<std::vector<std::__cxx11::basic_string<char> > >, std::vector<std::__cxx11::basic_string<char> > >::value_type[m[K’ {aka ‘[01m[Kstd::vector<std::__cxx11::basic_string<char> >[m[K’} to ‘[01m[Kconst wstring&[m[K’ {aka ‘[01m[Kconst std::__cxx11::basic_string<wchar_t>&[m[K’}
[2.963s]  6780 |   stod([01;36m[Kconst wstring& __str[m[K, size_t* __idx = 0)
[2.963s]       |        [01;36m[K~~~~~~~~~~~~~~~^~~~~[m[K
[2.963s] [01m[K/home/aaron/ur_ws/src/moveit_control/src/moveit_waypoints.cpp:24:54:[m[K [01;31m[Kerror: [m[Kno matching function for call to ‘[01m[Kstod(__gnu_cxx::__alloc_traits<std::allocator<std::vector<std::__cxx11::basic_string<char> > >, std::vector<std::__cxx11::basic_string<char> > >::value_type&)[m[K’
[2.963s]    24 |         quat.setRPY(std::stod(waypoints[3]),[01;31m[Kstd::stod(waypoints[4])[m[K,std::stod(waypoints[5]));
[2.963s]       |                                             [01;31m[K~~~~~~~~~^~~~~~~~~~~~~~[m[K
[2.963s] In file included from [01m[K/usr/include/c++/11/string:55[m[K,
[2.963s]                  from [01m[K/usr/include/c++/11/bits/locale_classes.h:40[m[K,
[2.963s]                  from [01m[K/usr/include/c++/11/bits/ios_base.h:41[m[K,
[2.963s]                  from [01m[K/usr/include/c++/11/ios:42[m[K,
[2.963s]                  from [01m[K/usr/include/c++/11/ostream:38[m[K,
[2.963s]                  from [01m[K/usr/include/c++/11/iostream:39[m[K,
[2.964s]                  from [01m[K/home/aaron/ur_ws/src/moveit_control/src/moveit_waypoints.cpp:2[m[K:
[2.964s] [01m[K/usr/include/c++/11/bits/basic_string.h:6649:3:[m[K [01;36m[Knote: [m[Kcandidate: ‘[01m[Kdouble std::__cxx11::stod(const string&, std::size_t*)[m[K’
[2.964s]  6649 |   [01;36m[Kstod[m[K(const string& __str, size_t* __idx = 0)
[2.964s]       |   [01;36m[K^~~~[m[K
[2.964s] [01m[K/usr/include/c++/11/bits/basic_string.h:6649:22:[m[K [01;36m[Knote: [m[K  no known conversion for argument 1 from ‘[01m[K__gnu_cxx::__alloc_traits<std::allocator<std::vector<std::__cxx11::basic_string<char> > >, std::vector<std::__cxx11::basic_string<char> > >::value_type[m[K’ {aka ‘[01m[Kstd::vector<std::__cxx11::basic_string<char> >[m[K’} to ‘[01m[Kconst string&[m[K’ {aka ‘[01m[Kconst std::__cxx11::basic_string<char>&[m[K’}
[2.964s]  6649 |   stod([01;36m[Kconst string& __str[m[K, size_t* __idx = 0)
[2.964s]       |        [01;36m[K~~~~~~~~~~~~~~^~~~~[m[K
[2.964s] [01m[K/usr/include/c++/11/bits/basic_string.h:6780:3:[m[K [01;36m[Knote: [m[Kcandidate: ‘[01m[Kdouble std::__cxx11::stod(const wstring&, std::size_t*)[m[K’
[2.964s]  6780 |   [01;36m[Kstod[m[K(const wstring& __str, size_t* __idx = 0)
[2.964s]       |   [01;36m[K^~~~[m[K
[2.964s] [01m[K/usr/include/c++/11/bits/basic_string.h:6780:23:[m[K [01;36m[Knote: [m[K  no known conversion for argument 1 from ‘[01m[K__gnu_cxx::__alloc_traits<std::allocator<std::vector<std::__cxx11::basic_string<char> > >, std::vector<std::__cxx11::basic_string<char> > >::value_type[m[K’ {aka ‘[01m[Kstd::vector<std::__cxx11::basic_string<char> >[m[K’} to ‘[01m[Kconst wstring&[m[K’ {aka ‘[01m[Kconst std::__cxx11::basic_string<wchar_t>&[m[K’}
[2.964s]  6780 |   stod([01;36m[Kconst wstring& __str[m[K, size_t* __idx = 0)
[2.964s]       |        [01;36m[K~~~~~~~~~~~~~~~^~~~~[m[K
[2.964s] [01m[K/home/aaron/ur_ws/src/moveit_control/src/moveit_waypoints.cpp:24:78:[m[K [01;31m[Kerror: [m[Kno matching function for call to ‘[01m[Kstod(__gnu_cxx::__alloc_traits<std::allocator<std::vector<std::__cxx11::basic_string<char> > >, std::vector<std::__cxx11::basic_string<char> > >::value_type&)[m[K’
[2.964s]    24 |         quat.setRPY(std::stod(waypoints[3]),std::stod(waypoints[4]),[01;31m[Kstd::stod(waypoints[5])[m[K);
[2.964s]       |                                                                     [01;31m[K~~~~~~~~~^~~~~~~~~~~~~~[m[K
[2.964s] In file included from [01m[K/usr/include/c++/11/string:55[m[K,
[2.964s]                  from [01m[K/usr/include/c++/11/bits/locale_classes.h:40[m[K,
[2.964s]                  from [01m[K/usr/include/c++/11/bits/ios_base.h:41[m[K,
[2.964s]                  from [01m[K/usr/include/c++/11/ios:42[m[K,
[2.964s]                  from [01m[K/usr/include/c++/11/ostream:38[m[K,
[2.964s]                  from [01m[K/usr/include/c++/11/iostream:39[m[K,
[2.964s]                  from [01m[K/home/aaron/ur_ws/src/moveit_control/src/moveit_waypoints.cpp:2[m[K:
[2.964s] [01m[K/usr/include/c++/11/bits/basic_string.h:6649:3:[m[K [01;36m[Knote: [m[Kcandidate: ‘[01m[Kdouble std::__cxx11::stod(const string&, std::size_t*)[m[K’
[2.964s]  6649 |   [01;36m[Kstod[m[K(const string& __str, size_t* __idx = 0)
[2.964s]       |   [01;36m[K^~~~[m[K
[2.964s] [01m[K/usr/include/c++/11/bits/basic_string.h:6649:22:[m[K [01;36m[Knote: [m[K  no known conversion for argument 1 from ‘[01m[K__gnu_cxx::__alloc_traits<std::allocator<std::vector<std::__cxx11::basic_string<char> > >, std::vector<std::__cxx11::basic_string<char> > >::value_type[m[K’ {aka ‘[01m[Kstd::vector<std::__cxx11::basic_string<char> >[m[K’} to ‘[01m[Kconst string&[m[K’ {aka ‘[01m[Kconst std::__cxx11::basic_string<char>&[m[K’}
[2.964s]  6649 |   stod([01;36m[Kconst string& __str[m[K, size_t* __idx = 0)
[2.964s]       |        [01;36m[K~~~~~~~~~~~~~~^~~~~[m[K
[2.964s] [01m[K/usr/include/c++/11/bits/basic_string.h:6780:3:[m[K [01;36m[Knote: [m[Kcandidate: ‘[01m[Kdouble std::__cxx11::stod(const wstring&, std::size_t*)[m[K’
[2.964s]  6780 |   [01;36m[Kstod[m[K(const wstring& __str, size_t* __idx = 0)
[2.964s]       |   [01;36m[K^~~~[m[K
[2.964s] [01m[K/usr/include/c++/11/bits/basic_string.h:6780:23:[m[K [01;36m[Knote: [m[K  no known conversion for argument 1 from ‘[01m[K__gnu_cxx::__alloc_traits<std::allocator<std::vector<std::__cxx11::basic_string<char> > >, std::vector<std::__cxx11::basic_string<char> > >::value_type[m[K’ {aka ‘[01m[Kstd::vector<std::__cxx11::basic_string<char> >[m[K’} to ‘[01m[Kconst wstring&[m[K’ {aka ‘[01m[Kconst std::__cxx11::basic_string<wchar_t>&[m[K’}
[2.964s]  6780 |   stod([01;36m[Kconst wstring& __str[m[K, size_t* __idx = 0)
[2.964s]       |        [01;36m[K~~~~~~~~~~~~~~~^~~~~[m[K
[2.964s] [01m[K/home/aaron/ur_ws/src/moveit_control/src/moveit_waypoints.cpp:[m[K In lambda function:
[2.965s] [01m[K/home/aaron/ur_ws/src/moveit_control/src/moveit_waypoints.cpp:27:33:[m[K [01;31m[Kerror: [m[K‘[01m[Kquat[m[K’ is not captured
[2.965s]    27 |             msg.orientation.w = [01;31m[Kquat[m[K.getW();
[2.965s]       |                                 [01;31m[K^~~~[m[K
[2.965s] [01m[K/home/aaron/ur_ws/src/moveit_control/src/moveit_waypoints.cpp:26:29:[m[K [01;36m[Knote: [m[Kthe lambda has no capture-default
[2.965s]    26 |         auto target_pose = [[01;36m[K][m[K{geometry_msgs::msg::Pose msg;
[2.965s]       |                             [01;36m[K^[m[K
[2.965s] [01m[K/home/aaron/ur_ws/src/moveit_control/src/moveit_waypoints.cpp:23:25:[m[K [01;36m[Knote: [m[K‘[01m[Ktf2::Quaternion quat[m[K’ declared here
[2.965s]    23 |         tf2::Quaternion [01;36m[Kquat[m[K;
[2.965s]       |                         [01;36m[K^~~~[m[K
[2.965s] [01m[K/home/aaron/ur_ws/src/moveit_control/src/moveit_waypoints.cpp:28:40:[m[K [01;31m[Kerror: [m[K‘[01m[Kpose_euler[m[K’ is not captured
[2.965s]    28 |             msg.position.x = std::stod([01;31m[Kpose_euler[m[K[0]);
[2.965s]       |                                        [01;31m[K^~~~~~~~~~[m[K
[2.965s] [01m[K/home/aaron/ur_ws/src/moveit_control/src/moveit_waypoints.cpp:26:29:[m[K [01;36m[Knote: [m[Kthe lambda has no capture-default
[2.965s]    26 |         auto target_pose = [[01;36m[K][m[K{geometry_msgs::msg::Pose msg;
[2.965s]       |                             [01;36m[K^[m[K
[2.965s] [01m[K/home/aaron/ur_ws/src/moveit_control/src/moveit_waypoints.cpp:22:34:[m[K [01;36m[Knote: [m[K‘[01m[Kstd::vector<std::__cxx11::basic_string<char> > pose_euler[m[K’ declared here
[2.965s]    22 |         std::vector<std::string> [01;36m[Kpose_euler[m[K = waypoints[i];
[2.965s]       |                                  [01;36m[K^~~~~~~~~~[m[K
[2.965s] [01m[K/home/aaron/ur_ws/src/moveit_control/src/moveit_waypoints.cpp:29:40:[m[K [01;31m[Kerror: [m[K‘[01m[Kpose_euler[m[K’ is not captured
[2.965s]    29 |             msg.position.y = std::stod([01;31m[Kpose_euler[m[K[1]);
[2.965s]       |                                        [01;31m[K^~~~~~~~~~[m[K
[2.965s] [01m[K/home/aaron/ur_ws/src/moveit_control/src/moveit_waypoints.cpp:26:29:[m[K [01;36m[Knote: [m[Kthe lambda has no capture-default
[2.965s]    26 |         auto target_pose = [[01;36m[K][m[K{geometry_msgs::msg::Pose msg;
[2.965s]       |                             [01;36m[K^[m[K
[2.965s] [01m[K/home/aaron/ur_ws/src/moveit_control/src/moveit_waypoints.cpp:22:34:[m[K [01;36m[Knote: [m[K‘[01m[Kstd::vector<std::__cxx11::basic_string<char> > pose_euler[m[K’ declared here
[2.965s]    22 |         std::vector<std::string> [01;36m[Kpose_euler[m[K = waypoints[i];
[2.965s]       |                                  [01;36m[K^~~~~~~~~~[m[K
[2.965s] [01m[K/home/aaron/ur_ws/src/moveit_control/src/moveit_waypoints.cpp:30:40:[m[K [01;31m[Kerror: [m[K‘[01m[Kpose_euler[m[K’ is not captured
[2.965s]    30 |             msg.position.z = std::stod([01;31m[Kpose_euler[m[K[2]);
[2.965s]       |                                        [01;31m[K^~~~~~~~~~[m[K
[2.965s] [01m[K/home/aaron/ur_ws/src/moveit_control/src/moveit_waypoints.cpp:26:29:[m[K [01;36m[Knote: [m[Kthe lambda has no capture-default
[2.965s]    26 |         auto target_pose = [[01;36m[K][m[K{geometry_msgs::msg::Pose msg;
[2.965s]       |                             [01;36m[K^[m[K
[2.965s] [01m[K/home/aaron/ur_ws/src/moveit_control/src/moveit_waypoints.cpp:22:34:[m[K [01;36m[Knote: [m[K‘[01m[Kstd::vector<std::__cxx11::basic_string<char> > pose_euler[m[K’ declared here
[2.965s]    22 |         std::vector<std::string> [01;36m[Kpose_euler[m[K = waypoints[i];
[2.965s]       |                                  [01;36m[K^~~~~~~~~~[m[K
[2.971s] [01m[K/home/aaron/ur_ws/src/moveit_control/src/moveit_waypoints.cpp:[m[K In function ‘[01m[Kint main(int, char**)[m[K’:
[2.971s] [01m[K/home/aaron/ur_ws/src/moveit_control/src/moveit_waypoints.cpp:32:9:[m[K [01;31m[Kerror: [m[K‘[01m[Kmove_group_interface[m[K’ was not declared in this scope
[2.971s]    32 |         [01;31m[Kmove_group_interface[m[K.setPoseTarget(target_pose);
[2.971s]       |         [01;31m[K^~~~~~~~~~~~~~~~~~~~[m[K
[2.972s] [01m[K/home/aaron/ur_ws/src/moveit_control/src/moveit_waypoints.cpp:[m[K In lambda function:
[2.972s] [01m[K/home/aaron/ur_ws/src/moveit_control/src/moveit_waypoints.cpp:37:47:[m[K [01;31m[Kerror: [m[K‘[01m[Kmove_group_interface[m[K’ is not captured
[2.972s]    37 |             auto const ok = static_cast<bool>([01;31m[Kmove_group_interface[m[K.plan(msg));
[2.972s]       |                                               [01;31m[K^~~~~~~~~~~~~~~~~~~~[m[K
[2.972s] [01m[K/home/aaron/ur_ws/src/moveit_control/src/moveit_waypoints.cpp:35:60:[m[K [01;36m[Knote: [m[Kthe lambda has no capture-default
[2.972s]    35 |         auto const [success, plan] = [&move_group_interface[01;36m[K][m[K{
[2.972s]       |                                                            [01;36m[K^[m[K
[2.972s] [01m[K/home/aaron/ur_ws/src/moveit_control/src/moveit_waypoints.cpp:32:9:[m[K [01;36m[Knote: [m[K‘[01m[K<typeprefixerror>move_group_interface[m[K’ declared here
[2.972s]    32 |         [01;36m[Kmove_group_interface[m[K.setPoseTarget(target_pose);
[2.972s]       |         [01;36m[K^~~~~~~~~~~~~~~~~~~~[m[K
[2.974s] In file included from [01m[K/opt/ros/humble/include/rclcpp/rclcpp/client.hpp:40[m[K,
[2.974s]                  from [01m[K/opt/ros/humble/include/rclcpp/rclcpp/callback_group.hpp:24[m[K,
[2.974s]                  from [01m[K/opt/ros/humble/include/rclcpp/rclcpp/any_executable.hpp:20[m[K,
[2.974s]                  from [01m[K/opt/ros/humble/include/rclcpp/rclcpp/memory_strategy.hpp:25[m[K,
[2.974s]                  from [01m[K/opt/ros/humble/include/rclcpp/rclcpp/memory_strategies.hpp:18[m[K,
[2.974s]                  from [01m[K/opt/ros/humble/include/rclcpp/rclcpp/executor_options.hpp:20[m[K,
[2.974s]                  from [01m[K/opt/ros/humble/include/rclcpp/rclcpp/executor.hpp:37[m[K,
[2.974s]                  from [01m[K/opt/ros/humble/include/rclcpp/rclcpp/executors/multi_threaded_executor.hpp:25[m[K,
[2.974s]                  from [01m[K/opt/ros/humble/include/rclcpp/rclcpp/executors.hpp:21[m[K,
[2.974s]                  from [01m[K/opt/ros/humble/include/rclcpp/rclcpp/rclcpp.hpp:155[m[K,
[2.974s]                  from [01m[K/home/aaron/ur_ws/src/moveit_control/src/moveit_waypoints.cpp:4[m[K:
[2.974s] [01m[K/home/aaron/ur_ws/src/moveit_control/src/moveit_waypoints.cpp:[m[K In function ‘[01m[Kint main(int, char**)[m[K’:
[2.975s] [01m[K/home/aaron/ur_ws/src/moveit_control/src/moveit_waypoints.cpp:45:26:[m[K [01;31m[Kerror: [m[K‘[01m[Klogger[m[K’ was not declared in this scope
[2.975s]    45 |             RCLCPP_ERROR([01;31m[Klogger[m[K, "Planning failed!");
[2.975s]       |                          [01;31m[K^~~~~~[m[K
[2.975s] [01m[K/home/aaron/ur_ws/src/moveit_control/src/moveit_waypoints.cpp:45:13:[m[K [01;31m[Kerror: [m[Ktemplate argument 1 is invalid
[2.975s]    45 |             [01;31m[KRCLCPP_ERROR[m[K(logger, "Planning failed!");
[2.975s]       |             [01;31m[K^~~~~~~~~~~~[m[K
[2.975s] [01m[K/home/aaron/ur_ws/src/moveit_control/src/moveit_waypoints.cpp:[m[K In function ‘[01m[Kstd::vector<std::vector<std::__cxx11::basic_string<char> > > csv_to_waypoints(const string&)[m[K’:
[2.975s] [01m[K/home/aaron/ur_ws/src/moveit_control/src/moveit_waypoints.cpp:52:19:[m[K [01;31m[Kerror: [m[Kdeclaration of ‘[01m[Kstd::ifstream file[m[K’ shadows a parameter
[2.975s]    52 |     std::ifstream [01;31m[Kfile[m[K(file);
[2.975s]       |                   [01;31m[K^~~~[m[K
[2.975s] [01m[K/home/aaron/ur_ws/src/moveit_control/src/moveit_waypoints.cpp:50:75:[m[K [01;36m[Knote: [m[K‘[01m[Kconst string& file[m[K’ previously declared here
[2.975s]    50 | std::vector<std::vector<std::string>> csv_to_waypoints([01;36m[Kconst std::string& file[m[K) {
[2.975s]       |                                                        [01;36m[K~~~~~~~~~~~~~~~~~~~^~~~[m[K
[2.975s] [01m[K/home/aaron/ur_ws/src/moveit_control/src/moveit_waypoints.cpp:52:28:[m[K [01;31m[Kerror: [m[Kvariable ‘[01m[Kstd::ifstream file[m[K’ has initializer but incomplete type
[2.975s]    52 |     std::ifstream file(file[01;31m[K)[m[K;
[2.975s]       |                            [01;31m[K^[m[K
[2.975s] [01m[K/home/aaron/ur_ws/src/moveit_control/src/moveit_waypoints.cpp:50:75:[m[K [01;35m[Kwarning: [m[Kunused parameter ‘[01m[Kfile[m[K’ [[01;35m[K]8;;https://gcc.gnu.org/onlinedocs/gcc/Warning-Options.html#index-Wunused-parameter-Wunused-parameter]8;;[m[K]
[2.975s]    50 | std::vector<std::vector<std::string>> csv_to_waypoints([01;35m[Kconst std::string& file[m[K) {
[2.975s]       |                                                        [01;35m[K~~~~~~~~~~~~~~~~~~~^~~~[m[K
[4.547s] gmake[2]: *** [CMakeFiles/moveit_pub.dir/build.make:76: CMakeFiles/moveit_pub.dir/src/moveit_waypoints.cpp.o] Error 1
[4.547s] gmake[1]: *** [CMakeFiles/Makefile2:137: CMakeFiles/moveit_pub.dir/all] Error 2
[4.547s] gmake: *** [Makefile:146: all] Error 2
[4.549s] Invoked command in '/home/aaron/ur_ws/build/moveit_control' returned '2': AMENT_PREFIX_PATH=/home/aaron/ur_ws/install/moveit_task_constructor_core:/home/aaron/ur_ws/install/moveit_planners:/home/aaron/ur_ws/install/pilz_industrial_motion_planner:/home/aaron/ur_ws/install/moveit_resources_prbt_pg70_support:/home/aaron/ur_ws/install/moveit_ros_planning_interface:/home/aaron/ur_ws/install/moveit_resources_prbt_moveit_config:/home/aaron/ur_ws/install/moveit_ros_move_group:/home/aaron/ur_ws/install/moveit_ros_warehouse:/home/aaron/ur_ws/install/moveit_planners_ompl:/home/aaron/ur_ws/install/moveit_kinematics:/home/aaron/ur_ws/install/moveit_ros_planning:/home/aaron/ur_ws/install/moveit_planners_chomp:/home/aaron/ur_ws/install/pilz_industrial_motion_planner_testutils:/home/aaron/ur_ws/install/moveit_simple_controller_manager:/home/aaron/ur_ws/install/moveit_ros_occupancy_map_monitor:/home/aaron/ur_ws/install/moveit_resources_prbt_ikfast_manipulator_plugin:/home/aaron/ur_ws/install/chomp_motion_planner:/home/aaron/ur_ws/install/moveit_core:/home/aaron/ur_ws/install/rviz_marker_tools:/home/aaron/ur_ws/install/moveit_resources_panda_moveit_config:/home/aaron/ur_ws/install/moveit_resources_fanuc_moveit_config:/home/aaron/ur_ws/install/moveit_configs_utils:/home/aaron/ur_ws/install/srdfdom:/home/aaron/ur_ws/install/moveit_task_constructor_msgs:/home/aaron/ur_ws/install/moveit_resources_prbt_support:/home/aaron/ur_ws/install/moveit_resources_pr2_description:/home/aaron/ur_ws/install/moveit_resources_panda_description:/home/aaron/ur_ws/install/moveit_resources_fanuc_description:/home/aaron/ur_ws/install/moveit_common:/home/aaron/ur_ws/install/launch_param_builder:${AMENT_PREFIX_PATH} CMAKE_MODULE_PATH=/home/aaron/ur_ws/install/moveit_task_constructor_core/share/moveit_task_constructor_core/cmake CMAKE_PREFIX_PATH=/home/aaron/ur_ws/install/moveit_task_constructor_core:/home/aaron/ur_ws/install/moveit_planners:/home/aaron/ur_ws/install/pilz_industrial_motion_planner:/home/aaron/ur_ws/install/moveit_resources_prbt_pg70_support:/home/aaron/ur_ws/install/moveit_ros_planning_interface:/home/aaron/ur_ws/install/moveit_resources_prbt_moveit_config:/home/aaron/ur_ws/install/moveit_ros_move_group:/home/aaron/ur_ws/install/moveit_ros_warehouse:/home/aaron/ur_ws/install/moveit_planners_ompl:/home/aaron/ur_ws/install/moveit_kinematics:/home/aaron/ur_ws/install/moveit_ros_planning:/home/aaron/ur_ws/install/moveit_planners_chomp:/home/aaron/ur_ws/install/pilz_industrial_motion_planner_testutils:/home/aaron/ur_ws/install/moveit_simple_controller_manager:/home/aaron/ur_ws/install/moveit_ros_occupancy_map_monitor:/home/aaron/ur_ws/install/moveit_resources_prbt_ikfast_manipulator_plugin:/home/aaron/ur_ws/install/chomp_motion_planner:/home/aaron/ur_ws/install/moveit_core:/home/aaron/ur_ws/install/rviz_marker_tools:/home/aaron/ur_ws/install/moveit_resources_panda_moveit_config:/home/aaron/ur_ws/install/moveit_resources_fanuc_moveit_config:/home/aaron/ur_ws/install/srdfdom:/home/aaron/ur_ws/install/moveit_task_constructor_msgs:/home/aaron/ur_ws/install/moveit_resources_prbt_support:/home/aaron/ur_ws/install/moveit_resources_pr2_description:/home/aaron/ur_ws/install/moveit_resources_panda_description:/home/aaron/ur_ws/install/moveit_resources_fanuc_description:/home/aaron/ur_ws/install/moveit_common:/opt/ros/humble LD_LIBRARY_PATH=/home/aaron/ur_ws/install/moveit_task_constructor_core/lib:/home/aaron/ur_ws/install/pilz_industrial_motion_planner/lib:/home/aaron/ur_ws/install/moveit_ros_planning_interface/lib:/home/aaron/ur_ws/install/moveit_ros_move_group/lib:/home/aaron/ur_ws/install/moveit_ros_warehouse/lib:/home/aaron/ur_ws/install/moveit_planners_ompl/lib:/home/aaron/ur_ws/install/moveit_kinematics/lib:/home/aaron/ur_ws/install/moveit_ros_planning/lib:/home/aaron/ur_ws/install/moveit_planners_chomp/lib:/home/aaron/ur_ws/install/pilz_industrial_motion_planner_testutils/lib:/home/aaron/ur_ws/install/moveit_simple_controller_manager/lib:/home/aaron/ur_ws/install/moveit_ros_occupancy_map_monitor/lib:/home/aaron/ur_ws/install/moveit_resources_prbt_ikfast_manipulator_plugin/lib:/home/aaron/ur_ws/install/chomp_motion_planner/lib:/home/aaron/ur_ws/install/moveit_core/lib:/home/aaron/ur_ws/install/rviz_marker_tools/lib:/home/aaron/ur_ws/install/srdfdom/lib:/home/aaron/ur_ws/install/moveit_task_constructor_msgs/lib:${LD_LIBRARY_PATH} PATH=/home/aaron/ur_ws/install/moveit_core/bin:${PATH} PYTHONPATH=/home/aaron/ur_ws/install/moveit_task_constructor_core/local/lib/python3.10/dist-packages:/home/aaron/ur_ws/install/moveit_configs_utils/lib/python3.10/site-packages:/home/aaron/ur_ws/install/srdfdom/local/lib/python3.10/dist-packages:/home/aaron/ur_ws/install/moveit_task_constructor_msgs/local/lib/python3.10/dist-packages:/home/aaron/ur_ws/install/launch_param_builder/lib/python3.10/site-packages:${PYTHONPATH} /usr/bin/cmake --build /home/aaron/ur_ws/build/moveit_control -- -j20 -l20
