[01m[K/home/aaron/ur_ws/src/moveit_control/src/moveit_waypoints.cpp:[m[K In function ‘[01m[Kstd::vector<std::vector<std::__cxx11::basic_string<char> > > csv_to_waypoints(const string&)[m[K’:
[01m[K/home/aaron/ur_ws/src/moveit_control/src/moveit_waypoints.cpp:14:19:[m[K [01;31m[Kerror: [m[Kdeclaration of ‘[01m[Kstd::ifstream file[m[K’ shadows a parameter
   14 |     std::ifstream [01;31m[Kfile[m[K(file);
      |                   [01;31m[K^~~~[m[K
[01m[K/home/aaron/ur_ws/src/moveit_control/src/moveit_waypoints.cpp:12:75:[m[K [01;36m[Knote: [m[K‘[01m[Kconst string& file[m[K’ previously declared here
   12 | std::vector<std::vector<std::string>> csv_to_waypoints([01;36m[Kconst std::string& file[m[K) {
      |                                                        [01;36m[K~~~~~~~~~~~~~~~~~~~^~~~[m[K
[01m[K/home/aaron/ur_ws/src/moveit_control/src/moveit_waypoints.cpp:14:28:[m[K [01;31m[Kerror: [m[Kvariable ‘[01m[Kstd::ifstream file[m[K’ has initializer but incomplete type
   14 |     std::ifstream file(file[01;31m[K)[m[K;
      |                            [01;31m[K^[m[K
[01m[K/home/aaron/ur_ws/src/moveit_control/src/moveit_waypoints.cpp:12:75:[m[K [01;35m[Kwarning: [m[Kunused parameter ‘[01m[Kfile[m[K’ [[01;35m[K]8;;https://gcc.gnu.org/onlinedocs/gcc/Warning-Options.html#index-Wunused-parameter-Wunused-parameter]8;;[m[K]
   12 | std::vector<std::vector<std::string>> csv_to_waypoints([01;35m[Kconst std::string& file[m[K) {
      |                                                        [01;35m[K~~~~~~~~~~~~~~~~~~~^~~~[m[K
[01m[K/home/aaron/ur_ws/src/moveit_control/src/moveit_waypoints.cpp:[m[K In function ‘[01m[Kint main(int, char**)[m[K’:
[01m[K/home/aaron/ur_ws/src/moveit_control/src/moveit_waypoints.cpp:50:17:[m[K [01;35m[Kwarning: [m[Kcomparison of integer expressions of different signedness: ‘[01m[Kint[m[K’ and ‘[01m[Kstd::vector<std::vector<std::__cxx11::basic_string<char> > >::size_type[m[K’ {aka ‘[01m[Klong unsigned int[m[K’} [[01;35m[K]8;;https://gcc.gnu.org/onlinedocs/gcc/Warning-Options.html#index-Wsign-compare-Wsign-compare]8;;[m[K]
   50 |     for (int i;[01;35m[Ki<=waypoints.size()[m[K;i++) {
      |                [01;35m[K~^~~~~~~~~~~~~~~~~~[m[K
[01m[K/home/aaron/ur_ws/src/moveit_control/src/moveit_waypoints.cpp:55:54:[m[K [01;31m[Kerror: [m[Kexpected primary-expression before ‘[01m[Kmsg[m[K’
   55 |         auto target_pose = {geometry_msgs::msg::Pose [01;31m[Kmsg[m[K;
      |                                                      [01;31m[K^~~[m[K
[01m[K/home/aaron/ur_ws/src/moveit_control/src/moveit_waypoints.cpp:55:54:[m[K [01;31m[Kerror: [m[Kexpected ‘[01m[K}[m[K’ before ‘[01m[Kmsg[m[K’
   55 |         auto target_pose = [32m[K{[m[Kgeometry_msgs::msg::Pose [01;31m[Kmsg[m[K;
      |                            [32m[K~[m[K                         [01;31m[K^~~[m[K
[01m[K/home/aaron/ur_ws/src/moveit_control/src/moveit_waypoints.cpp:55:54:[m[K [01;31m[Kerror: [m[Kunable to deduce ‘[01m[Kstd::initializer_list<auto>[m[K’ from ‘[01m[K{<expression error>}[m[K’
[01m[K/home/aaron/ur_ws/src/moveit_control/src/moveit_waypoints.cpp:55:54:[m[K [01;31m[Kerror: [m[Kexpected ‘[01m[K,[m[K’ or ‘[01m[K;[m[K’ before ‘[01m[Kmsg[m[K’
[01m[K/home/aaron/ur_ws/src/moveit_control/src/moveit_waypoints.cpp:56:13:[m[K [01;31m[Kerror: [m[K‘[01m[Kmsg[m[K’ was not declared in this scope
   56 |             [01;31m[Kmsg[m[K.orientation.w = quat.getW();
      |             [01;31m[K^~~[m[K
[01m[K/home/aaron/ur_ws/src/moveit_control/src/moveit_waypoints.cpp:56:13:[m[K [01;36m[Knote: [m[Ksuggested alternatives:
In file included from [01m[K/opt/ros/humble/include/builtin_interfaces/builtin_interfaces/msg/duration.hpp:7[m[K,
                 from [01m[K/opt/ros/humble/include/rclcpp/rclcpp/duration.hpp:20[m[K,
                 from [01m[K/opt/ros/humble/include/rclcpp/rclcpp/qos.hpp:20[m[K,
                 from [01m[K/opt/ros/humble/include/rclcpp/rclcpp/node_interfaces/node_graph_interface.hpp:33[m[K,
                 from [01m[K/opt/ros/humble/include/rclcpp/rclcpp/client.hpp:42[m[K,
                 from [01m[K/opt/ros/humble/include/rclcpp/rclcpp/callback_group.hpp:24[m[K,
                 from [01m[K/opt/ros/humble/include/rclcpp/rclcpp/any_executable.hpp:20[m[K,
                 from [01m[K/opt/ros/humble/include/rclcpp/rclcpp/memory_strategy.hpp:25[m[K,
                 from [01m[K/opt/ros/humble/include/rclcpp/rclcpp/memory_strategies.hpp:18[m[K,
                 from [01m[K/opt/ros/humble/include/rclcpp/rclcpp/executor_options.hpp:20[m[K,
                 from [01m[K/opt/ros/humble/include/rclcpp/rclcpp/executor.hpp:37[m[K,
                 from [01m[K/opt/ros/humble/include/rclcpp/rclcpp/executors/multi_threaded_executor.hpp:25[m[K,
                 from [01m[K/opt/ros/humble/include/rclcpp/rclcpp/executors.hpp:21[m[K,
                 from [01m[K/opt/ros/humble/include/rclcpp/rclcpp/rclcpp.hpp:155[m[K,
                 from [01m[K/home/aaron/ur_ws/src/moveit_control/src/moveit_waypoints.cpp:4[m[K:
[01m[K/opt/ros/humble/include/builtin_interfaces/builtin_interfaces/msg/detail/duration__struct.hpp:28:11:[m[K [01;36m[Knote: [m[K  ‘[01m[Kbuiltin_interfaces::msg[m[K’
   28 | namespace [01;36m[Kmsg[m[K
      |           [01;36m[K^~~[m[K
In file included from [01m[K/opt/ros/humble/include/rcl_interfaces/rcl_interfaces/msg/set_parameters_result.hpp:7[m[K,
                 from [01m[K/opt/ros/humble/include/rclcpp/rclcpp/qos_overriding_options.hpp:28[m[K,
                 from [01m[K/opt/ros/humble/include/rclcpp/rclcpp/subscription_options.hpp:30[m[K,
                 from [01m[K/opt/ros/humble/include/rclcpp/rclcpp/subscription.hpp:45[m[K,
                 from [01m[K/opt/ros/humble/include/rclcpp/rclcpp/any_executable.hpp:25[m[K,
                 from [01m[K/opt/ros/humble/include/rclcpp/rclcpp/memory_strategy.hpp:25[m[K,
                 from [01m[K/opt/ros/humble/include/rclcpp/rclcpp/memory_strategies.hpp:18[m[K,
                 from [01m[K/opt/ros/humble/include/rclcpp/rclcpp/executor_options.hpp:20[m[K,
                 from [01m[K/opt/ros/humble/include/rclcpp/rclcpp/executor.hpp:37[m[K,
                 from [01m[K/opt/ros/humble/include/rclcpp/rclcpp/executors/multi_threaded_executor.hpp:25[m[K,
                 from [01m[K/opt/ros/humble/include/rclcpp/rclcpp/executors.hpp:21[m[K,
                 from [01m[K/opt/ros/humble/include/rclcpp/rclcpp/rclcpp.hpp:155[m[K,
                 from [01m[K/home/aaron/ur_ws/src/moveit_control/src/moveit_waypoints.cpp:4[m[K:
[01m[K/opt/ros/humble/include/rcl_interfaces/rcl_interfaces/msg/detail/set_parameters_result__struct.hpp:28:11:[m[K [01;36m[Knote: [m[K  ‘[01m[Krcl_interfaces::msg[m[K’
   28 | namespace [01;36m[Kmsg[m[K
      |           [01;36m[K^~~[m[K
In file included from [01m[K/opt/ros/humble/include/statistics_msgs/statistics_msgs/msg/detail/metrics_message__struct.hpp:24[m[K,
                 from [01m[K/opt/ros/humble/include/statistics_msgs/statistics_msgs/msg/metrics_message.hpp:7[m[K,
                 from [01m[K/opt/ros/humble/include/libstatistics_collector/libstatistics_collector/collector/generate_statistics_message.hpp:21[m[K,
                 from [01m[K/opt/ros/humble/include/rclcpp/rclcpp/topic_statistics/subscription_topic_statistics.hpp:23[m[K,
                 from [01m[K/opt/ros/humble/include/rclcpp/rclcpp/subscription.hpp:50[m[K,
                 from [01m[K/opt/ros/humble/include/rclcpp/rclcpp/any_executable.hpp:25[m[K,
                 from [01m[K/opt/ros/humble/include/rclcpp/rclcpp/memory_strategy.hpp:25[m[K,
                 from [01m[K/opt/ros/humble/include/rclcpp/rclcpp/memory_strategies.hpp:18[m[K,
                 from [01m[K/opt/ros/humble/include/rclcpp/rclcpp/executor_options.hpp:20[m[K,
                 from [01m[K/opt/ros/humble/include/rclcpp/rclcpp/executor.hpp:37[m[K,
                 from [01m[K/opt/ros/humble/include/rclcpp/rclcpp/executors/multi_threaded_executor.hpp:25[m[K,
                 from [01m[K/opt/ros/humble/include/rclcpp/rclcpp/executors.hpp:21[m[K,
                 from [01m[K/opt/ros/humble/include/rclcpp/rclcpp/rclcpp.hpp:155[m[K,
                 from [01m[K/home/aaron/ur_ws/src/moveit_control/src/moveit_waypoints.cpp:4[m[K:
[01m[K/opt/ros/humble/include/statistics_msgs/statistics_msgs/msg/detail/statistic_data_point__struct.hpp:28:11:[m[K [01;36m[Knote: [m[K  ‘[01m[Kstatistics_msgs::msg[m[K’
   28 | namespace [01;36m[Kmsg[m[K
      |           [01;36m[K^~~[m[K
In file included from [01m[K/opt/ros/humble/include/geometry_msgs/geometry_msgs/msg/detail/pose__struct.hpp:21[m[K,
                 from [01m[K/opt/ros/humble/include/geometry_msgs/geometry_msgs/msg/pose.hpp:7[m[K,
                 from [01m[K/home/aaron/ur_ws/src/moveit_control/src/moveit_waypoints.cpp:6[m[K:
[01m[K/opt/ros/humble/include/geometry_msgs/geometry_msgs/msg/detail/point__struct.hpp:28:11:[m[K [01;36m[Knote: [m[K  ‘[01m[Kgeometry_msgs::msg[m[K’
   28 | namespace [01;36m[Kmsg[m[K
      |           [01;36m[K^~~[m[K
In file included from [01m[K/opt/ros/humble/include/moveit_msgs/moveit_msgs/msg/joint_limits.hpp:7[m[K,
                 from [01m[K/home/aaron/ur_ws/install/moveit_core/include/moveit/robot_model/joint_model.h:44[m[K,
                 from [01m[K/home/aaron/ur_ws/install/moveit_core/include/moveit/robot_model/joint_model_group.h:40[m[K,
                 from [01m[K/home/aaron/ur_ws/install/moveit_core/include/moveit/robot_model/robot_model.h:45[m[K,
                 from [01m[K/home/aaron/ur_ws/install/moveit_core/include/moveit/robot_state/robot_state.h:40[m[K,
                 from [01m[K/home/aaron/ur_ws/install/moveit_ros_planning_interface/include/moveit/move_group_interface/move_group_interface.h:41[m[K,
                 from [01m[K/home/aaron/ur_ws/src/moveit_control/src/moveit_waypoints.cpp:9[m[K:
[01m[K/opt/ros/humble/include/moveit_msgs/moveit_msgs/msg/detail/joint_limits__struct.hpp:28:11:[m[K [01;36m[Knote: [m[K  ‘[01m[Kmoveit_msgs::msg[m[K’
   28 | namespace [01;36m[Kmsg[m[K
      |           [01;36m[K^~~[m[K
In file included from [01m[K/opt/ros/humble/include/geometry_msgs/geometry_msgs/msg/detail/transform_stamped__struct.hpp:21[m[K,
                 from [01m[K/opt/ros/humble/include/geometry_msgs/geometry_msgs/msg/transform_stamped.hpp:7[m[K,
                 from [01m[K/home/aaron/ur_ws/install/moveit_core/include/moveit/transforms/transforms.h:39[m[K,
                 from [01m[K/home/aaron/ur_ws/install/moveit_core/include/moveit/robot_state/attached_body.h:40[m[K,
                 from [01m[K/home/aaron/ur_ws/install/moveit_core/include/moveit/robot_state/robot_state.h:41[m[K,
                 from [01m[K/home/aaron/ur_ws/install/moveit_ros_planning_interface/include/moveit/move_group_interface/move_group_interface.h:41[m[K,
                 from [01m[K/home/aaron/ur_ws/src/moveit_control/src/moveit_waypoints.cpp:9[m[K:
[01m[K/opt/ros/humble/include/std_msgs/std_msgs/msg/detail/header__struct.hpp:32:11:[m[K [01;36m[Knote: [m[K  ‘[01m[Kstd_msgs::msg[m[K’
   32 | namespace [01;36m[Kmsg[m[K
      |           [01;36m[K^~~[m[K
In file included from [01m[K/opt/ros/humble/include/trajectory_msgs/trajectory_msgs/msg/detail/joint_trajectory__struct.hpp:23[m[K,
                 from [01m[K/opt/ros/humble/include/trajectory_msgs/trajectory_msgs/msg/joint_trajectory.hpp:7[m[K,
                 from [01m[K/home/aaron/ur_ws/install/moveit_core/include/moveit/robot_state/attached_body.h:43[m[K,
                 from [01m[K/home/aaron/ur_ws/install/moveit_core/include/moveit/robot_state/robot_state.h:41[m[K,
                 from [01m[K/home/aaron/ur_ws/install/moveit_ros_planning_interface/include/moveit/move_group_interface/move_group_interface.h:41[m[K,
                 from [01m[K/home/aaron/ur_ws/src/moveit_control/src/moveit_waypoints.cpp:9[m[K:
[01m[K/opt/ros/humble/include/trajectory_msgs/trajectory_msgs/msg/detail/joint_trajectory_point__struct.hpp:32:11:[m[K [01;36m[Knote: [m[K  ‘[01m[Ktrajectory_msgs::msg[m[K’
   32 | namespace [01;36m[Kmsg[m[K
      |           [01;36m[K^~~[m[K
In file included from [01m[K/opt/ros/humble/include/sensor_msgs/sensor_msgs/msg/joint_state.hpp:7[m[K,
                 from [01m[K/home/aaron/ur_ws/install/moveit_core/include/moveit/robot_state/robot_state.h:43[m[K,
                 from [01m[K/home/aaron/ur_ws/install/moveit_ros_planning_interface/include/moveit/move_group_interface/move_group_interface.h:41[m[K,
                 from [01m[K/home/aaron/ur_ws/src/moveit_control/src/moveit_waypoints.cpp:9[m[K:
[01m[K/opt/ros/humble/include/sensor_msgs/sensor_msgs/msg/detail/joint_state__struct.hpp:32:11:[m[K [01;36m[Knote: [m[K  ‘[01m[Ksensor_msgs::msg[m[K’
   32 | namespace [01;36m[Kmsg[m[K
      |           [01;36m[K^~~[m[K
In file included from [01m[K/opt/ros/humble/include/visualization_msgs/visualization_msgs/msg/detail/marker__struct.hpp:36[m[K,
                 from [01m[K/opt/ros/humble/include/visualization_msgs/visualization_msgs/msg/detail/marker_array__struct.hpp:21[m[K,
                 from [01m[K/opt/ros/humble/include/visualization_msgs/visualization_msgs/msg/marker_array.hpp:7[m[K,
                 from [01m[K/home/aaron/ur_ws/install/moveit_core/include/moveit/robot_state/robot_state.h:44[m[K,
                 from [01m[K/home/aaron/ur_ws/install/moveit_ros_planning_interface/include/moveit/move_group_interface/move_group_interface.h:41[m[K,
                 from [01m[K/home/aaron/ur_ws/src/moveit_control/src/moveit_waypoints.cpp:9[m[K:
[01m[K/opt/ros/humble/include/visualization_msgs/visualization_msgs/msg/detail/uv_coordinate__struct.hpp:28:11:[m[K [01;36m[Knote: [m[K  ‘[01m[Kvisualization_msgs::msg[m[K’
   28 | namespace [01;36m[Kmsg[m[K
      |           [01;36m[K^~~[m[K
In file included from [01m[K/opt/ros/humble/include/moveit_msgs/moveit_msgs/msg/detail/collision_object__struct.hpp:29[m[K,
                 from [01m[K/opt/ros/humble/include/moveit_msgs/moveit_msgs/msg/detail/attached_collision_object__struct.hpp:21[m[K,
                 from [01m[K/opt/ros/humble/include/moveit_msgs/moveit_msgs/msg/detail/robot_state__struct.hpp:25[m[K,
                 from [01m[K/opt/ros/humble/include/moveit_msgs/moveit_msgs/msg/robot_state.hpp:7[m[K,
                 from [01m[K/home/aaron/ur_ws/install/moveit_ros_planning_interface/include/moveit/move_group_interface/move_group_interface.h:44[m[K,
                 from [01m[K/home/aaron/ur_ws/src/moveit_control/src/moveit_waypoints.cpp:9[m[K:
[01m[K/opt/ros/humble/include/object_recognition_msgs/object_recognition_msgs/msg/detail/object_type__struct.hpp:28:11:[m[K [01;36m[Knote: [m[K  ‘[01m[Kobject_recognition_msgs::msg[m[K’
   28 | namespace [01;36m[Kmsg[m[K
      |           [01;36m[K^~~[m[K
In file included from [01m[K/opt/ros/humble/include/moveit_msgs/moveit_msgs/msg/detail/collision_object__struct.hpp:31[m[K,
                 from [01m[K/opt/ros/humble/include/moveit_msgs/moveit_msgs/msg/detail/attached_collision_object__struct.hpp:21[m[K,
                 from [01m[K/opt/ros/humble/include/moveit_msgs/moveit_msgs/msg/detail/robot_state__struct.hpp:25[m[K,
                 from [01m[K/opt/ros/humble/include/moveit_msgs/moveit_msgs/msg/robot_state.hpp:7[m[K,
                 from [01m[K/home/aaron/ur_ws/install/moveit_ros_planning_interface/include/moveit/move_group_interface/move_group_interface.h:44[m[K,
                 from [01m[K/home/aaron/ur_ws/src/moveit_control/src/moveit_waypoints.cpp:9[m[K:
[01m[K/opt/ros/humble/include/shape_msgs/shape_msgs/msg/detail/solid_primitive__struct.hpp:32:11:[m[K [01;36m[Knote: [m[K  ‘[01m[Kshape_msgs::msg[m[K’
   32 | namespace [01;36m[Kmsg[m[K
      |           [01;36m[K^~~[m[K
In file included from [01m[K/opt/ros/humble/include/octomap_msgs/octomap_msgs/msg/detail/octomap_with_pose__struct.hpp:25[m[K,
                 from [01m[K/opt/ros/humble/include/moveit_msgs/moveit_msgs/msg/detail/planning_scene_world__struct.hpp:23[m[K,
                 from [01m[K/opt/ros/humble/include/moveit_msgs/moveit_msgs/msg/detail/planning_scene__struct.hpp:33[m[K,
                 from [01m[K/opt/ros/humble/include/moveit_msgs/moveit_msgs/msg/detail/planning_options__struct.hpp:21[m[K,
                 from [01m[K/opt/ros/humble/include/moveit_msgs/moveit_msgs/action/detail/move_group__struct.hpp:23[m[K,
                 from [01m[K/opt/ros/humble/include/moveit_msgs/moveit_msgs/action/move_group.hpp:7[m[K,
                 from [01m[K/home/aaron/ur_ws/install/moveit_ros_planning_interface/include/moveit/move_group_interface/move_group_interface.h:52[m[K,
                 from [01m[K/home/aaron/ur_ws/src/moveit_control/src/moveit_waypoints.cpp:9[m[K:
[01m[K/opt/ros/humble/include/octomap_msgs/octomap_msgs/msg/detail/octomap__struct.hpp:32:11:[m[K [01;36m[Knote: [m[K  ‘[01m[Koctomap_msgs::msg[m[K’
   32 | namespace [01;36m[Kmsg[m[K
      |           [01;36m[K^~~[m[K
In file included from [01m[K/opt/ros/humble/include/moveit_msgs/moveit_msgs/action/detail/move_group__struct.hpp:440[m[K,
                 from [01m[K/opt/ros/humble/include/moveit_msgs/moveit_msgs/action/move_group.hpp:7[m[K,
                 from [01m[K/home/aaron/ur_ws/install/moveit_ros_planning_interface/include/moveit/move_group_interface/move_group_interface.h:52[m[K,
                 from [01m[K/home/aaron/ur_ws/src/moveit_control/src/moveit_waypoints.cpp:9[m[K:
[01m[K/opt/ros/humble/include/unique_identifier_msgs/unique_identifier_msgs/msg/detail/uuid__struct.hpp:28:11:[m[K [01;36m[Knote: [m[K  ‘[01m[Kunique_identifier_msgs::msg[m[K’
   28 | namespace [01;36m[Kmsg[m[K
      |           [01;36m[K^~~[m[K
In file included from [01m[K/opt/ros/humble/include/action_msgs/action_msgs/srv/detail/cancel_goal__struct.hpp:21[m[K,
                 from [01m[K/opt/ros/humble/include/action_msgs/action_msgs/srv/cancel_goal.hpp:7[m[K,
                 from [01m[K/opt/ros/humble/include/moveit_msgs/moveit_msgs/action/detail/move_group__struct.hpp:1100[m[K,
                 from [01m[K/opt/ros/humble/include/moveit_msgs/moveit_msgs/action/move_group.hpp:7[m[K,
                 from [01m[K/home/aaron/ur_ws/install/moveit_ros_planning_interface/include/moveit/move_group_interface/move_group_interface.h:52[m[K,
                 from [01m[K/home/aaron/ur_ws/src/moveit_control/src/moveit_waypoints.cpp:9[m[K:
[01m[K/opt/ros/humble/include/action_msgs/action_msgs/msg/detail/goal_info__struct.hpp:34:11:[m[K [01;36m[Knote: [m[K  ‘[01m[Kaction_msgs::msg[m[K’
   34 | namespace [01;36m[Kmsg[m[K
      |           [01;36m[K^~~[m[K
[01m[K/home/aaron/ur_ws/src/moveit_control/src/moveit_waypoints.cpp:60:22:[m[K [01;31m[Kerror: [m[Kexpected primary-expression before ‘[01m[K)[m[K’ token
   60 |         return msg;}([01;31m[K)[m[K;
      |                      [01;31m[K^[m[K
[01m[K/home/aaron/ur_ws/src/moveit_control/src/moveit_waypoints.cpp:61:9:[m[K [01;31m[Kerror: [m[K‘[01m[Kmove_group_interface[m[K’ was not declared in this scope
   61 |         [01;31m[Kmove_group_interface[m[K.setPoseTarget(target_pose);
      |         [01;31m[K^~~~~~~~~~~~~~~~~~~~[m[K
[01m[K/home/aaron/ur_ws/src/moveit_control/src/moveit_waypoints.cpp:61:44:[m[K [01;31m[Kerror: [m[K‘[01m[Ktarget_pose[m[K’ was not declared in this scope
   61 |         move_group_interface.setPoseTarget([01;31m[Ktarget_pose[m[K);
      |                                            [01;31m[K^~~~~~~~~~~[m[K
[01m[K/home/aaron/ur_ws/src/moveit_control/src/moveit_waypoints.cpp:[m[K In lambda function:
[01m[K/home/aaron/ur_ws/src/moveit_control/src/moveit_waypoints.cpp:66:47:[m[K [01;31m[Kerror: [m[K‘[01m[Kmove_group_interface[m[K’ is not captured
   66 |             auto const ok = static_cast<bool>([01;31m[Kmove_group_interface[m[K.plan(msg));
      |                                               [01;31m[K^~~~~~~~~~~~~~~~~~~~[m[K
[01m[K/home/aaron/ur_ws/src/moveit_control/src/moveit_waypoints.cpp:64:60:[m[K [01;36m[Knote: [m[Kthe lambda has no capture-default
   64 |         auto const [success, plan] = [&move_group_interface[01;36m[K][m[K{
      |                                                            [01;36m[K^[m[K
[01m[K/home/aaron/ur_ws/src/moveit_control/src/moveit_waypoints.cpp:61:9:[m[K [01;36m[Knote: [m[K‘[01m[K<typeprefixerror>move_group_interface[m[K’ declared here
   61 |         [01;36m[Kmove_group_interface[m[K.setPoseTarget(target_pose);
      |         [01;36m[K^~~~~~~~~~~~~~~~~~~~[m[K
[01m[K/home/aaron/ur_ws/src/moveit_control/src/moveit_waypoints.cpp:[m[K At global scope:
[01m[K/home/aaron/ur_ws/src/moveit_control/src/moveit_waypoints.cpp:77:1:[m[K [01;31m[Kerror: [m[Kexpected declaration before ‘[01m[K}[m[K’ token
   77 | [01;31m[K}[m[K
      | [01;31m[K^[m[K
gmake[2]: *** [CMakeFiles/moveit_pub.dir/build.make:76: CMakeFiles/moveit_pub.dir/src/moveit_waypoints.cpp.o] Error 1
gmake[1]: *** [CMakeFiles/Makefile2:137: CMakeFiles/moveit_pub.dir/all] Error 2
gmake: *** [Makefile:146: all] Error 2
