[0.033s] Invoking command in '/home/aaron/ur_ws/build/srdfdom': CMAKE_PREFIX_PATH=/home/aaron/ur_ws/install/waypoint_pub:/home/aaron/ur_ws/install/Open_control:/opt/ros/humble /usr/bin/cmake /home/aaron/ur_ws/src/srdfdom -DCMAKE_INSTALL_PREFIX=/home/aaron/ur_ws/install/srdfdom
[0.386s] -- The CXX compiler identification is GNU 11.4.0
[0.386s] -- Detecting CXX compiler ABI info
[0.386s] -- Detecting CXX compiler ABI info - done
[0.386s] -- Check for working CXX compiler: /usr/bin/c++ - skipped
[0.387s] -- Detecting CXX compile features
[0.387s] -- Detecting CXX compile features - done
[0.387s] -- Found Boost: /usr/lib/x86_64-linux-gnu/cmake/Boost-1.74.0/BoostConfig.cmake (found version "1.74.0")  
[0.387s] -- Found ament_cmake: 1.3.12 (/opt/ros/humble/share/ament_cmake/cmake)
[0.387s] -- Found Python3: /usr/bin/python3 (found version "3.10.12") found components: Interpreter 
[0.397s] -- Found urdf: 2.6.1 (/opt/ros/humble/share/urdf/cmake)
[0.451s] -- Found TinyXML2 via Config file: TinyXML2_DIR-NOTFOUND
[0.545s] -- Found ament_cmake_gtest: 1.3.12 (/opt/ros/humble/share/ament_cmake_gtest/cmake)
[0.548s] -- Found ament_cmake_pytest: 1.3.12 (/opt/ros/humble/share/ament_cmake_pytest/cmake)
[0.938s] -- Found gtest sources under '/opt/ros/humble/src/gtest_vendor': C++ tests using 'Google Test' will be built
[0.967s] -- The C compiler identification is GNU 11.4.0
[0.972s] -- Detecting C compiler ABI info
[1.028s] -- Detecting C compiler ABI info - done
[1.035s] -- Check for working C compiler: /usr/bin/cc - skipped
[1.036s] -- Detecting C compile features
[1.036s] -- Detecting C compile features - done
[1.039s] -- Looking for C++ include pthread.h
[1.112s] -- Looking for C++ include pthread.h - found
[1.113s] -- Performing Test CMAKE_HAVE_LIBC_PTHREAD
[1.198s] -- Performing Test CMAKE_HAVE_LIBC_PTHREAD - Success
[1.200s] -- Found Threads: TRUE  
[1.202s] -- Found ament_lint_auto: 0.12.14 (/opt/ros/humble/share/ament_lint_auto/cmake)
[1.213s] -- Configuring done
[1.221s] -- Generating done
[1.224s] -- Build files have been written to: /home/aaron/ur_ws/build/srdfdom
[1.229s] Invoked command in '/home/aaron/ur_ws/build/srdfdom' returned '0': CMAKE_PREFIX_PATH=/home/aaron/ur_ws/install/waypoint_pub:/home/aaron/ur_ws/install/Open_control:/opt/ros/humble /usr/bin/cmake /home/aaron/ur_ws/src/srdfdom -DCMAKE_INSTALL_PREFIX=/home/aaron/ur_ws/install/srdfdom
[1.230s] Invoking command in '/home/aaron/ur_ws/build/srdfdom': CMAKE_PREFIX_PATH=/home/aaron/ur_ws/install/waypoint_pub:/home/aaron/ur_ws/install/Open_control:/opt/ros/humble /usr/bin/cmake --build /home/aaron/ur_ws/build/srdfdom -- -j20 -l20
[1.264s] [  9%] [32mBuilding CXX object gtest/CMakeFiles/gtest_main.dir/src/gtest_main.cc.o[0m
[1.267s] [ 18%] [32mBuilding CXX object CMakeFiles/srdfdom.dir/src/srdf_writer.cpp.o[0m
[1.268s] [ 27%] [32mBuilding CXX object CMakeFiles/srdfdom.dir/src/model.cpp.o[0m
[1.273s] [ 36%] [32mBuilding CXX object gtest/CMakeFiles/gtest.dir/src/gtest-all.cc.o[0m
[1.282s] [ 36%] Built target ament_cmake_python_copy_srdfdom
[1.440s] running egg_info
[1.441s] creating srdfdom.egg-info
[1.441s] writing srdfdom.egg-info/PKG-INFO
[1.441s] writing dependency_links to srdfdom.egg-info/dependency_links.txt
[1.442s] writing top-level names to srdfdom.egg-info/top_level.txt
[1.442s] writing manifest file 'srdfdom.egg-info/SOURCES.txt'
[1.443s] reading manifest file 'srdfdom.egg-info/SOURCES.txt'
[1.443s] writing manifest file 'srdfdom.egg-info/SOURCES.txt'
[1.461s] [ 36%] Built target ament_cmake_python_build_srdfdom_egg
[1.873s] [ 45%] [32m[1mLinking CXX static library libgtest_main.a[0m
[1.904s] [ 45%] Built target gtest_main
[2.626s] [ 54%] [32m[1mLinking CXX shared library libsrdfdom.so[0m
[2.725s] [ 54%] Built target srdfdom
[3.339s] [ 63%] [32m[1mLinking CXX static library libgtest.a[0m
[3.383s] [ 63%] Built target gtest
[3.398s] [ 72%] [32mBuilding CXX object CMakeFiles/test_cpp_C.dir/test/test_parser.cpp.o[0m
[3.400s] [ 81%] [32mBuilding CXX object CMakeFiles/test_cpp_nl_NL.UTF-8.dir/test/test_parser.cpp.o[0m
[4.387s] [ 90%] [32m[1mLinking CXX executable test_cpp_nl_NL.UTF-8[0m
[4.390s] [100%] [32m[1mLinking CXX executable test_cpp_C[0m
[4.490s] [100%] Built target test_cpp_nl_NL.UTF-8
[4.491s] [100%] Built target test_cpp_C
