[0.042s] Invoking command in '/home/aaron/ur_ws/build/moveit_ros_planning': AMENT_PREFIX_PATH=/home/aaron/ur_ws/install/moveit_ros_occupancy_map_monitor:/home/aaron/ur_ws/install/moveit_core:/home/aaron/ur_ws/install/moveit_resources_panda_moveit_config:/home/aaron/ur_ws/install/moveit_configs_utils:/home/aaron/ur_ws/install/srdfdom:/home/aaron/ur_ws/install/moveit_resources_pr2_description:/home/aaron/ur_ws/install/moveit_resources_panda_description:/home/aaron/ur_ws/install/moveit_common:/home/aaron/ur_ws/install/launch_param_builder:${AMENT_PREFIX_PATH} CMAKE_PREFIX_PATH=/home/aaron/ur_ws/install/moveit_ros_occupancy_map_monitor:/home/aaron/ur_ws/install/moveit_core:/home/aaron/ur_ws/install/moveit_resources_panda_moveit_config:/home/aaron/ur_ws/install/srdfdom:/home/aaron/ur_ws/install/moveit_resources_pr2_description:/home/aaron/ur_ws/install/moveit_resources_panda_description:/home/aaron/ur_ws/install/moveit_common:/opt/ros/humble LD_LIBRARY_PATH=/home/aaron/ur_ws/install/moveit_ros_occupancy_map_monitor/lib:/home/aaron/ur_ws/install/moveit_core/lib:/home/aaron/ur_ws/install/srdfdom/lib:${LD_LIBRARY_PATH} PATH=/home/aaron/ur_ws/install/moveit_core/bin:${PATH} PYTHONPATH=/home/aaron/ur_ws/install/moveit_configs_utils/lib/python3.10/site-packages:/home/aaron/ur_ws/install/srdfdom/local/lib/python3.10/dist-packages:/home/aaron/ur_ws/install/launch_param_builder/lib/python3.10/site-packages:${PYTHONPATH} /usr/bin/cmake /home/aaron/ur_ws/src/moveit2/moveit_ros/planning -DCMAKE_INSTALL_PREFIX=/home/aaron/ur_ws/install/moveit_ros_planning
[0.152s] -- The C compiler identification is GNU 11.4.0
[0.234s] -- The CXX compiler identification is GNU 11.4.0
[0.249s] -- Detecting C compiler ABI info
[0.380s] -- Detecting C compiler ABI info - done
[0.391s] -- Check for working C compiler: /usr/bin/cc - skipped
[0.392s] -- Detecting C compile features
[0.392s] -- Detecting C compile features - done
[0.395s] -- Detecting CXX compiler ABI info
[0.548s] -- Detecting CXX compiler ABI info - done
[0.556s] -- Check for working CXX compiler: /usr/bin/c++ - skipped
[0.556s] -- Detecting CXX compile features
[0.557s] -- Detecting CXX compile features - done
[0.559s] -- Found moveit_common: 2.5.9 (/home/aaron/ur_ws/install/moveit_common/share/moveit_common/cmake)
[0.563s] -- Found ament_cmake: 1.3.12 (/opt/ros/humble/share/ament_cmake/cmake)
[0.773s] -- Found Python3: /usr/bin/python3 (found version "3.10.12") found components: Interpreter 
[0.996s] [0mmoveit_ros_planning: You did not request a specific build type: Choosing 'Release' for maximum performance[0m
[0.999s] -- Found moveit_msgs: 2.2.1 (/opt/ros/humble/share/moveit_msgs/cmake)
[1.040s] -- Found rosidl_generator_c: 3.1.8 (/opt/ros/humble/share/rosidl_generator_c/cmake)
[1.046s] -- Found rosidl_adapter: 3.1.8 (/opt/ros/humble/share/rosidl_adapter/cmake)
[1.055s] -- Found rosidl_generator_cpp: 3.1.8 (/opt/ros/humble/share/rosidl_generator_cpp/cmake)
[1.068s] -- Using all available rosidl_typesupport_c: rosidl_typesupport_fastrtps_c;rosidl_typesupport_introspection_c
[1.086s] -- Using all available rosidl_typesupport_cpp: rosidl_typesupport_fastrtps_cpp;rosidl_typesupport_introspection_cpp
[1.264s] -- Found pluginlib: 5.1.3 (/opt/ros/humble/share/pluginlib/cmake)
[1.293s] -- Found rclcpp: 16.0.17 (/opt/ros/humble/share/rclcpp/cmake)
[1.332s] -- Found rmw_implementation_cmake: 6.1.2 (/opt/ros/humble/share/rmw_implementation_cmake/cmake)
[1.335s] -- Found rmw_fastrtps_cpp: 6.2.9 (/opt/ros/humble/share/rmw_fastrtps_cpp/cmake)
[1.363s] -- Found TinyXML2 via Config file: TinyXML2_DIR-NOTFOUND
[1.526s] -- Found OpenSSL: /usr/lib/x86_64-linux-gnu/libcrypto.so (found version "3.0.2")  
[1.531s] -- Found TinyXML2 via Config file: TinyXML2_DIR-NOTFOUND
[1.554s] -- Found FastRTPS: /opt/ros/humble/include  
[1.557s] -- Found TinyXML2 via Config file: TinyXML2_DIR-NOTFOUND
[1.566s] -- Found TinyXML2 via Config file: TinyXML2_DIR-NOTFOUND
[1.577s] -- Using RMW implementation 'rmw_fastrtps_cpp' as default
[1.587s] -- Looking for pthread.h
[1.752s] -- Looking for pthread.h - found
[1.752s] -- Performing Test CMAKE_HAVE_LIBC_PTHREAD
[1.892s] -- Performing Test CMAKE_HAVE_LIBC_PTHREAD - Success
[1.893s] -- Found Threads: TRUE  
[1.933s] -- Found message_filters: 4.3.11 (/opt/ros/humble/share/message_filters/cmake)
[1.935s] -- Found srdfdom: 2.0.8 (/home/aaron/ur_ws/install/srdfdom/share/srdfdom/cmake)
[1.950s] -- Found tf2: 0.25.18 (/opt/ros/humble/share/tf2/cmake)
[1.955s] -- Found tf2_geometry_msgs: 0.25.18 (/opt/ros/humble/share/tf2_geometry_msgs/cmake)
[1.971s] -- Found eigen3_cmake_module: 0.1.1 (/opt/ros/humble/share/eigen3_cmake_module/cmake)
[1.972s] -- Found Eigen3: TRUE (found version "3.4.0") 
[1.972s] -- Ensuring Eigen3 include directory is part of orocos-kdl CMake target
[2.036s] -- Found tf2_eigen: 0.25.18 (/opt/ros/humble/share/tf2_eigen/cmake)
[2.039s] -- Found moveit_core: 2.5.9 (/home/aaron/ur_ws/install/moveit_core/share/moveit_core/cmake)
[2.078s] -- Found Boost: /usr/lib/x86_64-linux-gnu/cmake/Boost-1.74.0/BoostConfig.cmake (found version "1.74.0") found components: chrono date_time filesystem iostreams program_options regex serialization system thread 
[2.117s] -- Found parameter_traits: 0.6.0 (/opt/ros/humble/share/parameter_traits/cmake)
[2.130s] -- Found rclcpp_lifecycle: 16.0.17 (/opt/ros/humble/share/rclcpp_lifecycle/cmake)
[2.156s] -- Found Boost: /usr/lib/x86_64-linux-gnu/cmake/Boost-1.74.0/BoostConfig.cmake (found version "1.74.0") found components: filesystem 
[2.328s] -- library: /usr/lib/x86_64-linux-gnu/libcurl.so
[2.382s] -- Found moveit_ros_occupancy_map_monitor: 2.5.9 (/home/aaron/ur_ws/install/moveit_ros_occupancy_map_monitor/share/moveit_ros_occupancy_map_monitor/cmake)
[2.399s] -- Found Boost: /usr/lib/x86_64-linux-gnu/cmake/Boost-1.74.0/BoostConfig.cmake (found version "1.74.0") found components: system filesystem date_time program_options thread chrono 
[2.434s] -- Performing Test COMPILER_HAS_HIDDEN_VISIBILITY
[2.597s] -- Performing Test COMPILER_HAS_HIDDEN_VISIBILITY - Success
[2.598s] -- Performing Test COMPILER_HAS_HIDDEN_INLINE_VISIBILITY
[2.773s] -- Performing Test COMPILER_HAS_HIDDEN_INLINE_VISIBILITY - Success
[2.773s] -- Performing Test COMPILER_HAS_DEPRECATED_ATTR
[2.943s] -- Performing Test COMPILER_HAS_DEPRECATED_ATTR - Success
[2.978s] -- Found ament_cmake_gtest: 1.3.12 (/opt/ros/humble/share/ament_cmake_gtest/cmake)
[2.980s] -- Found ament_cmake_gmock: 1.3.12 (/opt/ros/humble/share/ament_cmake_gmock/cmake)
[2.982s] -- Found ros_testing: 0.4.0 (/opt/ros/humble/share/ros_testing/cmake)
[2.984s] -- Found launch_testing_ament_cmake: 1.0.13 (/opt/ros/humble/share/launch_testing_ament_cmake/cmake)
[2.986s] -- Found python_cmake_module: 0.10.0 (/opt/ros/humble/share/python_cmake_module/cmake)
[3.011s] -- Found PythonInterp: /usr/bin/python3 (found suitable version "3.10.12", minimum required is "3.6") 
[3.016s] -- Found PythonLibs: /usr/lib/x86_64-linux-gnu/libpython3.10.so (found suitable version "3.10.12", minimum required is "3.5") 
[3.016s] -- Using PYTHON_EXECUTABLE: /usr/bin/python3
[3.016s] -- Using PYTHON_INCLUDE_DIRS: /usr/include/python3.10
[3.016s] -- Using PYTHON_LIBRARIES: /usr/lib/x86_64-linux-gnu/libpython3.10.so
[3.044s] -- Found PythonExtra: .so  
[3.048s] -- Found gmock sources under '/opt/ros/humble/src/gmock_vendor': C++ tests using 'Google Mock' will be built
[3.055s] -- Found gtest sources under '/opt/ros/humble/src/gtest_vendor': C++ tests using 'Google Test' will be built
[3.097s] -- Found ament_lint_auto: 0.12.14 (/opt/ros/humble/share/ament_lint_auto/cmake)
[3.121s] -- Found launch_testing_ament_cmake: 1.0.13 (/opt/ros/humble/share/launch_testing_ament_cmake/cmake)
[3.121s] -- Found python_cmake_module: 0.10.0 (/opt/ros/humble/share/python_cmake_module/cmake)
[3.152s] -- Using PYTHON_EXECUTABLE: /usr/bin/python3
[3.152s] -- Using PYTHON_INCLUDE_DIRS: /usr/include/python3.10
[3.152s] -- Using PYTHON_LIBRARIES: /usr/lib/x86_64-linux-gnu/libpython3.10.so
[3.162s] -- Added test 'cppcheck' to perform static code analysis on C / C++ code
[3.163s] -- Configured cppcheck include dirs: /home/aaron/ur_ws/src/moveit2/moveit_ros/planning/rdf_loader/include;/home/aaron/ur_ws/src/moveit2/moveit_ros/planning/kinematics_plugin_loader/include;/home/aaron/ur_ws/src/moveit2/moveit_ros/planning/robot_model_loader/include;/home/aaron/ur_ws/src/moveit2/moveit_ros/planning/constraint_sampler_manager_loader/include;/home/aaron/ur_ws/src/moveit2/moveit_ros/planning/planning_pipeline/include;/home/aaron/ur_ws/src/moveit2/moveit_ros/planning/planning_scene_monitor/include;/home/aaron/ur_ws/src/moveit2/moveit_ros/planning/trajectory_execution_manager/include;/home/aaron/ur_ws/src/moveit2/moveit_ros/planning/plan_execution/include;/home/aaron/ur_ws/src/moveit2/moveit_ros/planning/collision_plugin_loader/include;/home/aaron/ur_ws/src/moveit2/moveit_ros/planning/moveit_cpp/include
[3.163s] -- Configured cppcheck exclude dirs and/or files: 
[3.165s] -- Added test 'lint_cmake' to check CMake code style
[3.166s] -- Added test 'pep257' to check Python code against some of the docstring style conventions in PEP 257
[3.167s] -- Added test 'xmllint' to check XML markup files
[3.169s] -- Configuring done
[3.425s] -- Generating done
[3.511s] -- Build files have been written to: /home/aaron/ur_ws/build/moveit_ros_planning
[3.532s] Invoked command in '/home/aaron/ur_ws/build/moveit_ros_planning' returned '0': AMENT_PREFIX_PATH=/home/aaron/ur_ws/install/moveit_ros_occupancy_map_monitor:/home/aaron/ur_ws/install/moveit_core:/home/aaron/ur_ws/install/moveit_resources_panda_moveit_config:/home/aaron/ur_ws/install/moveit_configs_utils:/home/aaron/ur_ws/install/srdfdom:/home/aaron/ur_ws/install/moveit_resources_pr2_description:/home/aaron/ur_ws/install/moveit_resources_panda_description:/home/aaron/ur_ws/install/moveit_common:/home/aaron/ur_ws/install/launch_param_builder:${AMENT_PREFIX_PATH} CMAKE_PREFIX_PATH=/home/aaron/ur_ws/install/moveit_ros_occupancy_map_monitor:/home/aaron/ur_ws/install/moveit_core:/home/aaron/ur_ws/install/moveit_resources_panda_moveit_config:/home/aaron/ur_ws/install/srdfdom:/home/aaron/ur_ws/install/moveit_resources_pr2_description:/home/aaron/ur_ws/install/moveit_resources_panda_description:/home/aaron/ur_ws/install/moveit_common:/opt/ros/humble LD_LIBRARY_PATH=/home/aaron/ur_ws/install/moveit_ros_occupancy_map_monitor/lib:/home/aaron/ur_ws/install/moveit_core/lib:/home/aaron/ur_ws/install/srdfdom/lib:${LD_LIBRARY_PATH} PATH=/home/aaron/ur_ws/install/moveit_core/bin:${PATH} PYTHONPATH=/home/aaron/ur_ws/install/moveit_configs_utils/lib/python3.10/site-packages:/home/aaron/ur_ws/install/srdfdom/local/lib/python3.10/dist-packages:/home/aaron/ur_ws/install/launch_param_builder/lib/python3.10/site-packages:${PYTHONPATH} /usr/bin/cmake /home/aaron/ur_ws/src/moveit2/moveit_ros/planning -DCMAKE_INSTALL_PREFIX=/home/aaron/ur_ws/install/moveit_ros_planning
[3.535s] Invoking command in '/home/aaron/ur_ws/build/moveit_ros_planning': AMENT_PREFIX_PATH=/home/aaron/ur_ws/install/moveit_ros_occupancy_map_monitor:/home/aaron/ur_ws/install/moveit_core:/home/aaron/ur_ws/install/moveit_resources_panda_moveit_config:/home/aaron/ur_ws/install/moveit_configs_utils:/home/aaron/ur_ws/install/srdfdom:/home/aaron/ur_ws/install/moveit_resources_pr2_description:/home/aaron/ur_ws/install/moveit_resources_panda_description:/home/aaron/ur_ws/install/moveit_common:/home/aaron/ur_ws/install/launch_param_builder:${AMENT_PREFIX_PATH} CMAKE_PREFIX_PATH=/home/aaron/ur_ws/install/moveit_ros_occupancy_map_monitor:/home/aaron/ur_ws/install/moveit_core:/home/aaron/ur_ws/install/moveit_resources_panda_moveit_config:/home/aaron/ur_ws/install/srdfdom:/home/aaron/ur_ws/install/moveit_resources_pr2_description:/home/aaron/ur_ws/install/moveit_resources_panda_description:/home/aaron/ur_ws/install/moveit_common:/opt/ros/humble LD_LIBRARY_PATH=/home/aaron/ur_ws/install/moveit_ros_occupancy_map_monitor/lib:/home/aaron/ur_ws/install/moveit_core/lib:/home/aaron/ur_ws/install/srdfdom/lib:${LD_LIBRARY_PATH} PATH=/home/aaron/ur_ws/install/moveit_core/bin:${PATH} PYTHONPATH=/home/aaron/ur_ws/install/moveit_configs_utils/lib/python3.10/site-packages:/home/aaron/ur_ws/install/srdfdom/local/lib/python3.10/dist-packages:/home/aaron/ur_ws/install/launch_param_builder/lib/python3.10/site-packages:${PYTHONPATH} /usr/bin/cmake --build /home/aaron/ur_ws/build/moveit_ros_planning -- -j20 -l20
[3.637s] [  1%] [32mBuilding CXX object gmock/CMakeFiles/gmock_main.dir/src/gmock_main.cc.o[0m
[3.640s] [  2%] [32mBuilding CXX object collision_plugin_loader/CMakeFiles/moveit_collision_plugin_loader.dir/src/collision_plugin_loader.cpp.o[0m
[3.640s] [  4%] [32mBuilding CXX object planning_pipeline/CMakeFiles/moveit_planning_pipeline.dir/src/planning_pipeline.cpp.o[0m
[3.644s] [  5%] [32mBuilding CXX object gmock/CMakeFiles/gmock.dir/src/gmock-all.cc.o[0m
[3.653s] [  7%] [32mBuilding CXX object rdf_loader/CMakeFiles/moveit_rdf_loader.dir/src/rdf_loader.cpp.o[0m
[3.654s] [  8%] [32mBuilding CXX object rdf_loader/CMakeFiles/moveit_rdf_loader.dir/src/synchronized_string_parameter.cpp.o[0m
[3.662s] [ 10%] [32mBuilding CXX object planning_request_adapter_plugins/CMakeFiles/moveit_list_request_adapter_plugins.dir/src/list.cpp.o[0m
[3.672s] [ 11%] [32mBuilding CXX object gtest/CMakeFiles/gtest.dir/src/gtest-all.cc.o[0m
[3.676s] [ 14%] [32mBuilding CXX object gtest/CMakeFiles/gtest_main.dir/src/gtest_main.cc.o[0m
[3.676s] [ 14%] [32mBuilding CXX object gmock/CMakeFiles/gmock.dir/opt/ros/humble/src/gtest_vendor/src/gtest-all.cc.o[0m
[3.685s] [ 16%] [32mBuilding CXX object planning_request_adapter_plugins/CMakeFiles/moveit_default_planning_request_adapter_plugins.dir/src/empty.cpp.o[0m
[3.687s] [ 17%] [32mBuilding CXX object planning_request_adapter_plugins/CMakeFiles/moveit_default_planning_request_adapter_plugins.dir/src/fix_start_state_bounds.cpp.o[0m
[3.690s] [ 19%] [32mBuilding CXX object planning_request_adapter_plugins/CMakeFiles/moveit_default_planning_request_adapter_plugins.dir/src/fix_workspace_bounds.cpp.o[0m
[3.697s] [ 20%] [32mBuilding CXX object planning_request_adapter_plugins/CMakeFiles/moveit_default_planning_request_adapter_plugins.dir/src/add_ruckig_traj_smoothing.cpp.o[0m
[3.703s] [ 22%] [32mBuilding CXX object planning_request_adapter_plugins/CMakeFiles/moveit_default_planning_request_adapter_plugins.dir/src/resolve_constraint_frames.cpp.o[0m
[3.703s] [ 23%] [32mBuilding CXX object planning_request_adapter_plugins/CMakeFiles/moveit_default_planning_request_adapter_plugins.dir/src/add_time_optimal_parameterization.cpp.o[0m
[3.714s] [ 25%] [32mBuilding CXX object planning_request_adapter_plugins/CMakeFiles/moveit_default_planning_request_adapter_plugins.dir/src/fix_start_state_collision.cpp.o[0m
[3.727s] [ 26%] [32mBuilding CXX object planning_request_adapter_plugins/CMakeFiles/moveit_default_planning_request_adapter_plugins.dir/src/add_time_parameterization.cpp.o[0m
[3.743s] [ 29%] [32mBuilding CXX object planning_request_adapter_plugins/CMakeFiles/moveit_default_planning_request_adapter_plugins.dir/src/fix_start_state_path_constraints.cpp.o[0m
[3.744s] [ 29%] [32mBuilding CXX object planning_request_adapter_plugins/CMakeFiles/moveit_default_planning_request_adapter_plugins.dir/src/add_iterative_spline_parameterization.cpp.o[0m
[5.069s] [ 30%] [32m[1mLinking CXX static library libgtest_main.a[0m
[5.117s] [ 30%] Built target gtest_main
[5.545s] [ 32%] [32m[1mLinking CXX static library libgmock_main.a[0m
[5.596s] [ 32%] Built target gmock_main
[12.307s] [ 33%] [32m[1mLinking CXX shared library libmoveit_collision_plugin_loader.so[0m
[12.567s] [ 33%] Built target moveit_collision_plugin_loader
[18.272s] [ 35%] [32m[1mLinking CXX static library libgmock.a[0m
[18.356s] [ 35%] Built target gmock
[18.852s] [ 36%] [32m[1mLinking CXX shared library libmoveit_rdf_loader.so[0m
[19.078s] [ 38%] [32m[1mLinking CXX executable moveit_list_request_adapter_plugins[0m
[19.197s] [ 38%] Built target moveit_rdf_loader
[19.260s] [ 39%] [32mBuilding CXX object kinematics_plugin_loader/CMakeFiles/moveit_kinematics_plugin_loader.dir/src/kinematics_plugin_loader.cpp.o[0m
[19.327s] [ 41%] [32mBuilding CXX object constraint_sampler_manager_loader/CMakeFiles/moveit_constraint_sampler_manager_loader.dir/src/constraint_sampler_manager_loader.cpp.o[0m
[19.429s] [ 41%] Built target moveit_list_request_adapter_plugins
[23.245s] [ 42%] [32m[1mLinking CXX shared library libmoveit_default_planning_request_adapter_plugins.so[0m
[23.531s] [ 42%] Built target moveit_default_planning_request_adapter_plugins
[24.347s] [ 44%] [32m[1mLinking CXX static library libgtest.a[0m
[24.414s] [ 44%] Built target gtest
[30.252s] [ 45%] [32m[1mLinking CXX shared library libmoveit_kinematics_plugin_loader.so[0m
[30.491s] [ 45%] Built target moveit_kinematics_plugin_loader
[30.528s] [ 47%] [32mBuilding CXX object robot_model_loader/CMakeFiles/moveit_robot_model_loader.dir/src/robot_model_loader.cpp.o[0m
[30.554s] [ 48%] [32m[1mLinking CXX shared library libmoveit_constraint_sampler_manager_loader.so[0m
[30.889s] [ 48%] Built target moveit_constraint_sampler_manager_loader
[34.183s] [ 50%] [32m[1mLinking CXX shared library libmoveit_planning_pipeline.so[0m
[34.482s] [ 50%] Built target moveit_planning_pipeline
[35.989s] [ 51%] [32m[1mLinking CXX shared library libmoveit_robot_model_loader.so[0m
[36.243s] [ 51%] Built target moveit_robot_model_loader
[36.289s] [ 52%] [32mBuilding CXX object planning_scene_monitor/CMakeFiles/moveit_planning_scene_monitor.dir/src/trajectory_monitor.cpp.o[0m
[36.289s] [ 54%] [32mBuilding CXX object planning_scene_monitor/CMakeFiles/moveit_planning_scene_monitor.dir/src/current_state_monitor_middleware_handle.cpp.o[0m
[36.292s] [ 55%] [32mBuilding CXX object planning_components_tools/CMakeFiles/moveit_print_planning_model_info.dir/src/print_planning_model_info.cpp.o[0m
[36.298s] [ 57%] [32mBuilding CXX object planning_scene_monitor/CMakeFiles/moveit_planning_scene_monitor.dir/src/planning_scene_monitor.cpp.o[0m
[36.316s] [ 58%] [32mBuilding CXX object planning_scene_monitor/CMakeFiles/moveit_planning_scene_monitor.dir/src/trajectory_monitor_middleware_handle.cpp.o[0m
[36.326s] [ 60%] [32mBuilding CXX object planning_scene_monitor/CMakeFiles/moveit_planning_scene_monitor.dir/src/current_state_monitor.cpp.o[0m
[40.998s] [ 61%] [32m[1mLinking CXX executable moveit_print_planning_model_info[0m
[41.270s] [ 61%] Built target moveit_print_planning_model_info
[63.664s] [ 63%] [32m[1mLinking CXX shared library libmoveit_planning_scene_monitor.so[0m
[63.984s] [ 63%] Built target moveit_planning_scene_monitor
[64.018s] [ 64%] [32mBuilding CXX object planning_scene_monitor/CMakeFiles/demo_scene.dir/demos/demo_scene.cpp.o[0m
[64.019s] [ 67%] [32mBuilding CXX object planning_scene_monitor/CMakeFiles/trajectory_monitor_tests.dir/test/trajectory_monitor_tests.cpp.o[0m
[64.019s] [ 67%] [32mBuilding CXX object trajectory_execution_manager/CMakeFiles/moveit_trajectory_execution_manager.dir/src/trajectory_execution_manager.cpp.o[0m
[64.020s] [ 69%] [32mBuilding CXX object planning_components_tools/CMakeFiles/moveit_evaluate_collision_checking_speed.dir/src/evaluate_collision_checking_speed.cpp.o[0m
[64.024s] [ 72%] [32mBuilding CXX object planning_components_tools/CMakeFiles/moveit_print_planning_scene_info.dir/src/print_planning_scene_info.cpp.o[0m
[64.024s] [ 72%] [32mBuilding CXX object planning_components_tools/CMakeFiles/moveit_publish_scene_from_text.dir/src/publish_scene_from_text.cpp.o[0m
[64.026s] [ 73%] [32mBuilding CXX object planning_components_tools/CMakeFiles/moveit_display_random_state.dir/src/display_random_state.cpp.o[0m
[64.030s] [ 75%] [32mBuilding CXX object planning_scene_monitor/CMakeFiles/planning_scene_monitor_test.dir/test/planning_scene_monitor_test.cpp.o[0m
[64.032s] [ 76%] [32mBuilding CXX object planning_components_tools/CMakeFiles/moveit_visualize_robot_collision_volume.dir/src/visualize_robot_collision_volume.cpp.o[0m
[64.033s] [ 77%] [32mBuilding CXX object planning_scene_monitor/CMakeFiles/current_state_monitor_tests.dir/test/current_state_monitor_tests.cpp.o[0m
[73.956s] [ 79%] [32m[1mLinking CXX executable moveit_evaluate_collision_checking_speed[0m
[74.433s] [ 80%] [32m[1mLinking CXX executable demo_scene[0m
[74.694s] [ 80%] Built target demo_scene
[75.226s] [ 82%] [32m[1mLinking CXX executable trajectory_monitor_tests[0m
[75.264s] [ 82%] Built target moveit_evaluate_collision_checking_speed
[75.662s] [ 82%] Built target trajectory_monitor_tests
[75.737s] [ 83%] [32m[1mLinking CXX executable moveit_publish_scene_from_text[0m
[76.145s] [ 83%] Built target moveit_publish_scene_from_text
[77.667s] [ 85%] [32m[1mLinking CXX executable moveit_display_random_state[0m
[78.074s] [ 85%] Built target moveit_display_random_state
[79.725s] [ 86%] [32m[1mLinking CXX executable planning_scene_monitor_test[0m
[80.153s] [ 86%] Built target planning_scene_monitor_test
[80.161s] [ 88%] [32m[1mLinking CXX executable current_state_monitor_tests[0m
[80.594s] [ 88%] Built target current_state_monitor_tests
[80.638s] [ 89%] [32m[1mLinking CXX executable moveit_print_planning_scene_info[0m
[80.973s] [ 89%] Built target moveit_print_planning_scene_info
[81.125s] [ 91%] [32m[1mLinking CXX executable moveit_visualize_robot_collision_volume[0m
[81.477s] [ 91%] Built target moveit_visualize_robot_collision_volume
[96.385s] [ 92%] [32m[1mLinking CXX shared library libmoveit_trajectory_execution_manager.so[0m
[96.619s] [ 92%] Built target moveit_trajectory_execution_manager
[96.651s] [ 94%] [32mBuilding CXX object plan_execution/CMakeFiles/moveit_plan_execution.dir/src/plan_execution.cpp.o[0m
[96.651s] [ 95%] [32mBuilding CXX object moveit_cpp/CMakeFiles/moveit_cpp.dir/src/planning_component.cpp.o[0m
[96.651s] [ 97%] [32mBuilding CXX object moveit_cpp/CMakeFiles/moveit_cpp.dir/src/moveit_cpp.cpp.o[0m
[104.812s] [ 98%] [32m[1mLinking CXX shared library libmoveit_plan_execution.so[0m
[105.048s] [ 98%] Built target moveit_plan_execution
[108.251s] [100%] [32m[1mLinking CXX shared library libmoveit_cpp.so[0m
[108.484s] [100%] Built target moveit_cpp
[108.499s] Invoked command in '/home/aaron/ur_ws/build/moveit_ros_planning' returned '0': AMENT_PREFIX_PATH=/home/aaron/ur_ws/install/moveit_ros_occupancy_map_monitor:/home/aaron/ur_ws/install/moveit_core:/home/aaron/ur_ws/install/moveit_resources_panda_moveit_config:/home/aaron/ur_ws/install/moveit_configs_utils:/home/aaron/ur_ws/install/srdfdom:/home/aaron/ur_ws/install/moveit_resources_pr2_description:/home/aaron/ur_ws/install/moveit_resources_panda_description:/home/aaron/ur_ws/install/moveit_common:/home/aaron/ur_ws/install/launch_param_builder:${AMENT_PREFIX_PATH} CMAKE_PREFIX_PATH=/home/aaron/ur_ws/install/moveit_ros_occupancy_map_monitor:/home/aaron/ur_ws/install/moveit_core:/home/aaron/ur_ws/install/moveit_resources_panda_moveit_config:/home/aaron/ur_ws/install/srdfdom:/home/aaron/ur_ws/install/moveit_resources_pr2_description:/home/aaron/ur_ws/install/moveit_resources_panda_description:/home/aaron/ur_ws/install/moveit_common:/opt/ros/humble LD_LIBRARY_PATH=/home/aaron/ur_ws/install/moveit_ros_occupancy_map_monitor/lib:/home/aaron/ur_ws/install/moveit_core/lib:/home/aaron/ur_ws/install/srdfdom/lib:${LD_LIBRARY_PATH} PATH=/home/aaron/ur_ws/install/moveit_core/bin:${PATH} PYTHONPATH=/home/aaron/ur_ws/install/moveit_configs_utils/lib/python3.10/site-packages:/home/aaron/ur_ws/install/srdfdom/local/lib/python3.10/dist-packages:/home/aaron/ur_ws/install/launch_param_builder/lib/python3.10/site-packages:${PYTHONPATH} /usr/bin/cmake --build /home/aaron/ur_ws/build/moveit_ros_planning -- -j20 -l20
[108.502s] Invoking command in '/home/aaron/ur_ws/build/moveit_ros_planning': AMENT_PREFIX_PATH=/home/aaron/ur_ws/install/moveit_ros_occupancy_map_monitor:/home/aaron/ur_ws/install/moveit_core:/home/aaron/ur_ws/install/moveit_resources_panda_moveit_config:/home/aaron/ur_ws/install/moveit_configs_utils:/home/aaron/ur_ws/install/srdfdom:/home/aaron/ur_ws/install/moveit_resources_pr2_description:/home/aaron/ur_ws/install/moveit_resources_panda_description:/home/aaron/ur_ws/install/moveit_common:/home/aaron/ur_ws/install/launch_param_builder:${AMENT_PREFIX_PATH} CMAKE_PREFIX_PATH=/home/aaron/ur_ws/install/moveit_ros_occupancy_map_monitor:/home/aaron/ur_ws/install/moveit_core:/home/aaron/ur_ws/install/moveit_resources_panda_moveit_config:/home/aaron/ur_ws/install/srdfdom:/home/aaron/ur_ws/install/moveit_resources_pr2_description:/home/aaron/ur_ws/install/moveit_resources_panda_description:/home/aaron/ur_ws/install/moveit_common:/opt/ros/humble LD_LIBRARY_PATH=/home/aaron/ur_ws/install/moveit_ros_occupancy_map_monitor/lib:/home/aaron/ur_ws/install/moveit_core/lib:/home/aaron/ur_ws/install/srdfdom/lib:${LD_LIBRARY_PATH} PATH=/home/aaron/ur_ws/install/moveit_core/bin:${PATH} PYTHONPATH=/home/aaron/ur_ws/install/moveit_configs_utils/lib/python3.10/site-packages:/home/aaron/ur_ws/install/srdfdom/local/lib/python3.10/dist-packages:/home/aaron/ur_ws/install/launch_param_builder/lib/python3.10/site-packages:${PYTHONPATH} /usr/bin/cmake --install /home/aaron/ur_ws/build/moveit_ros_planning
[108.510s] -- Install configuration: "Release"
[108.510s] -- Installing: /home/aaron/ur_ws/install/moveit_ros_planning/include
[108.510s] -- Installing: /home/aaron/ur_ws/install/moveit_ros_planning/include/moveit
[108.510s] -- Installing: /home/aaron/ur_ws/install/moveit_ros_planning/include/moveit/rdf_loader
[108.510s] -- Installing: /home/aaron/ur_ws/install/moveit_ros_planning/include/moveit/rdf_loader/synchronized_string_parameter.h
[108.510s] -- Installing: /home/aaron/ur_ws/install/moveit_ros_planning/include/moveit/rdf_loader/rdf_loader.h
[108.510s] -- Installing: /home/aaron/ur_ws/install/moveit_ros_planning/share/moveit_ros_planning/rdf_loader/test/data
[108.510s] -- Installing: /home/aaron/ur_ws/install/moveit_ros_planning/share/moveit_ros_planning/rdf_loader/test/data/robin.srdf.xacro
[108.511s] -- Installing: /home/aaron/ur_ws/install/moveit_ros_planning/share/moveit_ros_planning/rdf_loader/test/data/kermit.urdf
[108.511s] -- Installing: /home/aaron/ur_ws/install/moveit_ros_planning/share/moveit_ros_planning/rdf_loader/test/data/gonzo.urdf
[108.511s] -- Installing: /home/aaron/ur_ws/install/moveit_ros_planning/share/moveit_ros_planning/rdf_loader/test/data/gonzo.srdf
[108.512s] -- Installing: /home/aaron/ur_ws/install/moveit_ros_planning/share/moveit_ros_planning/rdf_loader/test/data/kermit.srdf
[108.512s] -- Installing: /home/aaron/ur_ws/install/moveit_ros_planning/share/moveit_ros_planning/rdf_loader/test/launch
[108.512s] -- Installing: /home/aaron/ur_ws/install/moveit_ros_planning/share/moveit_ros_planning/rdf_loader/test/launch/test_rdf_integration.test.py
[108.512s] -- Up-to-date: /home/aaron/ur_ws/install/moveit_ros_planning/include
[108.512s] -- Up-to-date: /home/aaron/ur_ws/install/moveit_ros_planning/include/moveit
[108.512s] -- Installing: /home/aaron/ur_ws/install/moveit_ros_planning/include/moveit/collision_plugin_loader
[108.512s] -- Installing: /home/aaron/ur_ws/install/moveit_ros_planning/include/moveit/collision_plugin_loader/collision_plugin_loader.h
[108.512s] -- Up-to-date: /home/aaron/ur_ws/install/moveit_ros_planning/include
[108.512s] -- Up-to-date: /home/aaron/ur_ws/install/moveit_ros_planning/include/moveit
[108.512s] -- Installing: /home/aaron/ur_ws/install/moveit_ros_planning/include/moveit/kinematics_plugin_loader
[108.513s] -- Installing: /home/aaron/ur_ws/install/moveit_ros_planning/include/moveit/kinematics_plugin_loader/kinematics_plugin_loader.h
[108.513s] -- Up-to-date: /home/aaron/ur_ws/install/moveit_ros_planning/include
[108.513s] -- Up-to-date: /home/aaron/ur_ws/install/moveit_ros_planning/include/moveit
[108.513s] -- Installing: /home/aaron/ur_ws/install/moveit_ros_planning/include/moveit/robot_model_loader
[108.513s] -- Installing: /home/aaron/ur_ws/install/moveit_ros_planning/include/moveit/robot_model_loader/robot_model_loader.h
[108.513s] -- Up-to-date: /home/aaron/ur_ws/install/moveit_ros_planning/include
[108.513s] -- Up-to-date: /home/aaron/ur_ws/install/moveit_ros_planning/include/moveit
[108.513s] -- Installing: /home/aaron/ur_ws/install/moveit_ros_planning/include/moveit/constraint_sampler_manager_loader
[108.513s] -- Installing: /home/aaron/ur_ws/install/moveit_ros_planning/include/moveit/constraint_sampler_manager_loader/constraint_sampler_manager_loader.h
[108.513s] -- Up-to-date: /home/aaron/ur_ws/install/moveit_ros_planning/include
[108.513s] -- Up-to-date: /home/aaron/ur_ws/install/moveit_ros_planning/include/moveit
[108.513s] -- Installing: /home/aaron/ur_ws/install/moveit_ros_planning/include/moveit/planning_pipeline
[108.513s] -- Installing: /home/aaron/ur_ws/install/moveit_ros_planning/include/moveit/planning_pipeline/planning_pipeline.h
[108.513s] -- Installing: /home/aaron/ur_ws/install/moveit_ros_planning/include/moveit_planning_pipeline_export.h
[108.513s] -- Installing: /home/aaron/ur_ws/install/moveit_ros_planning/lib/moveit_ros_planning/moveit_list_request_adapter_plugins
[108.513s] -- Set runtime path of "/home/aaron/ur_ws/install/moveit_ros_planning/lib/moveit_ros_planning/moveit_list_request_adapter_plugins" to ""
[108.514s] -- Installing: /home/aaron/ur_ws/install/moveit_ros_planning/lib/moveit_ros_planning/demo_scene
[108.514s] -- Set runtime path of "/home/aaron/ur_ws/install/moveit_ros_planning/lib/moveit_ros_planning/demo_scene" to ""
[108.514s] -- Up-to-date: /home/aaron/ur_ws/install/moveit_ros_planning/include
[108.514s] -- Up-to-date: /home/aaron/ur_ws/install/moveit_ros_planning/include/moveit
[108.514s] -- Installing: /home/aaron/ur_ws/install/moveit_ros_planning/include/moveit/planning_scene_monitor
[108.514s] -- Installing: /home/aaron/ur_ws/install/moveit_ros_planning/include/moveit/planning_scene_monitor/trajectory_monitor_middleware_handle.hpp
[108.514s] -- Installing: /home/aaron/ur_ws/install/moveit_ros_planning/include/moveit/planning_scene_monitor/current_state_monitor_middleware_handle.hpp
[108.514s] -- Installing: /home/aaron/ur_ws/install/moveit_ros_planning/include/moveit/planning_scene_monitor/current_state_monitor.h
[108.514s] -- Installing: /home/aaron/ur_ws/install/moveit_ros_planning/include/moveit/planning_scene_monitor/planning_scene_monitor.h
[108.514s] -- Installing: /home/aaron/ur_ws/install/moveit_ros_planning/include/moveit/planning_scene_monitor/trajectory_monitor.h
[108.514s] -- Installing: /home/aaron/ur_ws/install/moveit_ros_planning/include/moveit_planning_scene_monitor_export.h
[108.515s] -- Installing: /home/aaron/ur_ws/install/moveit_ros_planning/lib/moveit_ros_planning/moveit_print_planning_model_info
[108.515s] -- Set runtime path of "/home/aaron/ur_ws/install/moveit_ros_planning/lib/moveit_ros_planning/moveit_print_planning_model_info" to ""
[108.515s] -- Installing: /home/aaron/ur_ws/install/moveit_ros_planning/lib/moveit_ros_planning/moveit_print_planning_scene_info
[108.515s] -- Set runtime path of "/home/aaron/ur_ws/install/moveit_ros_planning/lib/moveit_ros_planning/moveit_print_planning_scene_info" to ""
[108.515s] -- Installing: /home/aaron/ur_ws/install/moveit_ros_planning/lib/moveit_ros_planning/moveit_display_random_state
[108.515s] -- Set runtime path of "/home/aaron/ur_ws/install/moveit_ros_planning/lib/moveit_ros_planning/moveit_display_random_state" to ""
[108.516s] -- Installing: /home/aaron/ur_ws/install/moveit_ros_planning/lib/moveit_ros_planning/moveit_visualize_robot_collision_volume
[108.516s] -- Set runtime path of "/home/aaron/ur_ws/install/moveit_ros_planning/lib/moveit_ros_planning/moveit_visualize_robot_collision_volume" to ""
[108.516s] -- Installing: /home/aaron/ur_ws/install/moveit_ros_planning/lib/moveit_ros_planning/moveit_evaluate_collision_checking_speed
[108.516s] -- Set runtime path of "/home/aaron/ur_ws/install/moveit_ros_planning/lib/moveit_ros_planning/moveit_evaluate_collision_checking_speed" to ""
[108.516s] -- Installing: /home/aaron/ur_ws/install/moveit_ros_planning/lib/moveit_ros_planning/moveit_publish_scene_from_text
[108.517s] -- Set runtime path of "/home/aaron/ur_ws/install/moveit_ros_planning/lib/moveit_ros_planning/moveit_publish_scene_from_text" to ""
[108.517s] -- Up-to-date: /home/aaron/ur_ws/install/moveit_ros_planning/include
[108.517s] -- Up-to-date: /home/aaron/ur_ws/install/moveit_ros_planning/include/moveit
[108.517s] -- Installing: /home/aaron/ur_ws/install/moveit_ros_planning/include/moveit/trajectory_execution_manager
[108.517s] -- Installing: /home/aaron/ur_ws/install/moveit_ros_planning/include/moveit/trajectory_execution_manager/trajectory_execution_manager.h
[108.517s] -- Installing: /home/aaron/ur_ws/install/moveit_ros_planning/include/moveit_trajectory_execution_manager_export.h
[108.517s] -- Up-to-date: /home/aaron/ur_ws/install/moveit_ros_planning/include
[108.517s] -- Up-to-date: /home/aaron/ur_ws/install/moveit_ros_planning/include/moveit
[108.517s] -- Installing: /home/aaron/ur_ws/install/moveit_ros_planning/include/moveit/plan_execution
[108.517s] -- Installing: /home/aaron/ur_ws/install/moveit_ros_planning/include/moveit/plan_execution/plan_execution.h
[108.517s] -- Installing: /home/aaron/ur_ws/install/moveit_ros_planning/include/moveit/plan_execution/plan_representation.h
[108.517s] -- Up-to-date: /home/aaron/ur_ws/install/moveit_ros_planning/include
[108.518s] -- Up-to-date: /home/aaron/ur_ws/install/moveit_ros_planning/include/moveit
[108.518s] -- Installing: /home/aaron/ur_ws/install/moveit_ros_planning/include/moveit/moveit_cpp
[108.518s] -- Installing: /home/aaron/ur_ws/install/moveit_ros_planning/include/moveit/moveit_cpp/planning_component.h
[108.518s] -- Installing: /home/aaron/ur_ws/install/moveit_ros_planning/include/moveit/moveit_cpp/moveit_cpp.h
[108.518s] -- Installing: /home/aaron/ur_ws/install/moveit_ros_planning/lib/libmoveit_rdf_loader.so.2.5.9
[108.519s] -- Set runtime path of "/home/aaron/ur_ws/install/moveit_ros_planning/lib/libmoveit_rdf_loader.so.2.5.9" to ""
[108.519s] -- Installing: /home/aaron/ur_ws/install/moveit_ros_planning/lib/libmoveit_rdf_loader.so
[108.519s] -- Installing: /home/aaron/ur_ws/install/moveit_ros_planning/lib/libmoveit_kinematics_plugin_loader.so.2.5.9
[108.520s] -- Set runtime path of "/home/aaron/ur_ws/install/moveit_ros_planning/lib/libmoveit_kinematics_plugin_loader.so.2.5.9" to ""
[108.520s] -- Installing: /home/aaron/ur_ws/install/moveit_ros_planning/lib/libmoveit_kinematics_plugin_loader.so
[108.520s] -- Installing: /home/aaron/ur_ws/install/moveit_ros_planning/lib/libmoveit_robot_model_loader.so.2.5.9
[108.520s] -- Set runtime path of "/home/aaron/ur_ws/install/moveit_ros_planning/lib/libmoveit_robot_model_loader.so.2.5.9" to ""
[108.520s] -- Installing: /home/aaron/ur_ws/install/moveit_ros_planning/lib/libmoveit_robot_model_loader.so
[108.520s] -- Installing: /home/aaron/ur_ws/install/moveit_ros_planning/lib/libmoveit_constraint_sampler_manager_loader.so.2.5.9
[108.521s] -- Set runtime path of "/home/aaron/ur_ws/install/moveit_ros_planning/lib/libmoveit_constraint_sampler_manager_loader.so.2.5.9" to ""
[108.521s] -- Installing: /home/aaron/ur_ws/install/moveit_ros_planning/lib/libmoveit_constraint_sampler_manager_loader.so
[108.521s] -- Installing: /home/aaron/ur_ws/install/moveit_ros_planning/lib/libmoveit_planning_pipeline.so.2.5.9
[108.522s] -- Set runtime path of "/home/aaron/ur_ws/install/moveit_ros_planning/lib/libmoveit_planning_pipeline.so.2.5.9" to ""
[108.522s] -- Installing: /home/aaron/ur_ws/install/moveit_ros_planning/lib/libmoveit_planning_pipeline.so
[108.522s] -- Installing: /home/aaron/ur_ws/install/moveit_ros_planning/lib/libmoveit_trajectory_execution_manager.so.2.5.9
[108.524s] -- Set runtime path of "/home/aaron/ur_ws/install/moveit_ros_planning/lib/libmoveit_trajectory_execution_manager.so.2.5.9" to ""
[108.524s] -- Installing: /home/aaron/ur_ws/install/moveit_ros_planning/lib/libmoveit_trajectory_execution_manager.so
[108.524s] -- Installing: /home/aaron/ur_ws/install/moveit_ros_planning/lib/libmoveit_plan_execution.so.2.5.9
[108.524s] -- Set runtime path of "/home/aaron/ur_ws/install/moveit_ros_planning/lib/libmoveit_plan_execution.so.2.5.9" to ""
[108.524s] -- Installing: /home/aaron/ur_ws/install/moveit_ros_planning/lib/libmoveit_plan_execution.so
[108.524s] -- Installing: /home/aaron/ur_ws/install/moveit_ros_planning/lib/libmoveit_planning_scene_monitor.so.2.5.9
[108.527s] -- Set runtime path of "/home/aaron/ur_ws/install/moveit_ros_planning/lib/libmoveit_planning_scene_monitor.so.2.5.9" to ""
[108.527s] -- Installing: /home/aaron/ur_ws/install/moveit_ros_planning/lib/libmoveit_planning_scene_monitor.so
[108.528s] -- Installing: /home/aaron/ur_ws/install/moveit_ros_planning/lib/libmoveit_collision_plugin_loader.so.2.5.9
[108.528s] -- Set runtime path of "/home/aaron/ur_ws/install/moveit_ros_planning/lib/libmoveit_collision_plugin_loader.so.2.5.9" to ""
[108.528s] -- Installing: /home/aaron/ur_ws/install/moveit_ros_planning/lib/libmoveit_collision_plugin_loader.so
[108.528s] -- Installing: /home/aaron/ur_ws/install/moveit_ros_planning/lib/libmoveit_default_planning_request_adapter_plugins.so.2.5.9
[108.528s] -- Set runtime path of "/home/aaron/ur_ws/install/moveit_ros_planning/lib/libmoveit_default_planning_request_adapter_plugins.so.2.5.9" to ""
[108.528s] -- Installing: /home/aaron/ur_ws/install/moveit_ros_planning/lib/libmoveit_default_planning_request_adapter_plugins.so
[108.528s] -- Installing: /home/aaron/ur_ws/install/moveit_ros_planning/lib/libmoveit_cpp.so.2.5.9
[108.529s] -- Set runtime path of "/home/aaron/ur_ws/install/moveit_ros_planning/lib/libmoveit_cpp.so.2.5.9" to ""
[108.529s] -- Installing: /home/aaron/ur_ws/install/moveit_ros_planning/lib/libmoveit_cpp.so
[108.529s] -- Installing: /home/aaron/ur_ws/install/moveit_ros_planning/share/moveit_ros_planning/environment/library_path.sh
[108.529s] -- Installing: /home/aaron/ur_ws/install/moveit_ros_planning/share/moveit_ros_planning/environment/library_path.dsv
[108.529s] -- Installing: /home/aaron/ur_ws/install/moveit_ros_planning/share/moveit_ros_planning/planning_request_adapters_plugin_description.xml
[108.530s] -- Installing: /home/aaron/ur_ws/install/moveit_ros_planning/share/ament_index/resource_index/package_run_dependencies/moveit_ros_planning
[108.530s] -- Installing: /home/aaron/ur_ws/install/moveit_ros_planning/share/ament_index/resource_index/parent_prefix_path/moveit_ros_planning
[108.530s] -- Installing: /home/aaron/ur_ws/install/moveit_ros_planning/share/moveit_ros_planning/environment/ament_prefix_path.sh
[108.530s] -- Installing: /home/aaron/ur_ws/install/moveit_ros_planning/share/moveit_ros_planning/environment/ament_prefix_path.dsv
[108.530s] -- Installing: /home/aaron/ur_ws/install/moveit_ros_planning/share/moveit_ros_planning/environment/path.sh
[108.530s] -- Installing: /home/aaron/ur_ws/install/moveit_ros_planning/share/moveit_ros_planning/environment/path.dsv
[108.530s] -- Installing: /home/aaron/ur_ws/install/moveit_ros_planning/share/moveit_ros_planning/local_setup.bash
[108.530s] -- Installing: /home/aaron/ur_ws/install/moveit_ros_planning/share/moveit_ros_planning/local_setup.sh
[108.530s] -- Installing: /home/aaron/ur_ws/install/moveit_ros_planning/share/moveit_ros_planning/local_setup.zsh
[108.530s] -- Installing: /home/aaron/ur_ws/install/moveit_ros_planning/share/moveit_ros_planning/local_setup.dsv
[108.530s] -- Installing: /home/aaron/ur_ws/install/moveit_ros_planning/share/moveit_ros_planning/package.dsv
[108.531s] -- Installing: /home/aaron/ur_ws/install/moveit_ros_planning/share/ament_index/resource_index/packages/moveit_ros_planning
[108.531s] -- Installing: /home/aaron/ur_ws/install/moveit_ros_planning/share/ament_index/resource_index/moveit_core__pluginlib__plugin/moveit_ros_planning
[108.531s] -- Installing: /home/aaron/ur_ws/install/moveit_ros_planning/share/moveit_ros_planning/cmake/export_moveit_ros_planningExport.cmake
[108.531s] -- Installing: /home/aaron/ur_ws/install/moveit_ros_planning/share/moveit_ros_planning/cmake/export_moveit_ros_planningExport-release.cmake
[108.531s] -- Installing: /home/aaron/ur_ws/install/moveit_ros_planning/share/moveit_ros_planning/cmake/ConfigExtras.cmake
[108.531s] -- Installing: /home/aaron/ur_ws/install/moveit_ros_planning/share/moveit_ros_planning/cmake/ament_cmake_export_targets-extras.cmake
[108.531s] -- Installing: /home/aaron/ur_ws/install/moveit_ros_planning/share/moveit_ros_planning/cmake/ament_cmake_export_dependencies-extras.cmake
[108.531s] -- Installing: /home/aaron/ur_ws/install/moveit_ros_planning/share/moveit_ros_planning/cmake/moveit_ros_planningConfig.cmake
[108.531s] -- Installing: /home/aaron/ur_ws/install/moveit_ros_planning/share/moveit_ros_planning/cmake/moveit_ros_planningConfig-version.cmake
[108.531s] -- Installing: /home/aaron/ur_ws/install/moveit_ros_planning/share/moveit_ros_planning/package.xml
[108.534s] Invoked command in '/home/aaron/ur_ws/build/moveit_ros_planning' returned '0': AMENT_PREFIX_PATH=/home/aaron/ur_ws/install/moveit_ros_occupancy_map_monitor:/home/aaron/ur_ws/install/moveit_core:/home/aaron/ur_ws/install/moveit_resources_panda_moveit_config:/home/aaron/ur_ws/install/moveit_configs_utils:/home/aaron/ur_ws/install/srdfdom:/home/aaron/ur_ws/install/moveit_resources_pr2_description:/home/aaron/ur_ws/install/moveit_resources_panda_description:/home/aaron/ur_ws/install/moveit_common:/home/aaron/ur_ws/install/launch_param_builder:${AMENT_PREFIX_PATH} CMAKE_PREFIX_PATH=/home/aaron/ur_ws/install/moveit_ros_occupancy_map_monitor:/home/aaron/ur_ws/install/moveit_core:/home/aaron/ur_ws/install/moveit_resources_panda_moveit_config:/home/aaron/ur_ws/install/srdfdom:/home/aaron/ur_ws/install/moveit_resources_pr2_description:/home/aaron/ur_ws/install/moveit_resources_panda_description:/home/aaron/ur_ws/install/moveit_common:/opt/ros/humble LD_LIBRARY_PATH=/home/aaron/ur_ws/install/moveit_ros_occupancy_map_monitor/lib:/home/aaron/ur_ws/install/moveit_core/lib:/home/aaron/ur_ws/install/srdfdom/lib:${LD_LIBRARY_PATH} PATH=/home/aaron/ur_ws/install/moveit_core/bin:${PATH} PYTHONPATH=/home/aaron/ur_ws/install/moveit_configs_utils/lib/python3.10/site-packages:/home/aaron/ur_ws/install/srdfdom/local/lib/python3.10/dist-packages:/home/aaron/ur_ws/install/launch_param_builder/lib/python3.10/site-packages:${PYTHONPATH} /usr/bin/cmake --install /home/aaron/ur_ws/build/moveit_ros_planning
