[01m[K/home/aaron/ur_ws/src/moveit_control/src/moveit_waypoints.cpp:[m[K In function ‘[01m[Kint main(int, char**)[m[K’:
[01m[K/home/aaron/ur_ws/src/moveit_control/src/moveit_waypoints.cpp:18:5:[m[K [01;31m[Kerror: [m[Kexpected ‘[01m[K;[m[K’ before ‘[01m[Kstd[m[K’
   18 |     [01;31m[Kstd[m[K::string path = "/home/aaron/ur_ws/src/moveit_control/points_export(jet_waypoints_wings2).csv";
      |     [01;31m[K^~~[m[K
[01m[K/home/aaron/ur_ws/src/moveit_control/src/moveit_waypoints.cpp:19:55:[m[K [01;31m[Kerror: [m[K‘[01m[Kcsv_to_waypoints[m[K’ was not declared in this scope
   19 |     std::vector<std::vector<std::string>> waypoints = [01;31m[Kcsv_to_waypoints[m[K(path);
      |                                                       [01;31m[K^~~~~~~~~~~~~~~~[m[K
[01m[K/home/aaron/ur_ws/src/moveit_control/src/moveit_waypoints.cpp:23:17:[m[K [01;35m[Kwarning: [m[Kcomparison of integer expressions of different signedness: ‘[01m[Kint[m[K’ and ‘[01m[Kstd::vector<std::vector<std::__cxx11::basic_string<char> > >::size_type[m[K’ {aka ‘[01m[Klong unsigned int[m[K’} [[01;35m[K]8;;https://gcc.gnu.org/onlinedocs/gcc/Warning-Options.html#index-Wsign-compare-Wsign-compare]8;;[m[K]
   23 |     for (int i;[01;35m[Ki<=waypoints.size()[m[K;i++) {
      |                [01;35m[K~^~~~~~~~~~~~~~~~~~[m[K
[01m[K/home/aaron/ur_ws/src/moveit_control/src/moveit_waypoints.cpp:[m[K In lambda function:
[01m[K/home/aaron/ur_ws/src/moveit_control/src/moveit_waypoints.cpp:29:33:[m[K [01;31m[Kerror: [m[K‘[01m[Kquat[m[K’ is not captured
   29 |             msg.orientation.w = [01;31m[Kquat[m[K.getW();
      |                                 [01;31m[K^~~~[m[K
[01m[K/home/aaron/ur_ws/src/moveit_control/src/moveit_waypoints.cpp:28:29:[m[K [01;36m[Knote: [m[Kthe lambda has no capture-default
   28 |         auto target_pose = [[01;36m[K][m[K{geometry_msgs::msg::Pose msg;
      |                             [01;36m[K^[m[K
[01m[K/home/aaron/ur_ws/src/moveit_control/src/moveit_waypoints.cpp:25:25:[m[K [01;36m[Knote: [m[K‘[01m[Ktf2::Quaternion quat[m[K’ declared here
   25 |         tf2::Quaternion [01;36m[Kquat[m[K;
      |                         [01;36m[K^~~~[m[K
[01m[K/home/aaron/ur_ws/src/moveit_control/src/moveit_waypoints.cpp:30:40:[m[K [01;31m[Kerror: [m[K‘[01m[Kpose_euler[m[K’ is not captured
   30 |             msg.position.x = std::stod([01;31m[Kpose_euler[m[K[0]);
      |                                        [01;31m[K^~~~~~~~~~[m[K
[01m[K/home/aaron/ur_ws/src/moveit_control/src/moveit_waypoints.cpp:28:29:[m[K [01;36m[Knote: [m[Kthe lambda has no capture-default
   28 |         auto target_pose = [[01;36m[K][m[K{geometry_msgs::msg::Pose msg;
      |                             [01;36m[K^[m[K
[01m[K/home/aaron/ur_ws/src/moveit_control/src/moveit_waypoints.cpp:24:34:[m[K [01;36m[Knote: [m[K‘[01m[Kstd::vector<std::__cxx11::basic_string<char> > pose_euler[m[K’ declared here
   24 |         std::vector<std::string> [01;36m[Kpose_euler[m[K = waypoints[i];
      |                                  [01;36m[K^~~~~~~~~~[m[K
[01m[K/home/aaron/ur_ws/src/moveit_control/src/moveit_waypoints.cpp:31:40:[m[K [01;31m[Kerror: [m[K‘[01m[Kpose_euler[m[K’ is not captured
   31 |             msg.position.y = std::stod([01;31m[Kpose_euler[m[K[1]);
      |                                        [01;31m[K^~~~~~~~~~[m[K
[01m[K/home/aaron/ur_ws/src/moveit_control/src/moveit_waypoints.cpp:28:29:[m[K [01;36m[Knote: [m[Kthe lambda has no capture-default
   28 |         auto target_pose = [[01;36m[K][m[K{geometry_msgs::msg::Pose msg;
      |                             [01;36m[K^[m[K
[01m[K/home/aaron/ur_ws/src/moveit_control/src/moveit_waypoints.cpp:24:34:[m[K [01;36m[Knote: [m[K‘[01m[Kstd::vector<std::__cxx11::basic_string<char> > pose_euler[m[K’ declared here
   24 |         std::vector<std::string> [01;36m[Kpose_euler[m[K = waypoints[i];
      |                                  [01;36m[K^~~~~~~~~~[m[K
[01m[K/home/aaron/ur_ws/src/moveit_control/src/moveit_waypoints.cpp:32:40:[m[K [01;31m[Kerror: [m[K‘[01m[Kpose_euler[m[K’ is not captured
   32 |             msg.position.z = std::stod([01;31m[Kpose_euler[m[K[2]);
      |                                        [01;31m[K^~~~~~~~~~[m[K
[01m[K/home/aaron/ur_ws/src/moveit_control/src/moveit_waypoints.cpp:28:29:[m[K [01;36m[Knote: [m[Kthe lambda has no capture-default
   28 |         auto target_pose = [[01;36m[K][m[K{geometry_msgs::msg::Pose msg;
      |                             [01;36m[K^[m[K
[01m[K/home/aaron/ur_ws/src/moveit_control/src/moveit_waypoints.cpp:24:34:[m[K [01;36m[Knote: [m[K‘[01m[Kstd::vector<std::__cxx11::basic_string<char> > pose_euler[m[K’ declared here
   24 |         std::vector<std::string> [01;36m[Kpose_euler[m[K = waypoints[i];
      |                                  [01;36m[K^~~~~~~~~~[m[K
[01m[K/home/aaron/ur_ws/src/moveit_control/src/moveit_waypoints.cpp:[m[K In function ‘[01m[Kint main(int, char**)[m[K’:
[01m[K/home/aaron/ur_ws/src/moveit_control/src/moveit_waypoints.cpp:34:9:[m[K [01;31m[Kerror: [m[K‘[01m[Kmove_group_interface[m[K’ was not declared in this scope
   34 |         [01;31m[Kmove_group_interface[m[K.setPoseTarget(target_pose);
      |         [01;31m[K^~~~~~~~~~~~~~~~~~~~[m[K
[01m[K/home/aaron/ur_ws/src/moveit_control/src/moveit_waypoints.cpp:[m[K In lambda function:
[01m[K/home/aaron/ur_ws/src/moveit_control/src/moveit_waypoints.cpp:39:47:[m[K [01;31m[Kerror: [m[K‘[01m[Kmove_group_interface[m[K’ is not captured
   39 |             auto const ok = static_cast<bool>([01;31m[Kmove_group_interface[m[K.plan(msg));
      |                                               [01;31m[K^~~~~~~~~~~~~~~~~~~~[m[K
[01m[K/home/aaron/ur_ws/src/moveit_control/src/moveit_waypoints.cpp:37:60:[m[K [01;36m[Knote: [m[Kthe lambda has no capture-default
   37 |         auto const [success, plan] = [&move_group_interface[01;36m[K][m[K{
      |                                                            [01;36m[K^[m[K
[01m[K/home/aaron/ur_ws/src/moveit_control/src/moveit_waypoints.cpp:34:9:[m[K [01;36m[Knote: [m[K‘[01m[K<typeprefixerror>move_group_interface[m[K’ declared here
   34 |         [01;36m[Kmove_group_interface[m[K.setPoseTarget(target_pose);
      |         [01;36m[K^~~~~~~~~~~~~~~~~~~~[m[K
In file included from [01m[K/opt/ros/humble/include/rclcpp/rclcpp/client.hpp:40[m[K,
                 from [01m[K/opt/ros/humble/include/rclcpp/rclcpp/callback_group.hpp:24[m[K,
                 from [01m[K/opt/ros/humble/include/rclcpp/rclcpp/any_executable.hpp:20[m[K,
                 from [01m[K/opt/ros/humble/include/rclcpp/rclcpp/memory_strategy.hpp:25[m[K,
                 from [01m[K/opt/ros/humble/include/rclcpp/rclcpp/memory_strategies.hpp:18[m[K,
                 from [01m[K/opt/ros/humble/include/rclcpp/rclcpp/executor_options.hpp:20[m[K,
                 from [01m[K/opt/ros/humble/include/rclcpp/rclcpp/executor.hpp:37[m[K,
                 from [01m[K/opt/ros/humble/include/rclcpp/rclcpp/executors/multi_threaded_executor.hpp:25[m[K,
                 from [01m[K/opt/ros/humble/include/rclcpp/rclcpp/executors.hpp:21[m[K,
                 from [01m[K/opt/ros/humble/include/rclcpp/rclcpp/rclcpp.hpp:155[m[K,
                 from [01m[K/home/aaron/ur_ws/src/moveit_control/src/moveit_waypoints.cpp:4[m[K:
[01m[K/home/aaron/ur_ws/src/moveit_control/src/moveit_waypoints.cpp:[m[K In function ‘[01m[Kint main(int, char**)[m[K’:
[01m[K/home/aaron/ur_ws/src/moveit_control/src/moveit_waypoints.cpp:47:26:[m[K [01;31m[Kerror: [m[K‘[01m[Klogger[m[K’ was not declared in this scope
   47 |             RCLCPP_ERROR([01;31m[Klogger[m[K, "Planning failed!");
      |                          [01;31m[K^~~~~~[m[K
[01m[K/home/aaron/ur_ws/src/moveit_control/src/moveit_waypoints.cpp:47:13:[m[K [01;31m[Kerror: [m[Ktemplate argument 1 is invalid
   47 |             [01;31m[KRCLCPP_ERROR[m[K(logger, "Planning failed!");
      |             [01;31m[K^~~~~~~~~~~~[m[K
[01m[K/home/aaron/ur_ws/src/moveit_control/src/moveit_waypoints.cpp:[m[K In function ‘[01m[Kstd::vector<std::vector<std::__cxx11::basic_string<char> > > csv_to_waypoints(const string&)[m[K’:
[01m[K/home/aaron/ur_ws/src/moveit_control/src/moveit_waypoints.cpp:54:19:[m[K [01;31m[Kerror: [m[Kdeclaration of ‘[01m[Kstd::ifstream file[m[K’ shadows a parameter
   54 |     std::ifstream [01;31m[Kfile[m[K(file);
      |                   [01;31m[K^~~~[m[K
[01m[K/home/aaron/ur_ws/src/moveit_control/src/moveit_waypoints.cpp:52:75:[m[K [01;36m[Knote: [m[K‘[01m[Kconst string& file[m[K’ previously declared here
   52 | std::vector<std::vector<std::string>> csv_to_waypoints([01;36m[Kconst std::string& file[m[K) {
      |                                                        [01;36m[K~~~~~~~~~~~~~~~~~~~^~~~[m[K
[01m[K/home/aaron/ur_ws/src/moveit_control/src/moveit_waypoints.cpp:54:28:[m[K [01;31m[Kerror: [m[Kvariable ‘[01m[Kstd::ifstream file[m[K’ has initializer but incomplete type
   54 |     std::ifstream file(file[01;31m[K)[m[K;
      |                            [01;31m[K^[m[K
[01m[K/home/aaron/ur_ws/src/moveit_control/src/moveit_waypoints.cpp:52:75:[m[K [01;35m[Kwarning: [m[Kunused parameter ‘[01m[Kfile[m[K’ [[01;35m[K]8;;https://gcc.gnu.org/onlinedocs/gcc/Warning-Options.html#index-Wunused-parameter-Wunused-parameter]8;;[m[K]
   52 | std::vector<std::vector<std::string>> csv_to_waypoints([01;35m[Kconst std::string& file[m[K) {
      |                                                        [01;35m[K~~~~~~~~~~~~~~~~~~~^~~~[m[K
gmake[2]: *** [CMakeFiles/moveit_pub.dir/build.make:76: CMakeFiles/moveit_pub.dir/src/moveit_waypoints.cpp.o] Error 1
gmake[1]: *** [CMakeFiles/Makefile2:137: CMakeFiles/moveit_pub.dir/all] Error 2
gmake: *** [Makefile:146: all] Error 2
