[  2%] Built target gmock_main
[  4%] Built target gtest
[  7%] Built target gtest_main
[ 10%] Built target gmock
[ 12%] [32m[1mLinking CXX shared library libplanning_context_loader_base.so[0m
[ 13%] [32m[1mLinking CXX shared library libjoint_limits_common.so[0m
[ 14%] [32m[1mLinking CXX shared library libtrajectory_generation_common.so[0m
[ 18%] Built target trajectory_generation_common
[ 25%] Built target joint_limits_common
[ 26%] [32m[1mLinking CXX executable unittest_cartesian_limits_aggregator[0m
[ 27%] [32m[1mLinking CXX executable unittest_joint_limits_container[0m
[ 28%] [32m[1mLinking CXX executable unittest_joint_limits_validator[0m
[ 30%] [32m[1mLinking CXX executable unittest_joint_limits_aggregator[0m
[ 31%] [32m[1mLinking CXX executable unittest_joint_limit[0m
[ 33%] Built target pilz_industrial_motion_planner_test_utils
[ 34%] [32m[1mLinking CXX shared library libcommand_list_manager.so[0m
[ 36%] Built target unittest_joint_limits_container
[ 37%] Built target unittest_joint_limits_validator
[ 38%] [32m[1mLinking CXX executable unittest_trajectory_functions[0m
[ 39%] Built target unittest_cartesian_limits_aggregator
[ 40%] Built target unittest_joint_limits_aggregator
[ 43%] Built target command_list_manager
[ 44%] [32m[1mLinking CXX shared library libsequence_capability.so[0m
[ 45%] Built target unittest_trajectory_functions
[ 46%] Built target unittest_joint_limit
[ 49%] Built target sequence_capability
[ 50%] Built target planning_context_loader_base
[ 51%] [32m[1mLinking CXX shared library libplanning_context_loader_lin.so[0m
[ 53%] [32m[1mLinking CXX shared library libpilz_industrial_motion_planner.so[0m
[ 54%] [32m[1mLinking CXX shared library libplanning_context_loader_circ.so[0m
[ 55%] [32m[1mLinking CXX shared library libplanning_context_loader_ptp.so[0m
[ 59%] Built target planning_context_loader_lin
[ 60%] Built target pilz_industrial_motion_planner
[ 61%] [32m[1mLinking CXX executable unittest_pilz_industrial_motion_planner[0m
[ 62%] [32m[1mLinking CXX executable unittest_trajectory_generator_lin[0m
[ 63%] [32m[1mLinking CXX executable unittest_trajectory_generator[0m
[ 65%] [32m[1mLinking CXX executable unittest_velocity_profile_atrap[0m
[ 66%] [32m[1mLinking CXX executable unittest_planning_context_loaders[0m
[ 67%] [32m[1mLinking CXX executable unittest_trajectory_blender_transition_window[0m
[ 68%] [32m[1mLinking CXX executable unittest_get_solver_tip_frame[0m
[ 71%] Built target unittest_trajectory_generator
[ 72%] Built target unittest_planning_context_loaders
[ 73%] Built target unittest_trajectory_generator_lin
[ 75%] Built target unittest_trajectory_blender_transition_window
[ 77%] Built target unittest_pilz_industrial_motion_planner
[ 80%] Built target planning_context_loader_circ
[ 84%] Built target planning_context_loader_ptp
[ 85%] [32m[1mLinking CXX executable unittest_pilz_industrial_motion_planner_direct[0m
[ 86%] [32m[1mLinking CXX executable unittest_trajectory_generator_circ[0m
[ 87%] [32m[1mLinking CXX executable unittest_trajectory_generator_ptp[0m
[ 89%] [32m[1mLinking CXX executable unittest_trajectory_generator_common[0m
[ 90%] [32m[1mLinking CXX executable unittest_planning_context[0m
[ 91%] Built target unittest_pilz_industrial_motion_planner_direct
[ 92%] Built target unittest_planning_context
[ 93%] Built target unittest_trajectory_generator_common
[ 95%] Built target unittest_trajectory_generator_circ
[ 96%] Built target unittest_trajectory_generator_ptp
[ 97%] Built target unittest_get_solver_tip_frame
[100%] Built target unittest_velocity_profile_atrap
