[0.792s] Invoking command in '/home/aaron/ur_ws/src/waypoint_pub': PYTHONPATH=/home/aaron/ur_ws/build/waypoint_pub/prefix_override:/usr/lib/python3/dist-packages/colcon_core/task/python/colcon_distutils_commands:/home/aaron/ur_ws/install/waypoint_pub/lib/python3.10/site-packages:${PYTHONPATH} /usr/bin/python3 -W ignore:setup.py install is deprecated -W ignore:easy_install command is deprecated setup.py egg_info --egg-base ../../build/waypoint_pub build --build-base /home/aaron/ur_ws/build/waypoint_pub/build install --record /home/aaron/ur_ws/build/waypoint_pub/install.log --single-version-externally-managed install_data
[1.054s] running egg_info
[1.054s] writing ../../build/waypoint_pub/waypoint_pub.egg-info/PKG-INFO
[1.054s] writing dependency_links to ../../build/waypoint_pub/waypoint_pub.egg-info/dependency_links.txt
[1.054s] writing entry points to ../../build/waypoint_pub/waypoint_pub.egg-info/entry_points.txt
[1.054s] writing requirements to ../../build/waypoint_pub/waypoint_pub.egg-info/requires.txt
[1.054s] writing top-level names to ../../build/waypoint_pub/waypoint_pub.egg-info/top_level.txt
[1.056s] reading manifest file '../../build/waypoint_pub/waypoint_pub.egg-info/SOURCES.txt'
[1.056s] adding license file 'LICENSE'
[1.056s] writing manifest file '../../build/waypoint_pub/waypoint_pub.egg-info/SOURCES.txt'
[1.056s] running build
[1.056s] running build_py
[1.056s] running install
[1.056s] running install_lib
[1.057s] running install_data
[1.057s] running install_egg_info
[1.058s] removing '/home/aaron/ur_ws/install/waypoint_pub/lib/python3.10/site-packages/waypoint_pub-0.0.0-py3.10.egg-info' (and everything under it)
[1.059s] Copying ../../build/waypoint_pub/waypoint_pub.egg-info to /home/aaron/ur_ws/install/waypoint_pub/lib/python3.10/site-packages/waypoint_pub-0.0.0-py3.10.egg-info
[1.059s] running install_scripts
[1.073s] writing list of installed files to '/home/aaron/ur_ws/build/waypoint_pub/install.log'
[1.177s] Invoked command in '/home/aaron/ur_ws/src/waypoint_pub' returned '0': PYTHONPATH=/home/aaron/ur_ws/build/waypoint_pub/prefix_override:/usr/lib/python3/dist-packages/colcon_core/task/python/colcon_distutils_commands:/home/aaron/ur_ws/install/waypoint_pub/lib/python3.10/site-packages:${PYTHONPATH} /usr/bin/python3 -W ignore:setup.py install is deprecated -W ignore:easy_install command is deprecated setup.py egg_info --egg-base ../../build/waypoint_pub build --build-base /home/aaron/ur_ws/build/waypoint_pub/build install --record /home/aaron/ur_ws/build/waypoint_pub/install.log --single-version-externally-managed install_data
