-- Found ament_cmake: 1.3.12 (/opt/ros/humble/share/ament_cmake/cmake)
-- Found ament_lint_auto: 0.12.14 (/opt/ros/humble/share/ament_lint_auto/cmake)
-- Found rclcpp: 16.0.17 (/opt/ros/humble/share/rclcpp/cmake)
-- Found rosidl_generator_c: 3.1.8 (/opt/ros/humble/share/rosidl_generator_c/cmake)
-- Found rosidl_adapter: 3.1.8 (/opt/ros/humble/share/rosidl_adapter/cmake)
-- Found rosidl_generator_cpp: 3.1.8 (/opt/ros/humble/share/rosidl_generator_cpp/cmake)
-- Using all available rosidl_typesupport_c: rosidl_typesupport_fastrtps_c;rosidl_typesupport_introspection_c
-- Using all available rosidl_typesupport_cpp: rosidl_typesupport_fastrtps_cpp;rosidl_typesupport_introspection_cpp
-- Found rmw_implementation_cmake: 6.1.2 (/opt/ros/humble/share/rmw_implementation_cmake/cmake)
-- Found rmw_fastrtps_cpp: 6.2.9 (/opt/ros/humble/share/rmw_fastrtps_cpp/cmake)
-- Using RMW implementation 'rmw_fastrtps_cpp' as default
-- Found geometry_msgs: 4.9.0 (/opt/ros/humble/share/geometry_msgs/cmake)
-- Found moveit_core: 2.5.9 (/home/aaron/ur_ws/install/moveit_core/share/moveit_core/cmake)
-- Found Boost: /usr/lib/x86_64-linux-gnu/cmake/Boost-1.74.0/BoostConfig.cmake (found version "1.74.0") found components: chrono date_time filesystem iostreams program_options regex serialization system thread 
-- Found parameter_traits: 0.6.0 (/opt/ros/humble/share/parameter_traits/cmake)
-- Found rclcpp_lifecycle: 16.0.17 (/opt/ros/humble/share/rclcpp_lifecycle/cmake)
-- Found Boost: /usr/lib/x86_64-linux-gnu/cmake/Boost-1.74.0/BoostConfig.cmake (found version "1.74.0") found components: filesystem 
-- library: /usr/lib/x86_64-linux-gnu/libcurl.so
-- Ensuring Eigen3 include directory is part of orocos-kdl CMake target
-- Found moveit_task_constructor_core: 0.1.3 (/home/aaron/ur_ws/install/moveit_task_constructor_core/share/moveit_task_constructor_core/cmake)
-- Found Boost: /usr/lib/x86_64-linux-gnu/cmake/Boost-1.74.0/BoostConfig.cmake (found version "1.74.0") found components: system filesystem date_time program_options thread chrono 
-- Found Boost: /usr/lib/x86_64-linux-gnu/cmake/Boost-1.74.0/BoostConfig.cmake (found version "1.74.0") found components: date_time filesystem program_options system thread 
-- Found Boost: /usr/lib/x86_64-linux-gnu/cmake/Boost-1.74.0/BoostConfig.cmake (found version "1.74.0") found components: thread system filesystem regex date_time program_options 
-- Found Boost: /usr/lib/x86_64-linux-gnu/cmake/Boost-1.74.0/BoostConfig.cmake (found version "1.74.0") found components: system filesystem date_time program_options thread 
-- Added test 'cppcheck' to perform static code analysis on C / C++ code
-- Configured cppcheck include dirs: 
-- Configured cppcheck exclude dirs and/or files: 
-- Added test 'lint_cmake' to check CMake code style
-- Added test 'uncrustify' to check C / C++ code style
-- Configured uncrustify additional arguments: 
-- Added test 'xmllint' to check XML markup files
-- Configuring done
-- Generating done
-- Build files have been written to: /home/aaron/ur_ws/build/moveit_control
[35m[1mConsolidate compiler generated dependencies of target moveit_pub[0m
[100%] Built target moveit_pub
-- Install configuration: ""
-- Installing: /home/aaron/ur_ws/install/moveit_control/lib/moveit_control/moveit_pub
-- Set runtime path of "/home/aaron/ur_ws/install/moveit_control/lib/moveit_control/moveit_pub" to ""
-- Up-to-date: /home/aaron/ur_ws/install/moveit_control/share/ament_index/resource_index/package_run_dependencies/moveit_control
-- Installing: /home/aaron/ur_ws/install/moveit_control/share/ament_index/resource_index/parent_prefix_path/moveit_control
-- Up-to-date: /home/aaron/ur_ws/install/moveit_control/share/moveit_control/environment/ament_prefix_path.sh
-- Installing: /home/aaron/ur_ws/install/moveit_control/share/moveit_control/environment/ament_prefix_path.dsv
-- Up-to-date: /home/aaron/ur_ws/install/moveit_control/share/moveit_control/environment/path.sh
-- Installing: /home/aaron/ur_ws/install/moveit_control/share/moveit_control/environment/path.dsv
-- Up-to-date: /home/aaron/ur_ws/install/moveit_control/share/moveit_control/local_setup.bash
-- Up-to-date: /home/aaron/ur_ws/install/moveit_control/share/moveit_control/local_setup.sh
-- Up-to-date: /home/aaron/ur_ws/install/moveit_control/share/moveit_control/local_setup.zsh
-- Installing: /home/aaron/ur_ws/install/moveit_control/share/moveit_control/local_setup.dsv
-- Installing: /home/aaron/ur_ws/install/moveit_control/share/moveit_control/package.dsv
-- Up-to-date: /home/aaron/ur_ws/install/moveit_control/share/ament_index/resource_index/packages/moveit_control
-- Up-to-date: /home/aaron/ur_ws/install/moveit_control/share/moveit_control/cmake/moveit_controlConfig.cmake
-- Up-to-date: /home/aaron/ur_ws/install/moveit_control/share/moveit_control/cmake/moveit_controlConfig-version.cmake
-- Up-to-date: /home/aaron/ur_ws/install/moveit_control/share/moveit_control/package.xml
