[0.177s] Invoking command in '/home/aaron/ur_ws/build/moveit_control': CMAKE_PREFIX_PATH=/home/aaron/ur_ws/install/waypoint_pub:/home/aaron/ur_ws/install/Open_control:/opt/ros/humble /usr/bin/cmake /home/aaron/ur_ws/src/moveit_control -DCMAKE_INSTALL_PREFIX=/home/aaron/ur_ws/install/moveit_control
[0.254s] -- The C compiler identification is GNU 11.4.0
[0.306s] -- The CXX compiler identification is GNU 11.4.0
[0.312s] -- Detecting C compiler ABI info
[0.369s] -- Detecting C compiler ABI info - done
[0.376s] -- Check for working C compiler: /usr/bin/cc - skipped
[0.376s] -- Detecting C compile features
[0.376s] -- Detecting C compile features - done
[0.379s] -- Detecting CXX compiler ABI info
[0.438s] -- Detecting CXX compiler ABI info - done
[0.443s] -- Check for working CXX compiler: /usr/bin/c++ - skipped
[0.443s] -- Detecting CXX compile features
[0.443s] -- Detecting CXX compile features - done
[0.447s] -- Found ament_cmake: 1.3.12 (/opt/ros/humble/share/ament_cmake/cmake)
[0.559s] -- Found Python3: /usr/bin/python3 (found version "3.10.12") found components: Interpreter 
[0.631s] -- Found ament_lint_auto: 0.12.14 (/opt/ros/humble/share/ament_lint_auto/cmake)
[0.689s] -- Added test 'cppcheck' to perform static code analysis on C / C++ code
[0.689s] -- Configured cppcheck include dirs: 
[0.689s] -- Configured cppcheck exclude dirs and/or files: 
[0.690s] -- Added test 'lint_cmake' to check CMake code style
[0.690s] -- Added test 'uncrustify' to check C / C++ code style
[0.690s] -- Configured uncrustify additional arguments: 
[0.691s] -- Added test 'xmllint' to check XML markup files
[0.692s] -- Configuring done
[0.693s] -- Generating done
[0.694s] -- Build files have been written to: /home/aaron/ur_ws/build/moveit_control
[0.697s] Invoked command in '/home/aaron/ur_ws/build/moveit_control' returned '0': CMAKE_PREFIX_PATH=/home/aaron/ur_ws/install/waypoint_pub:/home/aaron/ur_ws/install/Open_control:/opt/ros/humble /usr/bin/cmake /home/aaron/ur_ws/src/moveit_control -DCMAKE_INSTALL_PREFIX=/home/aaron/ur_ws/install/moveit_control
[0.699s] Invoking command in '/home/aaron/ur_ws/build/moveit_control': CMAKE_PREFIX_PATH=/home/aaron/ur_ws/install/waypoint_pub:/home/aaron/ur_ws/install/Open_control:/opt/ros/humble /usr/bin/cmake --build /home/aaron/ur_ws/build/moveit_control -- -j20 -l20
[0.729s] Invoked command in '/home/aaron/ur_ws/build/moveit_control' returned '0': CMAKE_PREFIX_PATH=/home/aaron/ur_ws/install/waypoint_pub:/home/aaron/ur_ws/install/Open_control:/opt/ros/humble /usr/bin/cmake --build /home/aaron/ur_ws/build/moveit_control -- -j20 -l20
[0.739s] Invoking command in '/home/aaron/ur_ws/build/moveit_control': CMAKE_PREFIX_PATH=/home/aaron/ur_ws/install/waypoint_pub:/home/aaron/ur_ws/install/Open_control:/opt/ros/humble /usr/bin/cmake --install /home/aaron/ur_ws/build/moveit_control
[0.744s] -- Install configuration: ""
[0.744s] -- Installing: /home/aaron/ur_ws/install/moveit_control/share/ament_index/resource_index/package_run_dependencies/moveit_control
[0.745s] -- Installing: /home/aaron/ur_ws/install/moveit_control/share/ament_index/resource_index/parent_prefix_path/moveit_control
[0.745s] -- Installing: /home/aaron/ur_ws/install/moveit_control/share/moveit_control/environment/ament_prefix_path.sh
[0.745s] -- Installing: /home/aaron/ur_ws/install/moveit_control/share/moveit_control/environment/ament_prefix_path.dsv
[0.745s] -- Installing: /home/aaron/ur_ws/install/moveit_control/share/moveit_control/environment/path.sh
[0.745s] -- Installing: /home/aaron/ur_ws/install/moveit_control/share/moveit_control/environment/path.dsv
[0.745s] -- Installing: /home/aaron/ur_ws/install/moveit_control/share/moveit_control/local_setup.bash
[0.745s] -- Installing: /home/aaron/ur_ws/install/moveit_control/share/moveit_control/local_setup.sh
[0.745s] -- Installing: /home/aaron/ur_ws/install/moveit_control/share/moveit_control/local_setup.zsh
[0.745s] -- Installing: /home/aaron/ur_ws/install/moveit_control/share/moveit_control/local_setup.dsv
[0.745s] -- Installing: /home/aaron/ur_ws/install/moveit_control/share/moveit_control/package.dsv
[0.746s] -- Installing: /home/aaron/ur_ws/install/moveit_control/share/ament_index/resource_index/packages/moveit_control
[0.746s] -- Installing: /home/aaron/ur_ws/install/moveit_control/share/moveit_control/cmake/moveit_controlConfig.cmake
[0.746s] -- Installing: /home/aaron/ur_ws/install/moveit_control/share/moveit_control/cmake/moveit_controlConfig-version.cmake
[0.746s] -- Installing: /home/aaron/ur_ws/install/moveit_control/share/moveit_control/package.xml
[0.747s] Invoked command in '/home/aaron/ur_ws/build/moveit_control' returned '0': CMAKE_PREFIX_PATH=/home/aaron/ur_ws/install/waypoint_pub:/home/aaron/ur_ws/install/Open_control:/opt/ros/humble /usr/bin/cmake --install /home/aaron/ur_ws/build/moveit_control
