[0.073s] Invoking command in '/home/aaron/ur_ws/build/moveit_common': CMAKE_PREFIX_PATH=/opt/ros/humble /usr/bin/cmake --build /home/aaron/ur_ws/build/moveit_common -- -j20 -l20
[0.635s] Invoked command in '/home/aaron/ur_ws/build/moveit_common' returned '0': CMAKE_PREFIX_PATH=/opt/ros/humble /usr/bin/cmake --build /home/aaron/ur_ws/build/moveit_common -- -j20 -l20
[0.636s] Invoking command in '/home/aaron/ur_ws/build/moveit_common': CMAKE_PREFIX_PATH=/opt/ros/humble /usr/bin/cmake --install /home/aaron/ur_ws/build/moveit_common
[0.663s] -- Install configuration: ""
[0.664s] -- Up-to-date: /home/aaron/ur_ws/install/moveit_common/share/ament_index/resource_index/package_run_dependencies/moveit_common
[0.666s] -- Up-to-date: /home/aaron/ur_ws/install/moveit_common/share/ament_index/resource_index/parent_prefix_path/moveit_common
[0.667s] -- Up-to-date: /home/aaron/ur_ws/install/moveit_common/share/moveit_common/environment/ament_prefix_path.sh
[0.667s] -- Up-to-date: /home/aaron/ur_ws/install/moveit_common/share/moveit_common/environment/ament_prefix_path.dsv
[0.669s] -- Up-to-date: /home/aaron/ur_ws/install/moveit_common/share/moveit_common/environment/path.sh
[0.669s] -- Up-to-date: /home/aaron/ur_ws/install/moveit_common/share/moveit_common/environment/path.dsv
[0.670s] -- Up-to-date: /home/aaron/ur_ws/install/moveit_common/share/moveit_common/local_setup.bash
[0.671s] -- Up-to-date: /home/aaron/ur_ws/install/moveit_common/share/moveit_common/local_setup.sh
[0.671s] -- Up-to-date: /home/aaron/ur_ws/install/moveit_common/share/moveit_common/local_setup.zsh
[0.672s] -- Up-to-date: /home/aaron/ur_ws/install/moveit_common/share/moveit_common/local_setup.dsv
[0.673s] -- Installing: /home/aaron/ur_ws/install/moveit_common/share/moveit_common/package.dsv
[0.674s] -- Up-to-date: /home/aaron/ur_ws/install/moveit_common/share/ament_index/resource_index/packages/moveit_common
[0.674s] -- Up-to-date: /home/aaron/ur_ws/install/moveit_common/share/moveit_common/cmake/moveit_common-extras.cmake
[0.674s] -- Up-to-date: /home/aaron/ur_ws/install/moveit_common/share/moveit_common/cmake/moveit_commonConfig.cmake
[0.674s] -- Up-to-date: /home/aaron/ur_ws/install/moveit_common/share/moveit_common/cmake/moveit_commonConfig-version.cmake
[0.675s] -- Up-to-date: /home/aaron/ur_ws/install/moveit_common/share/moveit_common/package.xml
[0.675s] -- Up-to-date: /home/aaron/ur_ws/install/moveit_common/share/moveit_common/cmake
[0.675s] -- Up-to-date: /home/aaron/ur_ws/install/moveit_common/share/moveit_common/cmake/moveit_package.cmake
[0.745s] Invoked command in '/home/aaron/ur_ws/build/moveit_common' returned '0': CMAKE_PREFIX_PATH=/opt/ros/humble /usr/bin/cmake --install /home/aaron/ur_ws/build/moveit_common
