[0.378s] Invoking command in '/home/aaron/ur_ws/build/moveit_control': CMAKE_PREFIX_PATH=/opt/ros/humble /usr/bin/cmake --build /home/aaron/ur_ws/build/moveit_control -- -j20 -l20
[0.398s] -- Found ament_cmake: 1.3.12 (/opt/ros/humble/share/ament_cmake/cmake)
[0.503s] -- Found ament_lint_auto: 0.12.14 (/opt/ros/humble/share/ament_lint_auto/cmake)
[0.550s] -- Found rclcpp: 16.0.17 (/opt/ros/humble/share/rclcpp/cmake)
[0.619s] -- Found rosidl_generator_c: 3.1.8 (/opt/ros/humble/share/rosidl_generator_c/cmake)
[0.623s] -- Found rosidl_adapter: 3.1.8 (/opt/ros/humble/share/rosidl_adapter/cmake)
[0.623s] -- Found rosidl_generator_cpp: 3.1.8 (/opt/ros/humble/share/rosidl_generator_cpp/cmake)
[0.633s] -- Using all available rosidl_typesupport_c: rosidl_typesupport_fastrtps_c;rosidl_typesupport_introspection_c
[0.652s] -- Using all available rosidl_typesupport_cpp: rosidl_typesupport_fastrtps_cpp;rosidl_typesupport_introspection_cpp
[0.654s] -- Found rmw_implementation_cmake: 6.1.2 (/opt/ros/humble/share/rmw_implementation_cmake/cmake)
[0.655s] -- Found rmw_fastrtps_cpp: 6.2.9 (/opt/ros/humble/share/rmw_fastrtps_cpp/cmake)
[0.729s] -- Found OpenSSL: /usr/lib/x86_64-linux-gnu/libcrypto.so (found version "3.0.2")  
[0.753s] -- Found FastRTPS: /opt/ros/humble/include  
[0.783s] -- Using RMW implementation 'rmw_fastrtps_cpp' as default
[0.790s] -- Looking for pthread.h
[0.857s] -- Looking for pthread.h - found
[0.858s] -- Performing Test CMAKE_HAVE_LIBC_PTHREAD
[0.917s] -- Performing Test CMAKE_HAVE_LIBC_PTHREAD - Success
[0.919s] -- Found Threads: TRUE  
[0.988s] -- Found geometry_msgs: 4.9.0 (/opt/ros/humble/share/geometry_msgs/cmake)
[1.013s] [31mCMake Error at CMakeLists.txt:28 (find_package):
[1.013s]   By not providing "Findmoveit2.cmake" in CMAKE_MODULE_PATH this project has
[1.014s]   asked CMake to find a package configuration file provided by "moveit2", but
[1.014s]   CMake did not find one.
[1.014s] 
[1.014s]   Could not find a package configuration file provided by "moveit2" with any
[1.014s]   of the following names:
[1.014s] 
[1.014s]     moveit2Config.cmake
[1.014s]     moveit2-config.cmake
[1.014s] 
[1.014s]   Add the installation prefix of "moveit2" to CMAKE_PREFIX_PATH or set
[1.014s]   "moveit2_DIR" to a directory containing one of the above files.  If
[1.014s]   "moveit2" provides a separate development package or SDK, be sure it has
[1.014s]   been installed.
[1.014s] 
[1.014s] [0m
[1.014s] -- Configuring incomplete, errors occurred!
[1.014s] See also "/home/aaron/ur_ws/build/moveit_control/CMakeFiles/CMakeOutput.log".
[1.019s] gmake: *** [Makefile:226: cmake_check_build_system] Error 1
[1.021s] Invoked command in '/home/aaron/ur_ws/build/moveit_control' returned '2': CMAKE_PREFIX_PATH=/opt/ros/humble /usr/bin/cmake --build /home/aaron/ur_ws/build/moveit_control -- -j20 -l20
