[0.033s] Invoking command in '/home/aaron/ur_ws/build/moveit_resources_panda_description': CMAKE_PREFIX_PATH=/opt/ros/humble /usr/bin/cmake --build /home/aaron/ur_ws/build/moveit_resources_panda_description -- -j20 -l20
[0.594s] Invoked command in '/home/aaron/ur_ws/build/moveit_resources_panda_description' returned '0': CMAKE_PREFIX_PATH=/opt/ros/humble /usr/bin/cmake --build /home/aaron/ur_ws/build/moveit_resources_panda_description -- -j20 -l20
[0.595s] Invoking command in '/home/aaron/ur_ws/build/moveit_resources_panda_description': CMAKE_PREFIX_PATH=/opt/ros/humble /usr/bin/cmake --install /home/aaron/ur_ws/build/moveit_resources_panda_description
[0.616s] -- Install configuration: ""
[0.618s] -- Up-to-date: /home/aaron/ur_ws/install/moveit_resources_panda_description/share/ament_index/resource_index/package_run_dependencies/moveit_resources_panda_description
[0.619s] -- Up-to-date: /home/aaron/ur_ws/install/moveit_resources_panda_description/share/ament_index/resource_index/parent_prefix_path/moveit_resources_panda_description
[0.621s] -- Up-to-date: /home/aaron/ur_ws/install/moveit_resources_panda_description/share/moveit_resources_panda_description/environment/ament_prefix_path.sh
[0.622s] -- Up-to-date: /home/aaron/ur_ws/install/moveit_resources_panda_description/share/moveit_resources_panda_description/environment/ament_prefix_path.dsv
[0.626s] -- Up-to-date: /home/aaron/ur_ws/install/moveit_resources_panda_description/share/moveit_resources_panda_description/environment/path.sh
[0.628s] -- Up-to-date: /home/aaron/ur_ws/install/moveit_resources_panda_description/share/moveit_resources_panda_description/environment/path.dsv
[0.629s] -- Up-to-date: /home/aaron/ur_ws/install/moveit_resources_panda_description/share/moveit_resources_panda_description/local_setup.bash
[0.630s] -- Up-to-date: /home/aaron/ur_ws/install/moveit_resources_panda_description/share/moveit_resources_panda_description/local_setup.sh
[0.631s] -- Up-to-date: /home/aaron/ur_ws/install/moveit_resources_panda_description/share/moveit_resources_panda_description/local_setup.zsh
[0.631s] -- Up-to-date: /home/aaron/ur_ws/install/moveit_resources_panda_description/share/moveit_resources_panda_description/local_setup.dsv
[0.632s] -- Installing: /home/aaron/ur_ws/install/moveit_resources_panda_description/share/moveit_resources_panda_description/package.dsv
[0.633s] -- Up-to-date: /home/aaron/ur_ws/install/moveit_resources_panda_description/share/ament_index/resource_index/packages/moveit_resources_panda_description
[0.634s] -- Up-to-date: /home/aaron/ur_ws/install/moveit_resources_panda_description/share/moveit_resources_panda_description/cmake/moveit_resources_panda_descriptionConfig.cmake
[0.636s] -- Up-to-date: /home/aaron/ur_ws/install/moveit_resources_panda_description/share/moveit_resources_panda_description/cmake/moveit_resources_panda_descriptionConfig-version.cmake
[0.638s] -- Up-to-date: /home/aaron/ur_ws/install/moveit_resources_panda_description/share/moveit_resources_panda_description/package.xml
[0.639s] -- Up-to-date: /home/aaron/ur_ws/install/moveit_resources_panda_description/share/moveit_resources_panda_description/meshes
[0.639s] -- Up-to-date: /home/aaron/ur_ws/install/moveit_resources_panda_description/share/moveit_resources_panda_description/meshes/visual
[0.640s] -- Up-to-date: /home/aaron/ur_ws/install/moveit_resources_panda_description/share/moveit_resources_panda_description/meshes/visual/link5.dae
[0.640s] -- Up-to-date: /home/aaron/ur_ws/install/moveit_resources_panda_description/share/moveit_resources_panda_description/meshes/visual/link6.dae
[0.641s] -- Up-to-date: /home/aaron/ur_ws/install/moveit_resources_panda_description/share/moveit_resources_panda_description/meshes/visual/link3.dae
[0.641s] -- Up-to-date: /home/aaron/ur_ws/install/moveit_resources_panda_description/share/moveit_resources_panda_description/meshes/visual/finger.dae
[0.642s] -- Up-to-date: /home/aaron/ur_ws/install/moveit_resources_panda_description/share/moveit_resources_panda_description/meshes/visual/link7.dae
[0.642s] -- Up-to-date: /home/aaron/ur_ws/install/moveit_resources_panda_description/share/moveit_resources_panda_description/meshes/visual/link1.dae
[0.642s] -- Up-to-date: /home/aaron/ur_ws/install/moveit_resources_panda_description/share/moveit_resources_panda_description/meshes/visual/link2.dae
[0.643s] -- Up-to-date: /home/aaron/ur_ws/install/moveit_resources_panda_description/share/moveit_resources_panda_description/meshes/visual/link0.dae
[0.644s] -- Up-to-date: /home/aaron/ur_ws/install/moveit_resources_panda_description/share/moveit_resources_panda_description/meshes/visual/hand.dae
[0.646s] -- Up-to-date: /home/aaron/ur_ws/install/moveit_resources_panda_description/share/moveit_resources_panda_description/meshes/visual/link4.dae
[0.646s] -- Up-to-date: /home/aaron/ur_ws/install/moveit_resources_panda_description/share/moveit_resources_panda_description/meshes/collision
[0.652s] -- Up-to-date: /home/aaron/ur_ws/install/moveit_resources_panda_description/share/moveit_resources_panda_description/meshes/collision/link7.stl
[0.652s] -- Up-to-date: /home/aaron/ur_ws/install/moveit_resources_panda_description/share/moveit_resources_panda_description/meshes/collision/hand.stl
[0.652s] -- Up-to-date: /home/aaron/ur_ws/install/moveit_resources_panda_description/share/moveit_resources_panda_description/meshes/collision/link6.stl
[0.653s] -- Up-to-date: /home/aaron/ur_ws/install/moveit_resources_panda_description/share/moveit_resources_panda_description/meshes/collision/link3.stl
[0.654s] -- Up-to-date: /home/aaron/ur_ws/install/moveit_resources_panda_description/share/moveit_resources_panda_description/meshes/collision/link2.stl
[0.655s] -- Up-to-date: /home/aaron/ur_ws/install/moveit_resources_panda_description/share/moveit_resources_panda_description/meshes/collision/link0.stl
[0.655s] -- Up-to-date: /home/aaron/ur_ws/install/moveit_resources_panda_description/share/moveit_resources_panda_description/meshes/collision/link1.stl
[0.655s] -- Up-to-date: /home/aaron/ur_ws/install/moveit_resources_panda_description/share/moveit_resources_panda_description/meshes/collision/finger.stl
[0.655s] -- Up-to-date: /home/aaron/ur_ws/install/moveit_resources_panda_description/share/moveit_resources_panda_description/meshes/collision/link5.stl
[0.656s] -- Up-to-date: /home/aaron/ur_ws/install/moveit_resources_panda_description/share/moveit_resources_panda_description/meshes/collision/link4.stl
[0.656s] -- Up-to-date: /home/aaron/ur_ws/install/moveit_resources_panda_description/share/moveit_resources_panda_description/urdf
[0.656s] -- Up-to-date: /home/aaron/ur_ws/install/moveit_resources_panda_description/share/moveit_resources_panda_description/urdf/panda.urdf
[0.731s] Invoked command in '/home/aaron/ur_ws/build/moveit_resources_panda_description' returned '0': CMAKE_PREFIX_PATH=/opt/ros/humble /usr/bin/cmake --install /home/aaron/ur_ws/build/moveit_resources_panda_description
