[0.179s] Invoking command in '/home/aaron/ur_ws/build/moveit2_tutorials': CMAKE_PREFIX_PATH=/home/aaron/ur_ws/install/waypoint_pub:/home/aaron/ur_ws/install/Open_control:/opt/ros/humble /usr/bin/cmake /home/aaron/ur_ws/src/moveit2_tutorials -DCMAKE_INSTALL_PREFIX=/home/aaron/ur_ws/install/moveit2_tutorials
[0.254s] -- The C compiler identification is GNU 11.4.0
[0.308s] -- The CXX compiler identification is GNU 11.4.0
[0.315s] -- Detecting C compiler ABI info
[0.378s] -- Detecting C compiler ABI info - done
[0.384s] -- Check for working C compiler: /usr/bin/cc - skipped
[0.384s] -- Detecting C compile features
[0.384s] -- Detecting C compile features - done
[0.386s] -- Detecting CXX compiler ABI info
[0.450s] -- Detecting CXX compiler ABI info - done
[0.455s] -- Check for working CXX compiler: /usr/bin/c++ - skipped
[0.455s] -- Detecting CXX compile features
[0.456s] -- Detecting CXX compile features - done
[0.457s] -- Found moveit_common: 2.5.9 (/opt/ros/humble/share/moveit_common/cmake)
[0.460s] -- Found ament_cmake: 1.3.12 (/opt/ros/humble/share/ament_cmake/cmake)
[0.567s] -- Found Python3: /usr/bin/python3 (found version "3.10.12") found components: Interpreter 
[0.682s] [0mmoveit2_tutorials: You did not request a specific build type: Choosing 'Release' for maximum performance[0m
[0.876s] -- Found Boost: /usr/lib/x86_64-linux-gnu/cmake/Boost-1.74.0/BoostConfig.cmake (found version "1.74.0") found components: system filesystem date_time thread 
[0.879s] -- Found control_msgs: 4.8.0 (/opt/ros/humble/share/control_msgs/cmake)
[0.915s] -- Found rosidl_generator_c: 3.1.8 (/opt/ros/humble/share/rosidl_generator_c/cmake)
[0.920s] -- Found rosidl_adapter: 3.1.8 (/opt/ros/humble/share/rosidl_adapter/cmake)
[0.927s] -- Found rosidl_generator_cpp: 3.1.8 (/opt/ros/humble/share/rosidl_generator_cpp/cmake)
[0.937s] -- Using all available rosidl_typesupport_c: rosidl_typesupport_fastrtps_c;rosidl_typesupport_introspection_c
[0.951s] -- Using all available rosidl_typesupport_cpp: rosidl_typesupport_fastrtps_cpp;rosidl_typesupport_introspection_cpp
[1.045s] -- Found moveit_core: 2.5.9 (/opt/ros/humble/share/moveit_core/cmake)
[1.059s] -- Found Boost: /usr/lib/x86_64-linux-gnu/cmake/Boost-1.74.0/BoostConfig.cmake (found version "1.74.0") found components: chrono date_time filesystem iostreams program_options regex serialization system thread 
[1.089s] -- Found parameter_traits: 0.6.0 (/opt/ros/humble/share/parameter_traits/cmake)
[1.123s] -- Found rmw_implementation_cmake: 6.1.2 (/opt/ros/humble/share/rmw_implementation_cmake/cmake)
[1.128s] -- Found rmw_fastrtps_cpp: 6.2.9 (/opt/ros/humble/share/rmw_fastrtps_cpp/cmake)
[1.226s] -- Found OpenSSL: /usr/lib/x86_64-linux-gnu/libcrypto.so (found version "3.0.2")  
[1.259s] -- Found FastRTPS: /opt/ros/humble/include  
[1.291s] -- Using RMW implementation 'rmw_fastrtps_cpp' as default
[1.298s] -- Found Threads: TRUE  
[1.334s] -- Found rclcpp_lifecycle: 16.0.17 (/opt/ros/humble/share/rclcpp_lifecycle/cmake)
[1.353s] -- Found Boost: /usr/lib/x86_64-linux-gnu/cmake/Boost-1.74.0/BoostConfig.cmake (found version "1.74.0") found components: filesystem 
[1.445s] -- library: /usr/lib/x86_64-linux-gnu/libcurl.so
[1.487s] -- Found Eigen3: TRUE (found version "3.4.0") 
[1.487s] -- Ensuring Eigen3 include directory is part of orocos-kdl CMake target
[1.640s] -- Configuring incomplete, errors occurred!
[1.641s] See also "/home/aaron/ur_ws/build/moveit2_tutorials/CMakeFiles/CMakeOutput.log".
[1.641s] [31mCMake Error at CMakeLists.txt:13 (find_package):
[1.641s]   By not providing "Findmoveit_task_constructor_core.cmake" in
[1.641s]   CMAKE_MODULE_PATH this project has asked CMake to find a package
[1.641s]   configuration file provided by "moveit_task_constructor_core", but CMake
[1.641s]   did not find one.
[1.641s] 
[1.641s]   Could not find a package configuration file provided by
[1.641s]   "moveit_task_constructor_core" with any of the following names:
[1.641s] 
[1.641s]     moveit_task_constructor_coreConfig.cmake
[1.641s]     moveit_task_constructor_core-config.cmake
[1.641s] 
[1.641s]   Add the installation prefix of "moveit_task_constructor_core" to
[1.641s]   CMAKE_PREFIX_PATH or set "moveit_task_constructor_core_DIR" to a directory
[1.641s]   containing one of the above files.  If "moveit_task_constructor_core"
[1.641s]   provides a separate development package or SDK, be sure it has been
[1.641s]   installed.
[1.641s] 
[1.641s] [0m
[1.648s] Invoked command in '/home/aaron/ur_ws/build/moveit2_tutorials' returned '1': CMAKE_PREFIX_PATH=/home/aaron/ur_ws/install/waypoint_pub:/home/aaron/ur_ws/install/Open_control:/opt/ros/humble /usr/bin/cmake /home/aaron/ur_ws/src/moveit2_tutorials -DCMAKE_INSTALL_PREFIX=/home/aaron/ur_ws/install/moveit2_tutorials
