[1.022s] Invoking command in '/home/aaron/ur_ws/src/launch_param_builder': PYTHONPATH=/home/aaron/ur_ws/build/launch_param_builder/prefix_override:/usr/lib/python3/dist-packages/colcon_core/task/python/colcon_distutils_commands:/home/aaron/ur_ws/install/launch_param_builder/lib/python3.10/site-packages:${PYTHONPATH} /usr/bin/python3 -W ignore:setup.py install is deprecated -W ignore:easy_install command is deprecated setup.py egg_info --egg-base ../../build/launch_param_builder build --build-base /home/aaron/ur_ws/build/launch_param_builder/build install --record /home/aaron/ur_ws/build/launch_param_builder/install.log --single-version-externally-managed install_data
[1.170s] running egg_info
[1.170s] creating ../../build/launch_param_builder/launch_param_builder.egg-info
[1.170s] writing ../../build/launch_param_builder/launch_param_builder.egg-info/PKG-INFO
[1.170s] writing dependency_links to ../../build/launch_param_builder/launch_param_builder.egg-info/dependency_links.txt
[1.171s] writing entry points to ../../build/launch_param_builder/launch_param_builder.egg-info/entry_points.txt
[1.171s] writing requirements to ../../build/launch_param_builder/launch_param_builder.egg-info/requires.txt
[1.171s] writing top-level names to ../../build/launch_param_builder/launch_param_builder.egg-info/top_level.txt
[1.171s] writing manifest file '../../build/launch_param_builder/launch_param_builder.egg-info/SOURCES.txt'
[1.172s] reading manifest file '../../build/launch_param_builder/launch_param_builder.egg-info/SOURCES.txt'
[1.172s] adding license file 'LICENSE'
[1.172s] writing manifest file '../../build/launch_param_builder/launch_param_builder.egg-info/SOURCES.txt'
[1.172s] running build
[1.172s] running build_py
[1.172s] creating /home/aaron/ur_ws/build/launch_param_builder/build
[1.172s] creating /home/aaron/ur_ws/build/launch_param_builder/build/lib
[1.173s] creating /home/aaron/ur_ws/build/launch_param_builder/build/lib/launch_param_builder
[1.173s] copying launch_param_builder/__init__.py -> /home/aaron/ur_ws/build/launch_param_builder/build/lib/launch_param_builder
[1.173s] copying launch_param_builder/utils.py -> /home/aaron/ur_ws/build/launch_param_builder/build/lib/launch_param_builder
[1.173s] copying launch_param_builder/launch_param_builder.py -> /home/aaron/ur_ws/build/launch_param_builder/build/lib/launch_param_builder
[1.173s] running install
[1.173s] running install_lib
[1.173s] creating /home/aaron/ur_ws/install/launch_param_builder/lib/python3.10/site-packages/launch_param_builder
[1.173s] copying /home/aaron/ur_ws/build/launch_param_builder/build/lib/launch_param_builder/__init__.py -> /home/aaron/ur_ws/install/launch_param_builder/lib/python3.10/site-packages/launch_param_builder
[1.173s] copying /home/aaron/ur_ws/build/launch_param_builder/build/lib/launch_param_builder/utils.py -> /home/aaron/ur_ws/install/launch_param_builder/lib/python3.10/site-packages/launch_param_builder
[1.173s] copying /home/aaron/ur_ws/build/launch_param_builder/build/lib/launch_param_builder/launch_param_builder.py -> /home/aaron/ur_ws/install/launch_param_builder/lib/python3.10/site-packages/launch_param_builder
[1.174s] byte-compiling /home/aaron/ur_ws/install/launch_param_builder/lib/python3.10/site-packages/launch_param_builder/__init__.py to __init__.cpython-310.pyc
[1.174s] byte-compiling /home/aaron/ur_ws/install/launch_param_builder/lib/python3.10/site-packages/launch_param_builder/utils.py to utils.cpython-310.pyc
[1.174s] byte-compiling /home/aaron/ur_ws/install/launch_param_builder/lib/python3.10/site-packages/launch_param_builder/launch_param_builder.py to launch_param_builder.cpython-310.pyc
[1.174s] running install_data
[1.174s] creating /home/aaron/ur_ws/install/launch_param_builder/share/ament_index
[1.175s] creating /home/aaron/ur_ws/install/launch_param_builder/share/ament_index/resource_index
[1.175s] creating /home/aaron/ur_ws/install/launch_param_builder/share/ament_index/resource_index/packages
[1.175s] copying resource/launch_param_builder -> /home/aaron/ur_ws/install/launch_param_builder/share/ament_index/resource_index/packages
[1.175s] creating /home/aaron/ur_ws/install/launch_param_builder/share/launch_param_builder/launch
[1.175s] copying example/launch_param_builder_example.launch.py -> /home/aaron/ur_ws/install/launch_param_builder/share/launch_param_builder/launch
[1.175s] creating /home/aaron/ur_ws/install/launch_param_builder/share/launch_param_builder/config
[1.175s] copying test/data/param_file_to_inject.yaml -> /home/aaron/ur_ws/install/launch_param_builder/share/launch_param_builder/config
[1.175s] copying test/data/parameter.xacro -> /home/aaron/ur_ws/install/launch_param_builder/share/launch_param_builder/config
[1.175s] copying test/data/parameter_file -> /home/aaron/ur_ws/install/launch_param_builder/share/launch_param_builder/config
[1.175s] copying test/data/parameters.yaml -> /home/aaron/ur_ws/install/launch_param_builder/share/launch_param_builder/config
[1.175s] copying test/data/parameters_injection.yaml -> /home/aaron/ur_ws/install/launch_param_builder/share/launch_param_builder/config
[1.175s] copying package.xml -> /home/aaron/ur_ws/install/launch_param_builder/share/launch_param_builder
[1.176s] creating /home/aaron/ur_ws/install/launch_param_builder/lib/launch_param_builder
[1.176s] copying example/example_node.py -> /home/aaron/ur_ws/install/launch_param_builder/lib/launch_param_builder
[1.176s] running install_egg_info
[1.176s] Copying ../../build/launch_param_builder/launch_param_builder.egg-info to /home/aaron/ur_ws/install/launch_param_builder/lib/python3.10/site-packages/launch_param_builder-0.1.1-py3.10.egg-info
[1.176s] running install_scripts
[1.192s] writing list of installed files to '/home/aaron/ur_ws/build/launch_param_builder/install.log'
[1.209s] Invoked command in '/home/aaron/ur_ws/src/launch_param_builder' returned '0': PYTHONPATH=/home/aaron/ur_ws/build/launch_param_builder/prefix_override:/usr/lib/python3/dist-packages/colcon_core/task/python/colcon_distutils_commands:/home/aaron/ur_ws/install/launch_param_builder/lib/python3.10/site-packages:${PYTHONPATH} /usr/bin/python3 -W ignore:setup.py install is deprecated -W ignore:easy_install command is deprecated setup.py egg_info --egg-base ../../build/launch_param_builder build --build-base /home/aaron/ur_ws/build/launch_param_builder/build install --record /home/aaron/ur_ws/build/launch_param_builder/install.log --single-version-externally-managed install_data
