[0.041s] Invoking command in '/home/aaron/ur_ws/build/moveit_hybrid_planning': AMENT_PREFIX_PATH=/home/aaron/ur_ws/install/moveit_ros_planning_interface:/home/aaron/ur_ws/install/moveit_ros_move_group:/home/aaron/ur_ws/install/moveit_ros_warehouse:/home/aaron/ur_ws/install/moveit_planners_ompl:/home/aaron/ur_ws/install/moveit_kinematics:/home/aaron/ur_ws/install/moveit_ros_planning:/home/aaron/ur_ws/install/moveit_simple_controller_manager:/home/aaron/ur_ws/install/moveit_ros_occupancy_map_monitor:/home/aaron/ur_ws/install/moveit_core:/home/aaron/ur_ws/install/moveit_resources_panda_moveit_config:/home/aaron/ur_ws/install/moveit_resources_fanuc_moveit_config:/home/aaron/ur_ws/install/moveit_configs_utils:/home/aaron/ur_ws/install/srdfdom:/home/aaron/ur_ws/install/moveit_resources_pr2_description:/home/aaron/ur_ws/install/moveit_resources_panda_description:/home/aaron/ur_ws/install/moveit_resources_fanuc_description:/home/aaron/ur_ws/install/moveit_common:/home/aaron/ur_ws/install/launch_param_builder:${AMENT_PREFIX_PATH} CMAKE_PREFIX_PATH=/home/aaron/ur_ws/install/moveit_ros_planning_interface:/home/aaron/ur_ws/install/moveit_ros_move_group:/home/aaron/ur_ws/install/moveit_ros_warehouse:/home/aaron/ur_ws/install/moveit_planners_ompl:/home/aaron/ur_ws/install/moveit_kinematics:/home/aaron/ur_ws/install/moveit_ros_planning:/home/aaron/ur_ws/install/moveit_simple_controller_manager:/home/aaron/ur_ws/install/moveit_ros_occupancy_map_monitor:/home/aaron/ur_ws/install/moveit_core:/home/aaron/ur_ws/install/moveit_resources_panda_moveit_config:/home/aaron/ur_ws/install/moveit_resources_fanuc_moveit_config:/home/aaron/ur_ws/install/srdfdom:/home/aaron/ur_ws/install/moveit_resources_pr2_description:/home/aaron/ur_ws/install/moveit_resources_panda_description:/home/aaron/ur_ws/install/moveit_resources_fanuc_description:/home/aaron/ur_ws/install/moveit_common:/opt/ros/humble LD_LIBRARY_PATH=/home/aaron/ur_ws/install/moveit_ros_planning_interface/lib:/home/aaron/ur_ws/install/moveit_ros_move_group/lib:/home/aaron/ur_ws/install/moveit_ros_warehouse/lib:/home/aaron/ur_ws/install/moveit_planners_ompl/lib:/home/aaron/ur_ws/install/moveit_kinematics/lib:/home/aaron/ur_ws/install/moveit_ros_planning/lib:/home/aaron/ur_ws/install/moveit_simple_controller_manager/lib:/home/aaron/ur_ws/install/moveit_ros_occupancy_map_monitor/lib:/home/aaron/ur_ws/install/moveit_core/lib:/home/aaron/ur_ws/install/srdfdom/lib:${LD_LIBRARY_PATH} PATH=/home/aaron/ur_ws/install/moveit_core/bin:${PATH} PYTHONPATH=/home/aaron/ur_ws/install/moveit_configs_utils/lib/python3.10/site-packages:/home/aaron/ur_ws/install/srdfdom/local/lib/python3.10/dist-packages:/home/aaron/ur_ws/install/launch_param_builder/lib/python3.10/site-packages:${PYTHONPATH} /usr/bin/cmake /home/aaron/ur_ws/src/moveit2/moveit_ros/hybrid_planning -DCMAKE_INSTALL_PREFIX=/home/aaron/ur_ws/install/moveit_hybrid_planning
[0.087s] -- The C compiler identification is GNU 11.4.0
[0.129s] -- The CXX compiler identification is GNU 11.4.0
[0.134s] -- Detecting C compiler ABI info
[0.191s] -- Detecting C compiler ABI info - done
[0.198s] -- Check for working C compiler: /usr/bin/cc - skipped
[0.198s] -- Detecting C compile features
[0.198s] -- Detecting C compile features - done
[0.200s] -- Detecting CXX compiler ABI info
[0.272s] -- Detecting CXX compiler ABI info - done
[0.282s] -- Check for working CXX compiler: /usr/bin/c++ - skipped
[0.282s] -- Detecting CXX compile features
[0.283s] -- Detecting CXX compile features - done
[0.285s] -- Found moveit_common: 2.5.9 (/home/aaron/ur_ws/install/moveit_common/share/moveit_common/cmake)
[0.287s] -- Found ament_cmake: 1.3.12 (/opt/ros/humble/share/ament_cmake/cmake)
[0.410s] -- Found Python3: /usr/bin/python3 (found version "3.10.12") found components: Interpreter 
[0.542s] [0mmoveit_hybrid_planning: You did not request a specific build type: Choosing 'Release' for maximum performance[0m
[0.543s] -- Found moveit_core: 2.5.9 (/home/aaron/ur_ws/install/moveit_core/share/moveit_core/cmake)
[0.745s] -- Found Boost: /usr/lib/x86_64-linux-gnu/cmake/Boost-1.74.0/BoostConfig.cmake (found version "1.74.0") found components: chrono date_time filesystem iostreams program_options regex serialization system thread 
[0.790s] -- Found parameter_traits: 0.6.0 (/opt/ros/humble/share/parameter_traits/cmake)
[0.825s] -- Found rosidl_generator_c: 3.1.8 (/opt/ros/humble/share/rosidl_generator_c/cmake)
[0.830s] -- Found rosidl_adapter: 3.1.8 (/opt/ros/humble/share/rosidl_adapter/cmake)
[0.837s] -- Found rosidl_generator_cpp: 3.1.8 (/opt/ros/humble/share/rosidl_generator_cpp/cmake)
[0.847s] -- Using all available rosidl_typesupport_c: rosidl_typesupport_fastrtps_c;rosidl_typesupport_introspection_c
[0.861s] -- Using all available rosidl_typesupport_cpp: rosidl_typesupport_fastrtps_cpp;rosidl_typesupport_introspection_cpp
[0.898s] -- Found rmw_implementation_cmake: 6.1.2 (/opt/ros/humble/share/rmw_implementation_cmake/cmake)
[0.901s] -- Found rmw_fastrtps_cpp: 6.2.9 (/opt/ros/humble/share/rmw_fastrtps_cpp/cmake)
[0.980s] -- Found OpenSSL: /usr/lib/x86_64-linux-gnu/libcrypto.so (found version "3.0.2")  
[0.999s] -- Found FastRTPS: /opt/ros/humble/include  
[1.034s] -- Using RMW implementation 'rmw_fastrtps_cpp' as default
[1.042s] -- Found Threads: TRUE  
[1.088s] -- Found rclcpp_lifecycle: 16.0.17 (/opt/ros/humble/share/rclcpp_lifecycle/cmake)
[1.106s] -- Found Boost: /usr/lib/x86_64-linux-gnu/cmake/Boost-1.74.0/BoostConfig.cmake (found version "1.74.0") found components: filesystem 
[1.200s] -- library: /usr/lib/x86_64-linux-gnu/libcurl.so
[1.258s] -- Found Eigen3: TRUE (found version "3.4.0") 
[1.258s] -- Ensuring Eigen3 include directory is part of orocos-kdl CMake target
[1.439s] -- Found moveit_ros_planning: 2.5.9 (/home/aaron/ur_ws/install/moveit_ros_planning/share/moveit_ros_planning/cmake)
[1.442s] -- Found Boost: /usr/lib/x86_64-linux-gnu/cmake/Boost-1.74.0/BoostConfig.cmake (found version "1.74.0") found components: system filesystem date_time program_options thread chrono 
[1.458s] -- Found moveit_ros_planning_interface: 2.5.9 (/home/aaron/ur_ws/install/moveit_ros_planning_interface/share/moveit_ros_planning_interface/cmake)
[1.461s] -- Found Boost: /usr/lib/x86_64-linux-gnu/cmake/Boost-1.74.0/BoostConfig.cmake (found version "1.74.0") found components: date_time filesystem program_options system thread 
[1.471s] -- Found Boost: /usr/lib/x86_64-linux-gnu/cmake/Boost-1.74.0/BoostConfig.cmake (found version "1.74.0") found components: thread system filesystem regex date_time program_options 
[1.486s] -- Found Boost: /usr/lib/x86_64-linux-gnu/cmake/Boost-1.74.0/BoostConfig.cmake (found version "1.74.0") found components: system filesystem date_time program_options thread 
[1.592s] -- Found ament_lint_auto: 0.12.14 (/opt/ros/humble/share/ament_lint_auto/cmake)
[1.594s] -- Found ament_cmake_gtest: 1.3.12 (/opt/ros/humble/share/ament_cmake_gtest/cmake)
[1.596s] -- Found ros_testing: 0.4.0 (/opt/ros/humble/share/ros_testing/cmake)
[1.598s] -- Found launch_testing_ament_cmake: 1.0.13 (/opt/ros/humble/share/launch_testing_ament_cmake/cmake)
[1.599s] -- Found python_cmake_module: 0.10.0 (/opt/ros/humble/share/python_cmake_module/cmake)
[1.619s] -- Found PythonInterp: /usr/bin/python3 (found suitable version "3.10.12", minimum required is "3.6") 
[1.623s] -- Found PythonLibs: /usr/lib/x86_64-linux-gnu/libpython3.10.so (found suitable version "3.10.12", minimum required is "3.5") 
[1.623s] -- Using PYTHON_EXECUTABLE: /usr/bin/python3
[1.623s] -- Using PYTHON_INCLUDE_DIRS: /usr/include/python3.10
[1.623s] -- Using PYTHON_LIBRARIES: /usr/lib/x86_64-linux-gnu/libpython3.10.so
[1.638s] -- Found PythonExtra: .so  
[1.642s] -- Found Boost: /usr/lib/x86_64-linux-gnu/cmake/Boost-1.74.0/BoostConfig.cmake (found version "1.74.0") found components: filesystem 
[1.675s] -- Configuring done
[1.804s] -- Generating done
[1.838s] -- Build files have been written to: /home/aaron/ur_ws/build/moveit_hybrid_planning
[1.853s] Invoked command in '/home/aaron/ur_ws/build/moveit_hybrid_planning' returned '0': AMENT_PREFIX_PATH=/home/aaron/ur_ws/install/moveit_ros_planning_interface:/home/aaron/ur_ws/install/moveit_ros_move_group:/home/aaron/ur_ws/install/moveit_ros_warehouse:/home/aaron/ur_ws/install/moveit_planners_ompl:/home/aaron/ur_ws/install/moveit_kinematics:/home/aaron/ur_ws/install/moveit_ros_planning:/home/aaron/ur_ws/install/moveit_simple_controller_manager:/home/aaron/ur_ws/install/moveit_ros_occupancy_map_monitor:/home/aaron/ur_ws/install/moveit_core:/home/aaron/ur_ws/install/moveit_resources_panda_moveit_config:/home/aaron/ur_ws/install/moveit_resources_fanuc_moveit_config:/home/aaron/ur_ws/install/moveit_configs_utils:/home/aaron/ur_ws/install/srdfdom:/home/aaron/ur_ws/install/moveit_resources_pr2_description:/home/aaron/ur_ws/install/moveit_resources_panda_description:/home/aaron/ur_ws/install/moveit_resources_fanuc_description:/home/aaron/ur_ws/install/moveit_common:/home/aaron/ur_ws/install/launch_param_builder:${AMENT_PREFIX_PATH} CMAKE_PREFIX_PATH=/home/aaron/ur_ws/install/moveit_ros_planning_interface:/home/aaron/ur_ws/install/moveit_ros_move_group:/home/aaron/ur_ws/install/moveit_ros_warehouse:/home/aaron/ur_ws/install/moveit_planners_ompl:/home/aaron/ur_ws/install/moveit_kinematics:/home/aaron/ur_ws/install/moveit_ros_planning:/home/aaron/ur_ws/install/moveit_simple_controller_manager:/home/aaron/ur_ws/install/moveit_ros_occupancy_map_monitor:/home/aaron/ur_ws/install/moveit_core:/home/aaron/ur_ws/install/moveit_resources_panda_moveit_config:/home/aaron/ur_ws/install/moveit_resources_fanuc_moveit_config:/home/aaron/ur_ws/install/srdfdom:/home/aaron/ur_ws/install/moveit_resources_pr2_description:/home/aaron/ur_ws/install/moveit_resources_panda_description:/home/aaron/ur_ws/install/moveit_resources_fanuc_description:/home/aaron/ur_ws/install/moveit_common:/opt/ros/humble LD_LIBRARY_PATH=/home/aaron/ur_ws/install/moveit_ros_planning_interface/lib:/home/aaron/ur_ws/install/moveit_ros_move_group/lib:/home/aaron/ur_ws/install/moveit_ros_warehouse/lib:/home/aaron/ur_ws/install/moveit_planners_ompl/lib:/home/aaron/ur_ws/install/moveit_kinematics/lib:/home/aaron/ur_ws/install/moveit_ros_planning/lib:/home/aaron/ur_ws/install/moveit_simple_controller_manager/lib:/home/aaron/ur_ws/install/moveit_ros_occupancy_map_monitor/lib:/home/aaron/ur_ws/install/moveit_core/lib:/home/aaron/ur_ws/install/srdfdom/lib:${LD_LIBRARY_PATH} PATH=/home/aaron/ur_ws/install/moveit_core/bin:${PATH} PYTHONPATH=/home/aaron/ur_ws/install/moveit_configs_utils/lib/python3.10/site-packages:/home/aaron/ur_ws/install/srdfdom/local/lib/python3.10/dist-packages:/home/aaron/ur_ws/install/launch_param_builder/lib/python3.10/site-packages:${PYTHONPATH} /usr/bin/cmake /home/aaron/ur_ws/src/moveit2/moveit_ros/hybrid_planning -DCMAKE_INSTALL_PREFIX=/home/aaron/ur_ws/install/moveit_hybrid_planning
[1.855s] Invoking command in '/home/aaron/ur_ws/build/moveit_hybrid_planning': AMENT_PREFIX_PATH=/home/aaron/ur_ws/install/moveit_ros_planning_interface:/home/aaron/ur_ws/install/moveit_ros_move_group:/home/aaron/ur_ws/install/moveit_ros_warehouse:/home/aaron/ur_ws/install/moveit_planners_ompl:/home/aaron/ur_ws/install/moveit_kinematics:/home/aaron/ur_ws/install/moveit_ros_planning:/home/aaron/ur_ws/install/moveit_simple_controller_manager:/home/aaron/ur_ws/install/moveit_ros_occupancy_map_monitor:/home/aaron/ur_ws/install/moveit_core:/home/aaron/ur_ws/install/moveit_resources_panda_moveit_config:/home/aaron/ur_ws/install/moveit_resources_fanuc_moveit_config:/home/aaron/ur_ws/install/moveit_configs_utils:/home/aaron/ur_ws/install/srdfdom:/home/aaron/ur_ws/install/moveit_resources_pr2_description:/home/aaron/ur_ws/install/moveit_resources_panda_description:/home/aaron/ur_ws/install/moveit_resources_fanuc_description:/home/aaron/ur_ws/install/moveit_common:/home/aaron/ur_ws/install/launch_param_builder:${AMENT_PREFIX_PATH} CMAKE_PREFIX_PATH=/home/aaron/ur_ws/install/moveit_ros_planning_interface:/home/aaron/ur_ws/install/moveit_ros_move_group:/home/aaron/ur_ws/install/moveit_ros_warehouse:/home/aaron/ur_ws/install/moveit_planners_ompl:/home/aaron/ur_ws/install/moveit_kinematics:/home/aaron/ur_ws/install/moveit_ros_planning:/home/aaron/ur_ws/install/moveit_simple_controller_manager:/home/aaron/ur_ws/install/moveit_ros_occupancy_map_monitor:/home/aaron/ur_ws/install/moveit_core:/home/aaron/ur_ws/install/moveit_resources_panda_moveit_config:/home/aaron/ur_ws/install/moveit_resources_fanuc_moveit_config:/home/aaron/ur_ws/install/srdfdom:/home/aaron/ur_ws/install/moveit_resources_pr2_description:/home/aaron/ur_ws/install/moveit_resources_panda_description:/home/aaron/ur_ws/install/moveit_resources_fanuc_description:/home/aaron/ur_ws/install/moveit_common:/opt/ros/humble LD_LIBRARY_PATH=/home/aaron/ur_ws/install/moveit_ros_planning_interface/lib:/home/aaron/ur_ws/install/moveit_ros_move_group/lib:/home/aaron/ur_ws/install/moveit_ros_warehouse/lib:/home/aaron/ur_ws/install/moveit_planners_ompl/lib:/home/aaron/ur_ws/install/moveit_kinematics/lib:/home/aaron/ur_ws/install/moveit_ros_planning/lib:/home/aaron/ur_ws/install/moveit_simple_controller_manager/lib:/home/aaron/ur_ws/install/moveit_ros_occupancy_map_monitor/lib:/home/aaron/ur_ws/install/moveit_core/lib:/home/aaron/ur_ws/install/srdfdom/lib:${LD_LIBRARY_PATH} PATH=/home/aaron/ur_ws/install/moveit_core/bin:${PATH} PYTHONPATH=/home/aaron/ur_ws/install/moveit_configs_utils/lib/python3.10/site-packages:/home/aaron/ur_ws/install/srdfdom/local/lib/python3.10/dist-packages:/home/aaron/ur_ws/install/launch_param_builder/lib/python3.10/site-packages:${PYTHONPATH} /usr/bin/cmake --build /home/aaron/ur_ws/build/moveit_hybrid_planning -- -j20 -l20
[1.898s] [ 10%] [32mBuilding CXX object local_planner/local_planner_component/CMakeFiles/moveit_local_planner_component.dir/src/local_planner_component.cpp.o[0m
[1.898s] [ 10%] [32mBuilding CXX object global_planner/global_planner_plugins/CMakeFiles/motion_planning_pipeline_plugin.dir/src/moveit_planning_pipeline.cpp.o[0m
[1.899s] [ 15%] [32mBuilding CXX object hybrid_planning_manager/hybrid_planning_manager_component/CMakeFiles/moveit_hybrid_planning_manager.dir/src/hybrid_planning_manager.cpp.o[0m
[1.903s] [ 20%] [32mBuilding CXX object local_planner/local_constraint_solver_plugins/CMakeFiles/forward_trajectory_plugin.dir/src/forward_trajectory.cpp.o[0m
[1.903s] [ 25%] [32mBuilding CXX object local_planner/trajectory_operator_plugins/CMakeFiles/simple_sampler_plugin.dir/src/simple_sampler.cpp.o[0m
[1.903s] [ 30%] [32mBuilding CXX object global_planner/global_planner_component/CMakeFiles/moveit_global_planner_component.dir/src/global_planner_component.cpp.o[0m
[12.546s] [ 35%] [32m[1mLinking CXX shared library libsimple_sampler_plugin.so[0m
[13.048s] [ 35%] Built target simple_sampler_plugin
[35.473s] [ 40%] [32m[1mLinking CXX shared library libforward_trajectory_plugin.so[0m
[37.843s] [ 40%] Built target forward_trajectory_plugin
[45.741s] [ 45%] [32m[1mLinking CXX shared library libmotion_planning_pipeline_plugin.so[0m
[46.349s] [ 45%] Built target motion_planning_pipeline_plugin
[49.622s] [ 50%] [32m[1mLinking CXX shared library libmoveit_global_planner_component.so[0m
[50.190s] [ 50%] Built target moveit_global_planner_component
[50.852s] [ 55%] [32m[1mLinking CXX shared library libmoveit_hybrid_planning_manager.so[0m
[51.633s] [ 55%] Built target moveit_hybrid_planning_manager
[70.153s] [ 60%] [32m[1mLinking CXX shared library libmoveit_local_planner_component.so[0m
[73.902s] [ 60%] Built target moveit_local_planner_component
[73.986s] [ 65%] [32mBuilding CXX object hybrid_planning_manager/planner_logic_plugins/CMakeFiles/single_plan_execution_plugin.dir/src/single_plan_execution.cpp.o[0m
[82.799s] [ 70%] [32m[1mLinking CXX shared library libsingle_plan_execution_plugin.so[0m
[83.123s] [ 70%] Built target single_plan_execution_plugin
[83.256s] [ 75%] [32mBuilding CXX object hybrid_planning_manager/planner_logic_plugins/CMakeFiles/replan_invalidated_trajectory_plugin.dir/src/replan_invalidated_trajectory.cpp.o[0m
[88.566s] [ 80%] [32m[1mLinking CXX shared library libreplan_invalidated_trajectory_plugin.so[0m
[88.831s] [ 80%] Built target replan_invalidated_trajectory_plugin
[88.854s] [ 85%] [32mBuilding CXX object test/CMakeFiles/hybrid_planning_demo_node.dir/hybrid_planning_demo_node.cpp.o[0m
[88.860s] [ 90%] [32mBuilding CXX object test/CMakeFiles/cancel_action.dir/cancel_action.cpp.o[0m
[100.838s] [ 95%] [32m[1mLinking CXX executable cancel_action[0m
[101.364s] [ 95%] Built target cancel_action
[114.265s] [100%] [32m[1mLinking CXX executable hybrid_planning_demo_node[0m
[115.024s] [100%] Built target hybrid_planning_demo_node
[115.086s] Invoked command in '/home/aaron/ur_ws/build/moveit_hybrid_planning' returned '0': AMENT_PREFIX_PATH=/home/aaron/ur_ws/install/moveit_ros_planning_interface:/home/aaron/ur_ws/install/moveit_ros_move_group:/home/aaron/ur_ws/install/moveit_ros_warehouse:/home/aaron/ur_ws/install/moveit_planners_ompl:/home/aaron/ur_ws/install/moveit_kinematics:/home/aaron/ur_ws/install/moveit_ros_planning:/home/aaron/ur_ws/install/moveit_simple_controller_manager:/home/aaron/ur_ws/install/moveit_ros_occupancy_map_monitor:/home/aaron/ur_ws/install/moveit_core:/home/aaron/ur_ws/install/moveit_resources_panda_moveit_config:/home/aaron/ur_ws/install/moveit_resources_fanuc_moveit_config:/home/aaron/ur_ws/install/moveit_configs_utils:/home/aaron/ur_ws/install/srdfdom:/home/aaron/ur_ws/install/moveit_resources_pr2_description:/home/aaron/ur_ws/install/moveit_resources_panda_description:/home/aaron/ur_ws/install/moveit_resources_fanuc_description:/home/aaron/ur_ws/install/moveit_common:/home/aaron/ur_ws/install/launch_param_builder:${AMENT_PREFIX_PATH} CMAKE_PREFIX_PATH=/home/aaron/ur_ws/install/moveit_ros_planning_interface:/home/aaron/ur_ws/install/moveit_ros_move_group:/home/aaron/ur_ws/install/moveit_ros_warehouse:/home/aaron/ur_ws/install/moveit_planners_ompl:/home/aaron/ur_ws/install/moveit_kinematics:/home/aaron/ur_ws/install/moveit_ros_planning:/home/aaron/ur_ws/install/moveit_simple_controller_manager:/home/aaron/ur_ws/install/moveit_ros_occupancy_map_monitor:/home/aaron/ur_ws/install/moveit_core:/home/aaron/ur_ws/install/moveit_resources_panda_moveit_config:/home/aaron/ur_ws/install/moveit_resources_fanuc_moveit_config:/home/aaron/ur_ws/install/srdfdom:/home/aaron/ur_ws/install/moveit_resources_pr2_description:/home/aaron/ur_ws/install/moveit_resources_panda_description:/home/aaron/ur_ws/install/moveit_resources_fanuc_description:/home/aaron/ur_ws/install/moveit_common:/opt/ros/humble LD_LIBRARY_PATH=/home/aaron/ur_ws/install/moveit_ros_planning_interface/lib:/home/aaron/ur_ws/install/moveit_ros_move_group/lib:/home/aaron/ur_ws/install/moveit_ros_warehouse/lib:/home/aaron/ur_ws/install/moveit_planners_ompl/lib:/home/aaron/ur_ws/install/moveit_kinematics/lib:/home/aaron/ur_ws/install/moveit_ros_planning/lib:/home/aaron/ur_ws/install/moveit_simple_controller_manager/lib:/home/aaron/ur_ws/install/moveit_ros_occupancy_map_monitor/lib:/home/aaron/ur_ws/install/moveit_core/lib:/home/aaron/ur_ws/install/srdfdom/lib:${LD_LIBRARY_PATH} PATH=/home/aaron/ur_ws/install/moveit_core/bin:${PATH} PYTHONPATH=/home/aaron/ur_ws/install/moveit_configs_utils/lib/python3.10/site-packages:/home/aaron/ur_ws/install/srdfdom/local/lib/python3.10/dist-packages:/home/aaron/ur_ws/install/launch_param_builder/lib/python3.10/site-packages:${PYTHONPATH} /usr/bin/cmake --build /home/aaron/ur_ws/build/moveit_hybrid_planning -- -j20 -l20
[115.086s] Invoking command in '/home/aaron/ur_ws/build/moveit_hybrid_planning': AMENT_PREFIX_PATH=/home/aaron/ur_ws/install/moveit_ros_planning_interface:/home/aaron/ur_ws/install/moveit_ros_move_group:/home/aaron/ur_ws/install/moveit_ros_warehouse:/home/aaron/ur_ws/install/moveit_planners_ompl:/home/aaron/ur_ws/install/moveit_kinematics:/home/aaron/ur_ws/install/moveit_ros_planning:/home/aaron/ur_ws/install/moveit_simple_controller_manager:/home/aaron/ur_ws/install/moveit_ros_occupancy_map_monitor:/home/aaron/ur_ws/install/moveit_core:/home/aaron/ur_ws/install/moveit_resources_panda_moveit_config:/home/aaron/ur_ws/install/moveit_resources_fanuc_moveit_config:/home/aaron/ur_ws/install/moveit_configs_utils:/home/aaron/ur_ws/install/srdfdom:/home/aaron/ur_ws/install/moveit_resources_pr2_description:/home/aaron/ur_ws/install/moveit_resources_panda_description:/home/aaron/ur_ws/install/moveit_resources_fanuc_description:/home/aaron/ur_ws/install/moveit_common:/home/aaron/ur_ws/install/launch_param_builder:${AMENT_PREFIX_PATH} CMAKE_PREFIX_PATH=/home/aaron/ur_ws/install/moveit_ros_planning_interface:/home/aaron/ur_ws/install/moveit_ros_move_group:/home/aaron/ur_ws/install/moveit_ros_warehouse:/home/aaron/ur_ws/install/moveit_planners_ompl:/home/aaron/ur_ws/install/moveit_kinematics:/home/aaron/ur_ws/install/moveit_ros_planning:/home/aaron/ur_ws/install/moveit_simple_controller_manager:/home/aaron/ur_ws/install/moveit_ros_occupancy_map_monitor:/home/aaron/ur_ws/install/moveit_core:/home/aaron/ur_ws/install/moveit_resources_panda_moveit_config:/home/aaron/ur_ws/install/moveit_resources_fanuc_moveit_config:/home/aaron/ur_ws/install/srdfdom:/home/aaron/ur_ws/install/moveit_resources_pr2_description:/home/aaron/ur_ws/install/moveit_resources_panda_description:/home/aaron/ur_ws/install/moveit_resources_fanuc_description:/home/aaron/ur_ws/install/moveit_common:/opt/ros/humble LD_LIBRARY_PATH=/home/aaron/ur_ws/install/moveit_ros_planning_interface/lib:/home/aaron/ur_ws/install/moveit_ros_move_group/lib:/home/aaron/ur_ws/install/moveit_ros_warehouse/lib:/home/aaron/ur_ws/install/moveit_planners_ompl/lib:/home/aaron/ur_ws/install/moveit_kinematics/lib:/home/aaron/ur_ws/install/moveit_ros_planning/lib:/home/aaron/ur_ws/install/moveit_simple_controller_manager/lib:/home/aaron/ur_ws/install/moveit_ros_occupancy_map_monitor/lib:/home/aaron/ur_ws/install/moveit_core/lib:/home/aaron/ur_ws/install/srdfdom/lib:${LD_LIBRARY_PATH} PATH=/home/aaron/ur_ws/install/moveit_core/bin:${PATH} PYTHONPATH=/home/aaron/ur_ws/install/moveit_configs_utils/lib/python3.10/site-packages:/home/aaron/ur_ws/install/srdfdom/local/lib/python3.10/dist-packages:/home/aaron/ur_ws/install/launch_param_builder/lib/python3.10/site-packages:${PYTHONPATH} /usr/bin/cmake --install /home/aaron/ur_ws/build/moveit_hybrid_planning
[115.184s] -- Install configuration: "Release"
[115.196s] -- Installing: /home/aaron/ur_ws/install/moveit_hybrid_planning/lib/libmoveit_global_planner_component.so.2.5.9
[115.225s] -- Set runtime path of "/home/aaron/ur_ws/install/moveit_hybrid_planning/lib/libmoveit_global_planner_component.so.2.5.9" to ""
[115.225s] -- Installing: /home/aaron/ur_ws/install/moveit_hybrid_planning/lib/libmoveit_global_planner_component.so
[115.225s] -- Installing: /home/aaron/ur_ws/install/moveit_hybrid_planning/lib/libmoveit_hybrid_planning_manager.so.2.5.9
[115.292s] -- Set runtime path of "/home/aaron/ur_ws/install/moveit_hybrid_planning/lib/libmoveit_hybrid_planning_manager.so.2.5.9" to ""
[115.296s] -- Installing: /home/aaron/ur_ws/install/moveit_hybrid_planning/lib/libmoveit_hybrid_planning_manager.so
[115.297s] -- Installing: /home/aaron/ur_ws/install/moveit_hybrid_planning/lib/libmoveit_local_planner_component.so.2.5.9
[115.334s] -- Set runtime path of "/home/aaron/ur_ws/install/moveit_hybrid_planning/lib/libmoveit_local_planner_component.so.2.5.9" to ""
[115.334s] -- Installing: /home/aaron/ur_ws/install/moveit_hybrid_planning/lib/libmoveit_local_planner_component.so
[115.338s] -- Installing: /home/aaron/ur_ws/install/moveit_hybrid_planning/lib/libforward_trajectory_plugin.so.2.5.9
[115.350s] -- Set runtime path of "/home/aaron/ur_ws/install/moveit_hybrid_planning/lib/libforward_trajectory_plugin.so.2.5.9" to ""
[115.351s] -- Installing: /home/aaron/ur_ws/install/moveit_hybrid_planning/lib/libforward_trajectory_plugin.so
[115.355s] -- Installing: /home/aaron/ur_ws/install/moveit_hybrid_planning/lib/libmotion_planning_pipeline_plugin.so.2.5.9
[115.368s] -- Set runtime path of "/home/aaron/ur_ws/install/moveit_hybrid_planning/lib/libmotion_planning_pipeline_plugin.so.2.5.9" to ""
[115.368s] -- Installing: /home/aaron/ur_ws/install/moveit_hybrid_planning/lib/libmotion_planning_pipeline_plugin.so
[115.376s] -- Installing: /home/aaron/ur_ws/install/moveit_hybrid_planning/lib/libreplan_invalidated_trajectory_plugin.so.2.5.9
[115.380s] -- Set runtime path of "/home/aaron/ur_ws/install/moveit_hybrid_planning/lib/libreplan_invalidated_trajectory_plugin.so.2.5.9" to ""
[115.381s] -- Installing: /home/aaron/ur_ws/install/moveit_hybrid_planning/lib/libreplan_invalidated_trajectory_plugin.so
[115.383s] -- Installing: /home/aaron/ur_ws/install/moveit_hybrid_planning/lib/libsimple_sampler_plugin.so.2.5.9
[115.389s] -- Set runtime path of "/home/aaron/ur_ws/install/moveit_hybrid_planning/lib/libsimple_sampler_plugin.so.2.5.9" to ""
[115.389s] -- Installing: /home/aaron/ur_ws/install/moveit_hybrid_planning/lib/libsimple_sampler_plugin.so
[115.393s] -- Installing: /home/aaron/ur_ws/install/moveit_hybrid_planning/lib/libsingle_plan_execution_plugin.so.2.5.9
[115.394s] -- Set runtime path of "/home/aaron/ur_ws/install/moveit_hybrid_planning/lib/libsingle_plan_execution_plugin.so.2.5.9" to ""
[115.395s] -- Installing: /home/aaron/ur_ws/install/moveit_hybrid_planning/lib/libsingle_plan_execution_plugin.so
[115.400s] -- Installing: /home/aaron/ur_ws/install/moveit_hybrid_planning/lib/moveit_hybrid_planning/cancel_action
[115.402s] -- Set runtime path of "/home/aaron/ur_ws/install/moveit_hybrid_planning/lib/moveit_hybrid_planning/cancel_action" to ""
[115.403s] -- Installing: /home/aaron/ur_ws/install/moveit_hybrid_planning/lib/moveit_hybrid_planning/hybrid_planning_demo_node
[115.413s] -- Set runtime path of "/home/aaron/ur_ws/install/moveit_hybrid_planning/lib/moveit_hybrid_planning/hybrid_planning_demo_node" to ""
[115.414s] -- Installing: /home/aaron/ur_ws/install/moveit_hybrid_planning/include
[115.416s] -- Installing: /home/aaron/ur_ws/install/moveit_hybrid_planning/include/moveit
[115.417s] -- Installing: /home/aaron/ur_ws/install/moveit_hybrid_planning/include/moveit/global_planner
[115.421s] -- Installing: /home/aaron/ur_ws/install/moveit_hybrid_planning/include/moveit/global_planner/global_planner_interface.h
[115.424s] -- Installing: /home/aaron/ur_ws/install/moveit_hybrid_planning/include/moveit/global_planner/global_planner_component.h
[115.424s] -- Up-to-date: /home/aaron/ur_ws/install/moveit_hybrid_planning/include
[115.424s] -- Up-to-date: /home/aaron/ur_ws/install/moveit_hybrid_planning/include/moveit
[115.424s] -- Up-to-date: /home/aaron/ur_ws/install/moveit_hybrid_planning/include/moveit/global_planner
[115.424s] -- Installing: /home/aaron/ur_ws/install/moveit_hybrid_planning/include/moveit/global_planner/moveit_planning_pipeline.h
[115.426s] -- Up-to-date: /home/aaron/ur_ws/install/moveit_hybrid_planning/include
[115.428s] -- Up-to-date: /home/aaron/ur_ws/install/moveit_hybrid_planning/include/moveit
[115.428s] -- Installing: /home/aaron/ur_ws/install/moveit_hybrid_planning/include/moveit/hybrid_planning_manager
[115.429s] -- Installing: /home/aaron/ur_ws/install/moveit_hybrid_planning/include/moveit/hybrid_planning_manager/moveit_error_code_interface.h
[115.430s] -- Installing: /home/aaron/ur_ws/install/moveit_hybrid_planning/include/moveit/hybrid_planning_manager/hybrid_planning_events.h
[115.432s] -- Installing: /home/aaron/ur_ws/install/moveit_hybrid_planning/include/moveit/hybrid_planning_manager/hybrid_planning_manager.h
[115.434s] -- Installing: /home/aaron/ur_ws/install/moveit_hybrid_planning/include/moveit/hybrid_planning_manager/planner_logic_interface.h
[115.435s] -- Up-to-date: /home/aaron/ur_ws/install/moveit_hybrid_planning/include
[115.436s] -- Up-to-date: /home/aaron/ur_ws/install/moveit_hybrid_planning/include/moveit
[115.436s] -- Installing: /home/aaron/ur_ws/install/moveit_hybrid_planning/include/moveit/planner_logic_plugins
[115.437s] -- Installing: /home/aaron/ur_ws/install/moveit_hybrid_planning/include/moveit/planner_logic_plugins/replan_invalidated_trajectory.h
[115.438s] -- Installing: /home/aaron/ur_ws/install/moveit_hybrid_planning/include/moveit/planner_logic_plugins/single_plan_execution.h
[115.439s] -- Up-to-date: /home/aaron/ur_ws/install/moveit_hybrid_planning/include
[115.440s] -- Up-to-date: /home/aaron/ur_ws/install/moveit_hybrid_planning/include/moveit
[115.440s] -- Installing: /home/aaron/ur_ws/install/moveit_hybrid_planning/include/moveit/local_planner
[115.441s] -- Installing: /home/aaron/ur_ws/install/moveit_hybrid_planning/include/moveit/local_planner/local_planner_component.h
[115.444s] -- Installing: /home/aaron/ur_ws/install/moveit_hybrid_planning/include/moveit/local_planner/feedback_types.h
[115.444s] -- Installing: /home/aaron/ur_ws/install/moveit_hybrid_planning/include/moveit/local_planner/local_constraint_solver_interface.h
[115.444s] -- Installing: /home/aaron/ur_ws/install/moveit_hybrid_planning/include/moveit/local_planner/trajectory_operator_interface.h
[115.446s] -- Up-to-date: /home/aaron/ur_ws/install/moveit_hybrid_planning/include
[115.446s] -- Up-to-date: /home/aaron/ur_ws/install/moveit_hybrid_planning/include/moveit
[115.447s] -- Installing: /home/aaron/ur_ws/install/moveit_hybrid_planning/include/moveit/trajectory_operator_plugins
[115.447s] -- Installing: /home/aaron/ur_ws/install/moveit_hybrid_planning/include/moveit/trajectory_operator_plugins/simple_sampler.h
[115.452s] -- Up-to-date: /home/aaron/ur_ws/install/moveit_hybrid_planning/include
[115.452s] -- Up-to-date: /home/aaron/ur_ws/install/moveit_hybrid_planning/include/moveit
[115.453s] -- Installing: /home/aaron/ur_ws/install/moveit_hybrid_planning/include/moveit/local_constraint_solver_plugins
[115.453s] -- Installing: /home/aaron/ur_ws/install/moveit_hybrid_planning/include/moveit/local_constraint_solver_plugins/forward_trajectory.h
[115.453s] -- Installing: /home/aaron/ur_ws/install/moveit_hybrid_planning/share/moveit_hybrid_planning/launch
[115.454s] -- Installing: /home/aaron/ur_ws/install/moveit_hybrid_planning/share/moveit_hybrid_planning/launch/hybrid_planning_common.py
[115.460s] -- Installing: /home/aaron/ur_ws/install/moveit_hybrid_planning/share/moveit_hybrid_planning/launch/test_basic_integration.test.py
[115.465s] -- Installing: /home/aaron/ur_ws/install/moveit_hybrid_planning/share/moveit_hybrid_planning/launch/hybrid_planning_demo.launch.py
[115.467s] -- Installing: /home/aaron/ur_ws/install/moveit_hybrid_planning/share/moveit_hybrid_planning/config
[115.469s] -- Installing: /home/aaron/ur_ws/install/moveit_hybrid_planning/share/moveit_hybrid_planning/config/demo_controller.yaml
[115.473s] -- Installing: /home/aaron/ur_ws/install/moveit_hybrid_planning/share/moveit_hybrid_planning/config/hybrid_planning_demo.rviz
[115.475s] -- Installing: /home/aaron/ur_ws/install/moveit_hybrid_planning/share/moveit_hybrid_planning/config/global_planner.yaml
[115.477s] -- Installing: /home/aaron/ur_ws/install/moveit_hybrid_planning/share/moveit_hybrid_planning/config/local_planner.yaml
[115.480s] -- Installing: /home/aaron/ur_ws/install/moveit_hybrid_planning/share/moveit_hybrid_planning/config/hybrid_planning_manager.yaml
[115.481s] -- Installing: /home/aaron/ur_ws/install/moveit_hybrid_planning/share/moveit_hybrid_planning/config/common_hybrid_planning_params.yaml
[115.487s] -- Installing: /home/aaron/ur_ws/install/moveit_hybrid_planning/share/moveit_hybrid_planning/single_plan_execution_plugin.xml
[115.491s] -- Installing: /home/aaron/ur_ws/install/moveit_hybrid_planning/share/moveit_hybrid_planning/moveit_planning_pipeline_plugin.xml
[115.492s] -- Installing: /home/aaron/ur_ws/install/moveit_hybrid_planning/share/moveit_hybrid_planning/simple_sampler_plugin.xml
[115.496s] -- Installing: /home/aaron/ur_ws/install/moveit_hybrid_planning/share/moveit_hybrid_planning/replan_invalidated_trajectory_plugin.xml
[115.497s] -- Installing: /home/aaron/ur_ws/install/moveit_hybrid_planning/share/moveit_hybrid_planning/forward_trajectory_plugin.xml
[115.502s] -- Installing: /home/aaron/ur_ws/install/moveit_hybrid_planning/share/moveit_hybrid_planning/environment/library_path.sh
[115.503s] -- Installing: /home/aaron/ur_ws/install/moveit_hybrid_planning/share/moveit_hybrid_planning/environment/library_path.dsv
[115.505s] -- Installing: /home/aaron/ur_ws/install/moveit_hybrid_planning/share/ament_index/resource_index/package_run_dependencies/moveit_hybrid_planning
[115.510s] -- Installing: /home/aaron/ur_ws/install/moveit_hybrid_planning/share/ament_index/resource_index/parent_prefix_path/moveit_hybrid_planning
[115.513s] -- Installing: /home/aaron/ur_ws/install/moveit_hybrid_planning/share/moveit_hybrid_planning/environment/ament_prefix_path.sh
[115.513s] -- Installing: /home/aaron/ur_ws/install/moveit_hybrid_planning/share/moveit_hybrid_planning/environment/ament_prefix_path.dsv
[115.517s] -- Installing: /home/aaron/ur_ws/install/moveit_hybrid_planning/share/moveit_hybrid_planning/environment/path.sh
[115.518s] -- Installing: /home/aaron/ur_ws/install/moveit_hybrid_planning/share/moveit_hybrid_planning/environment/path.dsv
[115.519s] -- Installing: /home/aaron/ur_ws/install/moveit_hybrid_planning/share/moveit_hybrid_planning/local_setup.bash
[115.525s] -- Installing: /home/aaron/ur_ws/install/moveit_hybrid_planning/share/moveit_hybrid_planning/local_setup.sh
[115.526s] -- Installing: /home/aaron/ur_ws/install/moveit_hybrid_planning/share/moveit_hybrid_planning/local_setup.zsh
[115.527s] -- Installing: /home/aaron/ur_ws/install/moveit_hybrid_planning/share/moveit_hybrid_planning/local_setup.dsv
[115.528s] -- Installing: /home/aaron/ur_ws/install/moveit_hybrid_planning/share/moveit_hybrid_planning/package.dsv
[115.533s] -- Installing: /home/aaron/ur_ws/install/moveit_hybrid_planning/share/ament_index/resource_index/packages/moveit_hybrid_planning
[115.537s] -- Installing: /home/aaron/ur_ws/install/moveit_hybrid_planning/share/ament_index/resource_index/moveit_hybrid_planning__pluginlib__plugin/moveit_hybrid_planning
[115.537s] -- Installing: /home/aaron/ur_ws/install/moveit_hybrid_planning/share/ament_index/resource_index/rclcpp_components/moveit_hybrid_planning
[115.540s] -- Installing: /home/aaron/ur_ws/install/moveit_hybrid_planning/share/moveit_hybrid_planning/cmake/export_moveit_hybrid_planningExport.cmake
[115.542s] -- Installing: /home/aaron/ur_ws/install/moveit_hybrid_planning/share/moveit_hybrid_planning/cmake/export_moveit_hybrid_planningExport-release.cmake
[115.546s] -- Installing: /home/aaron/ur_ws/install/moveit_hybrid_planning/share/moveit_hybrid_planning/cmake/ament_cmake_export_include_directories-extras.cmake
[115.547s] -- Installing: /home/aaron/ur_ws/install/moveit_hybrid_planning/share/moveit_hybrid_planning/cmake/ament_cmake_export_libraries-extras.cmake
[115.549s] -- Installing: /home/aaron/ur_ws/install/moveit_hybrid_planning/share/moveit_hybrid_planning/cmake/ament_cmake_export_dependencies-extras.cmake
[115.553s] -- Installing: /home/aaron/ur_ws/install/moveit_hybrid_planning/share/moveit_hybrid_planning/cmake/ament_cmake_export_targets-extras.cmake
[115.554s] -- Installing: /home/aaron/ur_ws/install/moveit_hybrid_planning/share/moveit_hybrid_planning/cmake/moveit_hybrid_planningConfig.cmake
[115.555s] -- Installing: /home/aaron/ur_ws/install/moveit_hybrid_planning/share/moveit_hybrid_planning/cmake/moveit_hybrid_planningConfig-version.cmake
[115.558s] -- Installing: /home/aaron/ur_ws/install/moveit_hybrid_planning/share/moveit_hybrid_planning/package.xml
[115.585s] Invoked command in '/home/aaron/ur_ws/build/moveit_hybrid_planning' returned '0': AMENT_PREFIX_PATH=/home/aaron/ur_ws/install/moveit_ros_planning_interface:/home/aaron/ur_ws/install/moveit_ros_move_group:/home/aaron/ur_ws/install/moveit_ros_warehouse:/home/aaron/ur_ws/install/moveit_planners_ompl:/home/aaron/ur_ws/install/moveit_kinematics:/home/aaron/ur_ws/install/moveit_ros_planning:/home/aaron/ur_ws/install/moveit_simple_controller_manager:/home/aaron/ur_ws/install/moveit_ros_occupancy_map_monitor:/home/aaron/ur_ws/install/moveit_core:/home/aaron/ur_ws/install/moveit_resources_panda_moveit_config:/home/aaron/ur_ws/install/moveit_resources_fanuc_moveit_config:/home/aaron/ur_ws/install/moveit_configs_utils:/home/aaron/ur_ws/install/srdfdom:/home/aaron/ur_ws/install/moveit_resources_pr2_description:/home/aaron/ur_ws/install/moveit_resources_panda_description:/home/aaron/ur_ws/install/moveit_resources_fanuc_description:/home/aaron/ur_ws/install/moveit_common:/home/aaron/ur_ws/install/launch_param_builder:${AMENT_PREFIX_PATH} CMAKE_PREFIX_PATH=/home/aaron/ur_ws/install/moveit_ros_planning_interface:/home/aaron/ur_ws/install/moveit_ros_move_group:/home/aaron/ur_ws/install/moveit_ros_warehouse:/home/aaron/ur_ws/install/moveit_planners_ompl:/home/aaron/ur_ws/install/moveit_kinematics:/home/aaron/ur_ws/install/moveit_ros_planning:/home/aaron/ur_ws/install/moveit_simple_controller_manager:/home/aaron/ur_ws/install/moveit_ros_occupancy_map_monitor:/home/aaron/ur_ws/install/moveit_core:/home/aaron/ur_ws/install/moveit_resources_panda_moveit_config:/home/aaron/ur_ws/install/moveit_resources_fanuc_moveit_config:/home/aaron/ur_ws/install/srdfdom:/home/aaron/ur_ws/install/moveit_resources_pr2_description:/home/aaron/ur_ws/install/moveit_resources_panda_description:/home/aaron/ur_ws/install/moveit_resources_fanuc_description:/home/aaron/ur_ws/install/moveit_common:/opt/ros/humble LD_LIBRARY_PATH=/home/aaron/ur_ws/install/moveit_ros_planning_interface/lib:/home/aaron/ur_ws/install/moveit_ros_move_group/lib:/home/aaron/ur_ws/install/moveit_ros_warehouse/lib:/home/aaron/ur_ws/install/moveit_planners_ompl/lib:/home/aaron/ur_ws/install/moveit_kinematics/lib:/home/aaron/ur_ws/install/moveit_ros_planning/lib:/home/aaron/ur_ws/install/moveit_simple_controller_manager/lib:/home/aaron/ur_ws/install/moveit_ros_occupancy_map_monitor/lib:/home/aaron/ur_ws/install/moveit_core/lib:/home/aaron/ur_ws/install/srdfdom/lib:${LD_LIBRARY_PATH} PATH=/home/aaron/ur_ws/install/moveit_core/bin:${PATH} PYTHONPATH=/home/aaron/ur_ws/install/moveit_configs_utils/lib/python3.10/site-packages:/home/aaron/ur_ws/install/srdfdom/local/lib/python3.10/dist-packages:/home/aaron/ur_ws/install/launch_param_builder/lib/python3.10/site-packages:${PYTHONPATH} /usr/bin/cmake --install /home/aaron/ur_ws/build/moveit_hybrid_planning
