[0.022s] Invoking command in '/home/aaron/ur_ws/build/moveit_planners_ompl': AMENT_PREFIX_PATH=/home/aaron/ur_ws/install/moveit_ros_planning:/home/aaron/ur_ws/install/moveit_ros_occupancy_map_monitor:/home/aaron/ur_ws/install/moveit_core:/home/aaron/ur_ws/install/moveit_resources_panda_moveit_config:/home/aaron/ur_ws/install/moveit_resources_fanuc_moveit_config:/home/aaron/ur_ws/install/moveit_configs_utils:/home/aaron/ur_ws/install/srdfdom:/home/aaron/ur_ws/install/moveit_resources_pr2_description:/home/aaron/ur_ws/install/moveit_resources_panda_description:/home/aaron/ur_ws/install/moveit_resources_fanuc_description:/home/aaron/ur_ws/install/moveit_common:/home/aaron/ur_ws/install/launch_param_builder:${AMENT_PREFIX_PATH} CMAKE_PREFIX_PATH=/home/aaron/ur_ws/install/moveit_ros_planning:/home/aaron/ur_ws/install/moveit_ros_occupancy_map_monitor:/home/aaron/ur_ws/install/moveit_core:/home/aaron/ur_ws/install/moveit_resources_panda_moveit_config:/home/aaron/ur_ws/install/moveit_resources_fanuc_moveit_config:/home/aaron/ur_ws/install/srdfdom:/home/aaron/ur_ws/install/moveit_resources_pr2_description:/home/aaron/ur_ws/install/moveit_resources_panda_description:/home/aaron/ur_ws/install/moveit_resources_fanuc_description:/home/aaron/ur_ws/install/moveit_common:/opt/ros/humble LD_LIBRARY_PATH=/home/aaron/ur_ws/install/moveit_ros_planning/lib:/home/aaron/ur_ws/install/moveit_ros_occupancy_map_monitor/lib:/home/aaron/ur_ws/install/moveit_core/lib:/home/aaron/ur_ws/install/srdfdom/lib:${LD_LIBRARY_PATH} PATH=/home/aaron/ur_ws/install/moveit_core/bin:${PATH} PYTHONPATH=/home/aaron/ur_ws/install/moveit_configs_utils/lib/python3.10/site-packages:/home/aaron/ur_ws/install/srdfdom/local/lib/python3.10/dist-packages:/home/aaron/ur_ws/install/launch_param_builder/lib/python3.10/site-packages:${PYTHONPATH} /usr/bin/cmake --build /home/aaron/ur_ws/build/moveit_planners_ompl -- -j20 -l20
[0.048s] [35m[1mConsolidate compiler generated dependencies of target gtest_main[0m
[0.049s] [35m[1mConsolidate compiler generated dependencies of target gtest[0m
[0.058s] [  4%] Built target gtest_main
[0.062s] [  9%] Built target gtest
[0.077s] [35m[1mConsolidate compiler generated dependencies of target moveit_ompl_interface[0m
[0.142s] [ 60%] Built target moveit_ompl_interface
[0.151s] [35m[1mConsolidate compiler generated dependencies of target test_threadsafe_state_storage[0m
[0.152s] [35m[1mConsolidate compiler generated dependencies of target moveit_ompl_planner_plugin[0m
[0.152s] [35m[1mConsolidate compiler generated dependencies of target test_state_space[0m
[0.153s] [35m[1mConsolidate compiler generated dependencies of target test_state_validity_checker[0m
[0.154s] [35m[1mConsolidate compiler generated dependencies of target test_constrained_planning_state_space[0m
[0.154s] [35m[1mConsolidate compiler generated dependencies of target test_planning_context_manager[0m
[0.155s] [35m[1mConsolidate compiler generated dependencies of target moveit_generate_state_database[0m
[0.156s] [35m[1mConsolidate compiler generated dependencies of target test_constrained_state_validity_checker[0m
[0.166s] [ 65%] Built target test_threadsafe_state_storage
[0.168s] [ 70%] Built target test_state_space
[0.169s] [ 75%] Built target moveit_ompl_planner_plugin
[0.171s] [ 80%] Built target test_state_validity_checker
[0.171s] [ 85%] Built target test_constrained_planning_state_space
[0.175s] [ 90%] Built target test_planning_context_manager
[0.178s] [ 95%] Built target test_constrained_state_validity_checker
[0.185s] [100%] Built target moveit_generate_state_database
[0.209s] Invoked command in '/home/aaron/ur_ws/build/moveit_planners_ompl' returned '0': AMENT_PREFIX_PATH=/home/aaron/ur_ws/install/moveit_ros_planning:/home/aaron/ur_ws/install/moveit_ros_occupancy_map_monitor:/home/aaron/ur_ws/install/moveit_core:/home/aaron/ur_ws/install/moveit_resources_panda_moveit_config:/home/aaron/ur_ws/install/moveit_resources_fanuc_moveit_config:/home/aaron/ur_ws/install/moveit_configs_utils:/home/aaron/ur_ws/install/srdfdom:/home/aaron/ur_ws/install/moveit_resources_pr2_description:/home/aaron/ur_ws/install/moveit_resources_panda_description:/home/aaron/ur_ws/install/moveit_resources_fanuc_description:/home/aaron/ur_ws/install/moveit_common:/home/aaron/ur_ws/install/launch_param_builder:${AMENT_PREFIX_PATH} CMAKE_PREFIX_PATH=/home/aaron/ur_ws/install/moveit_ros_planning:/home/aaron/ur_ws/install/moveit_ros_occupancy_map_monitor:/home/aaron/ur_ws/install/moveit_core:/home/aaron/ur_ws/install/moveit_resources_panda_moveit_config:/home/aaron/ur_ws/install/moveit_resources_fanuc_moveit_config:/home/aaron/ur_ws/install/srdfdom:/home/aaron/ur_ws/install/moveit_resources_pr2_description:/home/aaron/ur_ws/install/moveit_resources_panda_description:/home/aaron/ur_ws/install/moveit_resources_fanuc_description:/home/aaron/ur_ws/install/moveit_common:/opt/ros/humble LD_LIBRARY_PATH=/home/aaron/ur_ws/install/moveit_ros_planning/lib:/home/aaron/ur_ws/install/moveit_ros_occupancy_map_monitor/lib:/home/aaron/ur_ws/install/moveit_core/lib:/home/aaron/ur_ws/install/srdfdom/lib:${LD_LIBRARY_PATH} PATH=/home/aaron/ur_ws/install/moveit_core/bin:${PATH} PYTHONPATH=/home/aaron/ur_ws/install/moveit_configs_utils/lib/python3.10/site-packages:/home/aaron/ur_ws/install/srdfdom/local/lib/python3.10/dist-packages:/home/aaron/ur_ws/install/launch_param_builder/lib/python3.10/site-packages:${PYTHONPATH} /usr/bin/cmake --build /home/aaron/ur_ws/build/moveit_planners_ompl -- -j20 -l20
[0.211s] Invoking command in '/home/aaron/ur_ws/build/moveit_planners_ompl': AMENT_PREFIX_PATH=/home/aaron/ur_ws/install/moveit_ros_planning:/home/aaron/ur_ws/install/moveit_ros_occupancy_map_monitor:/home/aaron/ur_ws/install/moveit_core:/home/aaron/ur_ws/install/moveit_resources_panda_moveit_config:/home/aaron/ur_ws/install/moveit_resources_fanuc_moveit_config:/home/aaron/ur_ws/install/moveit_configs_utils:/home/aaron/ur_ws/install/srdfdom:/home/aaron/ur_ws/install/moveit_resources_pr2_description:/home/aaron/ur_ws/install/moveit_resources_panda_description:/home/aaron/ur_ws/install/moveit_resources_fanuc_description:/home/aaron/ur_ws/install/moveit_common:/home/aaron/ur_ws/install/launch_param_builder:${AMENT_PREFIX_PATH} CMAKE_PREFIX_PATH=/home/aaron/ur_ws/install/moveit_ros_planning:/home/aaron/ur_ws/install/moveit_ros_occupancy_map_monitor:/home/aaron/ur_ws/install/moveit_core:/home/aaron/ur_ws/install/moveit_resources_panda_moveit_config:/home/aaron/ur_ws/install/moveit_resources_fanuc_moveit_config:/home/aaron/ur_ws/install/srdfdom:/home/aaron/ur_ws/install/moveit_resources_pr2_description:/home/aaron/ur_ws/install/moveit_resources_panda_description:/home/aaron/ur_ws/install/moveit_resources_fanuc_description:/home/aaron/ur_ws/install/moveit_common:/opt/ros/humble LD_LIBRARY_PATH=/home/aaron/ur_ws/install/moveit_ros_planning/lib:/home/aaron/ur_ws/install/moveit_ros_occupancy_map_monitor/lib:/home/aaron/ur_ws/install/moveit_core/lib:/home/aaron/ur_ws/install/srdfdom/lib:${LD_LIBRARY_PATH} PATH=/home/aaron/ur_ws/install/moveit_core/bin:${PATH} PYTHONPATH=/home/aaron/ur_ws/install/moveit_configs_utils/lib/python3.10/site-packages:/home/aaron/ur_ws/install/srdfdom/local/lib/python3.10/dist-packages:/home/aaron/ur_ws/install/launch_param_builder/lib/python3.10/site-packages:${PYTHONPATH} /usr/bin/cmake --install /home/aaron/ur_ws/build/moveit_planners_ompl
[0.219s] -- Install configuration: "Release"
[0.219s] -- Installing: /home/aaron/ur_ws/install/moveit_planners_ompl/lib/moveit_planners_ompl/generate_state_database
[0.220s] -- Set runtime path of "/home/aaron/ur_ws/install/moveit_planners_ompl/lib/moveit_planners_ompl/generate_state_database" to ""
[0.220s] -- Installing: /home/aaron/ur_ws/install/moveit_planners_ompl/include
[0.220s] -- Installing: /home/aaron/ur_ws/install/moveit_planners_ompl/include/moveit
[0.220s] -- Installing: /home/aaron/ur_ws/install/moveit_planners_ompl/include/moveit/ompl_interface
[0.220s] -- Installing: /home/aaron/ur_ws/install/moveit_planners_ompl/include/moveit/ompl_interface/parameterization
[0.220s] -- Installing: /home/aaron/ur_ws/install/moveit_planners_ompl/include/moveit/ompl_interface/parameterization/model_based_state_space.h
[0.220s] -- Installing: /home/aaron/ur_ws/install/moveit_planners_ompl/include/moveit/ompl_interface/parameterization/work_space
[0.221s] -- Installing: /home/aaron/ur_ws/install/moveit_planners_ompl/include/moveit/ompl_interface/parameterization/work_space/pose_model_state_space_factory.h
[0.221s] -- Installing: /home/aaron/ur_ws/install/moveit_planners_ompl/include/moveit/ompl_interface/parameterization/work_space/pose_model_state_space.h
[0.221s] -- Installing: /home/aaron/ur_ws/install/moveit_planners_ompl/include/moveit/ompl_interface/parameterization/joint_space
[0.221s] -- Installing: /home/aaron/ur_ws/install/moveit_planners_ompl/include/moveit/ompl_interface/parameterization/joint_space/joint_model_state_space_factory.h
[0.221s] -- Installing: /home/aaron/ur_ws/install/moveit_planners_ompl/include/moveit/ompl_interface/parameterization/joint_space/constrained_planning_state_space.h
[0.221s] -- Installing: /home/aaron/ur_ws/install/moveit_planners_ompl/include/moveit/ompl_interface/parameterization/joint_space/joint_model_state_space.h
[0.221s] -- Installing: /home/aaron/ur_ws/install/moveit_planners_ompl/include/moveit/ompl_interface/parameterization/joint_space/constrained_planning_state_space_factory.h
[0.222s] -- Installing: /home/aaron/ur_ws/install/moveit_planners_ompl/include/moveit/ompl_interface/parameterization/model_based_state_space_factory.h
[0.222s] -- Installing: /home/aaron/ur_ws/install/moveit_planners_ompl/include/moveit/ompl_interface/model_based_planning_context.h
[0.222s] -- Installing: /home/aaron/ur_ws/install/moveit_planners_ompl/include/moveit/ompl_interface/planning_context_manager.h
[0.222s] -- Installing: /home/aaron/ur_ws/install/moveit_planners_ompl/include/moveit/ompl_interface/detail
[0.222s] -- Installing: /home/aaron/ur_ws/install/moveit_planners_ompl/include/moveit/ompl_interface/detail/constraints_library.h
[0.222s] -- Installing: /home/aaron/ur_ws/install/moveit_planners_ompl/include/moveit/ompl_interface/detail/constrained_goal_sampler.h
[0.223s] -- Installing: /home/aaron/ur_ws/install/moveit_planners_ompl/include/moveit/ompl_interface/detail/goal_union.h
[0.223s] -- Installing: /home/aaron/ur_ws/install/moveit_planners_ompl/include/moveit/ompl_interface/detail/threadsafe_state_storage.h
[0.223s] -- Installing: /home/aaron/ur_ws/install/moveit_planners_ompl/include/moveit/ompl_interface/detail/constrained_valid_state_sampler.h
[0.223s] -- Installing: /home/aaron/ur_ws/install/moveit_planners_ompl/include/moveit/ompl_interface/detail/constrained_sampler.h
[0.223s] -- Installing: /home/aaron/ur_ws/install/moveit_planners_ompl/include/moveit/ompl_interface/detail/constraint_approximations.h
[0.223s] -- Installing: /home/aaron/ur_ws/install/moveit_planners_ompl/include/moveit/ompl_interface/detail/state_validity_checker.h
[0.223s] -- Installing: /home/aaron/ur_ws/install/moveit_planners_ompl/include/moveit/ompl_interface/detail/ompl_constraints.h
[0.224s] -- Installing: /home/aaron/ur_ws/install/moveit_planners_ompl/include/moveit/ompl_interface/detail/projection_evaluators.h
[0.225s] -- Installing: /home/aaron/ur_ws/install/moveit_planners_ompl/include/moveit/ompl_interface/ompl_interface.h
[0.226s] -- Installing: /home/aaron/ur_ws/install/moveit_planners_ompl/lib/libmoveit_ompl_interface.so.2.5.9
[0.228s] -- Set runtime path of "/home/aaron/ur_ws/install/moveit_planners_ompl/lib/libmoveit_ompl_interface.so.2.5.9" to ""
[0.229s] -- Installing: /home/aaron/ur_ws/install/moveit_planners_ompl/lib/libmoveit_ompl_interface.so
[0.230s] -- Installing: /home/aaron/ur_ws/install/moveit_planners_ompl/lib/libmoveit_ompl_planner_plugin.so.2.5.9
[0.230s] -- Set runtime path of "/home/aaron/ur_ws/install/moveit_planners_ompl/lib/libmoveit_ompl_planner_plugin.so.2.5.9" to ""
[0.230s] -- Installing: /home/aaron/ur_ws/install/moveit_planners_ompl/lib/libmoveit_ompl_planner_plugin.so
[0.230s] -- Installing: /home/aaron/ur_ws/install/moveit_planners_ompl/share/moveit_planners_ompl/environment/library_path.sh
[0.230s] -- Installing: /home/aaron/ur_ws/install/moveit_planners_ompl/share/moveit_planners_ompl/environment/library_path.dsv
[0.231s] -- Installing: /home/aaron/ur_ws/install/moveit_planners_ompl/share/moveit_planners_ompl/ompl_interface_plugin_description.xml
[0.231s] -- Installing: /home/aaron/ur_ws/install/moveit_planners_ompl/share/ament_index/resource_index/package_run_dependencies/moveit_planners_ompl
[0.231s] -- Installing: /home/aaron/ur_ws/install/moveit_planners_ompl/share/ament_index/resource_index/parent_prefix_path/moveit_planners_ompl
[0.231s] -- Installing: /home/aaron/ur_ws/install/moveit_planners_ompl/share/moveit_planners_ompl/environment/ament_prefix_path.sh
[0.231s] -- Installing: /home/aaron/ur_ws/install/moveit_planners_ompl/share/moveit_planners_ompl/environment/ament_prefix_path.dsv
[0.231s] -- Installing: /home/aaron/ur_ws/install/moveit_planners_ompl/share/moveit_planners_ompl/environment/path.sh
[0.231s] -- Installing: /home/aaron/ur_ws/install/moveit_planners_ompl/share/moveit_planners_ompl/environment/path.dsv
[0.231s] -- Installing: /home/aaron/ur_ws/install/moveit_planners_ompl/share/moveit_planners_ompl/local_setup.bash
[0.232s] -- Installing: /home/aaron/ur_ws/install/moveit_planners_ompl/share/moveit_planners_ompl/local_setup.sh
[0.232s] -- Installing: /home/aaron/ur_ws/install/moveit_planners_ompl/share/moveit_planners_ompl/local_setup.zsh
[0.232s] -- Installing: /home/aaron/ur_ws/install/moveit_planners_ompl/share/moveit_planners_ompl/local_setup.dsv
[0.232s] -- Installing: /home/aaron/ur_ws/install/moveit_planners_ompl/share/moveit_planners_ompl/package.dsv
[0.232s] -- Installing: /home/aaron/ur_ws/install/moveit_planners_ompl/share/ament_index/resource_index/packages/moveit_planners_ompl
[0.232s] -- Installing: /home/aaron/ur_ws/install/moveit_planners_ompl/share/ament_index/resource_index/moveit_core__pluginlib__plugin/moveit_planners_ompl
[0.232s] -- Installing: /home/aaron/ur_ws/install/moveit_planners_ompl/share/moveit_planners_ompl/cmake/export_moveit_planners_omplExport.cmake
[0.232s] -- Installing: /home/aaron/ur_ws/install/moveit_planners_ompl/share/moveit_planners_ompl/cmake/export_moveit_planners_omplExport-release.cmake
[0.232s] -- Installing: /home/aaron/ur_ws/install/moveit_planners_ompl/share/moveit_planners_ompl/cmake/ament_cmake_export_targets-extras.cmake
[0.232s] -- Installing: /home/aaron/ur_ws/install/moveit_planners_ompl/share/moveit_planners_ompl/cmake/ament_cmake_export_dependencies-extras.cmake
[0.233s] -- Installing: /home/aaron/ur_ws/install/moveit_planners_ompl/share/moveit_planners_ompl/cmake/moveit_planners_omplConfig.cmake
[0.233s] -- Installing: /home/aaron/ur_ws/install/moveit_planners_ompl/share/moveit_planners_ompl/cmake/moveit_planners_omplConfig-version.cmake
[0.233s] -- Installing: /home/aaron/ur_ws/install/moveit_planners_ompl/share/moveit_planners_ompl/package.xml
[0.248s] Invoked command in '/home/aaron/ur_ws/build/moveit_planners_ompl' returned '0': AMENT_PREFIX_PATH=/home/aaron/ur_ws/install/moveit_ros_planning:/home/aaron/ur_ws/install/moveit_ros_occupancy_map_monitor:/home/aaron/ur_ws/install/moveit_core:/home/aaron/ur_ws/install/moveit_resources_panda_moveit_config:/home/aaron/ur_ws/install/moveit_resources_fanuc_moveit_config:/home/aaron/ur_ws/install/moveit_configs_utils:/home/aaron/ur_ws/install/srdfdom:/home/aaron/ur_ws/install/moveit_resources_pr2_description:/home/aaron/ur_ws/install/moveit_resources_panda_description:/home/aaron/ur_ws/install/moveit_resources_fanuc_description:/home/aaron/ur_ws/install/moveit_common:/home/aaron/ur_ws/install/launch_param_builder:${AMENT_PREFIX_PATH} CMAKE_PREFIX_PATH=/home/aaron/ur_ws/install/moveit_ros_planning:/home/aaron/ur_ws/install/moveit_ros_occupancy_map_monitor:/home/aaron/ur_ws/install/moveit_core:/home/aaron/ur_ws/install/moveit_resources_panda_moveit_config:/home/aaron/ur_ws/install/moveit_resources_fanuc_moveit_config:/home/aaron/ur_ws/install/srdfdom:/home/aaron/ur_ws/install/moveit_resources_pr2_description:/home/aaron/ur_ws/install/moveit_resources_panda_description:/home/aaron/ur_ws/install/moveit_resources_fanuc_description:/home/aaron/ur_ws/install/moveit_common:/opt/ros/humble LD_LIBRARY_PATH=/home/aaron/ur_ws/install/moveit_ros_planning/lib:/home/aaron/ur_ws/install/moveit_ros_occupancy_map_monitor/lib:/home/aaron/ur_ws/install/moveit_core/lib:/home/aaron/ur_ws/install/srdfdom/lib:${LD_LIBRARY_PATH} PATH=/home/aaron/ur_ws/install/moveit_core/bin:${PATH} PYTHONPATH=/home/aaron/ur_ws/install/moveit_configs_utils/lib/python3.10/site-packages:/home/aaron/ur_ws/install/srdfdom/local/lib/python3.10/dist-packages:/home/aaron/ur_ws/install/launch_param_builder/lib/python3.10/site-packages:${PYTHONPATH} /usr/bin/cmake --install /home/aaron/ur_ws/build/moveit_planners_ompl
