running egg_info
writing ../../build/waypoint_pub/waypoint_pub.egg-info/PKG-INFO
writing dependency_links to ../../build/waypoint_pub/waypoint_pub.egg-info/dependency_links.txt
writing entry points to ../../build/waypoint_pub/waypoint_pub.egg-info/entry_points.txt
writing requirements to ../../build/waypoint_pub/waypoint_pub.egg-info/requires.txt
writing top-level names to ../../build/waypoint_pub/waypoint_pub.egg-info/top_level.txt
reading manifest file '../../build/waypoint_pub/waypoint_pub.egg-info/SOURCES.txt'
adding license file 'LICENSE'
writing manifest file '../../build/waypoint_pub/waypoint_pub.egg-info/SOURCES.txt'
running build
running build_py
copying waypoint_pub/pose_control.py -> /home/aaron/ur_ws/build/waypoint_pub/build/lib/waypoint_pub
running install
running install_lib
copying /home/aaron/ur_ws/build/waypoint_pub/build/lib/waypoint_pub/pose_control.py -> /home/aaron/ur_ws/install/waypoint_pub/lib/python3.10/site-packages/waypoint_pub
byte-compiling /home/aaron/ur_ws/install/waypoint_pub/lib/python3.10/site-packages/waypoint_pub/pose_control.py to pose_control.cpython-310.pyc
/home/aaron/ur_ws/install/waypoint_pub/lib/python3.10/site-packages/waypoint_pub/pose_control.py:50: SyntaxWarning: 'ellipsis' object is not callable; perhaps you missed a comma?
  cmdmsg = ...()
running install_data
running install_egg_info
removing '/home/aaron/ur_ws/install/waypoint_pub/lib/python3.10/site-packages/waypoint_pub-0.0.0-py3.10.egg-info' (and everything under it)
Copying ../../build/waypoint_pub/waypoint_pub.egg-info to /home/aaron/ur_ws/install/waypoint_pub/lib/python3.10/site-packages/waypoint_pub-0.0.0-py3.10.egg-info
running install_scripts
writing list of installed files to '/home/aaron/ur_ws/build/waypoint_pub/install.log'
