[0.587s] Invoking command in '/home/aaron/ur_ws/src/waypoint_pub': PYTHONPATH=/home/aaron/ur_ws/build/waypoint_pub/prefix_override:/usr/lib/python3/dist-packages/colcon_core/task/python/colcon_distutils_commands:/home/aaron/ur_ws/install/waypoint_pub/lib/python3.10/site-packages:${PYTHONPATH} /usr/bin/python3 -W ignore:setup.py install is deprecated -W ignore:easy_install command is deprecated setup.py egg_info --egg-base ../../build/waypoint_pub build --build-base /home/aaron/ur_ws/build/waypoint_pub/build install --record /home/aaron/ur_ws/build/waypoint_pub/install.log --single-version-externally-managed install_data
[0.740s] running egg_info
[0.740s] writing ../../build/waypoint_pub/waypoint_pub.egg-info/PKG-INFO
[0.740s] writing dependency_links to ../../build/waypoint_pub/waypoint_pub.egg-info/dependency_links.txt
[0.740s] writing entry points to ../../build/waypoint_pub/waypoint_pub.egg-info/entry_points.txt
[0.740s] writing requirements to ../../build/waypoint_pub/waypoint_pub.egg-info/requires.txt
[0.740s] writing top-level names to ../../build/waypoint_pub/waypoint_pub.egg-info/top_level.txt
[0.741s] reading manifest file '../../build/waypoint_pub/waypoint_pub.egg-info/SOURCES.txt'
[0.743s] adding license file 'LICENSE'
[0.744s] writing manifest file '../../build/waypoint_pub/waypoint_pub.egg-info/SOURCES.txt'
[0.744s] running build
[0.744s] running build_py
[0.744s] copying waypoint_pub/pose_control.py -> /home/aaron/ur_ws/build/waypoint_pub/build/lib/waypoint_pub
[0.744s] running install
[0.744s] running install_lib
[0.744s] copying /home/aaron/ur_ws/build/waypoint_pub/build/lib/waypoint_pub/pose_control.py -> /home/aaron/ur_ws/install/waypoint_pub/lib/python3.10/site-packages/waypoint_pub
[0.745s] byte-compiling /home/aaron/ur_ws/install/waypoint_pub/lib/python3.10/site-packages/waypoint_pub/pose_control.py to pose_control.cpython-310.pyc
[0.745s] /home/aaron/ur_ws/install/waypoint_pub/lib/python3.10/site-packages/waypoint_pub/pose_control.py:50: SyntaxWarning: 'ellipsis' object is not callable; perhaps you missed a comma?
[0.745s]   cmdmsg = ...()
[0.745s] running install_data
[0.745s] running install_egg_info
[0.746s] removing '/home/aaron/ur_ws/install/waypoint_pub/lib/python3.10/site-packages/waypoint_pub-0.0.0-py3.10.egg-info' (and everything under it)
[0.747s] Copying ../../build/waypoint_pub/waypoint_pub.egg-info to /home/aaron/ur_ws/install/waypoint_pub/lib/python3.10/site-packages/waypoint_pub-0.0.0-py3.10.egg-info
[0.748s] running install_scripts
[0.760s] writing list of installed files to '/home/aaron/ur_ws/build/waypoint_pub/install.log'
[0.775s] Invoked command in '/home/aaron/ur_ws/src/waypoint_pub' returned '0': PYTHONPATH=/home/aaron/ur_ws/build/waypoint_pub/prefix_override:/usr/lib/python3/dist-packages/colcon_core/task/python/colcon_distutils_commands:/home/aaron/ur_ws/install/waypoint_pub/lib/python3.10/site-packages:${PYTHONPATH} /usr/bin/python3 -W ignore:setup.py install is deprecated -W ignore:easy_install command is deprecated setup.py egg_info --egg-base ../../build/waypoint_pub build --build-base /home/aaron/ur_ws/build/waypoint_pub/build install --record /home/aaron/ur_ws/build/waypoint_pub/install.log --single-version-externally-managed install_data
