[0.015s] Invoking command in '/home/aaron/ur_ws/build/chomp_motion_planner': AMENT_PREFIX_PATH=/home/aaron/ur_ws/install/moveit_core:/home/aaron/ur_ws/install/moveit_resources_panda_moveit_config:/home/aaron/ur_ws/install/srdfdom:/home/aaron/ur_ws/install/moveit_resources_pr2_description:/home/aaron/ur_ws/install/moveit_resources_panda_description:/home/aaron/ur_ws/install/moveit_common:${AMENT_PREFIX_PATH} CMAKE_PREFIX_PATH=/home/aaron/ur_ws/install/moveit_core:/home/aaron/ur_ws/install/moveit_resources_panda_moveit_config:/home/aaron/ur_ws/install/srdfdom:/home/aaron/ur_ws/install/moveit_resources_pr2_description:/home/aaron/ur_ws/install/moveit_resources_panda_description:/home/aaron/ur_ws/install/moveit_common:/opt/ros/humble LD_LIBRARY_PATH=/home/aaron/ur_ws/install/moveit_core/lib:/home/aaron/ur_ws/install/srdfdom/lib:${LD_LIBRARY_PATH} PATH=/home/aaron/ur_ws/install/moveit_core/bin:${PATH} PYTHONPATH=/home/aaron/ur_ws/install/srdfdom/local/lib/python3.10/dist-packages:${PYTHONPATH} /usr/bin/cmake --build /home/aaron/ur_ws/build/chomp_motion_planner -- -j20 -l20
[0.064s] [100%] Built target chomp_motion_planner
[0.090s] Invoked command in '/home/aaron/ur_ws/build/chomp_motion_planner' returned '0': AMENT_PREFIX_PATH=/home/aaron/ur_ws/install/moveit_core:/home/aaron/ur_ws/install/moveit_resources_panda_moveit_config:/home/aaron/ur_ws/install/srdfdom:/home/aaron/ur_ws/install/moveit_resources_pr2_description:/home/aaron/ur_ws/install/moveit_resources_panda_description:/home/aaron/ur_ws/install/moveit_common:${AMENT_PREFIX_PATH} CMAKE_PREFIX_PATH=/home/aaron/ur_ws/install/moveit_core:/home/aaron/ur_ws/install/moveit_resources_panda_moveit_config:/home/aaron/ur_ws/install/srdfdom:/home/aaron/ur_ws/install/moveit_resources_pr2_description:/home/aaron/ur_ws/install/moveit_resources_panda_description:/home/aaron/ur_ws/install/moveit_common:/opt/ros/humble LD_LIBRARY_PATH=/home/aaron/ur_ws/install/moveit_core/lib:/home/aaron/ur_ws/install/srdfdom/lib:${LD_LIBRARY_PATH} PATH=/home/aaron/ur_ws/install/moveit_core/bin:${PATH} PYTHONPATH=/home/aaron/ur_ws/install/srdfdom/local/lib/python3.10/dist-packages:${PYTHONPATH} /usr/bin/cmake --build /home/aaron/ur_ws/build/chomp_motion_planner -- -j20 -l20
[0.091s] Invoking command in '/home/aaron/ur_ws/build/chomp_motion_planner': AMENT_PREFIX_PATH=/home/aaron/ur_ws/install/moveit_core:/home/aaron/ur_ws/install/moveit_resources_panda_moveit_config:/home/aaron/ur_ws/install/srdfdom:/home/aaron/ur_ws/install/moveit_resources_pr2_description:/home/aaron/ur_ws/install/moveit_resources_panda_description:/home/aaron/ur_ws/install/moveit_common:${AMENT_PREFIX_PATH} CMAKE_PREFIX_PATH=/home/aaron/ur_ws/install/moveit_core:/home/aaron/ur_ws/install/moveit_resources_panda_moveit_config:/home/aaron/ur_ws/install/srdfdom:/home/aaron/ur_ws/install/moveit_resources_pr2_description:/home/aaron/ur_ws/install/moveit_resources_panda_description:/home/aaron/ur_ws/install/moveit_common:/opt/ros/humble LD_LIBRARY_PATH=/home/aaron/ur_ws/install/moveit_core/lib:/home/aaron/ur_ws/install/srdfdom/lib:${LD_LIBRARY_PATH} PATH=/home/aaron/ur_ws/install/moveit_core/bin:${PATH} PYTHONPATH=/home/aaron/ur_ws/install/srdfdom/local/lib/python3.10/dist-packages:${PYTHONPATH} /usr/bin/cmake --install /home/aaron/ur_ws/build/chomp_motion_planner
[0.099s] -- Install configuration: "Release"
[0.100s] -- Up-to-date: /home/aaron/ur_ws/install/chomp_motion_planner/lib/libchomp_motion_planner.so.2.5.9
[0.100s] -- Up-to-date: /home/aaron/ur_ws/install/chomp_motion_planner/lib/libchomp_motion_planner.so
[0.100s] -- Up-to-date: /home/aaron/ur_ws/install/chomp_motion_planner/include
[0.100s] -- Up-to-date: /home/aaron/ur_ws/install/chomp_motion_planner/include/chomp_motion_planner
[0.100s] -- Up-to-date: /home/aaron/ur_ws/install/chomp_motion_planner/include/chomp_motion_planner/chomp_utils.h
[0.100s] -- Up-to-date: /home/aaron/ur_ws/install/chomp_motion_planner/include/chomp_motion_planner/chomp_trajectory.h
[0.100s] -- Up-to-date: /home/aaron/ur_ws/install/chomp_motion_planner/include/chomp_motion_planner/chomp_parameters.h
[0.100s] -- Up-to-date: /home/aaron/ur_ws/install/chomp_motion_planner/include/chomp_motion_planner/chomp_cost.h
[0.100s] -- Up-to-date: /home/aaron/ur_ws/install/chomp_motion_planner/include/chomp_motion_planner/chomp_planner.h
[0.100s] -- Up-to-date: /home/aaron/ur_ws/install/chomp_motion_planner/include/chomp_motion_planner/multivariate_gaussian.h
[0.100s] -- Up-to-date: /home/aaron/ur_ws/install/chomp_motion_planner/include/chomp_motion_planner/chomp_optimizer.h
[0.101s] -- Up-to-date: /home/aaron/ur_ws/install/chomp_motion_planner/share/chomp_motion_planner/environment/library_path.sh
[0.101s] -- Up-to-date: /home/aaron/ur_ws/install/chomp_motion_planner/share/chomp_motion_planner/environment/library_path.dsv
[0.101s] -- Up-to-date: /home/aaron/ur_ws/install/chomp_motion_planner/share/ament_index/resource_index/package_run_dependencies/chomp_motion_planner
[0.101s] -- Up-to-date: /home/aaron/ur_ws/install/chomp_motion_planner/share/ament_index/resource_index/parent_prefix_path/chomp_motion_planner
[0.101s] -- Up-to-date: /home/aaron/ur_ws/install/chomp_motion_planner/share/chomp_motion_planner/environment/ament_prefix_path.sh
[0.101s] -- Up-to-date: /home/aaron/ur_ws/install/chomp_motion_planner/share/chomp_motion_planner/environment/ament_prefix_path.dsv
[0.101s] -- Up-to-date: /home/aaron/ur_ws/install/chomp_motion_planner/share/chomp_motion_planner/environment/path.sh
[0.101s] -- Up-to-date: /home/aaron/ur_ws/install/chomp_motion_planner/share/chomp_motion_planner/environment/path.dsv
[0.101s] -- Up-to-date: /home/aaron/ur_ws/install/chomp_motion_planner/share/chomp_motion_planner/local_setup.bash
[0.101s] -- Up-to-date: /home/aaron/ur_ws/install/chomp_motion_planner/share/chomp_motion_planner/local_setup.sh
[0.101s] -- Up-to-date: /home/aaron/ur_ws/install/chomp_motion_planner/share/chomp_motion_planner/local_setup.zsh
[0.101s] -- Up-to-date: /home/aaron/ur_ws/install/chomp_motion_planner/share/chomp_motion_planner/local_setup.dsv
[0.101s] -- Installing: /home/aaron/ur_ws/install/chomp_motion_planner/share/chomp_motion_planner/package.dsv
[0.101s] -- Up-to-date: /home/aaron/ur_ws/install/chomp_motion_planner/share/ament_index/resource_index/packages/chomp_motion_planner
[0.101s] -- Up-to-date: /home/aaron/ur_ws/install/chomp_motion_planner/share/chomp_motion_planner/cmake/chomp_motion_plannerTargetsExport.cmake
[0.101s] -- Up-to-date: /home/aaron/ur_ws/install/chomp_motion_planner/share/chomp_motion_planner/cmake/chomp_motion_plannerTargetsExport-release.cmake
[0.101s] -- Up-to-date: /home/aaron/ur_ws/install/chomp_motion_planner/share/chomp_motion_planner/cmake/ament_cmake_export_targets-extras.cmake
[0.101s] -- Up-to-date: /home/aaron/ur_ws/install/chomp_motion_planner/share/chomp_motion_planner/cmake/chomp_motion_plannerConfig.cmake
[0.101s] -- Up-to-date: /home/aaron/ur_ws/install/chomp_motion_planner/share/chomp_motion_planner/cmake/chomp_motion_plannerConfig-version.cmake
[0.101s] -- Up-to-date: /home/aaron/ur_ws/install/chomp_motion_planner/share/chomp_motion_planner/package.xml
[0.120s] Invoked command in '/home/aaron/ur_ws/build/chomp_motion_planner' returned '0': AMENT_PREFIX_PATH=/home/aaron/ur_ws/install/moveit_core:/home/aaron/ur_ws/install/moveit_resources_panda_moveit_config:/home/aaron/ur_ws/install/srdfdom:/home/aaron/ur_ws/install/moveit_resources_pr2_description:/home/aaron/ur_ws/install/moveit_resources_panda_description:/home/aaron/ur_ws/install/moveit_common:${AMENT_PREFIX_PATH} CMAKE_PREFIX_PATH=/home/aaron/ur_ws/install/moveit_core:/home/aaron/ur_ws/install/moveit_resources_panda_moveit_config:/home/aaron/ur_ws/install/srdfdom:/home/aaron/ur_ws/install/moveit_resources_pr2_description:/home/aaron/ur_ws/install/moveit_resources_panda_description:/home/aaron/ur_ws/install/moveit_common:/opt/ros/humble LD_LIBRARY_PATH=/home/aaron/ur_ws/install/moveit_core/lib:/home/aaron/ur_ws/install/srdfdom/lib:${LD_LIBRARY_PATH} PATH=/home/aaron/ur_ws/install/moveit_core/bin:${PATH} PYTHONPATH=/home/aaron/ur_ws/install/srdfdom/local/lib/python3.10/dist-packages:${PYTHONPATH} /usr/bin/cmake --install /home/aaron/ur_ws/build/chomp_motion_planner
