[0.024s] Invoking command in '/home/aaron/ur_ws/build/moveit_visual_tools': AMENT_PREFIX_PATH=/home/aaron/ur_ws/install/moveit_ros_planning:/home/aaron/ur_ws/install/moveit_ros_occupancy_map_monitor:/home/aaron/ur_ws/install/moveit_core:/home/aaron/ur_ws/install/moveit_resources_panda_moveit_config:/home/aaron/ur_ws/install/moveit_configs_utils:/home/aaron/ur_ws/install/srdfdom:/home/aaron/ur_ws/install/moveit_resources_pr2_description:/home/aaron/ur_ws/install/moveit_resources_panda_description:/home/aaron/ur_ws/install/moveit_common:/home/aaron/ur_ws/install/launch_param_builder:${AMENT_PREFIX_PATH} CMAKE_PREFIX_PATH=/home/aaron/ur_ws/install/moveit_ros_planning:/home/aaron/ur_ws/install/moveit_ros_occupancy_map_monitor:/home/aaron/ur_ws/install/moveit_core:/home/aaron/ur_ws/install/moveit_resources_panda_moveit_config:/home/aaron/ur_ws/install/srdfdom:/home/aaron/ur_ws/install/moveit_resources_pr2_description:/home/aaron/ur_ws/install/moveit_resources_panda_description:/home/aaron/ur_ws/install/moveit_common:/opt/ros/humble LD_LIBRARY_PATH=/home/aaron/ur_ws/install/moveit_ros_planning/lib:/home/aaron/ur_ws/install/moveit_ros_occupancy_map_monitor/lib:/home/aaron/ur_ws/install/moveit_core/lib:/home/aaron/ur_ws/install/srdfdom/lib:${LD_LIBRARY_PATH} PATH=/home/aaron/ur_ws/install/moveit_core/bin:${PATH} PYTHONPATH=/home/aaron/ur_ws/install/moveit_configs_utils/lib/python3.10/site-packages:/home/aaron/ur_ws/install/srdfdom/local/lib/python3.10/dist-packages:/home/aaron/ur_ws/install/launch_param_builder/lib/python3.10/site-packages:${PYTHONPATH} /usr/bin/cmake --build /home/aaron/ur_ws/build/moveit_visual_tools -- -j20 -l20
[0.085s] [ 66%] Built target moveit_visual_tools
[0.126s] [100%] Built target moveit_visual_tools_demo
[0.168s] Invoked command in '/home/aaron/ur_ws/build/moveit_visual_tools' returned '0': AMENT_PREFIX_PATH=/home/aaron/ur_ws/install/moveit_ros_planning:/home/aaron/ur_ws/install/moveit_ros_occupancy_map_monitor:/home/aaron/ur_ws/install/moveit_core:/home/aaron/ur_ws/install/moveit_resources_panda_moveit_config:/home/aaron/ur_ws/install/moveit_configs_utils:/home/aaron/ur_ws/install/srdfdom:/home/aaron/ur_ws/install/moveit_resources_pr2_description:/home/aaron/ur_ws/install/moveit_resources_panda_description:/home/aaron/ur_ws/install/moveit_common:/home/aaron/ur_ws/install/launch_param_builder:${AMENT_PREFIX_PATH} CMAKE_PREFIX_PATH=/home/aaron/ur_ws/install/moveit_ros_planning:/home/aaron/ur_ws/install/moveit_ros_occupancy_map_monitor:/home/aaron/ur_ws/install/moveit_core:/home/aaron/ur_ws/install/moveit_resources_panda_moveit_config:/home/aaron/ur_ws/install/srdfdom:/home/aaron/ur_ws/install/moveit_resources_pr2_description:/home/aaron/ur_ws/install/moveit_resources_panda_description:/home/aaron/ur_ws/install/moveit_common:/opt/ros/humble LD_LIBRARY_PATH=/home/aaron/ur_ws/install/moveit_ros_planning/lib:/home/aaron/ur_ws/install/moveit_ros_occupancy_map_monitor/lib:/home/aaron/ur_ws/install/moveit_core/lib:/home/aaron/ur_ws/install/srdfdom/lib:${LD_LIBRARY_PATH} PATH=/home/aaron/ur_ws/install/moveit_core/bin:${PATH} PYTHONPATH=/home/aaron/ur_ws/install/moveit_configs_utils/lib/python3.10/site-packages:/home/aaron/ur_ws/install/srdfdom/local/lib/python3.10/dist-packages:/home/aaron/ur_ws/install/launch_param_builder/lib/python3.10/site-packages:${PYTHONPATH} /usr/bin/cmake --build /home/aaron/ur_ws/build/moveit_visual_tools -- -j20 -l20
[0.169s] Invoking command in '/home/aaron/ur_ws/build/moveit_visual_tools': AMENT_PREFIX_PATH=/home/aaron/ur_ws/install/moveit_ros_planning:/home/aaron/ur_ws/install/moveit_ros_occupancy_map_monitor:/home/aaron/ur_ws/install/moveit_core:/home/aaron/ur_ws/install/moveit_resources_panda_moveit_config:/home/aaron/ur_ws/install/moveit_configs_utils:/home/aaron/ur_ws/install/srdfdom:/home/aaron/ur_ws/install/moveit_resources_pr2_description:/home/aaron/ur_ws/install/moveit_resources_panda_description:/home/aaron/ur_ws/install/moveit_common:/home/aaron/ur_ws/install/launch_param_builder:${AMENT_PREFIX_PATH} CMAKE_PREFIX_PATH=/home/aaron/ur_ws/install/moveit_ros_planning:/home/aaron/ur_ws/install/moveit_ros_occupancy_map_monitor:/home/aaron/ur_ws/install/moveit_core:/home/aaron/ur_ws/install/moveit_resources_panda_moveit_config:/home/aaron/ur_ws/install/srdfdom:/home/aaron/ur_ws/install/moveit_resources_pr2_description:/home/aaron/ur_ws/install/moveit_resources_panda_description:/home/aaron/ur_ws/install/moveit_common:/opt/ros/humble LD_LIBRARY_PATH=/home/aaron/ur_ws/install/moveit_ros_planning/lib:/home/aaron/ur_ws/install/moveit_ros_occupancy_map_monitor/lib:/home/aaron/ur_ws/install/moveit_core/lib:/home/aaron/ur_ws/install/srdfdom/lib:${LD_LIBRARY_PATH} PATH=/home/aaron/ur_ws/install/moveit_core/bin:${PATH} PYTHONPATH=/home/aaron/ur_ws/install/moveit_configs_utils/lib/python3.10/site-packages:/home/aaron/ur_ws/install/srdfdom/local/lib/python3.10/dist-packages:/home/aaron/ur_ws/install/launch_param_builder/lib/python3.10/site-packages:${PYTHONPATH} /usr/bin/cmake --install /home/aaron/ur_ws/build/moveit_visual_tools
[0.186s] -- Install configuration: "Release"
[0.186s] -- Up-to-date: /home/aaron/ur_ws/install/moveit_visual_tools/share/moveit_visual_tools/environment/library_path.sh
[0.186s] -- Up-to-date: /home/aaron/ur_ws/install/moveit_visual_tools/share/moveit_visual_tools/environment/library_path.dsv
[0.187s] -- Up-to-date: /home/aaron/ur_ws/install/moveit_visual_tools/lib/libmoveit_visual_tools.so
[0.187s] -- Up-to-date: /home/aaron/ur_ws/install/moveit_visual_tools/lib/moveit_visual_tools/moveit_visual_tools_demo
[0.187s] -- Up-to-date: /home/aaron/ur_ws/install/moveit_visual_tools/include
[0.187s] -- Up-to-date: /home/aaron/ur_ws/install/moveit_visual_tools/include/moveit_visual_tools
[0.187s] -- Up-to-date: /home/aaron/ur_ws/install/moveit_visual_tools/include/moveit_visual_tools/moveit_visual_tools.h
[0.187s] -- Up-to-date: /home/aaron/ur_ws/install/moveit_visual_tools/include/moveit_visual_tools/imarker_robot_state.h
[0.187s] -- Up-to-date: /home/aaron/ur_ws/install/moveit_visual_tools/include/moveit_visual_tools/imarker_end_effector.h
[0.187s] -- Up-to-date: /home/aaron/ur_ws/install/moveit_visual_tools/share/moveit_visual_tools/launch
[0.187s] -- Up-to-date: /home/aaron/ur_ws/install/moveit_visual_tools/share/moveit_visual_tools/launch/demo_rviz.launch.py
[0.187s] -- Up-to-date: /home/aaron/ur_ws/install/moveit_visual_tools/share/moveit_visual_tools/launch/demo.rviz
[0.187s] -- Up-to-date: /home/aaron/ur_ws/install/moveit_visual_tools/share/moveit_visual_tools/resources
[0.187s] -- Up-to-date: /home/aaron/ur_ws/install/moveit_visual_tools/share/moveit_visual_tools/resources/screenshot.png
[0.187s] -- Up-to-date: /home/aaron/ur_ws/install/moveit_visual_tools/share/moveit_visual_tools/resources/rrbot.urdf
[0.187s] -- Up-to-date: /home/aaron/ur_ws/install/moveit_visual_tools/share/moveit_visual_tools/resources/rrbot.srdf
[0.187s] -- Up-to-date: /home/aaron/ur_ws/install/moveit_visual_tools/share/moveit_visual_tools/resources/demo.png
[0.187s] -- Up-to-date: /home/aaron/ur_ws/install/moveit_visual_tools/share/moveit_visual_tools/resources/demo_mesh.stl
[0.187s] -- Up-to-date: /home/aaron/ur_ws/install/moveit_visual_tools/share/ament_index/resource_index/package_run_dependencies/moveit_visual_tools
[0.187s] -- Up-to-date: /home/aaron/ur_ws/install/moveit_visual_tools/share/ament_index/resource_index/parent_prefix_path/moveit_visual_tools
[0.188s] -- Up-to-date: /home/aaron/ur_ws/install/moveit_visual_tools/share/moveit_visual_tools/environment/ament_prefix_path.sh
[0.188s] -- Up-to-date: /home/aaron/ur_ws/install/moveit_visual_tools/share/moveit_visual_tools/environment/ament_prefix_path.dsv
[0.188s] -- Up-to-date: /home/aaron/ur_ws/install/moveit_visual_tools/share/moveit_visual_tools/environment/path.sh
[0.188s] -- Up-to-date: /home/aaron/ur_ws/install/moveit_visual_tools/share/moveit_visual_tools/environment/path.dsv
[0.188s] -- Up-to-date: /home/aaron/ur_ws/install/moveit_visual_tools/share/moveit_visual_tools/local_setup.bash
[0.188s] -- Up-to-date: /home/aaron/ur_ws/install/moveit_visual_tools/share/moveit_visual_tools/local_setup.sh
[0.188s] -- Up-to-date: /home/aaron/ur_ws/install/moveit_visual_tools/share/moveit_visual_tools/local_setup.zsh
[0.188s] -- Up-to-date: /home/aaron/ur_ws/install/moveit_visual_tools/share/moveit_visual_tools/local_setup.dsv
[0.188s] -- Installing: /home/aaron/ur_ws/install/moveit_visual_tools/share/moveit_visual_tools/package.dsv
[0.188s] -- Up-to-date: /home/aaron/ur_ws/install/moveit_visual_tools/share/ament_index/resource_index/packages/moveit_visual_tools
[0.188s] -- Up-to-date: /home/aaron/ur_ws/install/moveit_visual_tools/share/moveit_visual_tools/cmake/export_moveit_visual_toolsExport.cmake
[0.188s] -- Up-to-date: /home/aaron/ur_ws/install/moveit_visual_tools/share/moveit_visual_tools/cmake/export_moveit_visual_toolsExport-release.cmake
[0.188s] -- Up-to-date: /home/aaron/ur_ws/install/moveit_visual_tools/share/moveit_visual_tools/cmake/ament_cmake_export_targets-extras.cmake
[0.188s] -- Up-to-date: /home/aaron/ur_ws/install/moveit_visual_tools/share/moveit_visual_tools/cmake/ament_cmake_export_dependencies-extras.cmake
[0.188s] -- Up-to-date: /home/aaron/ur_ws/install/moveit_visual_tools/share/moveit_visual_tools/cmake/moveit_visual_toolsConfig.cmake
[0.189s] -- Up-to-date: /home/aaron/ur_ws/install/moveit_visual_tools/share/moveit_visual_tools/cmake/moveit_visual_toolsConfig-version.cmake
[0.189s] -- Up-to-date: /home/aaron/ur_ws/install/moveit_visual_tools/share/moveit_visual_tools/package.xml
[0.200s] Invoked command in '/home/aaron/ur_ws/build/moveit_visual_tools' returned '0': AMENT_PREFIX_PATH=/home/aaron/ur_ws/install/moveit_ros_planning:/home/aaron/ur_ws/install/moveit_ros_occupancy_map_monitor:/home/aaron/ur_ws/install/moveit_core:/home/aaron/ur_ws/install/moveit_resources_panda_moveit_config:/home/aaron/ur_ws/install/moveit_configs_utils:/home/aaron/ur_ws/install/srdfdom:/home/aaron/ur_ws/install/moveit_resources_pr2_description:/home/aaron/ur_ws/install/moveit_resources_panda_description:/home/aaron/ur_ws/install/moveit_common:/home/aaron/ur_ws/install/launch_param_builder:${AMENT_PREFIX_PATH} CMAKE_PREFIX_PATH=/home/aaron/ur_ws/install/moveit_ros_planning:/home/aaron/ur_ws/install/moveit_ros_occupancy_map_monitor:/home/aaron/ur_ws/install/moveit_core:/home/aaron/ur_ws/install/moveit_resources_panda_moveit_config:/home/aaron/ur_ws/install/srdfdom:/home/aaron/ur_ws/install/moveit_resources_pr2_description:/home/aaron/ur_ws/install/moveit_resources_panda_description:/home/aaron/ur_ws/install/moveit_common:/opt/ros/humble LD_LIBRARY_PATH=/home/aaron/ur_ws/install/moveit_ros_planning/lib:/home/aaron/ur_ws/install/moveit_ros_occupancy_map_monitor/lib:/home/aaron/ur_ws/install/moveit_core/lib:/home/aaron/ur_ws/install/srdfdom/lib:${LD_LIBRARY_PATH} PATH=/home/aaron/ur_ws/install/moveit_core/bin:${PATH} PYTHONPATH=/home/aaron/ur_ws/install/moveit_configs_utils/lib/python3.10/site-packages:/home/aaron/ur_ws/install/srdfdom/local/lib/python3.10/dist-packages:/home/aaron/ur_ws/install/launch_param_builder/lib/python3.10/site-packages:${PYTHONPATH} /usr/bin/cmake --install /home/aaron/ur_ws/build/moveit_visual_tools
