[0.791s] Invoking command in '/home/aaron/ur_ws/src/launch_param_builder': PYTHONPATH=/home/aaron/ur_ws/build/launch_param_builder/prefix_override:/usr/lib/python3/dist-packages/colcon_core/task/python/colcon_distutils_commands:/home/aaron/ur_ws/install/launch_param_builder/lib/python3.10/site-packages:${PYTHONPATH} /usr/bin/python3 -W ignore:setup.py install is deprecated -W ignore:easy_install command is deprecated setup.py egg_info --egg-base ../../build/launch_param_builder build --build-base /home/aaron/ur_ws/build/launch_param_builder/build install --record /home/aaron/ur_ws/build/launch_param_builder/install.log --single-version-externally-managed install_data
[0.985s] running egg_info
[0.986s] writing ../../build/launch_param_builder/launch_param_builder.egg-info/PKG-INFO
[0.986s] writing dependency_links to ../../build/launch_param_builder/launch_param_builder.egg-info/dependency_links.txt
[0.986s] writing entry points to ../../build/launch_param_builder/launch_param_builder.egg-info/entry_points.txt
[0.987s] writing requirements to ../../build/launch_param_builder/launch_param_builder.egg-info/requires.txt
[0.987s] writing top-level names to ../../build/launch_param_builder/launch_param_builder.egg-info/top_level.txt
[0.990s] reading manifest file '../../build/launch_param_builder/launch_param_builder.egg-info/SOURCES.txt'
[0.991s] adding license file 'LICENSE'
[0.992s] writing manifest file '../../build/launch_param_builder/launch_param_builder.egg-info/SOURCES.txt'
[0.993s] running build
[0.993s] running build_py
[0.993s] running install
[0.993s] running install_lib
[0.995s] running install_data
[0.995s] running install_egg_info
[1.002s] removing '/home/aaron/ur_ws/install/launch_param_builder/lib/python3.10/site-packages/launch_param_builder-0.1.1-py3.10.egg-info' (and everything under it)
[1.005s] Copying ../../build/launch_param_builder/launch_param_builder.egg-info to /home/aaron/ur_ws/install/launch_param_builder/lib/python3.10/site-packages/launch_param_builder-0.1.1-py3.10.egg-info
[1.005s] running install_scripts
[1.028s] writing list of installed files to '/home/aaron/ur_ws/build/launch_param_builder/install.log'
[1.053s] Invoked command in '/home/aaron/ur_ws/src/launch_param_builder' returned '0': PYTHONPATH=/home/aaron/ur_ws/build/launch_param_builder/prefix_override:/usr/lib/python3/dist-packages/colcon_core/task/python/colcon_distutils_commands:/home/aaron/ur_ws/install/launch_param_builder/lib/python3.10/site-packages:${PYTHONPATH} /usr/bin/python3 -W ignore:setup.py install is deprecated -W ignore:easy_install command is deprecated setup.py egg_info --egg-base ../../build/launch_param_builder build --build-base /home/aaron/ur_ws/build/launch_param_builder/build install --record /home/aaron/ur_ws/build/launch_param_builder/install.log --single-version-externally-managed install_data
