[0.034s] Invoking command in '/home/aaron/ur_ws/build/moveit_ros_perception': AMENT_PREFIX_PATH=/home/aaron/ur_ws/install/moveit_ros_planning:/home/aaron/ur_ws/install/moveit_ros_occupancy_map_monitor:/home/aaron/ur_ws/install/moveit_core:/home/aaron/ur_ws/install/moveit_resources_panda_moveit_config:/home/aaron/ur_ws/install/moveit_configs_utils:/home/aaron/ur_ws/install/srdfdom:/home/aaron/ur_ws/install/moveit_resources_pr2_description:/home/aaron/ur_ws/install/moveit_resources_panda_description:/home/aaron/ur_ws/install/moveit_common:/home/aaron/ur_ws/install/launch_param_builder:${AMENT_PREFIX_PATH} CMAKE_PREFIX_PATH=/home/aaron/ur_ws/install/moveit_ros_planning:/home/aaron/ur_ws/install/moveit_ros_occupancy_map_monitor:/home/aaron/ur_ws/install/moveit_core:/home/aaron/ur_ws/install/moveit_resources_panda_moveit_config:/home/aaron/ur_ws/install/srdfdom:/home/aaron/ur_ws/install/moveit_resources_pr2_description:/home/aaron/ur_ws/install/moveit_resources_panda_description:/home/aaron/ur_ws/install/moveit_common:/opt/ros/humble LD_LIBRARY_PATH=/home/aaron/ur_ws/install/moveit_ros_planning/lib:/home/aaron/ur_ws/install/moveit_ros_occupancy_map_monitor/lib:/home/aaron/ur_ws/install/moveit_core/lib:/home/aaron/ur_ws/install/srdfdom/lib:${LD_LIBRARY_PATH} PATH=/home/aaron/ur_ws/install/moveit_core/bin:${PATH} PYTHONPATH=/home/aaron/ur_ws/install/moveit_configs_utils/lib/python3.10/site-packages:/home/aaron/ur_ws/install/srdfdom/local/lib/python3.10/dist-packages:/home/aaron/ur_ws/install/launch_param_builder/lib/python3.10/site-packages:${PYTHONPATH} /usr/bin/cmake /home/aaron/ur_ws/src/moveit2/moveit_ros/perception -DCMAKE_INSTALL_PREFIX=/home/aaron/ur_ws/install/moveit_ros_perception
[0.114s] -- The C compiler identification is GNU 11.4.0
[0.178s] -- The CXX compiler identification is GNU 11.4.0
[0.185s] -- Detecting C compiler ABI info
[0.243s] -- Detecting C compiler ABI info - done
[0.248s] -- Check for working C compiler: /usr/bin/cc - skipped
[0.248s] -- Detecting C compile features
[0.248s] -- Detecting C compile features - done
[0.250s] -- Detecting CXX compiler ABI info
[0.320s] -- Detecting CXX compiler ABI info - done
[0.329s] -- Check for working CXX compiler: /usr/bin/c++ - skipped
[0.329s] -- Detecting CXX compile features
[0.330s] -- Detecting CXX compile features - done
[0.332s] -- Found moveit_common: 2.5.9 (/home/aaron/ur_ws/install/moveit_common/share/moveit_common/cmake)
[0.335s] -- Found ament_cmake: 1.3.12 (/opt/ros/humble/share/ament_cmake/cmake)
[0.462s] -- Found Python3: /usr/bin/python3 (found version "3.10.12") found components: Interpreter 
[0.591s] [0mmoveit_ros_perception: You did not request a specific build type: Choosing 'Release' for maximum performance[0m
[0.609s] -- Found OpenGL: /usr/lib/x86_64-linux-gnu/libOpenGL.so   
[0.650s] -- Found GLEW: /usr/include (found version "2.2.0") 
[0.655s] -- Found PkgConfig: /usr/bin/pkg-config (found version "0.29.2") 
[0.656s] -- Checking for module 'glut'
[0.659s] --   No package 'glut' found
[0.662s] -- Found GLUT: /usr/lib/x86_64-linux-gnu/libglut.so  
[0.667s] -- Found cv_bridge: 3.2.1 (/opt/ros/humble/share/cv_bridge/cmake)
[0.719s] -- Found rosidl_generator_c: 3.1.8 (/opt/ros/humble/share/rosidl_generator_c/cmake)
[0.725s] -- Found rosidl_adapter: 3.1.8 (/opt/ros/humble/share/rosidl_adapter/cmake)
[0.735s] -- Found rosidl_generator_cpp: 3.1.8 (/opt/ros/humble/share/rosidl_generator_cpp/cmake)
[0.748s] -- Using all available rosidl_typesupport_c: rosidl_typesupport_fastrtps_c;rosidl_typesupport_introspection_c
[0.766s] -- Using all available rosidl_typesupport_cpp: rosidl_typesupport_fastrtps_cpp;rosidl_typesupport_introspection_cpp
[0.827s] -- Found moveit_core: 2.5.9 (/home/aaron/ur_ws/install/moveit_core/share/moveit_core/cmake)
[1.077s] -- Found Boost: /usr/lib/x86_64-linux-gnu/cmake/Boost-1.74.0/BoostConfig.cmake (found version "1.74.0") found components: chrono date_time filesystem iostreams program_options regex serialization system thread 
[1.129s] -- Found parameter_traits: 0.6.0 (/opt/ros/humble/share/parameter_traits/cmake)
[1.174s] -- Found rmw_implementation_cmake: 6.1.2 (/opt/ros/humble/share/rmw_implementation_cmake/cmake)
[1.178s] -- Found rmw_fastrtps_cpp: 6.2.9 (/opt/ros/humble/share/rmw_fastrtps_cpp/cmake)
[1.305s] -- Found OpenSSL: /usr/lib/x86_64-linux-gnu/libcrypto.so (found version "3.0.2")  
[1.336s] -- Found FastRTPS: /opt/ros/humble/include  
[1.397s] -- Using RMW implementation 'rmw_fastrtps_cpp' as default
[1.434s] -- Found Threads: TRUE  
[1.500s] -- Found rclcpp_lifecycle: 16.0.17 (/opt/ros/humble/share/rclcpp_lifecycle/cmake)
[1.527s] -- Found Boost: /usr/lib/x86_64-linux-gnu/cmake/Boost-1.74.0/BoostConfig.cmake (found version "1.74.0") found components: filesystem 
[1.682s] -- library: /usr/lib/x86_64-linux-gnu/libcurl.so
[1.732s] -- Found Eigen3: TRUE (found version "3.4.0") 
[1.732s] -- Ensuring Eigen3 include directory is part of orocos-kdl CMake target
[1.985s] -- Found image_transport: 3.1.12 (/opt/ros/humble/share/image_transport/cmake)
[1.989s] -- Found moveit_ros_occupancy_map_monitor: 2.5.9 (/home/aaron/ur_ws/install/moveit_ros_occupancy_map_monitor/share/moveit_ros_occupancy_map_monitor/cmake)
[2.518s] -- Found OpenMP_C: -fopenmp (found version "4.5") 
[2.665s] -- Found OpenMP_CXX: -fopenmp (found version "4.5") 
[2.666s] -- Found OpenMP: TRUE (found version "4.5")  
[2.670s] -- Found OpenCV: /usr (found version "4.5.4") 
[2.678s] -- Found Boost: /usr/lib/x86_64-linux-gnu/cmake/Boost-1.74.0/BoostConfig.cmake (found version "1.74.0") found components: thread 
[2.703s] -- Performing Test COMPILER_HAS_HIDDEN_VISIBILITY
[2.846s] -- Performing Test COMPILER_HAS_HIDDEN_VISIBILITY - Success
[2.846s] -- Performing Test COMPILER_HAS_HIDDEN_INLINE_VISIBILITY
[2.987s] -- Performing Test COMPILER_HAS_HIDDEN_INLINE_VISIBILITY - Success
[2.987s] -- Performing Test COMPILER_HAS_DEPRECATED_ATTR
[3.110s] -- Performing Test COMPILER_HAS_DEPRECATED_ATTR - Success
[3.139s] -- Found ament_lint_auto: 0.12.14 (/opt/ros/humble/share/ament_lint_auto/cmake)
[3.160s] -- Added test 'cppcheck' to perform static code analysis on C / C++ code
[3.160s] -- Configured cppcheck include dirs: /home/aaron/ur_ws/src/moveit2/moveit_ros/perception/depth_image_octomap_updater/include;/home/aaron/ur_ws/src/moveit2/moveit_ros/perception/lazy_free_space_updater/include;/home/aaron/ur_ws/src/moveit2/moveit_ros/perception/mesh_filter/include;/home/aaron/ur_ws/src/moveit2/moveit_ros/perception/point_containment_filter/include;/home/aaron/ur_ws/src/moveit2/moveit_ros/perception/pointcloud_octomap_updater/include;/home/aaron/ur_ws/src/moveit2/moveit_ros/perception/semantic_world/include
[3.160s] -- Configured cppcheck exclude dirs and/or files: 
[3.161s] -- Added test 'lint_cmake' to check CMake code style
[3.163s] -- Added test 'xmllint' to check XML markup files
[3.165s] -- Configuring done
[3.263s] -- Generating done
[3.293s] -- Build files have been written to: /home/aaron/ur_ws/build/moveit_ros_perception
