[  5%] [32m[1mLinking CXX shared library libmoveit_hybrid_planning_manager.so[0m
[ 10%] [32m[1mLinking CXX shared library libsimple_sampler_plugin.so[0m
[ 15%] [32m[1mLinking CXX shared library libmoveit_local_planner_component.so[0m
[ 20%] [32m[1mLinking CXX shared library libmoveit_global_planner_component.so[0m
[ 25%] [32m[1mLinking CXX shared library libmotion_planning_pipeline_plugin.so[0m
[ 30%] [32m[1mLinking CXX shared library libforward_trajectory_plugin.so[0m
[ 35%] Built target motion_planning_pipeline_plugin
[ 40%] Built target moveit_local_planner_component
[ 45%] Built target moveit_hybrid_planning_manager
[ 50%] [32m[1mLinking CXX shared library libsingle_plan_execution_plugin.so[0m
[ 55%] Built target forward_trajectory_plugin
[ 60%] Built target simple_sampler_plugin
[ 65%] Built target single_plan_execution_plugin
[ 70%] [32m[1mLinking CXX shared library libreplan_invalidated_trajectory_plugin.so[0m
[ 75%] Built target moveit_global_planner_component
[ 80%] Built target replan_invalidated_trajectory_plugin
[ 85%] [32m[1mLinking CXX executable cancel_action[0m
[ 90%] [32m[1mLinking CXX executable hybrid_planning_demo_node[0m
[ 95%] Built target hybrid_planning_demo_node
[100%] Built target cancel_action
