[0.040s] Invoking command in '/home/aaron/ur_ws/build/moveit_hybrid_planning': AMENT_PREFIX_PATH=/home/aaron/ur_ws/install/moveit_ros_planning_interface:/home/aaron/ur_ws/install/moveit_ros_move_group:/home/aaron/ur_ws/install/moveit_ros_warehouse:/home/aaron/ur_ws/install/moveit_planners_ompl:/home/aaron/ur_ws/install/moveit_kinematics:/home/aaron/ur_ws/install/moveit_ros_planning:/home/aaron/ur_ws/install/moveit_simple_controller_manager:/home/aaron/ur_ws/install/moveit_ros_occupancy_map_monitor:/home/aaron/ur_ws/install/moveit_core:/home/aaron/ur_ws/install/moveit_resources_panda_moveit_config:/home/aaron/ur_ws/install/moveit_resources_fanuc_moveit_config:/home/aaron/ur_ws/install/moveit_configs_utils:/home/aaron/ur_ws/install/srdfdom:/home/aaron/ur_ws/install/moveit_resources_pr2_description:/home/aaron/ur_ws/install/moveit_resources_panda_description:/home/aaron/ur_ws/install/moveit_resources_fanuc_description:/home/aaron/ur_ws/install/moveit_common:/home/aaron/ur_ws/install/launch_param_builder:${AMENT_PREFIX_PATH} CMAKE_PREFIX_PATH=/home/aaron/ur_ws/install/moveit_ros_planning_interface:/home/aaron/ur_ws/install/moveit_ros_move_group:/home/aaron/ur_ws/install/moveit_ros_warehouse:/home/aaron/ur_ws/install/moveit_planners_ompl:/home/aaron/ur_ws/install/moveit_kinematics:/home/aaron/ur_ws/install/moveit_ros_planning:/home/aaron/ur_ws/install/moveit_simple_controller_manager:/home/aaron/ur_ws/install/moveit_ros_occupancy_map_monitor:/home/aaron/ur_ws/install/moveit_core:/home/aaron/ur_ws/install/moveit_resources_panda_moveit_config:/home/aaron/ur_ws/install/moveit_resources_fanuc_moveit_config:/home/aaron/ur_ws/install/srdfdom:/home/aaron/ur_ws/install/moveit_resources_pr2_description:/home/aaron/ur_ws/install/moveit_resources_panda_description:/home/aaron/ur_ws/install/moveit_resources_fanuc_description:/home/aaron/ur_ws/install/moveit_common:/opt/ros/humble LD_LIBRARY_PATH=/home/aaron/ur_ws/install/moveit_ros_planning_interface/lib:/home/aaron/ur_ws/install/moveit_ros_move_group/lib:/home/aaron/ur_ws/install/moveit_ros_warehouse/lib:/home/aaron/ur_ws/install/moveit_planners_ompl/lib:/home/aaron/ur_ws/install/moveit_kinematics/lib:/home/aaron/ur_ws/install/moveit_ros_planning/lib:/home/aaron/ur_ws/install/moveit_simple_controller_manager/lib:/home/aaron/ur_ws/install/moveit_ros_occupancy_map_monitor/lib:/home/aaron/ur_ws/install/moveit_core/lib:/home/aaron/ur_ws/install/srdfdom/lib:${LD_LIBRARY_PATH} PATH=/home/aaron/ur_ws/install/moveit_core/bin:${PATH} PYTHONPATH=/home/aaron/ur_ws/install/moveit_configs_utils/lib/python3.10/site-packages:/home/aaron/ur_ws/install/srdfdom/local/lib/python3.10/dist-packages:/home/aaron/ur_ws/install/launch_param_builder/lib/python3.10/site-packages:${PYTHONPATH} /usr/bin/cmake --build /home/aaron/ur_ws/build/moveit_hybrid_planning -- -j20 -l20
[0.126s] [  5%] [32m[1mLinking CXX shared library libmoveit_hybrid_planning_manager.so[0m
[0.133s] [ 10%] [32m[1mLinking CXX shared library libsimple_sampler_plugin.so[0m
[0.137s] [ 15%] [32m[1mLinking CXX shared library libmoveit_local_planner_component.so[0m
[0.140s] [ 20%] [32m[1mLinking CXX shared library libmoveit_global_planner_component.so[0m
[0.146s] [ 25%] [32m[1mLinking CXX shared library libmotion_planning_pipeline_plugin.so[0m
[0.155s] [ 30%] [32m[1mLinking CXX shared library libforward_trajectory_plugin.so[0m
[0.543s] [ 35%] Built target motion_planning_pipeline_plugin
[0.563s] [ 40%] Built target moveit_local_planner_component
[0.909s] [ 45%] Built target moveit_hybrid_planning_manager
[0.976s] [ 50%] [32m[1mLinking CXX shared library libsingle_plan_execution_plugin.so[0m
[1.003s] [ 55%] Built target forward_trajectory_plugin
[1.285s] [ 60%] Built target simple_sampler_plugin
[1.311s] [ 65%] Built target single_plan_execution_plugin
[1.391s] [ 70%] [32m[1mLinking CXX shared library libreplan_invalidated_trajectory_plugin.so[0m
[1.527s] [ 75%] Built target moveit_global_planner_component
[1.788s] [ 80%] Built target replan_invalidated_trajectory_plugin
[1.871s] [ 85%] [32m[1mLinking CXX executable cancel_action[0m
[1.985s] [ 90%] [32m[1mLinking CXX executable hybrid_planning_demo_node[0m
[2.525s] [ 95%] Built target hybrid_planning_demo_node
[2.654s] [100%] Built target cancel_action
